[2025-09-24T09:09:34.897+0000] {taskinstance.py:1956} INFO - Dependencies all met for dep_context=non-requeueable deps ti=<TaskInstance: dag_data_cleanse_and_calculate_all.cleanse_data_c4 scheduled__2025-09-24T08:00:00+00:00 [queued]>
[2025-09-24T09:09:34.906+0000] {taskinstance.py:1956} INFO - Dependencies all met for dep_context=requeueable deps ti=<TaskInstance: dag_data_cleanse_and_calculate_all.cleanse_data_c4 scheduled__2025-09-24T08:00:00+00:00 [queued]>
[2025-09-24T09:09:34.907+0000] {taskinstance.py:2170} INFO - Starting attempt 1 of 1
[2025-09-24T09:09:34.930+0000] {taskinstance.py:2191} INFO - Executing <Task(PythonOperator): cleanse_data_c4> on 2025-09-24 08:00:00+00:00
[2025-09-24T09:09:34.938+0000] {standard_task_runner.py:60} INFO - Started process 1655 to run task
[2025-09-24T09:09:34.943+0000] {standard_task_runner.py:87} INFO - Running: ['***', 'tasks', 'run', 'dag_data_cleanse_and_calculate_all', 'cleanse_data_c4', 'scheduled__2025-09-24T08:00:00+00:00', '--job-id', '247', '--raw', '--subdir', 'DAGS_FOLDER/cleansing_data_flow.py', '--cfg-path', '/tmp/tmpere8xnm1']
[2025-09-24T09:09:34.945+0000] {standard_task_runner.py:88} INFO - Job 247: Subtask cleanse_data_c4
[2025-09-24T09:09:35.024+0000] {task_command.py:423} INFO - Running <TaskInstance: dag_data_cleanse_and_calculate_all.cleanse_data_c4 scheduled__2025-09-24T08:00:00+00:00 [running]> on host feaba2204362
[2025-09-24T09:09:35.110+0000] {taskinstance.py:2480} INFO - Exporting env vars: AIRFLOW_CTX_DAG_OWNER='***' AIRFLOW_CTX_DAG_ID='dag_data_cleanse_and_calculate_all' AIRFLOW_CTX_TASK_ID='cleanse_data_c4' AIRFLOW_CTX_EXECUTION_DATE='2025-09-24T08:00:00+00:00' AIRFLOW_CTX_TRY_NUMBER='1' AIRFLOW_CTX_DAG_RUN_ID='scheduled__2025-09-24T08:00:00+00:00'
[2025-09-24T09:09:35.469+0000] {python.py:201} INFO - Done. Returned value was: None
[2025-09-24T09:09:35.481+0000] {taskinstance.py:1138} INFO - Marking task as SUCCESS. dag_id=dag_data_cleanse_and_calculate_all, task_id=cleanse_data_c4, execution_date=20250924T080000, start_date=20250924T090934, end_date=20250924T090935
[2025-09-24T09:09:35.651+0000] {local_task_job_runner.py:234} INFO - Task exited with return code 0
[2025-09-24T09:09:35.736+0000] {taskinstance.py:3280} INFO - 1 downstream tasks scheduled from follow-on schedule check
[2025-09-24T09:59:35.199+0000] {taskinstance.py:1956} INFO - Dependencies all met for dep_context=non-requeueable deps ti=<TaskInstance: dag_data_cleanse_and_calculate_all.cleanse_data_c4 scheduled__2025-09-24T08:00:00+00:00 [queued]>
[2025-09-24T09:59:35.224+0000] {taskinstance.py:1956} INFO - Dependencies all met for dep_context=requeueable deps ti=<TaskInstance: dag_data_cleanse_and_calculate_all.cleanse_data_c4 scheduled__2025-09-24T08:00:00+00:00 [queued]>
[2025-09-24T09:59:35.225+0000] {taskinstance.py:2170} INFO - Starting attempt 1 of 1
[2025-09-24T09:59:35.262+0000] {taskinstance.py:2191} INFO - Executing <Task(PythonOperator): cleanse_data_c4> on 2025-09-24 08:00:00+00:00
[2025-09-24T09:59:35.277+0000] {standard_task_runner.py:60} INFO - Started process 1063 to run task
[2025-09-24T09:59:35.280+0000] {standard_task_runner.py:87} INFO - Running: ['***', 'tasks', 'run', 'dag_data_cleanse_and_calculate_all', 'cleanse_data_c4', 'scheduled__2025-09-24T08:00:00+00:00', '--job-id', '311', '--raw', '--subdir', 'DAGS_FOLDER/cleansing_data_flow.py', '--cfg-path', '/tmp/tmpb_6xs3bm']
[2025-09-24T09:59:35.286+0000] {standard_task_runner.py:88} INFO - Job 311: Subtask cleanse_data_c4
[2025-09-24T09:59:35.387+0000] {task_command.py:423} INFO - Running <TaskInstance: dag_data_cleanse_and_calculate_all.cleanse_data_c4 scheduled__2025-09-24T08:00:00+00:00 [running]> on host 5d539c157d54
[2025-09-24T09:59:35.497+0000] {taskinstance.py:2480} INFO - Exporting env vars: AIRFLOW_CTX_DAG_OWNER='***' AIRFLOW_CTX_DAG_ID='dag_data_cleanse_and_calculate_all' AIRFLOW_CTX_TASK_ID='cleanse_data_c4' AIRFLOW_CTX_EXECUTION_DATE='2025-09-24T08:00:00+00:00' AIRFLOW_CTX_TRY_NUMBER='1' AIRFLOW_CTX_DAG_RUN_ID='scheduled__2025-09-24T08:00:00+00:00'
[2025-09-24T09:59:35.796+0000] {python.py:201} INFO - Done. Returned value was: None
[2025-09-24T09:59:35.813+0000] {taskinstance.py:1138} INFO - Marking task as SUCCESS. dag_id=dag_data_cleanse_and_calculate_all, task_id=cleanse_data_c4, execution_date=20250924T080000, start_date=20250924T095935, end_date=20250924T095935
[2025-09-24T09:59:35.865+0000] {local_task_job_runner.py:234} INFO - Task exited with return code 0
[2025-09-24T09:59:35.888+0000] {taskinstance.py:3280} INFO - 1 downstream tasks scheduled from follow-on schedule check
