[2025-09-24T09:09:35.073+0000] {taskinstance.py:1956} INFO - Dependencies all met for dep_context=non-requeueable deps ti=<TaskInstance: dag_data_cleanse_and_calculate_all.cleanse_data_d13 scheduled__2025-09-24T08:00:00+00:00 [queued]>
[2025-09-24T09:09:35.087+0000] {taskinstance.py:1956} INFO - Dependencies all met for dep_context=requeueable deps ti=<TaskInstance: dag_data_cleanse_and_calculate_all.cleanse_data_d13 scheduled__2025-09-24T08:00:00+00:00 [queued]>
[2025-09-24T09:09:35.088+0000] {taskinstance.py:2170} INFO - Starting attempt 1 of 1
[2025-09-24T09:09:35.101+0000] {taskinstance.py:2191} INFO - Executing <Task(PythonOperator): cleanse_data_d13> on 2025-09-24 08:00:00+00:00
[2025-09-24T09:09:35.109+0000] {standard_task_runner.py:60} INFO - Started process 1663 to run task
[2025-09-24T09:09:35.113+0000] {standard_task_runner.py:87} INFO - Running: ['***', 'tasks', 'run', 'dag_data_cleanse_and_calculate_all', 'cleanse_data_d13', 'scheduled__2025-09-24T08:00:00+00:00', '--job-id', '254', '--raw', '--subdir', 'DAGS_FOLDER/cleansing_data_flow.py', '--cfg-path', '/tmp/tmp9c3fk4y7']
[2025-09-24T09:09:35.115+0000] {standard_task_runner.py:88} INFO - Job 254: Subtask cleanse_data_d13
[2025-09-24T09:09:35.373+0000] {task_command.py:423} INFO - Running <TaskInstance: dag_data_cleanse_and_calculate_all.cleanse_data_d13 scheduled__2025-09-24T08:00:00+00:00 [running]> on host feaba2204362
[2025-09-24T09:09:35.473+0000] {taskinstance.py:2480} INFO - Exporting env vars: AIRFLOW_CTX_DAG_OWNER='***' AIRFLOW_CTX_DAG_ID='dag_data_cleanse_and_calculate_all' AIRFLOW_CTX_TASK_ID='cleanse_data_d13' AIRFLOW_CTX_EXECUTION_DATE='2025-09-24T08:00:00+00:00' AIRFLOW_CTX_TRY_NUMBER='1' AIRFLOW_CTX_DAG_RUN_ID='scheduled__2025-09-24T08:00:00+00:00'
[2025-09-24T09:09:35.632+0000] {python.py:201} INFO - Done. Returned value was: None
[2025-09-24T09:09:35.645+0000] {taskinstance.py:1138} INFO - Marking task as SUCCESS. dag_id=dag_data_cleanse_and_calculate_all, task_id=cleanse_data_d13, execution_date=20250924T080000, start_date=20250924T090935, end_date=20250924T090935
[2025-09-24T09:09:35.739+0000] {local_task_job_runner.py:234} INFO - Task exited with return code 0
[2025-09-24T09:09:35.894+0000] {taskinstance.py:3280} INFO - 1 downstream tasks scheduled from follow-on schedule check
[2025-09-24T09:59:33.499+0000] {taskinstance.py:1956} INFO - Dependencies all met for dep_context=non-requeueable deps ti=<TaskInstance: dag_data_cleanse_and_calculate_all.cleanse_data_d13 scheduled__2025-09-24T08:00:00+00:00 [queued]>
[2025-09-24T09:59:33.517+0000] {taskinstance.py:1956} INFO - Dependencies all met for dep_context=requeueable deps ti=<TaskInstance: dag_data_cleanse_and_calculate_all.cleanse_data_d13 scheduled__2025-09-24T08:00:00+00:00 [queued]>
[2025-09-24T09:59:33.517+0000] {taskinstance.py:2170} INFO - Starting attempt 1 of 1
[2025-09-24T09:59:33.532+0000] {taskinstance.py:2191} INFO - Executing <Task(PythonOperator): cleanse_data_d13> on 2025-09-24 08:00:00+00:00
[2025-09-24T09:59:33.542+0000] {standard_task_runner.py:60} INFO - Started process 1029 to run task
[2025-09-24T09:59:33.546+0000] {standard_task_runner.py:87} INFO - Running: ['***', 'tasks', 'run', 'dag_data_cleanse_and_calculate_all', 'cleanse_data_d13', 'scheduled__2025-09-24T08:00:00+00:00', '--job-id', '309', '--raw', '--subdir', 'DAGS_FOLDER/cleansing_data_flow.py', '--cfg-path', '/tmp/tmp04yqhbp6']
[2025-09-24T09:59:33.547+0000] {standard_task_runner.py:88} INFO - Job 309: Subtask cleanse_data_d13
[2025-09-24T09:59:33.647+0000] {task_command.py:423} INFO - Running <TaskInstance: dag_data_cleanse_and_calculate_all.cleanse_data_d13 scheduled__2025-09-24T08:00:00+00:00 [running]> on host 5d539c157d54
[2025-09-24T09:59:33.733+0000] {taskinstance.py:2480} INFO - Exporting env vars: AIRFLOW_CTX_DAG_OWNER='***' AIRFLOW_CTX_DAG_ID='dag_data_cleanse_and_calculate_all' AIRFLOW_CTX_TASK_ID='cleanse_data_d13' AIRFLOW_CTX_EXECUTION_DATE='2025-09-24T08:00:00+00:00' AIRFLOW_CTX_TRY_NUMBER='1' AIRFLOW_CTX_DAG_RUN_ID='scheduled__2025-09-24T08:00:00+00:00'
[2025-09-24T09:59:33.950+0000] {python.py:201} INFO - Done. Returned value was: None
[2025-09-24T09:59:33.963+0000] {taskinstance.py:1138} INFO - Marking task as SUCCESS. dag_id=dag_data_cleanse_and_calculate_all, task_id=cleanse_data_d13, execution_date=20250924T080000, start_date=20250924T095933, end_date=20250924T095933
[2025-09-24T09:59:34.000+0000] {local_task_job_runner.py:234} INFO - Task exited with return code 0
[2025-09-24T09:59:34.049+0000] {taskinstance.py:3280} INFO - 1 downstream tasks scheduled from follow-on schedule check
