[2025-09-24T09:09:37.441+0000] {taskinstance.py:1956} INFO - Dependencies all met for dep_context=non-requeueable deps ti=<TaskInstance: dag_data_cleanse_and_calculate_all.cleanse_data_c10 scheduled__2025-09-24T08:00:00+00:00 [queued]>
[2025-09-24T09:09:37.454+0000] {taskinstance.py:1956} INFO - Dependencies all met for dep_context=requeueable deps ti=<TaskInstance: dag_data_cleanse_and_calculate_all.cleanse_data_c10 scheduled__2025-09-24T08:00:00+00:00 [queued]>
[2025-09-24T09:09:37.455+0000] {taskinstance.py:2170} INFO - Starting attempt 1 of 1
[2025-09-24T09:09:37.475+0000] {taskinstance.py:2191} INFO - Executing <Task(PythonOperator): cleanse_data_c10> on 2025-09-24 08:00:00+00:00
[2025-09-24T09:09:37.490+0000] {standard_task_runner.py:60} INFO - Started process 1704 to run task
[2025-09-24T09:09:37.493+0000] {standard_task_runner.py:87} INFO - Running: ['***', 'tasks', 'run', 'dag_data_cleanse_and_calculate_all', 'cleanse_data_c10', 'scheduled__2025-09-24T08:00:00+00:00', '--job-id', '263', '--raw', '--subdir', 'DAGS_FOLDER/cleansing_data_flow.py', '--cfg-path', '/tmp/tmpx00yfw2i']
[2025-09-24T09:09:37.496+0000] {standard_task_runner.py:88} INFO - Job 263: Subtask cleanse_data_c10
[2025-09-24T09:09:37.570+0000] {task_command.py:423} INFO - Running <TaskInstance: dag_data_cleanse_and_calculate_all.cleanse_data_c10 scheduled__2025-09-24T08:00:00+00:00 [running]> on host feaba2204362
[2025-09-24T09:09:37.643+0000] {taskinstance.py:2480} INFO - Exporting env vars: AIRFLOW_CTX_DAG_OWNER='***' AIRFLOW_CTX_DAG_ID='dag_data_cleanse_and_calculate_all' AIRFLOW_CTX_TASK_ID='cleanse_data_c10' AIRFLOW_CTX_EXECUTION_DATE='2025-09-24T08:00:00+00:00' AIRFLOW_CTX_TRY_NUMBER='1' AIRFLOW_CTX_DAG_RUN_ID='scheduled__2025-09-24T08:00:00+00:00'
[2025-09-24T09:09:37.834+0000] {python.py:201} INFO - Done. Returned value was: None
[2025-09-24T09:09:37.841+0000] {taskinstance.py:1138} INFO - Marking task as SUCCESS. dag_id=dag_data_cleanse_and_calculate_all, task_id=cleanse_data_c10, execution_date=20250924T080000, start_date=20250924T090937, end_date=20250924T090937
[2025-09-24T09:09:37.881+0000] {local_task_job_runner.py:234} INFO - Task exited with return code 0
[2025-09-24T09:09:37.902+0000] {taskinstance.py:3280} INFO - 1 downstream tasks scheduled from follow-on schedule check
[2025-09-24T09:59:33.280+0000] {taskinstance.py:1956} INFO - Dependencies all met for dep_context=non-requeueable deps ti=<TaskInstance: dag_data_cleanse_and_calculate_all.cleanse_data_c10 scheduled__2025-09-24T08:00:00+00:00 [queued]>
[2025-09-24T09:59:33.292+0000] {taskinstance.py:1956} INFO - Dependencies all met for dep_context=requeueable deps ti=<TaskInstance: dag_data_cleanse_and_calculate_all.cleanse_data_c10 scheduled__2025-09-24T08:00:00+00:00 [queued]>
[2025-09-24T09:59:33.293+0000] {taskinstance.py:2170} INFO - Starting attempt 1 of 1
[2025-09-24T09:59:33.313+0000] {taskinstance.py:2191} INFO - Executing <Task(PythonOperator): cleanse_data_c10> on 2025-09-24 08:00:00+00:00
[2025-09-24T09:59:33.329+0000] {standard_task_runner.py:60} INFO - Started process 1021 to run task
[2025-09-24T09:59:33.345+0000] {standard_task_runner.py:87} INFO - Running: ['***', 'tasks', 'run', 'dag_data_cleanse_and_calculate_all', 'cleanse_data_c10', 'scheduled__2025-09-24T08:00:00+00:00', '--job-id', '301', '--raw', '--subdir', 'DAGS_FOLDER/cleansing_data_flow.py', '--cfg-path', '/tmp/tmpje67q4bb']
[2025-09-24T09:59:33.347+0000] {standard_task_runner.py:88} INFO - Job 301: Subtask cleanse_data_c10
[2025-09-24T09:59:33.421+0000] {task_command.py:423} INFO - Running <TaskInstance: dag_data_cleanse_and_calculate_all.cleanse_data_c10 scheduled__2025-09-24T08:00:00+00:00 [running]> on host 5d539c157d54
[2025-09-24T09:59:33.509+0000] {taskinstance.py:2480} INFO - Exporting env vars: AIRFLOW_CTX_DAG_OWNER='***' AIRFLOW_CTX_DAG_ID='dag_data_cleanse_and_calculate_all' AIRFLOW_CTX_TASK_ID='cleanse_data_c10' AIRFLOW_CTX_EXECUTION_DATE='2025-09-24T08:00:00+00:00' AIRFLOW_CTX_TRY_NUMBER='1' AIRFLOW_CTX_DAG_RUN_ID='scheduled__2025-09-24T08:00:00+00:00'
[2025-09-24T09:59:33.767+0000] {python.py:201} INFO - Done. Returned value was: None
[2025-09-24T09:59:33.778+0000] {taskinstance.py:1138} INFO - Marking task as SUCCESS. dag_id=dag_data_cleanse_and_calculate_all, task_id=cleanse_data_c10, execution_date=20250924T080000, start_date=20250924T095933, end_date=20250924T095933
[2025-09-24T09:59:33.836+0000] {local_task_job_runner.py:234} INFO - Task exited with return code 0
[2025-09-24T09:59:33.907+0000] {taskinstance.py:3280} INFO - 1 downstream tasks scheduled from follow-on schedule check
