[2025-09-24T09:09:48.150+0000] {taskinstance.py:1956} INFO - Dependencies all met for dep_context=non-requeueable deps ti=<TaskInstance: dag_data_cleanse_and_calculate_all.calculate_data_a1 scheduled__2025-09-24T08:00:00+00:00 [queued]>
[2025-09-24T09:09:48.169+0000] {taskinstance.py:1956} INFO - Dependencies all met for dep_context=requeueable deps ti=<TaskInstance: dag_data_cleanse_and_calculate_all.calculate_data_a1 scheduled__2025-09-24T08:00:00+00:00 [queued]>
[2025-09-24T09:09:48.170+0000] {taskinstance.py:2170} INFO - Starting attempt 1 of 1
[2025-09-24T09:09:48.192+0000] {taskinstance.py:2191} INFO - Executing <Task(PythonOperator): calculate_data_a1> on 2025-09-24 08:00:00+00:00
[2025-09-24T09:09:48.205+0000] {standard_task_runner.py:60} INFO - Started process 1903 to run task
[2025-09-24T09:09:48.219+0000] {standard_task_runner.py:87} INFO - Running: ['***', 'tasks', 'run', 'dag_data_cleanse_and_calculate_all', 'calculate_data_a1', 'scheduled__2025-09-24T08:00:00+00:00', '--job-id', '334', '--raw', '--subdir', 'DAGS_FOLDER/cleansing_data_flow.py', '--cfg-path', '/tmp/tmplk__vhag']
[2025-09-24T09:09:48.221+0000] {standard_task_runner.py:88} INFO - Job 334: Subtask calculate_data_a1
[2025-09-24T09:09:48.294+0000] {task_command.py:423} INFO - Running <TaskInstance: dag_data_cleanse_and_calculate_all.calculate_data_a1 scheduled__2025-09-24T08:00:00+00:00 [running]> on host feaba2204362
[2025-09-24T09:09:48.353+0000] {taskinstance.py:2480} INFO - Exporting env vars: AIRFLOW_CTX_DAG_OWNER='***' AIRFLOW_CTX_DAG_ID='dag_data_cleanse_and_calculate_all' AIRFLOW_CTX_TASK_ID='calculate_data_a1' AIRFLOW_CTX_EXECUTION_DATE='2025-09-24T08:00:00+00:00' AIRFLOW_CTX_TRY_NUMBER='1' AIRFLOW_CTX_DAG_RUN_ID='scheduled__2025-09-24T08:00:00+00:00'
[2025-09-24T09:09:48.602+0000] {python.py:201} INFO - Done. Returned value was: None
[2025-09-24T09:09:48.607+0000] {taskinstance.py:1138} INFO - Marking task as SUCCESS. dag_id=dag_data_cleanse_and_calculate_all, task_id=calculate_data_a1, execution_date=20250924T080000, start_date=20250924T090948, end_date=20250924T090948
[2025-09-24T09:09:48.623+0000] {local_task_job_runner.py:234} INFO - Task exited with return code 0
[2025-09-24T09:09:48.634+0000] {taskinstance.py:3280} INFO - 0 downstream tasks scheduled from follow-on schedule check
[2025-09-24T09:59:43.873+0000] {taskinstance.py:1956} INFO - Dependencies all met for dep_context=non-requeueable deps ti=<TaskInstance: dag_data_cleanse_and_calculate_all.calculate_data_a1 scheduled__2025-09-24T08:00:00+00:00 [queued]>
[2025-09-24T09:59:43.884+0000] {taskinstance.py:1956} INFO - Dependencies all met for dep_context=requeueable deps ti=<TaskInstance: dag_data_cleanse_and_calculate_all.calculate_data_a1 scheduled__2025-09-24T08:00:00+00:00 [queued]>
[2025-09-24T09:59:43.885+0000] {taskinstance.py:2170} INFO - Starting attempt 1 of 1
[2025-09-24T09:59:43.894+0000] {taskinstance.py:2191} INFO - Executing <Task(PythonOperator): calculate_data_a1> on 2025-09-24 08:00:00+00:00
[2025-09-24T09:59:43.900+0000] {standard_task_runner.py:60} INFO - Started process 1220 to run task
[2025-09-24T09:59:43.902+0000] {standard_task_runner.py:87} INFO - Running: ['***', 'tasks', 'run', 'dag_data_cleanse_and_calculate_all', 'calculate_data_a1', 'scheduled__2025-09-24T08:00:00+00:00', '--job-id', '372', '--raw', '--subdir', 'DAGS_FOLDER/cleansing_data_flow.py', '--cfg-path', '/tmp/tmpd2tpcouj']
[2025-09-24T09:59:43.904+0000] {standard_task_runner.py:88} INFO - Job 372: Subtask calculate_data_a1
[2025-09-24T09:59:43.949+0000] {task_command.py:423} INFO - Running <TaskInstance: dag_data_cleanse_and_calculate_all.calculate_data_a1 scheduled__2025-09-24T08:00:00+00:00 [running]> on host 5d539c157d54
[2025-09-24T09:59:44.004+0000] {taskinstance.py:2480} INFO - Exporting env vars: AIRFLOW_CTX_DAG_OWNER='***' AIRFLOW_CTX_DAG_ID='dag_data_cleanse_and_calculate_all' AIRFLOW_CTX_TASK_ID='calculate_data_a1' AIRFLOW_CTX_EXECUTION_DATE='2025-09-24T08:00:00+00:00' AIRFLOW_CTX_TRY_NUMBER='1' AIRFLOW_CTX_DAG_RUN_ID='scheduled__2025-09-24T08:00:00+00:00'
[2025-09-24T09:59:44.403+0000] {python.py:201} INFO - Done. Returned value was: None
[2025-09-24T09:59:44.422+0000] {taskinstance.py:1138} INFO - Marking task as SUCCESS. dag_id=dag_data_cleanse_and_calculate_all, task_id=calculate_data_a1, execution_date=20250924T080000, start_date=20250924T095943, end_date=20250924T095944
[2025-09-24T09:59:44.484+0000] {local_task_job_runner.py:234} INFO - Task exited with return code 0
[2025-09-24T09:59:44.525+0000] {taskinstance.py:3280} INFO - 0 downstream tasks scheduled from follow-on schedule check
