[2025-09-24T09:09:34.870+0000] {taskinstance.py:1956} INFO - Dependencies all met for dep_context=non-requeueable deps ti=<TaskInstance: dag_data_cleanse_and_calculate_all.cleanse_data_h2 scheduled__2025-09-24T08:00:00+00:00 [queued]>
[2025-09-24T09:09:34.882+0000] {taskinstance.py:1956} INFO - Dependencies all met for dep_context=requeueable deps ti=<TaskInstance: dag_data_cleanse_and_calculate_all.cleanse_data_h2 scheduled__2025-09-24T08:00:00+00:00 [queued]>
[2025-09-24T09:09:34.883+0000] {taskinstance.py:2170} INFO - Starting attempt 1 of 1
[2025-09-24T09:09:34.903+0000] {taskinstance.py:2191} INFO - Executing <Task(PythonOperator): cleanse_data_h2> on 2025-09-24 08:00:00+00:00
[2025-09-24T09:09:34.912+0000] {standard_task_runner.py:60} INFO - Started process 1654 to run task
[2025-09-24T09:09:34.915+0000] {standard_task_runner.py:87} INFO - Running: ['***', 'tasks', 'run', 'dag_data_cleanse_and_calculate_all', 'cleanse_data_h2', 'scheduled__2025-09-24T08:00:00+00:00', '--job-id', '244', '--raw', '--subdir', 'DAGS_FOLDER/cleansing_data_flow.py', '--cfg-path', '/tmp/tmp091un87w']
[2025-09-24T09:09:34.918+0000] {standard_task_runner.py:88} INFO - Job 244: Subtask cleanse_data_h2
[2025-09-24T09:09:34.997+0000] {task_command.py:423} INFO - Running <TaskInstance: dag_data_cleanse_and_calculate_all.cleanse_data_h2 scheduled__2025-09-24T08:00:00+00:00 [running]> on host feaba2204362
[2025-09-24T09:09:35.093+0000] {taskinstance.py:2480} INFO - Exporting env vars: AIRFLOW_CTX_DAG_OWNER='***' AIRFLOW_CTX_DAG_ID='dag_data_cleanse_and_calculate_all' AIRFLOW_CTX_TASK_ID='cleanse_data_h2' AIRFLOW_CTX_EXECUTION_DATE='2025-09-24T08:00:00+00:00' AIRFLOW_CTX_TRY_NUMBER='1' AIRFLOW_CTX_DAG_RUN_ID='scheduled__2025-09-24T08:00:00+00:00'
[2025-09-24T09:09:35.289+0000] {python.py:201} INFO - Done. Returned value was: None
[2025-09-24T09:09:35.344+0000] {taskinstance.py:1138} INFO - Marking task as SUCCESS. dag_id=dag_data_cleanse_and_calculate_all, task_id=cleanse_data_h2, execution_date=20250924T080000, start_date=20250924T090934, end_date=20250924T090935
[2025-09-24T09:09:35.427+0000] {local_task_job_runner.py:234} INFO - Task exited with return code 0
[2025-09-24T09:09:35.514+0000] {taskinstance.py:3280} INFO - 1 downstream tasks scheduled from follow-on schedule check
[2025-09-24T09:59:31.153+0000] {taskinstance.py:1956} INFO - Dependencies all met for dep_context=non-requeueable deps ti=<TaskInstance: dag_data_cleanse_and_calculate_all.cleanse_data_h2 scheduled__2025-09-24T08:00:00+00:00 [queued]>
[2025-09-24T09:59:31.170+0000] {taskinstance.py:1956} INFO - Dependencies all met for dep_context=requeueable deps ti=<TaskInstance: dag_data_cleanse_and_calculate_all.cleanse_data_h2 scheduled__2025-09-24T08:00:00+00:00 [queued]>
[2025-09-24T09:59:31.170+0000] {taskinstance.py:2170} INFO - Starting attempt 1 of 1
[2025-09-24T09:59:31.185+0000] {taskinstance.py:2191} INFO - Executing <Task(PythonOperator): cleanse_data_h2> on 2025-09-24 08:00:00+00:00
[2025-09-24T09:59:31.193+0000] {standard_task_runner.py:60} INFO - Started process 971 to run task
[2025-09-24T09:59:31.200+0000] {standard_task_runner.py:87} INFO - Running: ['***', 'tasks', 'run', 'dag_data_cleanse_and_calculate_all', 'cleanse_data_h2', 'scheduled__2025-09-24T08:00:00+00:00', '--job-id', '290', '--raw', '--subdir', 'DAGS_FOLDER/cleansing_data_flow.py', '--cfg-path', '/tmp/tmp2wdd6f7o']
[2025-09-24T09:59:31.203+0000] {standard_task_runner.py:88} INFO - Job 290: Subtask cleanse_data_h2
[2025-09-24T09:59:31.290+0000] {task_command.py:423} INFO - Running <TaskInstance: dag_data_cleanse_and_calculate_all.cleanse_data_h2 scheduled__2025-09-24T08:00:00+00:00 [running]> on host 5d539c157d54
[2025-09-24T09:59:31.379+0000] {taskinstance.py:2480} INFO - Exporting env vars: AIRFLOW_CTX_DAG_OWNER='***' AIRFLOW_CTX_DAG_ID='dag_data_cleanse_and_calculate_all' AIRFLOW_CTX_TASK_ID='cleanse_data_h2' AIRFLOW_CTX_EXECUTION_DATE='2025-09-24T08:00:00+00:00' AIRFLOW_CTX_TRY_NUMBER='1' AIRFLOW_CTX_DAG_RUN_ID='scheduled__2025-09-24T08:00:00+00:00'
[2025-09-24T09:59:31.526+0000] {python.py:201} INFO - Done. Returned value was: None
[2025-09-24T09:59:31.538+0000] {taskinstance.py:1138} INFO - Marking task as SUCCESS. dag_id=dag_data_cleanse_and_calculate_all, task_id=cleanse_data_h2, execution_date=20250924T080000, start_date=20250924T095931, end_date=20250924T095931
[2025-09-24T09:59:31.580+0000] {local_task_job_runner.py:234} INFO - Task exited with return code 0
[2025-09-24T09:59:31.641+0000] {taskinstance.py:3280} INFO - 0 downstream tasks scheduled from follow-on schedule check
