[2025-09-22T04:05:51.681+0000] {taskinstance.py:1956} INFO - Dependencies all met for dep_context=non-requeueable deps ti=<TaskInstance: dag_production_views_daily.create_view_production_hours_daily scheduled__2025-09-21T00:00:00+00:00 [queued]>
[2025-09-22T04:05:51.686+0000] {taskinstance.py:1956} INFO - Dependencies all met for dep_context=requeueable deps ti=<TaskInstance: dag_production_views_daily.create_view_production_hours_daily scheduled__2025-09-21T00:00:00+00:00 [queued]>
[2025-09-22T04:05:51.687+0000] {taskinstance.py:2170} INFO - Starting attempt 1 of 1
[2025-09-22T04:05:51.695+0000] {taskinstance.py:2191} INFO - Executing <Task(PythonOperator): create_view_production_hours_daily> on 2025-09-21 00:00:00+00:00
[2025-09-22T04:05:51.699+0000] {standard_task_runner.py:60} INFO - Started process 71 to run task
[2025-09-22T04:05:51.702+0000] {standard_task_runner.py:87} INFO - Running: ['***', 'tasks', 'run', 'dag_production_views_daily', 'create_view_production_hours_daily', 'scheduled__2025-09-21T00:00:00+00:00', '--job-id', '18', '--raw', '--subdir', 'DAGS_FOLDER/sql_flow.py', '--cfg-path', '/tmp/tmpeww5_bfc']
[2025-09-22T04:05:51.704+0000] {standard_task_runner.py:88} INFO - Job 18: Subtask create_view_production_hours_daily
[2025-09-22T04:05:51.744+0000] {task_command.py:423} INFO - Running <TaskInstance: dag_production_views_daily.create_view_production_hours_daily scheduled__2025-09-21T00:00:00+00:00 [running]> on host ac20b3137fa6
[2025-09-22T04:05:51.794+0000] {taskinstance.py:2480} INFO - Exporting env vars: AIRFLOW_CTX_DAG_OWNER='***' AIRFLOW_CTX_DAG_ID='dag_production_views_daily' AIRFLOW_CTX_TASK_ID='create_view_production_hours_daily' AIRFLOW_CTX_EXECUTION_DATE='2025-09-21T00:00:00+00:00' AIRFLOW_CTX_TRY_NUMBER='1' AIRFLOW_CTX_DAG_RUN_ID='scheduled__2025-09-21T00:00:00+00:00'
[2025-09-22T04:05:51.930+0000] {logging_mixin.py:188} INFO - ✅ View View_Production_Hours_Daily ถูกสร้างแล้ว
[2025-09-22T04:05:51.931+0000] {python.py:201} INFO - Done. Returned value was: None
[2025-09-22T04:05:51.938+0000] {taskinstance.py:1138} INFO - Marking task as SUCCESS. dag_id=dag_production_views_daily, task_id=create_view_production_hours_daily, execution_date=20250921T000000, start_date=20250922T040551, end_date=20250922T040551
[2025-09-22T04:05:51.954+0000] {local_task_job_runner.py:234} INFO - Task exited with return code 0
[2025-09-22T04:05:51.971+0000] {taskinstance.py:3280} INFO - 1 downstream tasks scheduled from follow-on schedule check
[2025-09-22T08:33:27.677+0000] {taskinstance.py:1956} INFO - Dependencies all met for dep_context=non-requeueable deps ti=<TaskInstance: dag_production_views_daily.create_view_production_hours_daily scheduled__2025-09-21T00:00:00+00:00 [queued]>
[2025-09-22T08:33:27.681+0000] {taskinstance.py:1956} INFO - Dependencies all met for dep_context=requeueable deps ti=<TaskInstance: dag_production_views_daily.create_view_production_hours_daily scheduled__2025-09-21T00:00:00+00:00 [queued]>
[2025-09-22T08:33:27.681+0000] {taskinstance.py:2170} INFO - Starting attempt 1 of 1
[2025-09-22T08:33:27.689+0000] {taskinstance.py:2191} INFO - Executing <Task(PythonOperator): create_view_production_hours_daily> on 2025-09-21 00:00:00+00:00
[2025-09-22T08:33:27.693+0000] {standard_task_runner.py:60} INFO - Started process 133 to run task
[2025-09-22T08:33:27.696+0000] {standard_task_runner.py:87} INFO - Running: ['***', 'tasks', 'run', 'dag_production_views_daily', 'create_view_production_hours_daily', 'scheduled__2025-09-21T00:00:00+00:00', '--job-id', '6', '--raw', '--subdir', 'DAGS_FOLDER/sql_flow.py', '--cfg-path', '/tmp/tmp3e5ira39']
[2025-09-22T08:33:27.698+0000] {standard_task_runner.py:88} INFO - Job 6: Subtask create_view_production_hours_daily
[2025-09-22T08:33:27.740+0000] {task_command.py:423} INFO - Running <TaskInstance: dag_production_views_daily.create_view_production_hours_daily scheduled__2025-09-21T00:00:00+00:00 [running]> on host 3f0a9d8e9fbe
[2025-09-22T08:33:27.785+0000] {taskinstance.py:2480} INFO - Exporting env vars: AIRFLOW_CTX_DAG_OWNER='***' AIRFLOW_CTX_DAG_ID='dag_production_views_daily' AIRFLOW_CTX_TASK_ID='create_view_production_hours_daily' AIRFLOW_CTX_EXECUTION_DATE='2025-09-21T00:00:00+00:00' AIRFLOW_CTX_TRY_NUMBER='1' AIRFLOW_CTX_DAG_RUN_ID='scheduled__2025-09-21T00:00:00+00:00'
[2025-09-22T08:33:27.845+0000] {logging_mixin.py:188} INFO - ✅ View View_Production_Hours_Daily ถูกสร้างแล้ว
[2025-09-22T08:33:27.845+0000] {python.py:201} INFO - Done. Returned value was: None
[2025-09-22T08:33:27.853+0000] {taskinstance.py:1138} INFO - Marking task as SUCCESS. dag_id=dag_production_views_daily, task_id=create_view_production_hours_daily, execution_date=20250921T000000, start_date=20250922T083327, end_date=20250922T083327
[2025-09-22T08:33:27.908+0000] {local_task_job_runner.py:234} INFO - Task exited with return code 0
[2025-09-22T08:33:27.933+0000] {taskinstance.py:3280} INFO - 1 downstream tasks scheduled from follow-on schedule check
