[2025-09-24T09:09:50.392+0000] {taskinstance.py:1956} INFO - Dependencies all met for dep_context=non-requeueable deps ti=<TaskInstance: dag_data_cleanse_and_calculate_all.calculate_data_d1 scheduled__2025-09-24T08:00:00+00:00 [queued]>
[2025-09-24T09:09:50.403+0000] {taskinstance.py:1956} INFO - Dependencies all met for dep_context=requeueable deps ti=<TaskInstance: dag_data_cleanse_and_calculate_all.calculate_data_d1 scheduled__2025-09-24T08:00:00+00:00 [queued]>
[2025-09-24T09:09:50.405+0000] {taskinstance.py:2170} INFO - Starting attempt 1 of 1
[2025-09-24T09:09:50.423+0000] {taskinstance.py:2191} INFO - Executing <Task(PythonOperator): calculate_data_d1> on 2025-09-24 08:00:00+00:00
[2025-09-24T09:09:50.431+0000] {standard_task_runner.py:60} INFO - Started process 1953 to run task
[2025-09-24T09:09:50.437+0000] {standard_task_runner.py:87} INFO - Running: ['***', 'tasks', 'run', 'dag_data_cleanse_and_calculate_all', 'calculate_data_d1', 'scheduled__2025-09-24T08:00:00+00:00', '--job-id', '345', '--raw', '--subdir', 'DAGS_FOLDER/cleansing_data_flow.py', '--cfg-path', '/tmp/tmpx4q_xidk']
[2025-09-24T09:09:50.438+0000] {standard_task_runner.py:88} INFO - Job 345: Subtask calculate_data_d1
[2025-09-24T09:09:50.496+0000] {task_command.py:423} INFO - Running <TaskInstance: dag_data_cleanse_and_calculate_all.calculate_data_d1 scheduled__2025-09-24T08:00:00+00:00 [running]> on host feaba2204362
[2025-09-24T09:09:50.586+0000] {taskinstance.py:2480} INFO - Exporting env vars: AIRFLOW_CTX_DAG_OWNER='***' AIRFLOW_CTX_DAG_ID='dag_data_cleanse_and_calculate_all' AIRFLOW_CTX_TASK_ID='calculate_data_d1' AIRFLOW_CTX_EXECUTION_DATE='2025-09-24T08:00:00+00:00' AIRFLOW_CTX_TRY_NUMBER='1' AIRFLOW_CTX_DAG_RUN_ID='scheduled__2025-09-24T08:00:00+00:00'
[2025-09-24T09:09:50.720+0000] {python.py:201} INFO - Done. Returned value was: None
[2025-09-24T09:09:50.734+0000] {taskinstance.py:1138} INFO - Marking task as SUCCESS. dag_id=dag_data_cleanse_and_calculate_all, task_id=calculate_data_d1, execution_date=20250924T080000, start_date=20250924T090950, end_date=20250924T090950
[2025-09-24T09:09:50.778+0000] {local_task_job_runner.py:234} INFO - Task exited with return code 0
[2025-09-24T09:09:50.836+0000] {taskinstance.py:3280} INFO - 0 downstream tasks scheduled from follow-on schedule check
[2025-09-24T09:59:48.625+0000] {taskinstance.py:1956} INFO - Dependencies all met for dep_context=non-requeueable deps ti=<TaskInstance: dag_data_cleanse_and_calculate_all.calculate_data_d1 scheduled__2025-09-24T08:00:00+00:00 [queued]>
[2025-09-24T09:59:48.634+0000] {taskinstance.py:1956} INFO - Dependencies all met for dep_context=requeueable deps ti=<TaskInstance: dag_data_cleanse_and_calculate_all.calculate_data_d1 scheduled__2025-09-24T08:00:00+00:00 [queued]>
[2025-09-24T09:59:48.634+0000] {taskinstance.py:2170} INFO - Starting attempt 1 of 1
[2025-09-24T09:59:48.651+0000] {taskinstance.py:2191} INFO - Executing <Task(PythonOperator): calculate_data_d1> on 2025-09-24 08:00:00+00:00
[2025-09-24T09:59:48.659+0000] {standard_task_runner.py:60} INFO - Started process 1315 to run task
[2025-09-24T09:59:48.663+0000] {standard_task_runner.py:87} INFO - Running: ['***', 'tasks', 'run', 'dag_data_cleanse_and_calculate_all', 'calculate_data_d1', 'scheduled__2025-09-24T08:00:00+00:00', '--job-id', '403', '--raw', '--subdir', 'DAGS_FOLDER/cleansing_data_flow.py', '--cfg-path', '/tmp/tmp_fwge77d']
[2025-09-24T09:59:48.665+0000] {standard_task_runner.py:88} INFO - Job 403: Subtask calculate_data_d1
[2025-09-24T09:59:48.735+0000] {task_command.py:423} INFO - Running <TaskInstance: dag_data_cleanse_and_calculate_all.calculate_data_d1 scheduled__2025-09-24T08:00:00+00:00 [running]> on host 5d539c157d54
[2025-09-24T09:59:48.807+0000] {taskinstance.py:2480} INFO - Exporting env vars: AIRFLOW_CTX_DAG_OWNER='***' AIRFLOW_CTX_DAG_ID='dag_data_cleanse_and_calculate_all' AIRFLOW_CTX_TASK_ID='calculate_data_d1' AIRFLOW_CTX_EXECUTION_DATE='2025-09-24T08:00:00+00:00' AIRFLOW_CTX_TRY_NUMBER='1' AIRFLOW_CTX_DAG_RUN_ID='scheduled__2025-09-24T08:00:00+00:00'
[2025-09-24T09:59:48.967+0000] {python.py:201} INFO - Done. Returned value was: None
[2025-09-24T09:59:48.975+0000] {taskinstance.py:1138} INFO - Marking task as SUCCESS. dag_id=dag_data_cleanse_and_calculate_all, task_id=calculate_data_d1, execution_date=20250924T080000, start_date=20250924T095948, end_date=20250924T095948
[2025-09-24T09:59:49.001+0000] {local_task_job_runner.py:234} INFO - Task exited with return code 0
[2025-09-24T09:59:49.029+0000] {taskinstance.py:3280} INFO - 0 downstream tasks scheduled from follow-on schedule check
