[2025-09-24T09:09:31.877+0000] {taskinstance.py:1956} INFO - Dependencies all met for dep_context=non-requeueable deps ti=<TaskInstance: dag_data_cleanse_and_calculate_all.cleanse_data_b12 scheduled__2025-09-24T08:00:00+00:00 [queued]>
[2025-09-24T09:09:31.890+0000] {taskinstance.py:1956} INFO - Dependencies all met for dep_context=requeueable deps ti=<TaskInstance: dag_data_cleanse_and_calculate_all.cleanse_data_b12 scheduled__2025-09-24T08:00:00+00:00 [queued]>
[2025-09-24T09:09:31.891+0000] {taskinstance.py:2170} INFO - Starting attempt 1 of 1
[2025-09-24T09:09:31.917+0000] {taskinstance.py:2191} INFO - Executing <Task(PythonOperator): cleanse_data_b12> on 2025-09-24 08:00:00+00:00
[2025-09-24T09:09:31.931+0000] {standard_task_runner.py:60} INFO - Started process 1602 to run task
[2025-09-24T09:09:31.946+0000] {standard_task_runner.py:87} INFO - Running: ['***', 'tasks', 'run', 'dag_data_cleanse_and_calculate_all', 'cleanse_data_b12', 'scheduled__2025-09-24T08:00:00+00:00', '--job-id', '226', '--raw', '--subdir', 'DAGS_FOLDER/cleansing_data_flow.py', '--cfg-path', '/tmp/tmpsapgizfk']
[2025-09-24T09:09:31.949+0000] {standard_task_runner.py:88} INFO - Job 226: Subtask cleanse_data_b12
[2025-09-24T09:09:32.101+0000] {task_command.py:423} INFO - Running <TaskInstance: dag_data_cleanse_and_calculate_all.cleanse_data_b12 scheduled__2025-09-24T08:00:00+00:00 [running]> on host feaba2204362
[2025-09-24T09:09:32.238+0000] {taskinstance.py:2480} INFO - Exporting env vars: AIRFLOW_CTX_DAG_OWNER='***' AIRFLOW_CTX_DAG_ID='dag_data_cleanse_and_calculate_all' AIRFLOW_CTX_TASK_ID='cleanse_data_b12' AIRFLOW_CTX_EXECUTION_DATE='2025-09-24T08:00:00+00:00' AIRFLOW_CTX_TRY_NUMBER='1' AIRFLOW_CTX_DAG_RUN_ID='scheduled__2025-09-24T08:00:00+00:00'
[2025-09-24T09:09:32.468+0000] {python.py:201} INFO - Done. Returned value was: None
[2025-09-24T09:09:32.486+0000] {taskinstance.py:1138} INFO - Marking task as SUCCESS. dag_id=dag_data_cleanse_and_calculate_all, task_id=cleanse_data_b12, execution_date=20250924T080000, start_date=20250924T090931, end_date=20250924T090932
[2025-09-24T09:09:32.529+0000] {local_task_job_runner.py:234} INFO - Task exited with return code 0
[2025-09-24T09:09:32.555+0000] {taskinstance.py:3280} INFO - 1 downstream tasks scheduled from follow-on schedule check
[2025-09-24T09:59:28.127+0000] {taskinstance.py:1956} INFO - Dependencies all met for dep_context=non-requeueable deps ti=<TaskInstance: dag_data_cleanse_and_calculate_all.cleanse_data_b12 scheduled__2025-09-24T08:00:00+00:00 [queued]>
[2025-09-24T09:59:28.135+0000] {taskinstance.py:1956} INFO - Dependencies all met for dep_context=requeueable deps ti=<TaskInstance: dag_data_cleanse_and_calculate_all.cleanse_data_b12 scheduled__2025-09-24T08:00:00+00:00 [queued]>
[2025-09-24T09:59:28.135+0000] {taskinstance.py:2170} INFO - Starting attempt 1 of 1
[2025-09-24T09:59:28.164+0000] {taskinstance.py:2191} INFO - Executing <Task(PythonOperator): cleanse_data_b12> on 2025-09-24 08:00:00+00:00
[2025-09-24T09:59:28.178+0000] {standard_task_runner.py:60} INFO - Started process 917 to run task
[2025-09-24T09:59:28.195+0000] {standard_task_runner.py:87} INFO - Running: ['***', 'tasks', 'run', 'dag_data_cleanse_and_calculate_all', 'cleanse_data_b12', 'scheduled__2025-09-24T08:00:00+00:00', '--job-id', '269', '--raw', '--subdir', 'DAGS_FOLDER/cleansing_data_flow.py', '--cfg-path', '/tmp/tmpd2w7qiht']
[2025-09-24T09:59:28.200+0000] {standard_task_runner.py:88} INFO - Job 269: Subtask cleanse_data_b12
[2025-09-24T09:59:28.295+0000] {task_command.py:423} INFO - Running <TaskInstance: dag_data_cleanse_and_calculate_all.cleanse_data_b12 scheduled__2025-09-24T08:00:00+00:00 [running]> on host 5d539c157d54
[2025-09-24T09:59:28.461+0000] {taskinstance.py:2480} INFO - Exporting env vars: AIRFLOW_CTX_DAG_OWNER='***' AIRFLOW_CTX_DAG_ID='dag_data_cleanse_and_calculate_all' AIRFLOW_CTX_TASK_ID='cleanse_data_b12' AIRFLOW_CTX_EXECUTION_DATE='2025-09-24T08:00:00+00:00' AIRFLOW_CTX_TRY_NUMBER='1' AIRFLOW_CTX_DAG_RUN_ID='scheduled__2025-09-24T08:00:00+00:00'
[2025-09-24T09:59:28.738+0000] {python.py:201} INFO - Done. Returned value was: None
[2025-09-24T09:59:28.746+0000] {taskinstance.py:1138} INFO - Marking task as SUCCESS. dag_id=dag_data_cleanse_and_calculate_all, task_id=cleanse_data_b12, execution_date=20250924T080000, start_date=20250924T095928, end_date=20250924T095928
[2025-09-24T09:59:28.773+0000] {local_task_job_runner.py:234} INFO - Task exited with return code 0
[2025-09-24T09:59:28.790+0000] {taskinstance.py:3280} INFO - 1 downstream tasks scheduled from follow-on schedule check
