[2025-09-24T09:09:45.182+0000] {taskinstance.py:1956} INFO - Dependencies all met for dep_context=non-requeueable deps ti=<TaskInstance: dag_data_cleanse_and_calculate_all.calculate_data_b17 scheduled__2025-09-24T08:00:00+00:00 [queued]>
[2025-09-24T09:09:45.190+0000] {taskinstance.py:1956} INFO - Dependencies all met for dep_context=requeueable deps ti=<TaskInstance: dag_data_cleanse_and_calculate_all.calculate_data_b17 scheduled__2025-09-24T08:00:00+00:00 [queued]>
[2025-09-24T09:09:45.191+0000] {taskinstance.py:2170} INFO - Starting attempt 1 of 1
[2025-09-24T09:09:45.208+0000] {taskinstance.py:2191} INFO - Executing <Task(PythonOperator): calculate_data_b17> on 2025-09-24 08:00:00+00:00
[2025-09-24T09:09:45.229+0000] {standard_task_runner.py:60} INFO - Started process 1849 to run task
[2025-09-24T09:09:45.232+0000] {standard_task_runner.py:87} INFO - Running: ['***', 'tasks', 'run', 'dag_data_cleanse_and_calculate_all', 'calculate_data_b17', 'scheduled__2025-09-24T08:00:00+00:00', '--job-id', '313', '--raw', '--subdir', 'DAGS_FOLDER/cleansing_data_flow.py', '--cfg-path', '/tmp/tmp6386n9ak']
[2025-09-24T09:09:45.234+0000] {standard_task_runner.py:88} INFO - Job 313: Subtask calculate_data_b17
[2025-09-24T09:09:45.307+0000] {task_command.py:423} INFO - Running <TaskInstance: dag_data_cleanse_and_calculate_all.calculate_data_b17 scheduled__2025-09-24T08:00:00+00:00 [running]> on host feaba2204362
[2025-09-24T09:09:45.380+0000] {taskinstance.py:2480} INFO - Exporting env vars: AIRFLOW_CTX_DAG_OWNER='***' AIRFLOW_CTX_DAG_ID='dag_data_cleanse_and_calculate_all' AIRFLOW_CTX_TASK_ID='calculate_data_b17' AIRFLOW_CTX_EXECUTION_DATE='2025-09-24T08:00:00+00:00' AIRFLOW_CTX_TRY_NUMBER='1' AIRFLOW_CTX_DAG_RUN_ID='scheduled__2025-09-24T08:00:00+00:00'
[2025-09-24T09:09:45.570+0000] {python.py:201} INFO - Done. Returned value was: None
[2025-09-24T09:09:45.583+0000] {taskinstance.py:1138} INFO - Marking task as SUCCESS. dag_id=dag_data_cleanse_and_calculate_all, task_id=calculate_data_b17, execution_date=20250924T080000, start_date=20250924T090945, end_date=20250924T090945
[2025-09-24T09:09:45.653+0000] {local_task_job_runner.py:234} INFO - Task exited with return code 0
[2025-09-24T09:09:45.677+0000] {taskinstance.py:3280} INFO - 0 downstream tasks scheduled from follow-on schedule check
[2025-09-24T09:59:45.754+0000] {taskinstance.py:1956} INFO - Dependencies all met for dep_context=non-requeueable deps ti=<TaskInstance: dag_data_cleanse_and_calculate_all.calculate_data_b17 scheduled__2025-09-24T08:00:00+00:00 [queued]>
[2025-09-24T09:59:45.766+0000] {taskinstance.py:1956} INFO - Dependencies all met for dep_context=requeueable deps ti=<TaskInstance: dag_data_cleanse_and_calculate_all.calculate_data_b17 scheduled__2025-09-24T08:00:00+00:00 [queued]>
[2025-09-24T09:59:45.766+0000] {taskinstance.py:2170} INFO - Starting attempt 1 of 1
[2025-09-24T09:59:45.778+0000] {taskinstance.py:2191} INFO - Executing <Task(PythonOperator): calculate_data_b17> on 2025-09-24 08:00:00+00:00
[2025-09-24T09:59:45.785+0000] {standard_task_runner.py:60} INFO - Started process 1265 to run task
[2025-09-24T09:59:45.788+0000] {standard_task_runner.py:87} INFO - Running: ['***', 'tasks', 'run', 'dag_data_cleanse_and_calculate_all', 'calculate_data_b17', 'scheduled__2025-09-24T08:00:00+00:00', '--job-id', '385', '--raw', '--subdir', 'DAGS_FOLDER/cleansing_data_flow.py', '--cfg-path', '/tmp/tmpfv3lvxxj']
[2025-09-24T09:59:45.790+0000] {standard_task_runner.py:88} INFO - Job 385: Subtask calculate_data_b17
[2025-09-24T09:59:45.840+0000] {task_command.py:423} INFO - Running <TaskInstance: dag_data_cleanse_and_calculate_all.calculate_data_b17 scheduled__2025-09-24T08:00:00+00:00 [running]> on host 5d539c157d54
[2025-09-24T09:59:45.913+0000] {taskinstance.py:2480} INFO - Exporting env vars: AIRFLOW_CTX_DAG_OWNER='***' AIRFLOW_CTX_DAG_ID='dag_data_cleanse_and_calculate_all' AIRFLOW_CTX_TASK_ID='calculate_data_b17' AIRFLOW_CTX_EXECUTION_DATE='2025-09-24T08:00:00+00:00' AIRFLOW_CTX_TRY_NUMBER='1' AIRFLOW_CTX_DAG_RUN_ID='scheduled__2025-09-24T08:00:00+00:00'
[2025-09-24T09:59:46.104+0000] {python.py:201} INFO - Done. Returned value was: None
[2025-09-24T09:59:46.112+0000] {taskinstance.py:1138} INFO - Marking task as SUCCESS. dag_id=dag_data_cleanse_and_calculate_all, task_id=calculate_data_b17, execution_date=20250924T080000, start_date=20250924T095945, end_date=20250924T095946
[2025-09-24T09:59:46.162+0000] {local_task_job_runner.py:234} INFO - Task exited with return code 0
[2025-09-24T09:59:46.174+0000] {taskinstance.py:3280} INFO - 0 downstream tasks scheduled from follow-on schedule check
