[2025-09-24T09:09:50.565+0000] {taskinstance.py:1956} INFO - Dependencies all met for dep_context=non-requeueable deps ti=<TaskInstance: dag_data_cleanse_and_calculate_all.calculate_data_c11 scheduled__2025-09-24T08:00:00+00:00 [queued]>
[2025-09-24T09:09:50.580+0000] {taskinstance.py:1956} INFO - Dependencies all met for dep_context=requeueable deps ti=<TaskInstance: dag_data_cleanse_and_calculate_all.calculate_data_c11 scheduled__2025-09-24T08:00:00+00:00 [queued]>
[2025-09-24T09:09:50.585+0000] {taskinstance.py:2170} INFO - Starting attempt 1 of 1
[2025-09-24T09:09:50.605+0000] {taskinstance.py:2191} INFO - Executing <Task(PythonOperator): calculate_data_c11> on 2025-09-24 08:00:00+00:00
[2025-09-24T09:09:50.614+0000] {standard_task_runner.py:60} INFO - Started process 1958 to run task
[2025-09-24T09:09:50.617+0000] {standard_task_runner.py:87} INFO - Running: ['***', 'tasks', 'run', 'dag_data_cleanse_and_calculate_all', 'calculate_data_c11', 'scheduled__2025-09-24T08:00:00+00:00', '--job-id', '349', '--raw', '--subdir', 'DAGS_FOLDER/cleansing_data_flow.py', '--cfg-path', '/tmp/tmpdndyw78v']
[2025-09-24T09:09:50.619+0000] {standard_task_runner.py:88} INFO - Job 349: Subtask calculate_data_c11
[2025-09-24T09:09:50.697+0000] {task_command.py:423} INFO - Running <TaskInstance: dag_data_cleanse_and_calculate_all.calculate_data_c11 scheduled__2025-09-24T08:00:00+00:00 [running]> on host feaba2204362
[2025-09-24T09:09:50.813+0000] {taskinstance.py:2480} INFO - Exporting env vars: AIRFLOW_CTX_DAG_OWNER='***' AIRFLOW_CTX_DAG_ID='dag_data_cleanse_and_calculate_all' AIRFLOW_CTX_TASK_ID='calculate_data_c11' AIRFLOW_CTX_EXECUTION_DATE='2025-09-24T08:00:00+00:00' AIRFLOW_CTX_TRY_NUMBER='1' AIRFLOW_CTX_DAG_RUN_ID='scheduled__2025-09-24T08:00:00+00:00'
[2025-09-24T09:09:51.011+0000] {python.py:201} INFO - Done. Returned value was: None
[2025-09-24T09:09:51.031+0000] {taskinstance.py:1138} INFO - Marking task as SUCCESS. dag_id=dag_data_cleanse_and_calculate_all, task_id=calculate_data_c11, execution_date=20250924T080000, start_date=20250924T090950, end_date=20250924T090951
[2025-09-24T09:09:51.093+0000] {local_task_job_runner.py:234} INFO - Task exited with return code 0
[2025-09-24T09:09:51.146+0000] {taskinstance.py:3280} INFO - 0 downstream tasks scheduled from follow-on schedule check
[2025-09-24T09:59:48.521+0000] {taskinstance.py:1956} INFO - Dependencies all met for dep_context=non-requeueable deps ti=<TaskInstance: dag_data_cleanse_and_calculate_all.calculate_data_c11 scheduled__2025-09-24T08:00:00+00:00 [queued]>
[2025-09-24T09:59:48.538+0000] {taskinstance.py:1956} INFO - Dependencies all met for dep_context=requeueable deps ti=<TaskInstance: dag_data_cleanse_and_calculate_all.calculate_data_c11 scheduled__2025-09-24T08:00:00+00:00 [queued]>
[2025-09-24T09:59:48.539+0000] {taskinstance.py:2170} INFO - Starting attempt 1 of 1
[2025-09-24T09:59:48.558+0000] {taskinstance.py:2191} INFO - Executing <Task(PythonOperator): calculate_data_c11> on 2025-09-24 08:00:00+00:00
[2025-09-24T09:59:48.566+0000] {standard_task_runner.py:60} INFO - Started process 1311 to run task
[2025-09-24T09:59:48.570+0000] {standard_task_runner.py:87} INFO - Running: ['***', 'tasks', 'run', 'dag_data_cleanse_and_calculate_all', 'calculate_data_c11', 'scheduled__2025-09-24T08:00:00+00:00', '--job-id', '400', '--raw', '--subdir', 'DAGS_FOLDER/cleansing_data_flow.py', '--cfg-path', '/tmp/tmpluqrf7vj']
[2025-09-24T09:59:48.572+0000] {standard_task_runner.py:88} INFO - Job 400: Subtask calculate_data_c11
[2025-09-24T09:59:48.656+0000] {task_command.py:423} INFO - Running <TaskInstance: dag_data_cleanse_and_calculate_all.calculate_data_c11 scheduled__2025-09-24T08:00:00+00:00 [running]> on host 5d539c157d54
[2025-09-24T09:59:48.760+0000] {taskinstance.py:2480} INFO - Exporting env vars: AIRFLOW_CTX_DAG_OWNER='***' AIRFLOW_CTX_DAG_ID='dag_data_cleanse_and_calculate_all' AIRFLOW_CTX_TASK_ID='calculate_data_c11' AIRFLOW_CTX_EXECUTION_DATE='2025-09-24T08:00:00+00:00' AIRFLOW_CTX_TRY_NUMBER='1' AIRFLOW_CTX_DAG_RUN_ID='scheduled__2025-09-24T08:00:00+00:00'
[2025-09-24T09:59:48.981+0000] {python.py:201} INFO - Done. Returned value was: None
[2025-09-24T09:59:48.991+0000] {taskinstance.py:1138} INFO - Marking task as SUCCESS. dag_id=dag_data_cleanse_and_calculate_all, task_id=calculate_data_c11, execution_date=20250924T080000, start_date=20250924T095948, end_date=20250924T095948
[2025-09-24T09:59:49.032+0000] {local_task_job_runner.py:234} INFO - Task exited with return code 0
[2025-09-24T09:59:49.068+0000] {taskinstance.py:3280} INFO - 0 downstream tasks scheduled from follow-on schedule check
