[2025-09-24T09:09:50.211+0000] {taskinstance.py:1956} INFO - Dependencies all met for dep_context=non-requeueable deps ti=<TaskInstance: dag_data_cleanse_and_calculate_all.calculate_data_h2 scheduled__2025-09-24T08:00:00+00:00 [queued]>
[2025-09-24T09:09:50.227+0000] {taskinstance.py:1956} INFO - Dependencies all met for dep_context=requeueable deps ti=<TaskInstance: dag_data_cleanse_and_calculate_all.calculate_data_h2 scheduled__2025-09-24T08:00:00+00:00 [queued]>
[2025-09-24T09:09:50.228+0000] {taskinstance.py:2170} INFO - Starting attempt 1 of 1
[2025-09-24T09:09:50.270+0000] {taskinstance.py:2191} INFO - Executing <Task(PythonOperator): calculate_data_h2> on 2025-09-24 08:00:00+00:00
[2025-09-24T09:09:50.279+0000] {standard_task_runner.py:60} INFO - Started process 1947 to run task
[2025-09-24T09:09:50.284+0000] {standard_task_runner.py:87} INFO - Running: ['***', 'tasks', 'run', 'dag_data_cleanse_and_calculate_all', 'calculate_data_h2', 'scheduled__2025-09-24T08:00:00+00:00', '--job-id', '339', '--raw', '--subdir', 'DAGS_FOLDER/cleansing_data_flow.py', '--cfg-path', '/tmp/tmppiiqpctg']
[2025-09-24T09:09:50.286+0000] {standard_task_runner.py:88} INFO - Job 339: Subtask calculate_data_h2
[2025-09-24T09:09:50.356+0000] {task_command.py:423} INFO - Running <TaskInstance: dag_data_cleanse_and_calculate_all.calculate_data_h2 scheduled__2025-09-24T08:00:00+00:00 [running]> on host feaba2204362
[2025-09-24T09:09:50.436+0000] {taskinstance.py:2480} INFO - Exporting env vars: AIRFLOW_CTX_DAG_OWNER='***' AIRFLOW_CTX_DAG_ID='dag_data_cleanse_and_calculate_all' AIRFLOW_CTX_TASK_ID='calculate_data_h2' AIRFLOW_CTX_EXECUTION_DATE='2025-09-24T08:00:00+00:00' AIRFLOW_CTX_TRY_NUMBER='1' AIRFLOW_CTX_DAG_RUN_ID='scheduled__2025-09-24T08:00:00+00:00'
[2025-09-24T09:09:50.554+0000] {python.py:201} INFO - Done. Returned value was: None
[2025-09-24T09:09:50.570+0000] {taskinstance.py:1138} INFO - Marking task as SUCCESS. dag_id=dag_data_cleanse_and_calculate_all, task_id=calculate_data_h2, execution_date=20250924T080000, start_date=20250924T090950, end_date=20250924T090950
[2025-09-24T09:09:50.634+0000] {local_task_job_runner.py:234} INFO - Task exited with return code 0
[2025-09-24T09:09:50.664+0000] {taskinstance.py:3280} INFO - 0 downstream tasks scheduled from follow-on schedule check
[2025-09-24T09:59:46.017+0000] {taskinstance.py:1956} INFO - Dependencies all met for dep_context=non-requeueable deps ti=<TaskInstance: dag_data_cleanse_and_calculate_all.calculate_data_h2 scheduled__2025-09-24T08:00:00+00:00 [queued]>
[2025-09-24T09:59:46.029+0000] {taskinstance.py:1956} INFO - Dependencies all met for dep_context=requeueable deps ti=<TaskInstance: dag_data_cleanse_and_calculate_all.calculate_data_h2 scheduled__2025-09-24T08:00:00+00:00 [queued]>
[2025-09-24T09:59:46.030+0000] {taskinstance.py:2170} INFO - Starting attempt 1 of 1
[2025-09-24T09:59:46.045+0000] {taskinstance.py:2191} INFO - Executing <Task(PythonOperator): calculate_data_h2> on 2025-09-24 08:00:00+00:00
[2025-09-24T09:59:46.053+0000] {standard_task_runner.py:60} INFO - Started process 1269 to run task
[2025-09-24T09:59:46.057+0000] {standard_task_runner.py:87} INFO - Running: ['***', 'tasks', 'run', 'dag_data_cleanse_and_calculate_all', 'calculate_data_h2', 'scheduled__2025-09-24T08:00:00+00:00', '--job-id', '389', '--raw', '--subdir', 'DAGS_FOLDER/cleansing_data_flow.py', '--cfg-path', '/tmp/tmpha2_b4st']
[2025-09-24T09:59:46.058+0000] {standard_task_runner.py:88} INFO - Job 389: Subtask calculate_data_h2
[2025-09-24T09:59:46.110+0000] {task_command.py:423} INFO - Running <TaskInstance: dag_data_cleanse_and_calculate_all.calculate_data_h2 scheduled__2025-09-24T08:00:00+00:00 [running]> on host 5d539c157d54
[2025-09-24T09:59:46.171+0000] {taskinstance.py:2480} INFO - Exporting env vars: AIRFLOW_CTX_DAG_OWNER='***' AIRFLOW_CTX_DAG_ID='dag_data_cleanse_and_calculate_all' AIRFLOW_CTX_TASK_ID='calculate_data_h2' AIRFLOW_CTX_EXECUTION_DATE='2025-09-24T08:00:00+00:00' AIRFLOW_CTX_TRY_NUMBER='1' AIRFLOW_CTX_DAG_RUN_ID='scheduled__2025-09-24T08:00:00+00:00'
[2025-09-24T09:59:46.295+0000] {python.py:201} INFO - Done. Returned value was: None
[2025-09-24T09:59:46.302+0000] {taskinstance.py:1138} INFO - Marking task as SUCCESS. dag_id=dag_data_cleanse_and_calculate_all, task_id=calculate_data_h2, execution_date=20250924T080000, start_date=20250924T095946, end_date=20250924T095946
[2025-09-24T09:59:46.349+0000] {local_task_job_runner.py:234} INFO - Task exited with return code 0
[2025-09-24T09:59:46.360+0000] {taskinstance.py:3280} INFO - 0 downstream tasks scheduled from follow-on schedule check
