[2025-09-24T09:09:52.228+0000] {taskinstance.py:1956} INFO - Dependencies all met for dep_context=non-requeueable deps ti=<TaskInstance: dag_data_cleanse_and_calculate_all.calculate_data_h8 scheduled__2025-09-24T08:00:00+00:00 [queued]>
[2025-09-24T09:09:52.254+0000] {taskinstance.py:1956} INFO - Dependencies all met for dep_context=requeueable deps ti=<TaskInstance: dag_data_cleanse_and_calculate_all.calculate_data_h8 scheduled__2025-09-24T08:00:00+00:00 [queued]>
[2025-09-24T09:09:52.255+0000] {taskinstance.py:2170} INFO - Starting attempt 1 of 1
[2025-09-24T09:09:52.283+0000] {taskinstance.py:2191} INFO - Executing <Task(PythonOperator): calculate_data_h8> on 2025-09-24 08:00:00+00:00
[2025-09-24T09:09:52.301+0000] {standard_task_runner.py:60} INFO - Started process 1994 to run task
[2025-09-24T09:09:52.310+0000] {standard_task_runner.py:87} INFO - Running: ['***', 'tasks', 'run', 'dag_data_cleanse_and_calculate_all', 'calculate_data_h8', 'scheduled__2025-09-24T08:00:00+00:00', '--job-id', '352', '--raw', '--subdir', 'DAGS_FOLDER/cleansing_data_flow.py', '--cfg-path', '/tmp/tmp04d9mnrs']
[2025-09-24T09:09:52.314+0000] {standard_task_runner.py:88} INFO - Job 352: Subtask calculate_data_h8
[2025-09-24T09:09:52.423+0000] {task_command.py:423} INFO - Running <TaskInstance: dag_data_cleanse_and_calculate_all.calculate_data_h8 scheduled__2025-09-24T08:00:00+00:00 [running]> on host feaba2204362
[2025-09-24T09:09:52.525+0000] {taskinstance.py:2480} INFO - Exporting env vars: AIRFLOW_CTX_DAG_OWNER='***' AIRFLOW_CTX_DAG_ID='dag_data_cleanse_and_calculate_all' AIRFLOW_CTX_TASK_ID='calculate_data_h8' AIRFLOW_CTX_EXECUTION_DATE='2025-09-24T08:00:00+00:00' AIRFLOW_CTX_TRY_NUMBER='1' AIRFLOW_CTX_DAG_RUN_ID='scheduled__2025-09-24T08:00:00+00:00'
[2025-09-24T09:09:52.675+0000] {python.py:201} INFO - Done. Returned value was: None
[2025-09-24T09:09:52.688+0000] {taskinstance.py:1138} INFO - Marking task as SUCCESS. dag_id=dag_data_cleanse_and_calculate_all, task_id=calculate_data_h8, execution_date=20250924T080000, start_date=20250924T090952, end_date=20250924T090952
[2025-09-24T09:09:52.731+0000] {local_task_job_runner.py:234} INFO - Task exited with return code 0
[2025-09-24T09:09:52.784+0000] {taskinstance.py:3280} INFO - 0 downstream tasks scheduled from follow-on schedule check
[2025-09-24T09:59:50.349+0000] {taskinstance.py:1956} INFO - Dependencies all met for dep_context=non-requeueable deps ti=<TaskInstance: dag_data_cleanse_and_calculate_all.calculate_data_h8 scheduled__2025-09-24T08:00:00+00:00 [queued]>
[2025-09-24T09:59:50.362+0000] {taskinstance.py:1956} INFO - Dependencies all met for dep_context=requeueable deps ti=<TaskInstance: dag_data_cleanse_and_calculate_all.calculate_data_h8 scheduled__2025-09-24T08:00:00+00:00 [queued]>
[2025-09-24T09:59:50.363+0000] {taskinstance.py:2170} INFO - Starting attempt 1 of 1
[2025-09-24T09:59:50.387+0000] {taskinstance.py:2191} INFO - Executing <Task(PythonOperator): calculate_data_h8> on 2025-09-24 08:00:00+00:00
[2025-09-24T09:59:50.395+0000] {standard_task_runner.py:60} INFO - Started process 1351 to run task
[2025-09-24T09:59:50.400+0000] {standard_task_runner.py:87} INFO - Running: ['***', 'tasks', 'run', 'dag_data_cleanse_and_calculate_all', 'calculate_data_h8', 'scheduled__2025-09-24T08:00:00+00:00', '--job-id', '407', '--raw', '--subdir', 'DAGS_FOLDER/cleansing_data_flow.py', '--cfg-path', '/tmp/tmpv1ti84q_']
[2025-09-24T09:59:50.402+0000] {standard_task_runner.py:88} INFO - Job 407: Subtask calculate_data_h8
[2025-09-24T09:59:50.529+0000] {task_command.py:423} INFO - Running <TaskInstance: dag_data_cleanse_and_calculate_all.calculate_data_h8 scheduled__2025-09-24T08:00:00+00:00 [running]> on host 5d539c157d54
[2025-09-24T09:59:50.730+0000] {taskinstance.py:2480} INFO - Exporting env vars: AIRFLOW_CTX_DAG_OWNER='***' AIRFLOW_CTX_DAG_ID='dag_data_cleanse_and_calculate_all' AIRFLOW_CTX_TASK_ID='calculate_data_h8' AIRFLOW_CTX_EXECUTION_DATE='2025-09-24T08:00:00+00:00' AIRFLOW_CTX_TRY_NUMBER='1' AIRFLOW_CTX_DAG_RUN_ID='scheduled__2025-09-24T08:00:00+00:00'
[2025-09-24T09:59:50.894+0000] {python.py:201} INFO - Done. Returned value was: None
[2025-09-24T09:59:50.903+0000] {taskinstance.py:1138} INFO - Marking task as SUCCESS. dag_id=dag_data_cleanse_and_calculate_all, task_id=calculate_data_h8, execution_date=20250924T080000, start_date=20250924T095950, end_date=20250924T095950
[2025-09-24T09:59:50.944+0000] {local_task_job_runner.py:234} INFO - Task exited with return code 0
[2025-09-24T09:59:50.969+0000] {taskinstance.py:3280} INFO - 0 downstream tasks scheduled from follow-on schedule check
