[2025-09-16T10:31:02.214+0000] {processor.py:161} INFO - Started process (PID=3343) to work on /opt/airflow/dags/sql_flow.py
[2025-09-16T10:31:02.215+0000] {processor.py:830} INFO - Processing file /opt/airflow/dags/sql_flow.py for tasks to queue
[2025-09-16T10:31:02.217+0000] {logging_mixin.py:188} INFO - [2025-09-16T10:31:02.217+0000] {dagbag.py:538} INFO - Filling up the DagBag from /opt/airflow/dags/sql_flow.py
[2025-09-16T10:31:02.248+0000] {processor.py:840} INFO - DAG(s) 'dag1_test_production_summary' retrieved from /opt/airflow/dags/sql_flow.py
[2025-09-16T10:31:02.313+0000] {logging_mixin.py:188} INFO - [2025-09-16T10:31:02.312+0000] {override.py:1769} INFO - Created Permission View: can delete on DAG:dag1_test_production_summary
[2025-09-16T10:31:02.320+0000] {logging_mixin.py:188} INFO - [2025-09-16T10:31:02.320+0000] {override.py:1769} INFO - Created Permission View: can read on DAG:dag1_test_production_summary
[2025-09-16T10:31:02.324+0000] {logging_mixin.py:188} INFO - [2025-09-16T10:31:02.324+0000] {override.py:1769} INFO - Created Permission View: can edit on DAG:dag1_test_production_summary
[2025-09-16T10:31:02.325+0000] {logging_mixin.py:188} INFO - [2025-09-16T10:31:02.325+0000] {dag.py:3036} INFO - Sync 1 DAGs
[2025-09-16T10:31:02.333+0000] {logging_mixin.py:188} INFO - [2025-09-16T10:31:02.333+0000] {dag.py:3058} INFO - Creating ORM DAG for dag1_test_production_summary
[2025-09-16T10:31:02.340+0000] {logging_mixin.py:188} INFO - [2025-09-16T10:31:02.340+0000] {dag.py:3823} INFO - Setting next_dagrun for dag1_test_production_summary to 2025-09-16 00:00:00+00:00, run_after=2025-09-17 00:00:00+00:00
[2025-09-16T10:31:02.359+0000] {processor.py:183} INFO - Processing /opt/airflow/dags/sql_flow.py took 0.147 seconds
[2025-09-16T10:31:32.520+0000] {processor.py:161} INFO - Started process (PID=3399) to work on /opt/airflow/dags/sql_flow.py
[2025-09-16T10:31:32.521+0000] {processor.py:830} INFO - Processing file /opt/airflow/dags/sql_flow.py for tasks to queue
[2025-09-16T10:31:32.523+0000] {logging_mixin.py:188} INFO - [2025-09-16T10:31:32.522+0000] {dagbag.py:538} INFO - Filling up the DagBag from /opt/airflow/dags/sql_flow.py
[2025-09-16T10:31:32.537+0000] {processor.py:840} INFO - DAG(s) 'dag1_test_production_summary' retrieved from /opt/airflow/dags/sql_flow.py
[2025-09-16T10:31:32.550+0000] {logging_mixin.py:188} INFO - [2025-09-16T10:31:32.550+0000] {dag.py:3036} INFO - Sync 1 DAGs
[2025-09-16T10:31:32.564+0000] {logging_mixin.py:188} INFO - [2025-09-16T10:31:32.563+0000] {dag.py:3823} INFO - Setting next_dagrun for dag1_test_production_summary to 2025-09-16 00:00:00+00:00, run_after=2025-09-17 00:00:00+00:00
[2025-09-16T10:31:32.581+0000] {processor.py:183} INFO - Processing /opt/airflow/dags/sql_flow.py took 0.063 seconds
[2025-09-16T10:32:02.733+0000] {processor.py:161} INFO - Started process (PID=3455) to work on /opt/airflow/dags/sql_flow.py
[2025-09-16T10:32:02.734+0000] {processor.py:830} INFO - Processing file /opt/airflow/dags/sql_flow.py for tasks to queue
[2025-09-16T10:32:02.735+0000] {logging_mixin.py:188} INFO - [2025-09-16T10:32:02.735+0000] {dagbag.py:538} INFO - Filling up the DagBag from /opt/airflow/dags/sql_flow.py
[2025-09-16T10:32:02.751+0000] {processor.py:840} INFO - DAG(s) 'dag1_test_production_summary' retrieved from /opt/airflow/dags/sql_flow.py
[2025-09-16T10:32:02.765+0000] {logging_mixin.py:188} INFO - [2025-09-16T10:32:02.765+0000] {dag.py:3036} INFO - Sync 1 DAGs
[2025-09-16T10:32:02.779+0000] {logging_mixin.py:188} INFO - [2025-09-16T10:32:02.779+0000] {dag.py:3823} INFO - Setting next_dagrun for dag1_test_production_summary to 2025-09-16 00:00:00+00:00, run_after=2025-09-17 00:00:00+00:00
[2025-09-16T10:32:02.793+0000] {processor.py:183} INFO - Processing /opt/airflow/dags/sql_flow.py took 0.062 seconds
[2025-09-16T10:32:32.895+0000] {processor.py:161} INFO - Started process (PID=3511) to work on /opt/airflow/dags/sql_flow.py
[2025-09-16T10:32:32.896+0000] {processor.py:830} INFO - Processing file /opt/airflow/dags/sql_flow.py for tasks to queue
[2025-09-16T10:32:32.897+0000] {logging_mixin.py:188} INFO - [2025-09-16T10:32:32.897+0000] {dagbag.py:538} INFO - Filling up the DagBag from /opt/airflow/dags/sql_flow.py
[2025-09-16T10:32:32.909+0000] {processor.py:840} INFO - DAG(s) 'dag1_test_production_summary' retrieved from /opt/airflow/dags/sql_flow.py
[2025-09-16T10:32:32.921+0000] {logging_mixin.py:188} INFO - [2025-09-16T10:32:32.921+0000] {dag.py:3036} INFO - Sync 1 DAGs
[2025-09-16T10:32:32.935+0000] {logging_mixin.py:188} INFO - [2025-09-16T10:32:32.934+0000] {dag.py:3823} INFO - Setting next_dagrun for dag1_test_production_summary to 2025-09-16 00:00:00+00:00, run_after=2025-09-17 00:00:00+00:00
[2025-09-16T10:32:32.947+0000] {processor.py:183} INFO - Processing /opt/airflow/dags/sql_flow.py took 0.054 seconds
[2025-09-16T10:33:03.212+0000] {processor.py:161} INFO - Started process (PID=3567) to work on /opt/airflow/dags/sql_flow.py
[2025-09-16T10:33:03.213+0000] {processor.py:830} INFO - Processing file /opt/airflow/dags/sql_flow.py for tasks to queue
[2025-09-16T10:33:03.215+0000] {logging_mixin.py:188} INFO - [2025-09-16T10:33:03.214+0000] {dagbag.py:538} INFO - Filling up the DagBag from /opt/airflow/dags/sql_flow.py
[2025-09-16T10:33:03.234+0000] {processor.py:840} INFO - DAG(s) 'dag1_test_production_summary' retrieved from /opt/airflow/dags/sql_flow.py
[2025-09-16T10:33:03.249+0000] {logging_mixin.py:188} INFO - [2025-09-16T10:33:03.249+0000] {dag.py:3036} INFO - Sync 1 DAGs
[2025-09-16T10:33:03.263+0000] {logging_mixin.py:188} INFO - [2025-09-16T10:33:03.263+0000] {dag.py:3823} INFO - Setting next_dagrun for dag1_test_production_summary to 2025-09-16 00:00:00+00:00, run_after=2025-09-17 00:00:00+00:00
[2025-09-16T10:33:03.281+0000] {processor.py:183} INFO - Processing /opt/airflow/dags/sql_flow.py took 0.071 seconds
[2025-09-16T10:33:33.505+0000] {processor.py:161} INFO - Started process (PID=3623) to work on /opt/airflow/dags/sql_flow.py
[2025-09-16T10:33:33.506+0000] {processor.py:830} INFO - Processing file /opt/airflow/dags/sql_flow.py for tasks to queue
[2025-09-16T10:33:33.507+0000] {logging_mixin.py:188} INFO - [2025-09-16T10:33:33.507+0000] {dagbag.py:538} INFO - Filling up the DagBag from /opt/airflow/dags/sql_flow.py
[2025-09-16T10:33:33.527+0000] {processor.py:840} INFO - DAG(s) 'dag1_test_production_summary' retrieved from /opt/airflow/dags/sql_flow.py
[2025-09-16T10:33:33.540+0000] {logging_mixin.py:188} INFO - [2025-09-16T10:33:33.540+0000] {dag.py:3036} INFO - Sync 1 DAGs
[2025-09-16T10:33:33.553+0000] {logging_mixin.py:188} INFO - [2025-09-16T10:33:33.552+0000] {dag.py:3823} INFO - Setting next_dagrun for dag1_test_production_summary to 2025-09-16 00:00:00+00:00, run_after=2025-09-17 00:00:00+00:00
[2025-09-16T10:33:33.572+0000] {processor.py:183} INFO - Processing /opt/airflow/dags/sql_flow.py took 0.069 seconds
[2025-09-16T10:34:03.728+0000] {processor.py:161} INFO - Started process (PID=3679) to work on /opt/airflow/dags/sql_flow.py
[2025-09-16T10:34:03.729+0000] {processor.py:830} INFO - Processing file /opt/airflow/dags/sql_flow.py for tasks to queue
[2025-09-16T10:34:03.731+0000] {logging_mixin.py:188} INFO - [2025-09-16T10:34:03.731+0000] {dagbag.py:538} INFO - Filling up the DagBag from /opt/airflow/dags/sql_flow.py
[2025-09-16T10:34:03.744+0000] {processor.py:840} INFO - DAG(s) 'dag1_test_production_summary' retrieved from /opt/airflow/dags/sql_flow.py
[2025-09-16T10:34:03.756+0000] {logging_mixin.py:188} INFO - [2025-09-16T10:34:03.756+0000] {dag.py:3036} INFO - Sync 1 DAGs
[2025-09-16T10:34:03.770+0000] {logging_mixin.py:188} INFO - [2025-09-16T10:34:03.770+0000] {dag.py:3823} INFO - Setting next_dagrun for dag1_test_production_summary to 2025-09-16 00:00:00+00:00, run_after=2025-09-17 00:00:00+00:00
[2025-09-16T10:34:03.786+0000] {processor.py:183} INFO - Processing /opt/airflow/dags/sql_flow.py took 0.059 seconds
[2025-09-16T10:34:34.214+0000] {processor.py:161} INFO - Started process (PID=3735) to work on /opt/airflow/dags/sql_flow.py
[2025-09-16T10:34:34.215+0000] {processor.py:830} INFO - Processing file /opt/airflow/dags/sql_flow.py for tasks to queue
[2025-09-16T10:34:34.216+0000] {logging_mixin.py:188} INFO - [2025-09-16T10:34:34.216+0000] {dagbag.py:538} INFO - Filling up the DagBag from /opt/airflow/dags/sql_flow.py
[2025-09-16T10:34:34.236+0000] {processor.py:840} INFO - DAG(s) 'dag1_test_production_summary' retrieved from /opt/airflow/dags/sql_flow.py
[2025-09-16T10:34:34.252+0000] {logging_mixin.py:188} INFO - [2025-09-16T10:34:34.252+0000] {dag.py:3036} INFO - Sync 1 DAGs
[2025-09-16T10:34:34.265+0000] {logging_mixin.py:188} INFO - [2025-09-16T10:34:34.265+0000] {dag.py:3823} INFO - Setting next_dagrun for dag1_test_production_summary to 2025-09-16 00:00:00+00:00, run_after=2025-09-17 00:00:00+00:00
[2025-09-16T10:34:34.284+0000] {processor.py:183} INFO - Processing /opt/airflow/dags/sql_flow.py took 0.072 seconds
[2025-09-16T10:35:04.507+0000] {processor.py:161} INFO - Started process (PID=3791) to work on /opt/airflow/dags/sql_flow.py
[2025-09-16T10:35:04.508+0000] {processor.py:830} INFO - Processing file /opt/airflow/dags/sql_flow.py for tasks to queue
[2025-09-16T10:35:04.510+0000] {logging_mixin.py:188} INFO - [2025-09-16T10:35:04.510+0000] {dagbag.py:538} INFO - Filling up the DagBag from /opt/airflow/dags/sql_flow.py
[2025-09-16T10:35:04.523+0000] {processor.py:840} INFO - DAG(s) 'dag1_test_production_summary' retrieved from /opt/airflow/dags/sql_flow.py
[2025-09-16T10:35:04.535+0000] {logging_mixin.py:188} INFO - [2025-09-16T10:35:04.535+0000] {dag.py:3036} INFO - Sync 1 DAGs
[2025-09-16T10:35:04.549+0000] {logging_mixin.py:188} INFO - [2025-09-16T10:35:04.549+0000] {dag.py:3823} INFO - Setting next_dagrun for dag1_test_production_summary to 2025-09-16 00:00:00+00:00, run_after=2025-09-17 00:00:00+00:00
[2025-09-16T10:35:04.566+0000] {processor.py:183} INFO - Processing /opt/airflow/dags/sql_flow.py took 0.061 seconds
[2025-09-16T10:35:34.890+0000] {processor.py:161} INFO - Started process (PID=3847) to work on /opt/airflow/dags/sql_flow.py
[2025-09-16T10:35:34.890+0000] {processor.py:830} INFO - Processing file /opt/airflow/dags/sql_flow.py for tasks to queue
[2025-09-16T10:35:34.892+0000] {logging_mixin.py:188} INFO - [2025-09-16T10:35:34.892+0000] {dagbag.py:538} INFO - Filling up the DagBag from /opt/airflow/dags/sql_flow.py
[2025-09-16T10:35:34.906+0000] {processor.py:840} INFO - DAG(s) 'dag1_test_production_summary' retrieved from /opt/airflow/dags/sql_flow.py
[2025-09-16T10:35:34.920+0000] {logging_mixin.py:188} INFO - [2025-09-16T10:35:34.920+0000] {dag.py:3036} INFO - Sync 1 DAGs
[2025-09-16T10:35:34.934+0000] {logging_mixin.py:188} INFO - [2025-09-16T10:35:34.934+0000] {dag.py:3823} INFO - Setting next_dagrun for dag1_test_production_summary to 2025-09-16 00:00:00+00:00, run_after=2025-09-17 00:00:00+00:00
[2025-09-16T10:35:34.951+0000] {processor.py:183} INFO - Processing /opt/airflow/dags/sql_flow.py took 0.063 seconds
[2025-09-16T10:36:05.158+0000] {processor.py:161} INFO - Started process (PID=3909) to work on /opt/airflow/dags/sql_flow.py
[2025-09-16T10:36:05.159+0000] {processor.py:830} INFO - Processing file /opt/airflow/dags/sql_flow.py for tasks to queue
[2025-09-16T10:36:05.161+0000] {logging_mixin.py:188} INFO - [2025-09-16T10:36:05.161+0000] {dagbag.py:538} INFO - Filling up the DagBag from /opt/airflow/dags/sql_flow.py
[2025-09-16T10:36:05.177+0000] {processor.py:840} INFO - DAG(s) 'dag1_test_production_summary' retrieved from /opt/airflow/dags/sql_flow.py
[2025-09-16T10:36:05.192+0000] {logging_mixin.py:188} INFO - [2025-09-16T10:36:05.192+0000] {dag.py:3036} INFO - Sync 1 DAGs
[2025-09-16T10:36:05.206+0000] {logging_mixin.py:188} INFO - [2025-09-16T10:36:05.206+0000] {dag.py:3823} INFO - Setting next_dagrun for dag1_test_production_summary to 2025-09-16 00:00:00+00:00, run_after=2025-09-17 00:00:00+00:00
[2025-09-16T10:36:05.219+0000] {processor.py:183} INFO - Processing /opt/airflow/dags/sql_flow.py took 0.063 seconds
[2025-09-16T10:36:36.262+0000] {processor.py:161} INFO - Started process (PID=3965) to work on /opt/airflow/dags/sql_flow.py
[2025-09-16T10:36:36.263+0000] {processor.py:830} INFO - Processing file /opt/airflow/dags/sql_flow.py for tasks to queue
[2025-09-16T10:36:36.266+0000] {logging_mixin.py:188} INFO - [2025-09-16T10:36:36.265+0000] {dagbag.py:538} INFO - Filling up the DagBag from /opt/airflow/dags/sql_flow.py
[2025-09-16T10:36:36.279+0000] {processor.py:840} INFO - DAG(s) 'dag1_test_production_summary' retrieved from /opt/airflow/dags/sql_flow.py
[2025-09-16T10:36:36.293+0000] {logging_mixin.py:188} INFO - [2025-09-16T10:36:36.293+0000] {dag.py:3036} INFO - Sync 1 DAGs
[2025-09-16T10:36:36.306+0000] {logging_mixin.py:188} INFO - [2025-09-16T10:36:36.306+0000] {dag.py:3823} INFO - Setting next_dagrun for dag1_test_production_summary to 2025-09-16 00:00:00+00:00, run_after=2025-09-17 00:00:00+00:00
[2025-09-16T10:36:36.323+0000] {processor.py:183} INFO - Processing /opt/airflow/dags/sql_flow.py took 0.064 seconds
[2025-09-16T10:37:06.439+0000] {processor.py:161} INFO - Started process (PID=4021) to work on /opt/airflow/dags/sql_flow.py
[2025-09-16T10:37:06.440+0000] {processor.py:830} INFO - Processing file /opt/airflow/dags/sql_flow.py for tasks to queue
[2025-09-16T10:37:06.442+0000] {logging_mixin.py:188} INFO - [2025-09-16T10:37:06.441+0000] {dagbag.py:538} INFO - Filling up the DagBag from /opt/airflow/dags/sql_flow.py
[2025-09-16T10:37:06.455+0000] {processor.py:840} INFO - DAG(s) 'dag1_test_production_summary' retrieved from /opt/airflow/dags/sql_flow.py
[2025-09-16T10:37:06.468+0000] {logging_mixin.py:188} INFO - [2025-09-16T10:37:06.468+0000] {dag.py:3036} INFO - Sync 1 DAGs
[2025-09-16T10:37:06.481+0000] {logging_mixin.py:188} INFO - [2025-09-16T10:37:06.481+0000] {dag.py:3823} INFO - Setting next_dagrun for dag1_test_production_summary to 2025-09-16 00:00:00+00:00, run_after=2025-09-17 00:00:00+00:00
[2025-09-16T10:37:06.494+0000] {processor.py:183} INFO - Processing /opt/airflow/dags/sql_flow.py took 0.057 seconds
[2025-09-16T10:37:36.692+0000] {processor.py:161} INFO - Started process (PID=4077) to work on /opt/airflow/dags/sql_flow.py
[2025-09-16T10:37:36.693+0000] {processor.py:830} INFO - Processing file /opt/airflow/dags/sql_flow.py for tasks to queue
[2025-09-16T10:37:36.695+0000] {logging_mixin.py:188} INFO - [2025-09-16T10:37:36.694+0000] {dagbag.py:538} INFO - Filling up the DagBag from /opt/airflow/dags/sql_flow.py
[2025-09-16T10:37:36.710+0000] {processor.py:840} INFO - DAG(s) 'dag1_test_production_summary' retrieved from /opt/airflow/dags/sql_flow.py
[2025-09-16T10:37:36.724+0000] {logging_mixin.py:188} INFO - [2025-09-16T10:37:36.724+0000] {dag.py:3036} INFO - Sync 1 DAGs
[2025-09-16T10:37:36.736+0000] {logging_mixin.py:188} INFO - [2025-09-16T10:37:36.736+0000] {dag.py:3823} INFO - Setting next_dagrun for dag1_test_production_summary to 2025-09-16 00:00:00+00:00, run_after=2025-09-17 00:00:00+00:00
[2025-09-16T10:37:36.749+0000] {processor.py:183} INFO - Processing /opt/airflow/dags/sql_flow.py took 0.059 seconds
[2025-09-16T10:38:06.789+0000] {processor.py:161} INFO - Started process (PID=4133) to work on /opt/airflow/dags/sql_flow.py
[2025-09-16T10:38:06.790+0000] {processor.py:830} INFO - Processing file /opt/airflow/dags/sql_flow.py for tasks to queue
[2025-09-16T10:38:06.792+0000] {logging_mixin.py:188} INFO - [2025-09-16T10:38:06.792+0000] {dagbag.py:538} INFO - Filling up the DagBag from /opt/airflow/dags/sql_flow.py
[2025-09-16T10:38:06.806+0000] {processor.py:840} INFO - DAG(s) 'dag1_test_production_summary' retrieved from /opt/airflow/dags/sql_flow.py
[2025-09-16T10:38:06.819+0000] {logging_mixin.py:188} INFO - [2025-09-16T10:38:06.819+0000] {dag.py:3036} INFO - Sync 1 DAGs
[2025-09-16T10:38:06.832+0000] {logging_mixin.py:188} INFO - [2025-09-16T10:38:06.832+0000] {dag.py:3823} INFO - Setting next_dagrun for dag1_test_production_summary to 2025-09-16 00:00:00+00:00, run_after=2025-09-17 00:00:00+00:00
[2025-09-16T10:38:06.849+0000] {processor.py:183} INFO - Processing /opt/airflow/dags/sql_flow.py took 0.061 seconds
[2025-09-16T10:38:11.838+0000] {processor.py:161} INFO - Started process (PID=4134) to work on /opt/airflow/dags/sql_flow.py
[2025-09-16T10:38:11.839+0000] {processor.py:830} INFO - Processing file /opt/airflow/dags/sql_flow.py for tasks to queue
[2025-09-16T10:38:11.840+0000] {logging_mixin.py:188} INFO - [2025-09-16T10:38:11.840+0000] {dagbag.py:538} INFO - Filling up the DagBag from /opt/airflow/dags/sql_flow.py
[2025-09-16T10:38:11.866+0000] {processor.py:840} INFO - DAG(s) 'dag1_test_production_summary' retrieved from /opt/airflow/dags/sql_flow.py
[2025-09-16T10:38:11.922+0000] {logging_mixin.py:188} INFO - [2025-09-16T10:38:11.922+0000] {dag.py:3036} INFO - Sync 1 DAGs
[2025-09-16T10:38:11.933+0000] {logging_mixin.py:188} INFO - [2025-09-16T10:38:11.933+0000] {dag.py:3823} INFO - Setting next_dagrun for dag1_test_production_summary to 2025-09-15 00:00:00+00:00, run_after=2025-09-16 00:00:00+00:00
[2025-09-16T10:38:11.955+0000] {processor.py:183} INFO - Processing /opt/airflow/dags/sql_flow.py took 0.120 seconds
[2025-09-16T10:38:12.913+0000] {processor.py:161} INFO - Started process (PID=4135) to work on /opt/airflow/dags/sql_flow.py
[2025-09-16T10:38:12.914+0000] {processor.py:830} INFO - Processing file /opt/airflow/dags/sql_flow.py for tasks to queue
[2025-09-16T10:38:12.915+0000] {logging_mixin.py:188} INFO - [2025-09-16T10:38:12.915+0000] {dagbag.py:538} INFO - Filling up the DagBag from /opt/airflow/dags/sql_flow.py
[2025-09-16T10:38:12.933+0000] {processor.py:840} INFO - DAG(s) 'dag1_test_production_summary' retrieved from /opt/airflow/dags/sql_flow.py
[2025-09-16T10:38:12.943+0000] {logging_mixin.py:188} INFO - [2025-09-16T10:38:12.943+0000] {dag.py:3036} INFO - Sync 1 DAGs
[2025-09-16T10:38:12.960+0000] {logging_mixin.py:188} INFO - [2025-09-16T10:38:12.959+0000] {dag.py:3823} INFO - Setting next_dagrun for dag1_test_production_summary to 2025-09-16 00:00:00+00:00, run_after=2025-09-17 00:00:00+00:00
[2025-09-16T10:38:12.977+0000] {processor.py:183} INFO - Processing /opt/airflow/dags/sql_flow.py took 0.067 seconds
[2025-09-16T10:38:14.004+0000] {processor.py:161} INFO - Started process (PID=4136) to work on /opt/airflow/dags/sql_flow.py
[2025-09-16T10:38:14.005+0000] {processor.py:830} INFO - Processing file /opt/airflow/dags/sql_flow.py for tasks to queue
[2025-09-16T10:38:14.006+0000] {logging_mixin.py:188} INFO - [2025-09-16T10:38:14.006+0000] {dagbag.py:538} INFO - Filling up the DagBag from /opt/airflow/dags/sql_flow.py
[2025-09-16T10:38:14.027+0000] {processor.py:840} INFO - DAG(s) 'dag1_test_production_summary' retrieved from /opt/airflow/dags/sql_flow.py
[2025-09-16T10:38:14.035+0000] {logging_mixin.py:188} INFO - [2025-09-16T10:38:14.035+0000] {dag.py:3036} INFO - Sync 1 DAGs
[2025-09-16T10:38:14.049+0000] {logging_mixin.py:188} INFO - [2025-09-16T10:38:14.049+0000] {dag.py:3823} INFO - Setting next_dagrun for dag1_test_production_summary to 2025-09-16 00:00:00+00:00, run_after=2025-09-17 00:00:00+00:00
[2025-09-16T10:38:14.071+0000] {processor.py:183} INFO - Processing /opt/airflow/dags/sql_flow.py took 0.069 seconds
[2025-09-16T10:38:44.199+0000] {processor.py:161} INFO - Started process (PID=4192) to work on /opt/airflow/dags/sql_flow.py
[2025-09-16T10:38:44.200+0000] {processor.py:830} INFO - Processing file /opt/airflow/dags/sql_flow.py for tasks to queue
[2025-09-16T10:38:44.203+0000] {logging_mixin.py:188} INFO - [2025-09-16T10:38:44.202+0000] {dagbag.py:538} INFO - Filling up the DagBag from /opt/airflow/dags/sql_flow.py
[2025-09-16T10:38:44.221+0000] {processor.py:840} INFO - DAG(s) 'dag1_test_production_summary' retrieved from /opt/airflow/dags/sql_flow.py
[2025-09-16T10:38:44.235+0000] {logging_mixin.py:188} INFO - [2025-09-16T10:38:44.235+0000] {dag.py:3036} INFO - Sync 1 DAGs
[2025-09-16T10:38:44.251+0000] {logging_mixin.py:188} INFO - [2025-09-16T10:38:44.251+0000] {dag.py:3823} INFO - Setting next_dagrun for dag1_test_production_summary to 2025-09-16 00:00:00+00:00, run_after=2025-09-17 00:00:00+00:00
[2025-09-16T10:38:44.269+0000] {processor.py:183} INFO - Processing /opt/airflow/dags/sql_flow.py took 0.072 seconds
[2025-09-16T10:39:14.368+0000] {processor.py:161} INFO - Started process (PID=4248) to work on /opt/airflow/dags/sql_flow.py
[2025-09-16T10:39:14.369+0000] {processor.py:830} INFO - Processing file /opt/airflow/dags/sql_flow.py for tasks to queue
[2025-09-16T10:39:14.371+0000] {logging_mixin.py:188} INFO - [2025-09-16T10:39:14.371+0000] {dagbag.py:538} INFO - Filling up the DagBag from /opt/airflow/dags/sql_flow.py
[2025-09-16T10:39:14.386+0000] {processor.py:840} INFO - DAG(s) 'dag1_test_production_summary' retrieved from /opt/airflow/dags/sql_flow.py
[2025-09-16T10:39:14.400+0000] {logging_mixin.py:188} INFO - [2025-09-16T10:39:14.400+0000] {dag.py:3036} INFO - Sync 1 DAGs
[2025-09-16T10:39:14.415+0000] {logging_mixin.py:188} INFO - [2025-09-16T10:39:14.415+0000] {dag.py:3823} INFO - Setting next_dagrun for dag1_test_production_summary to 2025-09-16 00:00:00+00:00, run_after=2025-09-17 00:00:00+00:00
[2025-09-16T10:39:14.435+0000] {processor.py:183} INFO - Processing /opt/airflow/dags/sql_flow.py took 0.070 seconds
[2025-09-16T10:39:44.793+0000] {processor.py:161} INFO - Started process (PID=4303) to work on /opt/airflow/dags/sql_flow.py
[2025-09-16T10:39:44.794+0000] {processor.py:830} INFO - Processing file /opt/airflow/dags/sql_flow.py for tasks to queue
[2025-09-16T10:39:44.795+0000] {logging_mixin.py:188} INFO - [2025-09-16T10:39:44.795+0000] {dagbag.py:538} INFO - Filling up the DagBag from /opt/airflow/dags/sql_flow.py
[2025-09-16T10:39:44.812+0000] {processor.py:840} INFO - DAG(s) 'dag1_test_production_summary' retrieved from /opt/airflow/dags/sql_flow.py
[2025-09-16T10:39:44.827+0000] {logging_mixin.py:188} INFO - [2025-09-16T10:39:44.827+0000] {dag.py:3036} INFO - Sync 1 DAGs
[2025-09-16T10:39:44.842+0000] {logging_mixin.py:188} INFO - [2025-09-16T10:39:44.842+0000] {dag.py:3823} INFO - Setting next_dagrun for dag1_test_production_summary to 2025-09-16 00:00:00+00:00, run_after=2025-09-17 00:00:00+00:00
[2025-09-16T10:39:44.859+0000] {processor.py:183} INFO - Processing /opt/airflow/dags/sql_flow.py took 0.069 seconds
[2025-09-16T10:40:15.112+0000] {processor.py:161} INFO - Started process (PID=4359) to work on /opt/airflow/dags/sql_flow.py
[2025-09-16T10:40:15.113+0000] {processor.py:830} INFO - Processing file /opt/airflow/dags/sql_flow.py for tasks to queue
[2025-09-16T10:40:15.115+0000] {logging_mixin.py:188} INFO - [2025-09-16T10:40:15.114+0000] {dagbag.py:538} INFO - Filling up the DagBag from /opt/airflow/dags/sql_flow.py
[2025-09-16T10:40:15.129+0000] {processor.py:840} INFO - DAG(s) 'dag1_test_production_summary' retrieved from /opt/airflow/dags/sql_flow.py
[2025-09-16T10:40:15.145+0000] {logging_mixin.py:188} INFO - [2025-09-16T10:40:15.145+0000] {dag.py:3036} INFO - Sync 1 DAGs
[2025-09-16T10:40:15.162+0000] {logging_mixin.py:188} INFO - [2025-09-16T10:40:15.161+0000] {dag.py:3823} INFO - Setting next_dagrun for dag1_test_production_summary to 2025-09-16 00:00:00+00:00, run_after=2025-09-17 00:00:00+00:00
[2025-09-16T10:40:15.179+0000] {processor.py:183} INFO - Processing /opt/airflow/dags/sql_flow.py took 0.069 seconds
[2025-09-16T10:40:37.499+0000] {processor.py:161} INFO - Started process (PID=4415) to work on /opt/airflow/dags/sql_flow.py
[2025-09-16T10:40:37.500+0000] {processor.py:830} INFO - Processing file /opt/airflow/dags/sql_flow.py for tasks to queue
[2025-09-16T10:40:37.502+0000] {logging_mixin.py:188} INFO - [2025-09-16T10:40:37.502+0000] {dagbag.py:538} INFO - Filling up the DagBag from /opt/airflow/dags/sql_flow.py
[2025-09-16T10:40:37.522+0000] {processor.py:840} INFO - DAG(s) 'dag1_test_production_summary' retrieved from /opt/airflow/dags/sql_flow.py
[2025-09-16T10:40:37.535+0000] {logging_mixin.py:188} INFO - [2025-09-16T10:40:37.535+0000] {dag.py:3036} INFO - Sync 1 DAGs
[2025-09-16T10:40:37.548+0000] {logging_mixin.py:188} INFO - [2025-09-16T10:40:37.548+0000] {dag.py:3823} INFO - Setting next_dagrun for dag1_test_production_summary to 2025-09-16 00:00:00+00:00, run_after=2025-09-17 00:00:00+00:00
[2025-09-16T10:40:37.571+0000] {processor.py:183} INFO - Processing /opt/airflow/dags/sql_flow.py took 0.074 seconds
[2025-09-16T10:40:38.531+0000] {processor.py:161} INFO - Started process (PID=4416) to work on /opt/airflow/dags/sql_flow.py
[2025-09-16T10:40:38.532+0000] {processor.py:830} INFO - Processing file /opt/airflow/dags/sql_flow.py for tasks to queue
[2025-09-16T10:40:38.536+0000] {logging_mixin.py:188} INFO - [2025-09-16T10:40:38.535+0000] {dagbag.py:538} INFO - Filling up the DagBag from /opt/airflow/dags/sql_flow.py
[2025-09-16T10:40:38.556+0000] {processor.py:840} INFO - DAG(s) 'dag1_test_production_summary' retrieved from /opt/airflow/dags/sql_flow.py
[2025-09-16T10:40:38.583+0000] {logging_mixin.py:188} INFO - [2025-09-16T10:40:38.583+0000] {dag.py:3036} INFO - Sync 1 DAGs
[2025-09-16T10:40:38.605+0000] {logging_mixin.py:188} INFO - [2025-09-16T10:40:38.605+0000] {dag.py:3823} INFO - Setting next_dagrun for dag1_test_production_summary to 2025-09-16 00:00:00+00:00, run_after=2025-09-17 00:00:00+00:00
[2025-09-16T10:40:38.637+0000] {processor.py:183} INFO - Processing /opt/airflow/dags/sql_flow.py took 0.110 seconds
[2025-09-16T10:41:29.966+0000] {processor.py:161} INFO - Started process (PID=46) to work on /opt/airflow/dags/sql_flow.py
[2025-09-16T10:41:29.968+0000] {processor.py:830} INFO - Processing file /opt/airflow/dags/sql_flow.py for tasks to queue
[2025-09-16T10:41:29.970+0000] {logging_mixin.py:188} INFO - [2025-09-16T10:41:29.969+0000] {dagbag.py:538} INFO - Filling up the DagBag from /opt/airflow/dags/sql_flow.py
[2025-09-16T10:41:29.998+0000] {processor.py:840} INFO - DAG(s) 'dag1_test_production_summary' retrieved from /opt/airflow/dags/sql_flow.py
[2025-09-16T10:41:30.152+0000] {logging_mixin.py:188} INFO - [2025-09-16T10:41:30.152+0000] {override.py:1769} INFO - Created Permission View: can read on DAG:dag1_test_production_summary
[2025-09-16T10:41:30.160+0000] {logging_mixin.py:188} INFO - [2025-09-16T10:41:30.160+0000] {override.py:1769} INFO - Created Permission View: can edit on DAG:dag1_test_production_summary
[2025-09-16T10:41:30.165+0000] {logging_mixin.py:188} INFO - [2025-09-16T10:41:30.165+0000] {override.py:1769} INFO - Created Permission View: can delete on DAG:dag1_test_production_summary
[2025-09-16T10:41:30.166+0000] {logging_mixin.py:188} INFO - [2025-09-16T10:41:30.165+0000] {dag.py:3036} INFO - Sync 1 DAGs
[2025-09-16T10:41:30.172+0000] {logging_mixin.py:188} INFO - [2025-09-16T10:41:30.172+0000] {dag.py:3058} INFO - Creating ORM DAG for dag1_test_production_summary
[2025-09-16T10:41:30.179+0000] {logging_mixin.py:188} INFO - [2025-09-16T10:41:30.179+0000] {dag.py:3823} INFO - Setting next_dagrun for dag1_test_production_summary to 2025-09-15 00:00:00+00:00, run_after=2025-09-16 00:00:00+00:00
[2025-09-16T10:41:30.196+0000] {processor.py:183} INFO - Processing /opt/airflow/dags/sql_flow.py took 0.233 seconds
[2025-09-16T10:42:00.733+0000] {processor.py:161} INFO - Started process (PID=106) to work on /opt/airflow/dags/sql_flow.py
[2025-09-16T10:42:00.734+0000] {processor.py:830} INFO - Processing file /opt/airflow/dags/sql_flow.py for tasks to queue
[2025-09-16T10:42:00.736+0000] {logging_mixin.py:188} INFO - [2025-09-16T10:42:00.736+0000] {dagbag.py:538} INFO - Filling up the DagBag from /opt/airflow/dags/sql_flow.py
[2025-09-16T10:42:00.750+0000] {processor.py:840} INFO - DAG(s) 'dag1_test_production_summary' retrieved from /opt/airflow/dags/sql_flow.py
[2025-09-16T10:42:00.764+0000] {logging_mixin.py:188} INFO - [2025-09-16T10:42:00.764+0000] {dag.py:3036} INFO - Sync 1 DAGs
[2025-09-16T10:42:00.778+0000] {logging_mixin.py:188} INFO - [2025-09-16T10:42:00.778+0000] {dag.py:3823} INFO - Setting next_dagrun for dag1_test_production_summary to 2025-09-16 00:00:00+00:00, run_after=2025-09-17 00:00:00+00:00
[2025-09-16T10:42:00.791+0000] {processor.py:183} INFO - Processing /opt/airflow/dags/sql_flow.py took 0.061 seconds
[2025-09-16T10:42:31.310+0000] {processor.py:161} INFO - Started process (PID=161) to work on /opt/airflow/dags/sql_flow.py
[2025-09-16T10:42:31.311+0000] {processor.py:830} INFO - Processing file /opt/airflow/dags/sql_flow.py for tasks to queue
[2025-09-16T10:42:31.312+0000] {logging_mixin.py:188} INFO - [2025-09-16T10:42:31.312+0000] {dagbag.py:538} INFO - Filling up the DagBag from /opt/airflow/dags/sql_flow.py
[2025-09-16T10:42:31.326+0000] {processor.py:840} INFO - DAG(s) 'dag1_test_production_summary' retrieved from /opt/airflow/dags/sql_flow.py
[2025-09-16T10:42:31.338+0000] {logging_mixin.py:188} INFO - [2025-09-16T10:42:31.338+0000] {dag.py:3036} INFO - Sync 1 DAGs
[2025-09-16T10:42:31.351+0000] {logging_mixin.py:188} INFO - [2025-09-16T10:42:31.351+0000] {dag.py:3823} INFO - Setting next_dagrun for dag1_test_production_summary to 2025-09-16 00:00:00+00:00, run_after=2025-09-17 00:00:00+00:00
[2025-09-16T10:42:31.364+0000] {processor.py:183} INFO - Processing /opt/airflow/dags/sql_flow.py took 0.057 seconds
[2025-09-16T10:43:01.843+0000] {processor.py:161} INFO - Started process (PID=223) to work on /opt/airflow/dags/sql_flow.py
[2025-09-16T10:43:01.844+0000] {processor.py:830} INFO - Processing file /opt/airflow/dags/sql_flow.py for tasks to queue
[2025-09-16T10:43:01.845+0000] {logging_mixin.py:188} INFO - [2025-09-16T10:43:01.845+0000] {dagbag.py:538} INFO - Filling up the DagBag from /opt/airflow/dags/sql_flow.py
[2025-09-16T10:43:01.860+0000] {processor.py:840} INFO - DAG(s) 'dag1_test_production_summary' retrieved from /opt/airflow/dags/sql_flow.py
[2025-09-16T10:43:01.875+0000] {logging_mixin.py:188} INFO - [2025-09-16T10:43:01.875+0000] {dag.py:3036} INFO - Sync 1 DAGs
[2025-09-16T10:43:01.891+0000] {logging_mixin.py:188} INFO - [2025-09-16T10:43:01.891+0000] {dag.py:3823} INFO - Setting next_dagrun for dag1_test_production_summary to 2025-09-16 00:00:00+00:00, run_after=2025-09-17 00:00:00+00:00
[2025-09-16T10:43:01.910+0000] {processor.py:183} INFO - Processing /opt/airflow/dags/sql_flow.py took 0.070 seconds
[2025-09-16T10:43:32.086+0000] {processor.py:161} INFO - Started process (PID=279) to work on /opt/airflow/dags/sql_flow.py
[2025-09-16T10:43:32.087+0000] {processor.py:830} INFO - Processing file /opt/airflow/dags/sql_flow.py for tasks to queue
[2025-09-16T10:43:32.089+0000] {logging_mixin.py:188} INFO - [2025-09-16T10:43:32.089+0000] {dagbag.py:538} INFO - Filling up the DagBag from /opt/airflow/dags/sql_flow.py
[2025-09-16T10:43:32.107+0000] {processor.py:840} INFO - DAG(s) 'dag1_test_production_summary' retrieved from /opt/airflow/dags/sql_flow.py
[2025-09-16T10:43:32.123+0000] {logging_mixin.py:188} INFO - [2025-09-16T10:43:32.122+0000] {dag.py:3036} INFO - Sync 1 DAGs
[2025-09-16T10:43:32.138+0000] {logging_mixin.py:188} INFO - [2025-09-16T10:43:32.138+0000] {dag.py:3823} INFO - Setting next_dagrun for dag1_test_production_summary to 2025-09-16 00:00:00+00:00, run_after=2025-09-17 00:00:00+00:00
[2025-09-16T10:43:32.155+0000] {processor.py:183} INFO - Processing /opt/airflow/dags/sql_flow.py took 0.071 seconds
[2025-09-16T10:44:02.608+0000] {processor.py:161} INFO - Started process (PID=335) to work on /opt/airflow/dags/sql_flow.py
[2025-09-16T10:44:02.609+0000] {processor.py:830} INFO - Processing file /opt/airflow/dags/sql_flow.py for tasks to queue
[2025-09-16T10:44:02.611+0000] {logging_mixin.py:188} INFO - [2025-09-16T10:44:02.611+0000] {dagbag.py:538} INFO - Filling up the DagBag from /opt/airflow/dags/sql_flow.py
[2025-09-16T10:44:02.626+0000] {processor.py:840} INFO - DAG(s) 'dag1_test_production_summary' retrieved from /opt/airflow/dags/sql_flow.py
[2025-09-16T10:44:02.639+0000] {logging_mixin.py:188} INFO - [2025-09-16T10:44:02.638+0000] {dag.py:3036} INFO - Sync 1 DAGs
[2025-09-16T10:44:02.652+0000] {logging_mixin.py:188} INFO - [2025-09-16T10:44:02.652+0000] {dag.py:3823} INFO - Setting next_dagrun for dag1_test_production_summary to 2025-09-16 00:00:00+00:00, run_after=2025-09-17 00:00:00+00:00
[2025-09-16T10:44:02.666+0000] {processor.py:183} INFO - Processing /opt/airflow/dags/sql_flow.py took 0.061 seconds
[2025-09-16T10:44:33.299+0000] {processor.py:161} INFO - Started process (PID=391) to work on /opt/airflow/dags/sql_flow.py
[2025-09-16T10:44:33.300+0000] {processor.py:830} INFO - Processing file /opt/airflow/dags/sql_flow.py for tasks to queue
[2025-09-16T10:44:33.301+0000] {logging_mixin.py:188} INFO - [2025-09-16T10:44:33.301+0000] {dagbag.py:538} INFO - Filling up the DagBag from /opt/airflow/dags/sql_flow.py
[2025-09-16T10:44:33.315+0000] {processor.py:840} INFO - DAG(s) 'dag1_test_production_summary' retrieved from /opt/airflow/dags/sql_flow.py
[2025-09-16T10:44:33.330+0000] {logging_mixin.py:188} INFO - [2025-09-16T10:44:33.330+0000] {dag.py:3036} INFO - Sync 1 DAGs
[2025-09-16T10:44:33.346+0000] {logging_mixin.py:188} INFO - [2025-09-16T10:44:33.345+0000] {dag.py:3823} INFO - Setting next_dagrun for dag1_test_production_summary to 2025-09-16 00:00:00+00:00, run_after=2025-09-17 00:00:00+00:00
[2025-09-16T10:44:33.365+0000] {processor.py:183} INFO - Processing /opt/airflow/dags/sql_flow.py took 0.068 seconds
[2025-09-16T10:45:03.608+0000] {processor.py:161} INFO - Started process (PID=447) to work on /opt/airflow/dags/sql_flow.py
[2025-09-16T10:45:03.608+0000] {processor.py:830} INFO - Processing file /opt/airflow/dags/sql_flow.py for tasks to queue
[2025-09-16T10:45:03.610+0000] {logging_mixin.py:188} INFO - [2025-09-16T10:45:03.610+0000] {dagbag.py:538} INFO - Filling up the DagBag from /opt/airflow/dags/sql_flow.py
[2025-09-16T10:45:03.626+0000] {processor.py:840} INFO - DAG(s) 'dag1_test_production_summary' retrieved from /opt/airflow/dags/sql_flow.py
[2025-09-16T10:45:03.639+0000] {logging_mixin.py:188} INFO - [2025-09-16T10:45:03.639+0000] {dag.py:3036} INFO - Sync 1 DAGs
[2025-09-16T10:45:03.653+0000] {logging_mixin.py:188} INFO - [2025-09-16T10:45:03.653+0000] {dag.py:3823} INFO - Setting next_dagrun for dag1_test_production_summary to 2025-09-16 00:00:00+00:00, run_after=2025-09-17 00:00:00+00:00
[2025-09-16T10:45:03.671+0000] {processor.py:183} INFO - Processing /opt/airflow/dags/sql_flow.py took 0.067 seconds
[2025-09-16T10:45:34.080+0000] {processor.py:161} INFO - Started process (PID=503) to work on /opt/airflow/dags/sql_flow.py
[2025-09-16T10:45:34.081+0000] {processor.py:830} INFO - Processing file /opt/airflow/dags/sql_flow.py for tasks to queue
[2025-09-16T10:45:34.082+0000] {logging_mixin.py:188} INFO - [2025-09-16T10:45:34.082+0000] {dagbag.py:538} INFO - Filling up the DagBag from /opt/airflow/dags/sql_flow.py
[2025-09-16T10:45:34.101+0000] {processor.py:840} INFO - DAG(s) 'dag1_test_production_summary' retrieved from /opt/airflow/dags/sql_flow.py
[2025-09-16T10:45:34.113+0000] {logging_mixin.py:188} INFO - [2025-09-16T10:45:34.113+0000] {dag.py:3036} INFO - Sync 1 DAGs
[2025-09-16T10:45:34.128+0000] {logging_mixin.py:188} INFO - [2025-09-16T10:45:34.127+0000] {dag.py:3823} INFO - Setting next_dagrun for dag1_test_production_summary to 2025-09-16 00:00:00+00:00, run_after=2025-09-17 00:00:00+00:00
[2025-09-16T10:45:34.140+0000] {processor.py:183} INFO - Processing /opt/airflow/dags/sql_flow.py took 0.063 seconds
[2025-09-16T10:46:04.382+0000] {processor.py:161} INFO - Started process (PID=559) to work on /opt/airflow/dags/sql_flow.py
[2025-09-16T10:46:04.383+0000] {processor.py:830} INFO - Processing file /opt/airflow/dags/sql_flow.py for tasks to queue
[2025-09-16T10:46:04.385+0000] {logging_mixin.py:188} INFO - [2025-09-16T10:46:04.384+0000] {dagbag.py:538} INFO - Filling up the DagBag from /opt/airflow/dags/sql_flow.py
[2025-09-16T10:46:04.405+0000] {processor.py:840} INFO - DAG(s) 'dag1_test_production_summary' retrieved from /opt/airflow/dags/sql_flow.py
[2025-09-16T10:46:04.418+0000] {logging_mixin.py:188} INFO - [2025-09-16T10:46:04.418+0000] {dag.py:3036} INFO - Sync 1 DAGs
[2025-09-16T10:46:04.431+0000] {logging_mixin.py:188} INFO - [2025-09-16T10:46:04.431+0000] {dag.py:3823} INFO - Setting next_dagrun for dag1_test_production_summary to 2025-09-16 00:00:00+00:00, run_after=2025-09-17 00:00:00+00:00
[2025-09-16T10:46:04.449+0000] {processor.py:183} INFO - Processing /opt/airflow/dags/sql_flow.py took 0.070 seconds
[2025-09-16T10:46:34.735+0000] {processor.py:161} INFO - Started process (PID=615) to work on /opt/airflow/dags/sql_flow.py
[2025-09-16T10:46:34.736+0000] {processor.py:830} INFO - Processing file /opt/airflow/dags/sql_flow.py for tasks to queue
[2025-09-16T10:46:34.737+0000] {logging_mixin.py:188} INFO - [2025-09-16T10:46:34.737+0000] {dagbag.py:538} INFO - Filling up the DagBag from /opt/airflow/dags/sql_flow.py
[2025-09-16T10:46:34.751+0000] {processor.py:840} INFO - DAG(s) 'dag1_test_production_summary' retrieved from /opt/airflow/dags/sql_flow.py
[2025-09-16T10:46:34.765+0000] {logging_mixin.py:188} INFO - [2025-09-16T10:46:34.764+0000] {dag.py:3036} INFO - Sync 1 DAGs
[2025-09-16T10:46:34.780+0000] {logging_mixin.py:188} INFO - [2025-09-16T10:46:34.780+0000] {dag.py:3823} INFO - Setting next_dagrun for dag1_test_production_summary to 2025-09-16 00:00:00+00:00, run_after=2025-09-17 00:00:00+00:00
[2025-09-16T10:46:34.798+0000] {processor.py:183} INFO - Processing /opt/airflow/dags/sql_flow.py took 0.066 seconds
[2025-09-16T10:46:49.954+0000] {processor.py:161} INFO - Started process (PID=665) to work on /opt/airflow/dags/sql_flow.py
[2025-09-16T10:46:49.955+0000] {processor.py:830} INFO - Processing file /opt/airflow/dags/sql_flow.py for tasks to queue
[2025-09-16T10:46:49.957+0000] {logging_mixin.py:188} INFO - [2025-09-16T10:46:49.957+0000] {dagbag.py:538} INFO - Filling up the DagBag from /opt/airflow/dags/sql_flow.py
[2025-09-16T10:46:49.982+0000] {processor.py:840} INFO - DAG(s) 'dag1_test_production_summary' retrieved from /opt/airflow/dags/sql_flow.py
[2025-09-16T10:46:49.996+0000] {logging_mixin.py:188} INFO - [2025-09-16T10:46:49.996+0000] {dag.py:3036} INFO - Sync 1 DAGs
[2025-09-16T10:46:50.010+0000] {logging_mixin.py:188} INFO - [2025-09-16T10:46:50.010+0000] {dag.py:3823} INFO - Setting next_dagrun for dag1_test_production_summary to 2025-09-16 00:00:00+00:00, run_after=2025-09-17 00:00:00+00:00
[2025-09-16T10:46:50.026+0000] {processor.py:183} INFO - Processing /opt/airflow/dags/sql_flow.py took 0.075 seconds
[2025-09-16T10:46:50.966+0000] {processor.py:161} INFO - Started process (PID=666) to work on /opt/airflow/dags/sql_flow.py
[2025-09-16T10:46:50.967+0000] {processor.py:830} INFO - Processing file /opt/airflow/dags/sql_flow.py for tasks to queue
[2025-09-16T10:46:50.969+0000] {logging_mixin.py:188} INFO - [2025-09-16T10:46:50.969+0000] {dagbag.py:538} INFO - Filling up the DagBag from /opt/airflow/dags/sql_flow.py
[2025-09-16T10:46:50.995+0000] {processor.py:840} INFO - DAG(s) 'dag1_test_production_summary' retrieved from /opt/airflow/dags/sql_flow.py
[2025-09-16T10:46:51.009+0000] {logging_mixin.py:188} INFO - [2025-09-16T10:46:51.009+0000] {dag.py:3036} INFO - Sync 1 DAGs
[2025-09-16T10:46:51.023+0000] {logging_mixin.py:188} INFO - [2025-09-16T10:46:51.023+0000] {dag.py:3823} INFO - Setting next_dagrun for dag1_test_production_summary to 2025-09-16 00:00:00+00:00, run_after=2025-09-17 00:00:00+00:00
[2025-09-16T10:46:51.048+0000] {processor.py:183} INFO - Processing /opt/airflow/dags/sql_flow.py took 0.085 seconds
[2025-09-16T10:46:52.076+0000] {processor.py:161} INFO - Started process (PID=667) to work on /opt/airflow/dags/sql_flow.py
[2025-09-16T10:46:52.077+0000] {processor.py:830} INFO - Processing file /opt/airflow/dags/sql_flow.py for tasks to queue
[2025-09-16T10:46:52.078+0000] {logging_mixin.py:188} INFO - [2025-09-16T10:46:52.078+0000] {dagbag.py:538} INFO - Filling up the DagBag from /opt/airflow/dags/sql_flow.py
[2025-09-16T10:46:52.101+0000] {processor.py:840} INFO - DAG(s) 'dag1_test_production_summary' retrieved from /opt/airflow/dags/sql_flow.py
[2025-09-16T10:46:52.114+0000] {logging_mixin.py:188} INFO - [2025-09-16T10:46:52.114+0000] {dag.py:3036} INFO - Sync 1 DAGs
[2025-09-16T10:46:52.127+0000] {logging_mixin.py:188} INFO - [2025-09-16T10:46:52.127+0000] {dag.py:3823} INFO - Setting next_dagrun for dag1_test_production_summary to 2025-09-16 00:00:00+00:00, run_after=2025-09-17 00:00:00+00:00
[2025-09-16T10:46:52.147+0000] {processor.py:183} INFO - Processing /opt/airflow/dags/sql_flow.py took 0.074 seconds
[2025-09-16T10:47:22.330+0000] {processor.py:161} INFO - Started process (PID=723) to work on /opt/airflow/dags/sql_flow.py
[2025-09-16T10:47:22.331+0000] {processor.py:830} INFO - Processing file /opt/airflow/dags/sql_flow.py for tasks to queue
[2025-09-16T10:47:22.332+0000] {logging_mixin.py:188} INFO - [2025-09-16T10:47:22.332+0000] {dagbag.py:538} INFO - Filling up the DagBag from /opt/airflow/dags/sql_flow.py
[2025-09-16T10:47:22.346+0000] {processor.py:840} INFO - DAG(s) 'dag1_test_production_summary' retrieved from /opt/airflow/dags/sql_flow.py
[2025-09-16T10:47:22.360+0000] {logging_mixin.py:188} INFO - [2025-09-16T10:47:22.359+0000] {dag.py:3036} INFO - Sync 1 DAGs
[2025-09-16T10:47:22.374+0000] {logging_mixin.py:188} INFO - [2025-09-16T10:47:22.374+0000] {dag.py:3823} INFO - Setting next_dagrun for dag1_test_production_summary to 2025-09-16 00:00:00+00:00, run_after=2025-09-17 00:00:00+00:00
[2025-09-16T10:47:22.388+0000] {processor.py:183} INFO - Processing /opt/airflow/dags/sql_flow.py took 0.061 seconds
[2025-09-16T10:47:52.949+0000] {processor.py:161} INFO - Started process (PID=779) to work on /opt/airflow/dags/sql_flow.py
[2025-09-16T10:47:52.950+0000] {processor.py:830} INFO - Processing file /opt/airflow/dags/sql_flow.py for tasks to queue
[2025-09-16T10:47:52.952+0000] {logging_mixin.py:188} INFO - [2025-09-16T10:47:52.951+0000] {dagbag.py:538} INFO - Filling up the DagBag from /opt/airflow/dags/sql_flow.py
[2025-09-16T10:47:52.965+0000] {processor.py:840} INFO - DAG(s) 'dag1_test_production_summary' retrieved from /opt/airflow/dags/sql_flow.py
[2025-09-16T10:47:52.980+0000] {logging_mixin.py:188} INFO - [2025-09-16T10:47:52.980+0000] {dag.py:3036} INFO - Sync 1 DAGs
[2025-09-16T10:47:52.994+0000] {logging_mixin.py:188} INFO - [2025-09-16T10:47:52.994+0000] {dag.py:3823} INFO - Setting next_dagrun for dag1_test_production_summary to 2025-09-16 00:00:00+00:00, run_after=2025-09-17 00:00:00+00:00
[2025-09-16T10:47:53.010+0000] {processor.py:183} INFO - Processing /opt/airflow/dags/sql_flow.py took 0.064 seconds
[2025-09-16T10:48:23.214+0000] {processor.py:161} INFO - Started process (PID=835) to work on /opt/airflow/dags/sql_flow.py
[2025-09-16T10:48:23.215+0000] {processor.py:830} INFO - Processing file /opt/airflow/dags/sql_flow.py for tasks to queue
[2025-09-16T10:48:23.217+0000] {logging_mixin.py:188} INFO - [2025-09-16T10:48:23.217+0000] {dagbag.py:538} INFO - Filling up the DagBag from /opt/airflow/dags/sql_flow.py
[2025-09-16T10:48:23.234+0000] {processor.py:840} INFO - DAG(s) 'dag1_test_production_summary' retrieved from /opt/airflow/dags/sql_flow.py
[2025-09-16T10:48:23.248+0000] {logging_mixin.py:188} INFO - [2025-09-16T10:48:23.248+0000] {dag.py:3036} INFO - Sync 1 DAGs
[2025-09-16T10:48:23.264+0000] {logging_mixin.py:188} INFO - [2025-09-16T10:48:23.264+0000] {dag.py:3823} INFO - Setting next_dagrun for dag1_test_production_summary to 2025-09-16 00:00:00+00:00, run_after=2025-09-17 00:00:00+00:00
[2025-09-16T10:48:23.285+0000] {processor.py:183} INFO - Processing /opt/airflow/dags/sql_flow.py took 0.075 seconds
[2025-09-16T10:48:53.577+0000] {processor.py:161} INFO - Started process (PID=891) to work on /opt/airflow/dags/sql_flow.py
[2025-09-16T10:48:53.578+0000] {processor.py:830} INFO - Processing file /opt/airflow/dags/sql_flow.py for tasks to queue
[2025-09-16T10:48:53.579+0000] {logging_mixin.py:188} INFO - [2025-09-16T10:48:53.579+0000] {dagbag.py:538} INFO - Filling up the DagBag from /opt/airflow/dags/sql_flow.py
[2025-09-16T10:48:53.593+0000] {processor.py:840} INFO - DAG(s) 'dag1_test_production_summary' retrieved from /opt/airflow/dags/sql_flow.py
[2025-09-16T10:48:53.607+0000] {logging_mixin.py:188} INFO - [2025-09-16T10:48:53.607+0000] {dag.py:3036} INFO - Sync 1 DAGs
[2025-09-16T10:48:53.621+0000] {logging_mixin.py:188} INFO - [2025-09-16T10:48:53.621+0000] {dag.py:3823} INFO - Setting next_dagrun for dag1_test_production_summary to 2025-09-16 00:00:00+00:00, run_after=2025-09-17 00:00:00+00:00
[2025-09-16T10:48:53.638+0000] {processor.py:183} INFO - Processing /opt/airflow/dags/sql_flow.py took 0.065 seconds
[2025-09-16T10:49:23.734+0000] {processor.py:161} INFO - Started process (PID=947) to work on /opt/airflow/dags/sql_flow.py
[2025-09-16T10:49:23.735+0000] {processor.py:830} INFO - Processing file /opt/airflow/dags/sql_flow.py for tasks to queue
[2025-09-16T10:49:23.736+0000] {logging_mixin.py:188} INFO - [2025-09-16T10:49:23.736+0000] {dagbag.py:538} INFO - Filling up the DagBag from /opt/airflow/dags/sql_flow.py
[2025-09-16T10:49:23.758+0000] {processor.py:840} INFO - DAG(s) 'dag1_test_production_summary' retrieved from /opt/airflow/dags/sql_flow.py
[2025-09-16T10:49:23.773+0000] {logging_mixin.py:188} INFO - [2025-09-16T10:49:23.773+0000] {dag.py:3036} INFO - Sync 1 DAGs
[2025-09-16T10:49:23.787+0000] {logging_mixin.py:188} INFO - [2025-09-16T10:49:23.787+0000] {dag.py:3823} INFO - Setting next_dagrun for dag1_test_production_summary to 2025-09-16 00:00:00+00:00, run_after=2025-09-17 00:00:00+00:00
[2025-09-16T10:49:23.804+0000] {processor.py:183} INFO - Processing /opt/airflow/dags/sql_flow.py took 0.073 seconds
[2025-09-16T10:49:54.221+0000] {processor.py:161} INFO - Started process (PID=1003) to work on /opt/airflow/dags/sql_flow.py
[2025-09-16T10:49:54.222+0000] {processor.py:830} INFO - Processing file /opt/airflow/dags/sql_flow.py for tasks to queue
[2025-09-16T10:49:54.224+0000] {logging_mixin.py:188} INFO - [2025-09-16T10:49:54.224+0000] {dagbag.py:538} INFO - Filling up the DagBag from /opt/airflow/dags/sql_flow.py
[2025-09-16T10:49:54.238+0000] {processor.py:840} INFO - DAG(s) 'dag1_test_production_summary' retrieved from /opt/airflow/dags/sql_flow.py
[2025-09-16T10:49:54.251+0000] {logging_mixin.py:188} INFO - [2025-09-16T10:49:54.251+0000] {dag.py:3036} INFO - Sync 1 DAGs
[2025-09-16T10:49:54.264+0000] {logging_mixin.py:188} INFO - [2025-09-16T10:49:54.264+0000] {dag.py:3823} INFO - Setting next_dagrun for dag1_test_production_summary to 2025-09-16 00:00:00+00:00, run_after=2025-09-17 00:00:00+00:00
[2025-09-16T10:49:54.281+0000] {processor.py:183} INFO - Processing /opt/airflow/dags/sql_flow.py took 0.062 seconds
[2025-09-16T10:50:24.558+0000] {processor.py:161} INFO - Started process (PID=1059) to work on /opt/airflow/dags/sql_flow.py
[2025-09-16T10:50:24.559+0000] {processor.py:830} INFO - Processing file /opt/airflow/dags/sql_flow.py for tasks to queue
[2025-09-16T10:50:24.561+0000] {logging_mixin.py:188} INFO - [2025-09-16T10:50:24.561+0000] {dagbag.py:538} INFO - Filling up the DagBag from /opt/airflow/dags/sql_flow.py
[2025-09-16T10:50:24.580+0000] {processor.py:840} INFO - DAG(s) 'dag1_test_production_summary' retrieved from /opt/airflow/dags/sql_flow.py
[2025-09-16T10:50:24.594+0000] {logging_mixin.py:188} INFO - [2025-09-16T10:50:24.594+0000] {dag.py:3036} INFO - Sync 1 DAGs
[2025-09-16T10:50:24.607+0000] {logging_mixin.py:188} INFO - [2025-09-16T10:50:24.607+0000] {dag.py:3823} INFO - Setting next_dagrun for dag1_test_production_summary to 2025-09-16 00:00:00+00:00, run_after=2025-09-17 00:00:00+00:00
[2025-09-16T10:50:24.627+0000] {processor.py:183} INFO - Processing /opt/airflow/dags/sql_flow.py took 0.071 seconds
[2025-09-16T10:50:26.584+0000] {processor.py:161} INFO - Started process (PID=1060) to work on /opt/airflow/dags/sql_flow.py
[2025-09-16T10:50:26.585+0000] {processor.py:830} INFO - Processing file /opt/airflow/dags/sql_flow.py for tasks to queue
[2025-09-16T10:50:26.586+0000] {logging_mixin.py:188} INFO - [2025-09-16T10:50:26.586+0000] {dagbag.py:538} INFO - Filling up the DagBag from /opt/airflow/dags/sql_flow.py
[2025-09-16T10:50:26.609+0000] {processor.py:840} INFO - DAG(s) 'dag1_test_production_summary' retrieved from /opt/airflow/dags/sql_flow.py
[2025-09-16T10:50:26.621+0000] {logging_mixin.py:188} INFO - [2025-09-16T10:50:26.621+0000] {dag.py:3036} INFO - Sync 1 DAGs
[2025-09-16T10:50:26.635+0000] {logging_mixin.py:188} INFO - [2025-09-16T10:50:26.635+0000] {dag.py:3823} INFO - Setting next_dagrun for dag1_test_production_summary to 2025-09-16 00:00:00+00:00, run_after=2025-09-17 00:00:00+00:00
[2025-09-16T10:50:26.651+0000] {processor.py:183} INFO - Processing /opt/airflow/dags/sql_flow.py took 0.070 seconds
[2025-09-16T10:50:27.692+0000] {processor.py:161} INFO - Started process (PID=1061) to work on /opt/airflow/dags/sql_flow.py
[2025-09-16T10:50:27.693+0000] {processor.py:830} INFO - Processing file /opt/airflow/dags/sql_flow.py for tasks to queue
[2025-09-16T10:50:27.695+0000] {logging_mixin.py:188} INFO - [2025-09-16T10:50:27.695+0000] {dagbag.py:538} INFO - Filling up the DagBag from /opt/airflow/dags/sql_flow.py
[2025-09-16T10:50:27.723+0000] {processor.py:840} INFO - DAG(s) 'dag1_test_production_summary' retrieved from /opt/airflow/dags/sql_flow.py
[2025-09-16T10:50:27.737+0000] {logging_mixin.py:188} INFO - [2025-09-16T10:50:27.737+0000] {dag.py:3036} INFO - Sync 1 DAGs
[2025-09-16T10:50:27.751+0000] {logging_mixin.py:188} INFO - [2025-09-16T10:50:27.751+0000] {dag.py:3823} INFO - Setting next_dagrun for dag1_test_production_summary to 2025-09-16 00:00:00+00:00, run_after=2025-09-17 00:00:00+00:00
[2025-09-16T10:50:27.774+0000] {processor.py:183} INFO - Processing /opt/airflow/dags/sql_flow.py took 0.085 seconds
[2025-09-16T10:50:58.127+0000] {processor.py:161} INFO - Started process (PID=1117) to work on /opt/airflow/dags/sql_flow.py
[2025-09-16T10:50:58.128+0000] {processor.py:830} INFO - Processing file /opt/airflow/dags/sql_flow.py for tasks to queue
[2025-09-16T10:50:58.130+0000] {logging_mixin.py:188} INFO - [2025-09-16T10:50:58.130+0000] {dagbag.py:538} INFO - Filling up the DagBag from /opt/airflow/dags/sql_flow.py
[2025-09-16T10:50:58.156+0000] {processor.py:840} INFO - DAG(s) 'dag1_test_production_summary' retrieved from /opt/airflow/dags/sql_flow.py
[2025-09-16T10:50:58.178+0000] {logging_mixin.py:188} INFO - [2025-09-16T10:50:58.178+0000] {dag.py:3036} INFO - Sync 1 DAGs
[2025-09-16T10:50:58.201+0000] {logging_mixin.py:188} INFO - [2025-09-16T10:50:58.201+0000] {dag.py:3823} INFO - Setting next_dagrun for dag1_test_production_summary to 2025-09-16 00:00:00+00:00, run_after=2025-09-17 00:00:00+00:00
[2025-09-16T10:50:58.224+0000] {processor.py:183} INFO - Processing /opt/airflow/dags/sql_flow.py took 0.101 seconds
[2025-09-16T10:51:23.834+0000] {processor.py:161} INFO - Started process (PID=1173) to work on /opt/airflow/dags/sql_flow.py
[2025-09-16T10:51:23.835+0000] {processor.py:830} INFO - Processing file /opt/airflow/dags/sql_flow.py for tasks to queue
[2025-09-16T10:51:23.838+0000] {logging_mixin.py:188} INFO - [2025-09-16T10:51:23.837+0000] {dagbag.py:538} INFO - Filling up the DagBag from /opt/airflow/dags/sql_flow.py
[2025-09-16T10:51:23.861+0000] {processor.py:840} INFO - DAG(s) 'dag1_test_production_summary' retrieved from /opt/airflow/dags/sql_flow.py
[2025-09-16T10:51:23.879+0000] {logging_mixin.py:188} INFO - [2025-09-16T10:51:23.879+0000] {dag.py:3036} INFO - Sync 1 DAGs
[2025-09-16T10:51:23.898+0000] {logging_mixin.py:188} INFO - [2025-09-16T10:51:23.898+0000] {dag.py:3823} INFO - Setting next_dagrun for dag1_test_production_summary to 2025-09-16 00:00:00+00:00, run_after=2025-09-17 00:00:00+00:00
[2025-09-16T10:51:23.918+0000] {processor.py:183} INFO - Processing /opt/airflow/dags/sql_flow.py took 0.087 seconds
[2025-09-16T10:51:24.853+0000] {processor.py:161} INFO - Started process (PID=1174) to work on /opt/airflow/dags/sql_flow.py
[2025-09-16T10:51:24.854+0000] {processor.py:830} INFO - Processing file /opt/airflow/dags/sql_flow.py for tasks to queue
[2025-09-16T10:51:24.855+0000] {logging_mixin.py:188} INFO - [2025-09-16T10:51:24.855+0000] {dagbag.py:538} INFO - Filling up the DagBag from /opt/airflow/dags/sql_flow.py
[2025-09-16T10:51:24.877+0000] {processor.py:840} INFO - DAG(s) 'dag1_test_production_summary' retrieved from /opt/airflow/dags/sql_flow.py
[2025-09-16T10:51:24.890+0000] {logging_mixin.py:188} INFO - [2025-09-16T10:51:24.890+0000] {dag.py:3036} INFO - Sync 1 DAGs
[2025-09-16T10:51:24.906+0000] {logging_mixin.py:188} INFO - [2025-09-16T10:51:24.905+0000] {dag.py:3823} INFO - Setting next_dagrun for dag1_test_production_summary to 2025-09-16 00:00:00+00:00, run_after=2025-09-17 00:00:00+00:00
[2025-09-16T10:51:24.928+0000] {processor.py:183} INFO - Processing /opt/airflow/dags/sql_flow.py took 0.078 seconds
[2025-09-16T10:52:13.489+0000] {processor.py:161} INFO - Started process (PID=46) to work on /opt/airflow/dags/sql_flow.py
[2025-09-16T10:52:13.490+0000] {processor.py:830} INFO - Processing file /opt/airflow/dags/sql_flow.py for tasks to queue
[2025-09-16T10:52:13.493+0000] {logging_mixin.py:188} INFO - [2025-09-16T10:52:13.492+0000] {dagbag.py:538} INFO - Filling up the DagBag from /opt/airflow/dags/sql_flow.py
[2025-09-16T10:52:13.524+0000] {processor.py:840} INFO - DAG(s) 'dag1_test_production_summary' retrieved from /opt/airflow/dags/sql_flow.py
[2025-09-16T10:52:13.679+0000] {logging_mixin.py:188} INFO - [2025-09-16T10:52:13.678+0000] {override.py:1769} INFO - Created Permission View: can read on DAG:dag1_test_production_summary
[2025-09-16T10:52:13.688+0000] {logging_mixin.py:188} INFO - [2025-09-16T10:52:13.688+0000] {override.py:1769} INFO - Created Permission View: can edit on DAG:dag1_test_production_summary
[2025-09-16T10:52:13.695+0000] {logging_mixin.py:188} INFO - [2025-09-16T10:52:13.695+0000] {override.py:1769} INFO - Created Permission View: can delete on DAG:dag1_test_production_summary
[2025-09-16T10:52:13.695+0000] {logging_mixin.py:188} INFO - [2025-09-16T10:52:13.695+0000] {dag.py:3036} INFO - Sync 1 DAGs
[2025-09-16T10:52:13.702+0000] {logging_mixin.py:188} INFO - [2025-09-16T10:52:13.702+0000] {dag.py:3058} INFO - Creating ORM DAG for dag1_test_production_summary
[2025-09-16T10:52:13.714+0000] {logging_mixin.py:188} INFO - [2025-09-16T10:52:13.714+0000] {dag.py:3823} INFO - Setting next_dagrun for dag1_test_production_summary to 2025-09-15 00:00:00+00:00, run_after=2025-09-16 00:00:00+00:00
[2025-09-16T10:52:13.733+0000] {processor.py:183} INFO - Processing /opt/airflow/dags/sql_flow.py took 0.247 seconds
[2025-09-16T10:52:44.745+0000] {processor.py:161} INFO - Started process (PID=102) to work on /opt/airflow/dags/sql_flow.py
[2025-09-16T10:52:44.746+0000] {processor.py:830} INFO - Processing file /opt/airflow/dags/sql_flow.py for tasks to queue
[2025-09-16T10:52:44.748+0000] {logging_mixin.py:188} INFO - [2025-09-16T10:52:44.748+0000] {dagbag.py:538} INFO - Filling up the DagBag from /opt/airflow/dags/sql_flow.py
[2025-09-16T10:52:44.763+0000] {processor.py:840} INFO - DAG(s) 'dag1_test_production_summary' retrieved from /opt/airflow/dags/sql_flow.py
[2025-09-16T10:52:44.777+0000] {logging_mixin.py:188} INFO - [2025-09-16T10:52:44.777+0000] {dag.py:3036} INFO - Sync 1 DAGs
[2025-09-16T10:52:44.793+0000] {logging_mixin.py:188} INFO - [2025-09-16T10:52:44.793+0000] {dag.py:3823} INFO - Setting next_dagrun for dag1_test_production_summary to 2025-09-15 00:00:00+00:00, run_after=2025-09-16 00:00:00+00:00
[2025-09-16T10:52:44.807+0000] {processor.py:183} INFO - Processing /opt/airflow/dags/sql_flow.py took 0.064 seconds
[2025-09-16T10:53:15.282+0000] {processor.py:161} INFO - Started process (PID=164) to work on /opt/airflow/dags/sql_flow.py
[2025-09-16T10:53:15.283+0000] {processor.py:830} INFO - Processing file /opt/airflow/dags/sql_flow.py for tasks to queue
[2025-09-16T10:53:15.284+0000] {logging_mixin.py:188} INFO - [2025-09-16T10:53:15.284+0000] {dagbag.py:538} INFO - Filling up the DagBag from /opt/airflow/dags/sql_flow.py
[2025-09-16T10:53:15.298+0000] {processor.py:840} INFO - DAG(s) 'dag1_test_production_summary' retrieved from /opt/airflow/dags/sql_flow.py
[2025-09-16T10:53:15.309+0000] {logging_mixin.py:188} INFO - [2025-09-16T10:53:15.309+0000] {dag.py:3036} INFO - Sync 1 DAGs
[2025-09-16T10:53:15.323+0000] {logging_mixin.py:188} INFO - [2025-09-16T10:53:15.323+0000] {dag.py:3823} INFO - Setting next_dagrun for dag1_test_production_summary to 2025-09-15 00:00:00+00:00, run_after=2025-09-16 00:00:00+00:00
[2025-09-16T10:53:15.338+0000] {processor.py:183} INFO - Processing /opt/airflow/dags/sql_flow.py took 0.058 seconds
[2025-09-16T10:53:45.656+0000] {processor.py:161} INFO - Started process (PID=224) to work on /opt/airflow/dags/sql_flow.py
[2025-09-16T10:53:45.656+0000] {processor.py:830} INFO - Processing file /opt/airflow/dags/sql_flow.py for tasks to queue
[2025-09-16T10:53:45.658+0000] {logging_mixin.py:188} INFO - [2025-09-16T10:53:45.658+0000] {dagbag.py:538} INFO - Filling up the DagBag from /opt/airflow/dags/sql_flow.py
[2025-09-16T10:53:45.672+0000] {processor.py:840} INFO - DAG(s) 'dag1_test_production_summary' retrieved from /opt/airflow/dags/sql_flow.py
[2025-09-16T10:53:45.685+0000] {logging_mixin.py:188} INFO - [2025-09-16T10:53:45.685+0000] {dag.py:3036} INFO - Sync 1 DAGs
[2025-09-16T10:53:45.699+0000] {logging_mixin.py:188} INFO - [2025-09-16T10:53:45.699+0000] {dag.py:3823} INFO - Setting next_dagrun for dag1_test_production_summary to 2025-09-16 00:00:00+00:00, run_after=2025-09-17 00:00:00+00:00
[2025-09-16T10:53:45.718+0000] {processor.py:183} INFO - Processing /opt/airflow/dags/sql_flow.py took 0.065 seconds
[2025-09-16T10:54:16.015+0000] {processor.py:161} INFO - Started process (PID=280) to work on /opt/airflow/dags/sql_flow.py
[2025-09-16T10:54:16.017+0000] {processor.py:830} INFO - Processing file /opt/airflow/dags/sql_flow.py for tasks to queue
[2025-09-16T10:54:16.019+0000] {logging_mixin.py:188} INFO - [2025-09-16T10:54:16.019+0000] {dagbag.py:538} INFO - Filling up the DagBag from /opt/airflow/dags/sql_flow.py
[2025-09-16T10:54:16.035+0000] {processor.py:840} INFO - DAG(s) 'dag1_test_production_summary' retrieved from /opt/airflow/dags/sql_flow.py
[2025-09-16T10:54:16.053+0000] {logging_mixin.py:188} INFO - [2025-09-16T10:54:16.053+0000] {dag.py:3036} INFO - Sync 1 DAGs
[2025-09-16T10:54:16.070+0000] {logging_mixin.py:188} INFO - [2025-09-16T10:54:16.070+0000] {dag.py:3823} INFO - Setting next_dagrun for dag1_test_production_summary to 2025-09-16 00:00:00+00:00, run_after=2025-09-17 00:00:00+00:00
[2025-09-16T10:54:16.087+0000] {processor.py:183} INFO - Processing /opt/airflow/dags/sql_flow.py took 0.076 seconds
[2025-09-16T10:54:46.462+0000] {processor.py:161} INFO - Started process (PID=336) to work on /opt/airflow/dags/sql_flow.py
[2025-09-16T10:54:46.463+0000] {processor.py:830} INFO - Processing file /opt/airflow/dags/sql_flow.py for tasks to queue
[2025-09-16T10:54:46.465+0000] {logging_mixin.py:188} INFO - [2025-09-16T10:54:46.464+0000] {dagbag.py:538} INFO - Filling up the DagBag from /opt/airflow/dags/sql_flow.py
[2025-09-16T10:54:46.477+0000] {processor.py:840} INFO - DAG(s) 'dag1_test_production_summary' retrieved from /opt/airflow/dags/sql_flow.py
[2025-09-16T10:54:46.491+0000] {logging_mixin.py:188} INFO - [2025-09-16T10:54:46.491+0000] {dag.py:3036} INFO - Sync 1 DAGs
[2025-09-16T10:54:46.506+0000] {logging_mixin.py:188} INFO - [2025-09-16T10:54:46.506+0000] {dag.py:3823} INFO - Setting next_dagrun for dag1_test_production_summary to 2025-09-16 00:00:00+00:00, run_after=2025-09-17 00:00:00+00:00
[2025-09-16T10:54:46.521+0000] {processor.py:183} INFO - Processing /opt/airflow/dags/sql_flow.py took 0.061 seconds
[2025-09-16T10:55:16.900+0000] {processor.py:161} INFO - Started process (PID=392) to work on /opt/airflow/dags/sql_flow.py
[2025-09-16T10:55:16.901+0000] {processor.py:830} INFO - Processing file /opt/airflow/dags/sql_flow.py for tasks to queue
[2025-09-16T10:55:16.903+0000] {logging_mixin.py:188} INFO - [2025-09-16T10:55:16.902+0000] {dagbag.py:538} INFO - Filling up the DagBag from /opt/airflow/dags/sql_flow.py
[2025-09-16T10:55:16.921+0000] {processor.py:840} INFO - DAG(s) 'dag1_test_production_summary' retrieved from /opt/airflow/dags/sql_flow.py
[2025-09-16T10:55:16.938+0000] {logging_mixin.py:188} INFO - [2025-09-16T10:55:16.938+0000] {dag.py:3036} INFO - Sync 1 DAGs
[2025-09-16T10:55:16.954+0000] {logging_mixin.py:188} INFO - [2025-09-16T10:55:16.953+0000] {dag.py:3823} INFO - Setting next_dagrun for dag1_test_production_summary to 2025-09-16 00:00:00+00:00, run_after=2025-09-17 00:00:00+00:00
[2025-09-16T10:55:16.971+0000] {processor.py:183} INFO - Processing /opt/airflow/dags/sql_flow.py took 0.073 seconds
[2025-09-16T10:55:47.344+0000] {processor.py:161} INFO - Started process (PID=448) to work on /opt/airflow/dags/sql_flow.py
[2025-09-16T10:55:47.345+0000] {processor.py:830} INFO - Processing file /opt/airflow/dags/sql_flow.py for tasks to queue
[2025-09-16T10:55:47.347+0000] {logging_mixin.py:188} INFO - [2025-09-16T10:55:47.347+0000] {dagbag.py:538} INFO - Filling up the DagBag from /opt/airflow/dags/sql_flow.py
[2025-09-16T10:55:47.361+0000] {processor.py:840} INFO - DAG(s) 'dag1_test_production_summary' retrieved from /opt/airflow/dags/sql_flow.py
[2025-09-16T10:55:47.375+0000] {logging_mixin.py:188} INFO - [2025-09-16T10:55:47.375+0000] {dag.py:3036} INFO - Sync 1 DAGs
[2025-09-16T10:55:47.390+0000] {logging_mixin.py:188} INFO - [2025-09-16T10:55:47.390+0000] {dag.py:3823} INFO - Setting next_dagrun for dag1_test_production_summary to 2025-09-16 00:00:00+00:00, run_after=2025-09-17 00:00:00+00:00
[2025-09-16T10:55:47.404+0000] {processor.py:183} INFO - Processing /opt/airflow/dags/sql_flow.py took 0.062 seconds
[2025-09-16T10:56:17.708+0000] {processor.py:161} INFO - Started process (PID=504) to work on /opt/airflow/dags/sql_flow.py
[2025-09-16T10:56:17.708+0000] {processor.py:830} INFO - Processing file /opt/airflow/dags/sql_flow.py for tasks to queue
[2025-09-16T10:56:17.710+0000] {logging_mixin.py:188} INFO - [2025-09-16T10:56:17.710+0000] {dagbag.py:538} INFO - Filling up the DagBag from /opt/airflow/dags/sql_flow.py
[2025-09-16T10:56:17.725+0000] {processor.py:840} INFO - DAG(s) 'dag1_test_production_summary' retrieved from /opt/airflow/dags/sql_flow.py
[2025-09-16T10:56:17.739+0000] {logging_mixin.py:188} INFO - [2025-09-16T10:56:17.739+0000] {dag.py:3036} INFO - Sync 1 DAGs
[2025-09-16T10:56:17.752+0000] {logging_mixin.py:188} INFO - [2025-09-16T10:56:17.751+0000] {dag.py:3823} INFO - Setting next_dagrun for dag1_test_production_summary to 2025-09-16 00:00:00+00:00, run_after=2025-09-17 00:00:00+00:00
[2025-09-16T10:56:17.769+0000] {processor.py:183} INFO - Processing /opt/airflow/dags/sql_flow.py took 0.064 seconds
[2025-09-16T10:56:23.961+0000] {processor.py:161} INFO - Started process (PID=554) to work on /opt/airflow/dags/sql_flow.py
[2025-09-16T10:56:23.962+0000] {processor.py:830} INFO - Processing file /opt/airflow/dags/sql_flow.py for tasks to queue
[2025-09-16T10:56:23.964+0000] {logging_mixin.py:188} INFO - [2025-09-16T10:56:23.964+0000] {dagbag.py:538} INFO - Filling up the DagBag from /opt/airflow/dags/sql_flow.py
[2025-09-16T10:56:23.988+0000] {processor.py:840} INFO - DAG(s) 'dag1_test_production_summary' retrieved from /opt/airflow/dags/sql_flow.py
[2025-09-16T10:56:24.007+0000] {logging_mixin.py:188} INFO - [2025-09-16T10:56:24.007+0000] {dag.py:3036} INFO - Sync 1 DAGs
[2025-09-16T10:56:24.021+0000] {logging_mixin.py:188} INFO - [2025-09-16T10:56:24.021+0000] {dag.py:3823} INFO - Setting next_dagrun for dag1_test_production_summary to 2025-09-16 00:00:00+00:00, run_after=2025-09-17 00:00:00+00:00
[2025-09-16T10:56:24.047+0000] {processor.py:183} INFO - Processing /opt/airflow/dags/sql_flow.py took 0.088 seconds
[2025-09-16T10:56:24.985+0000] {processor.py:161} INFO - Started process (PID=555) to work on /opt/airflow/dags/sql_flow.py
[2025-09-16T10:56:24.986+0000] {processor.py:830} INFO - Processing file /opt/airflow/dags/sql_flow.py for tasks to queue
[2025-09-16T10:56:24.987+0000] {logging_mixin.py:188} INFO - [2025-09-16T10:56:24.987+0000] {dagbag.py:538} INFO - Filling up the DagBag from /opt/airflow/dags/sql_flow.py
[2025-09-16T10:56:25.010+0000] {processor.py:840} INFO - DAG(s) 'dag1_test_production_summary' retrieved from /opt/airflow/dags/sql_flow.py
[2025-09-16T10:56:25.023+0000] {logging_mixin.py:188} INFO - [2025-09-16T10:56:25.023+0000] {dag.py:3036} INFO - Sync 1 DAGs
[2025-09-16T10:56:25.037+0000] {logging_mixin.py:188} INFO - [2025-09-16T10:56:25.037+0000] {dag.py:3823} INFO - Setting next_dagrun for dag1_test_production_summary to 2025-09-16 00:00:00+00:00, run_after=2025-09-17 00:00:00+00:00
[2025-09-16T10:56:25.060+0000] {processor.py:183} INFO - Processing /opt/airflow/dags/sql_flow.py took 0.078 seconds
[2025-09-16T10:56:26.094+0000] {processor.py:161} INFO - Started process (PID=556) to work on /opt/airflow/dags/sql_flow.py
[2025-09-16T10:56:26.095+0000] {processor.py:830} INFO - Processing file /opt/airflow/dags/sql_flow.py for tasks to queue
[2025-09-16T10:56:26.097+0000] {logging_mixin.py:188} INFO - [2025-09-16T10:56:26.097+0000] {dagbag.py:538} INFO - Filling up the DagBag from /opt/airflow/dags/sql_flow.py
[2025-09-16T10:56:26.123+0000] {processor.py:840} INFO - DAG(s) 'dag1_test_production_summary' retrieved from /opt/airflow/dags/sql_flow.py
[2025-09-16T10:56:26.136+0000] {logging_mixin.py:188} INFO - [2025-09-16T10:56:26.136+0000] {dag.py:3036} INFO - Sync 1 DAGs
[2025-09-16T10:56:26.150+0000] {logging_mixin.py:188} INFO - [2025-09-16T10:56:26.150+0000] {dag.py:3823} INFO - Setting next_dagrun for dag1_test_production_summary to 2025-09-16 00:00:00+00:00, run_after=2025-09-17 00:00:00+00:00
[2025-09-16T10:56:26.170+0000] {processor.py:183} INFO - Processing /opt/airflow/dags/sql_flow.py took 0.078 seconds
[2025-09-16T10:57:00.494+0000] {processor.py:161} INFO - Started process (PID=46) to work on /opt/airflow/dags/sql_flow.py
[2025-09-16T10:57:00.495+0000] {processor.py:830} INFO - Processing file /opt/airflow/dags/sql_flow.py for tasks to queue
[2025-09-16T10:57:00.497+0000] {logging_mixin.py:188} INFO - [2025-09-16T10:57:00.497+0000] {dagbag.py:538} INFO - Filling up the DagBag from /opt/airflow/dags/sql_flow.py
[2025-09-16T10:57:00.527+0000] {processor.py:840} INFO - DAG(s) 'dag1_test_production_summary' retrieved from /opt/airflow/dags/sql_flow.py
[2025-09-16T10:57:00.694+0000] {logging_mixin.py:188} INFO - [2025-09-16T10:57:00.694+0000] {override.py:1769} INFO - Created Permission View: can edit on DAG:dag1_test_production_summary
[2025-09-16T10:57:00.705+0000] {logging_mixin.py:188} INFO - [2025-09-16T10:57:00.705+0000] {override.py:1769} INFO - Created Permission View: can read on DAG:dag1_test_production_summary
[2025-09-16T10:57:00.711+0000] {logging_mixin.py:188} INFO - [2025-09-16T10:57:00.710+0000] {override.py:1769} INFO - Created Permission View: can delete on DAG:dag1_test_production_summary
[2025-09-16T10:57:00.711+0000] {logging_mixin.py:188} INFO - [2025-09-16T10:57:00.711+0000] {dag.py:3036} INFO - Sync 1 DAGs
[2025-09-16T10:57:00.720+0000] {logging_mixin.py:188} INFO - [2025-09-16T10:57:00.720+0000] {dag.py:3058} INFO - Creating ORM DAG for dag1_test_production_summary
[2025-09-16T10:57:00.728+0000] {logging_mixin.py:188} INFO - [2025-09-16T10:57:00.727+0000] {dag.py:3823} INFO - Setting next_dagrun for dag1_test_production_summary to 2025-09-15 00:00:00+00:00, run_after=2025-09-16 00:00:00+00:00
[2025-09-16T10:57:00.747+0000] {processor.py:183} INFO - Processing /opt/airflow/dags/sql_flow.py took 0.256 seconds
[2025-09-16T10:57:30.866+0000] {processor.py:161} INFO - Started process (PID=106) to work on /opt/airflow/dags/sql_flow.py
[2025-09-16T10:57:30.867+0000] {processor.py:830} INFO - Processing file /opt/airflow/dags/sql_flow.py for tasks to queue
[2025-09-16T10:57:30.868+0000] {logging_mixin.py:188} INFO - [2025-09-16T10:57:30.868+0000] {dagbag.py:538} INFO - Filling up the DagBag from /opt/airflow/dags/sql_flow.py
[2025-09-16T10:57:30.880+0000] {processor.py:840} INFO - DAG(s) 'dag1_test_production_summary' retrieved from /opt/airflow/dags/sql_flow.py
[2025-09-16T10:57:30.893+0000] {logging_mixin.py:188} INFO - [2025-09-16T10:57:30.892+0000] {dag.py:3036} INFO - Sync 1 DAGs
[2025-09-16T10:57:30.910+0000] {logging_mixin.py:188} INFO - [2025-09-16T10:57:30.909+0000] {dag.py:3823} INFO - Setting next_dagrun for dag1_test_production_summary to 2025-09-16 00:00:00+00:00, run_after=2025-09-17 00:00:00+00:00
[2025-09-16T10:57:30.927+0000] {processor.py:183} INFO - Processing /opt/airflow/dags/sql_flow.py took 0.064 seconds
[2025-09-16T10:58:01.178+0000] {processor.py:161} INFO - Started process (PID=162) to work on /opt/airflow/dags/sql_flow.py
[2025-09-16T10:58:01.179+0000] {processor.py:830} INFO - Processing file /opt/airflow/dags/sql_flow.py for tasks to queue
[2025-09-16T10:58:01.181+0000] {logging_mixin.py:188} INFO - [2025-09-16T10:58:01.181+0000] {dagbag.py:538} INFO - Filling up the DagBag from /opt/airflow/dags/sql_flow.py
[2025-09-16T10:58:01.196+0000] {processor.py:840} INFO - DAG(s) 'dag1_test_production_summary' retrieved from /opt/airflow/dags/sql_flow.py
[2025-09-16T10:58:01.211+0000] {logging_mixin.py:188} INFO - [2025-09-16T10:58:01.210+0000] {dag.py:3036} INFO - Sync 1 DAGs
[2025-09-16T10:58:01.226+0000] {logging_mixin.py:188} INFO - [2025-09-16T10:58:01.225+0000] {dag.py:3823} INFO - Setting next_dagrun for dag1_test_production_summary to 2025-09-16 00:00:00+00:00, run_after=2025-09-17 00:00:00+00:00
[2025-09-16T10:58:01.243+0000] {processor.py:183} INFO - Processing /opt/airflow/dags/sql_flow.py took 0.069 seconds
[2025-09-16T10:58:31.632+0000] {processor.py:161} INFO - Started process (PID=218) to work on /opt/airflow/dags/sql_flow.py
[2025-09-16T10:58:31.633+0000] {processor.py:830} INFO - Processing file /opt/airflow/dags/sql_flow.py for tasks to queue
[2025-09-16T10:58:31.635+0000] {logging_mixin.py:188} INFO - [2025-09-16T10:58:31.635+0000] {dagbag.py:538} INFO - Filling up the DagBag from /opt/airflow/dags/sql_flow.py
[2025-09-16T10:58:31.646+0000] {processor.py:840} INFO - DAG(s) 'dag1_test_production_summary' retrieved from /opt/airflow/dags/sql_flow.py
[2025-09-16T10:58:31.659+0000] {logging_mixin.py:188} INFO - [2025-09-16T10:58:31.659+0000] {dag.py:3036} INFO - Sync 1 DAGs
[2025-09-16T10:58:31.674+0000] {logging_mixin.py:188} INFO - [2025-09-16T10:58:31.673+0000] {dag.py:3823} INFO - Setting next_dagrun for dag1_test_production_summary to 2025-09-16 00:00:00+00:00, run_after=2025-09-17 00:00:00+00:00
[2025-09-16T10:58:31.692+0000] {processor.py:183} INFO - Processing /opt/airflow/dags/sql_flow.py took 0.062 seconds
[2025-09-16T10:59:02.009+0000] {processor.py:161} INFO - Started process (PID=274) to work on /opt/airflow/dags/sql_flow.py
[2025-09-16T10:59:02.010+0000] {processor.py:830} INFO - Processing file /opt/airflow/dags/sql_flow.py for tasks to queue
[2025-09-16T10:59:02.011+0000] {logging_mixin.py:188} INFO - [2025-09-16T10:59:02.011+0000] {dagbag.py:538} INFO - Filling up the DagBag from /opt/airflow/dags/sql_flow.py
[2025-09-16T10:59:02.027+0000] {processor.py:840} INFO - DAG(s) 'dag1_test_production_summary' retrieved from /opt/airflow/dags/sql_flow.py
[2025-09-16T10:59:02.040+0000] {logging_mixin.py:188} INFO - [2025-09-16T10:59:02.040+0000] {dag.py:3036} INFO - Sync 1 DAGs
[2025-09-16T10:59:02.054+0000] {logging_mixin.py:188} INFO - [2025-09-16T10:59:02.054+0000] {dag.py:3823} INFO - Setting next_dagrun for dag1_test_production_summary to 2025-09-16 00:00:00+00:00, run_after=2025-09-17 00:00:00+00:00
[2025-09-16T10:59:02.069+0000] {processor.py:183} INFO - Processing /opt/airflow/dags/sql_flow.py took 0.062 seconds
[2025-09-16T10:59:32.404+0000] {processor.py:161} INFO - Started process (PID=330) to work on /opt/airflow/dags/sql_flow.py
[2025-09-16T10:59:32.405+0000] {processor.py:830} INFO - Processing file /opt/airflow/dags/sql_flow.py for tasks to queue
[2025-09-16T10:59:32.407+0000] {logging_mixin.py:188} INFO - [2025-09-16T10:59:32.407+0000] {dagbag.py:538} INFO - Filling up the DagBag from /opt/airflow/dags/sql_flow.py
[2025-09-16T10:59:32.422+0000] {processor.py:840} INFO - DAG(s) 'dag1_test_production_summary' retrieved from /opt/airflow/dags/sql_flow.py
[2025-09-16T10:59:32.434+0000] {logging_mixin.py:188} INFO - [2025-09-16T10:59:32.434+0000] {dag.py:3036} INFO - Sync 1 DAGs
[2025-09-16T10:59:32.449+0000] {logging_mixin.py:188} INFO - [2025-09-16T10:59:32.449+0000] {dag.py:3823} INFO - Setting next_dagrun for dag1_test_production_summary to 2025-09-16 00:00:00+00:00, run_after=2025-09-17 00:00:00+00:00
[2025-09-16T10:59:32.463+0000] {processor.py:183} INFO - Processing /opt/airflow/dags/sql_flow.py took 0.062 seconds
[2025-09-16T11:00:02.528+0000] {processor.py:161} INFO - Started process (PID=386) to work on /opt/airflow/dags/sql_flow.py
[2025-09-16T11:00:02.529+0000] {processor.py:830} INFO - Processing file /opt/airflow/dags/sql_flow.py for tasks to queue
[2025-09-16T11:00:02.530+0000] {logging_mixin.py:188} INFO - [2025-09-16T11:00:02.530+0000] {dagbag.py:538} INFO - Filling up the DagBag from /opt/airflow/dags/sql_flow.py
[2025-09-16T11:00:02.544+0000] {processor.py:840} INFO - DAG(s) 'dag1_test_production_summary' retrieved from /opt/airflow/dags/sql_flow.py
[2025-09-16T11:00:02.557+0000] {logging_mixin.py:188} INFO - [2025-09-16T11:00:02.557+0000] {dag.py:3036} INFO - Sync 1 DAGs
[2025-09-16T11:00:02.571+0000] {logging_mixin.py:188} INFO - [2025-09-16T11:00:02.571+0000] {dag.py:3823} INFO - Setting next_dagrun for dag1_test_production_summary to 2025-09-16 00:00:00+00:00, run_after=2025-09-17 00:00:00+00:00
[2025-09-16T11:00:02.585+0000] {processor.py:183} INFO - Processing /opt/airflow/dags/sql_flow.py took 0.059 seconds
[2025-09-16T11:00:32.847+0000] {processor.py:161} INFO - Started process (PID=448) to work on /opt/airflow/dags/sql_flow.py
[2025-09-16T11:00:32.848+0000] {processor.py:830} INFO - Processing file /opt/airflow/dags/sql_flow.py for tasks to queue
[2025-09-16T11:00:32.850+0000] {logging_mixin.py:188} INFO - [2025-09-16T11:00:32.849+0000] {dagbag.py:538} INFO - Filling up the DagBag from /opt/airflow/dags/sql_flow.py
[2025-09-16T11:00:32.865+0000] {processor.py:840} INFO - DAG(s) 'dag1_test_production_summary' retrieved from /opt/airflow/dags/sql_flow.py
[2025-09-16T11:00:32.877+0000] {logging_mixin.py:188} INFO - [2025-09-16T11:00:32.877+0000] {dag.py:3036} INFO - Sync 1 DAGs
[2025-09-16T11:00:32.890+0000] {logging_mixin.py:188} INFO - [2025-09-16T11:00:32.890+0000] {dag.py:3823} INFO - Setting next_dagrun for dag1_test_production_summary to 2025-09-16 00:00:00+00:00, run_after=2025-09-17 00:00:00+00:00
[2025-09-16T11:00:32.903+0000] {processor.py:183} INFO - Processing /opt/airflow/dags/sql_flow.py took 0.059 seconds
[2025-09-16T11:00:56.103+0000] {processor.py:161} INFO - Started process (PID=498) to work on /opt/airflow/dags/sql_flow.py
[2025-09-16T11:00:56.104+0000] {processor.py:830} INFO - Processing file /opt/airflow/dags/sql_flow.py for tasks to queue
[2025-09-16T11:00:56.105+0000] {logging_mixin.py:188} INFO - [2025-09-16T11:00:56.105+0000] {dagbag.py:538} INFO - Filling up the DagBag from /opt/airflow/dags/sql_flow.py
[2025-09-16T11:00:56.126+0000] {processor.py:840} INFO - DAG(s) 'dag1_test_production_summary' retrieved from /opt/airflow/dags/sql_flow.py
[2025-09-16T11:00:56.141+0000] {logging_mixin.py:188} INFO - [2025-09-16T11:00:56.140+0000] {dag.py:3036} INFO - Sync 1 DAGs
[2025-09-16T11:00:56.156+0000] {logging_mixin.py:188} INFO - [2025-09-16T11:00:56.156+0000] {dag.py:3823} INFO - Setting next_dagrun for dag1_test_production_summary to 2025-09-16 00:00:00+00:00, run_after=2025-09-17 00:00:00+00:00
[2025-09-16T11:00:56.178+0000] {processor.py:183} INFO - Processing /opt/airflow/dags/sql_flow.py took 0.078 seconds
