[2025-09-19T01:04:19.892+0000] {taskinstance.py:1956} INFO - Dependencies all met for dep_context=non-requeueable deps ti=<TaskInstance: dag_production_views_daily.create_view_production_hours_daily scheduled__2025-09-18T00:00:00+00:00 [queued]>
[2025-09-19T01:04:19.897+0000] {taskinstance.py:1956} INFO - Dependencies all met for dep_context=requeueable deps ti=<TaskInstance: dag_production_views_daily.create_view_production_hours_daily scheduled__2025-09-18T00:00:00+00:00 [queued]>
[2025-09-19T01:04:19.898+0000] {taskinstance.py:2170} INFO - Starting attempt 1 of 1
[2025-09-19T01:04:19.906+0000] {taskinstance.py:2191} INFO - Executing <Task(PythonOperator): create_view_production_hours_daily> on 2025-09-18 00:00:00+00:00
[2025-09-19T01:04:19.910+0000] {standard_task_runner.py:60} INFO - Started process 69 to run task
[2025-09-19T01:04:19.913+0000] {standard_task_runner.py:87} INFO - Running: ['***', 'tasks', 'run', 'dag_production_views_daily', 'create_view_production_hours_daily', 'scheduled__2025-09-18T00:00:00+00:00', '--job-id', '11', '--raw', '--subdir', 'DAGS_FOLDER/sql_flow.py', '--cfg-path', '/tmp/tmp_h28xsjp']
[2025-09-19T01:04:19.915+0000] {standard_task_runner.py:88} INFO - Job 11: Subtask create_view_production_hours_daily
[2025-09-19T01:04:19.955+0000] {task_command.py:423} INFO - Running <TaskInstance: dag_production_views_daily.create_view_production_hours_daily scheduled__2025-09-18T00:00:00+00:00 [running]> on host 128d416bdc50
[2025-09-19T01:04:20.000+0000] {taskinstance.py:2480} INFO - Exporting env vars: AIRFLOW_CTX_DAG_OWNER='***' AIRFLOW_CTX_DAG_ID='dag_production_views_daily' AIRFLOW_CTX_TASK_ID='create_view_production_hours_daily' AIRFLOW_CTX_EXECUTION_DATE='2025-09-18T00:00:00+00:00' AIRFLOW_CTX_TRY_NUMBER='1' AIRFLOW_CTX_DAG_RUN_ID='scheduled__2025-09-18T00:00:00+00:00'
[2025-09-19T01:04:20.070+0000] {logging_mixin.py:188} INFO - ✅ View View_Production_Hours_Daily ถูกสร้างแล้ว
[2025-09-19T01:04:20.071+0000] {python.py:201} INFO - Done. Returned value was: None
[2025-09-19T01:04:20.078+0000] {taskinstance.py:1138} INFO - Marking task as SUCCESS. dag_id=dag_production_views_daily, task_id=create_view_production_hours_daily, execution_date=20250918T000000, start_date=20250919T010419, end_date=20250919T010420
[2025-09-19T01:04:20.125+0000] {local_task_job_runner.py:234} INFO - Task exited with return code 0
[2025-09-19T01:04:20.147+0000] {taskinstance.py:3280} INFO - 1 downstream tasks scheduled from follow-on schedule check
[2025-09-19T03:06:12.646+0000] {taskinstance.py:1956} INFO - Dependencies all met for dep_context=non-requeueable deps ti=<TaskInstance: dag_production_views_daily.create_view_production_hours_daily scheduled__2025-09-18T00:00:00+00:00 [queued]>
[2025-09-19T03:06:12.650+0000] {taskinstance.py:1956} INFO - Dependencies all met for dep_context=requeueable deps ti=<TaskInstance: dag_production_views_daily.create_view_production_hours_daily scheduled__2025-09-18T00:00:00+00:00 [queued]>
[2025-09-19T03:06:12.651+0000] {taskinstance.py:2170} INFO - Starting attempt 1 of 1
[2025-09-19T03:06:12.658+0000] {taskinstance.py:2191} INFO - Executing <Task(PythonOperator): create_view_production_hours_daily> on 2025-09-18 00:00:00+00:00
[2025-09-19T03:06:12.663+0000] {standard_task_runner.py:60} INFO - Started process 79 to run task
[2025-09-19T03:06:12.665+0000] {standard_task_runner.py:87} INFO - Running: ['***', 'tasks', 'run', 'dag_production_views_daily', 'create_view_production_hours_daily', 'scheduled__2025-09-18T00:00:00+00:00', '--job-id', '4', '--raw', '--subdir', 'DAGS_FOLDER/sql_flow.py', '--cfg-path', '/tmp/tmp4xz6kbvp']
[2025-09-19T03:06:12.667+0000] {standard_task_runner.py:88} INFO - Job 4: Subtask create_view_production_hours_daily
[2025-09-19T03:06:12.744+0000] {task_command.py:423} INFO - Running <TaskInstance: dag_production_views_daily.create_view_production_hours_daily scheduled__2025-09-18T00:00:00+00:00 [running]> on host 4bf3985e0f1c
[2025-09-19T03:06:12.789+0000] {taskinstance.py:2480} INFO - Exporting env vars: AIRFLOW_CTX_DAG_OWNER='***' AIRFLOW_CTX_DAG_ID='dag_production_views_daily' AIRFLOW_CTX_TASK_ID='create_view_production_hours_daily' AIRFLOW_CTX_EXECUTION_DATE='2025-09-18T00:00:00+00:00' AIRFLOW_CTX_TRY_NUMBER='1' AIRFLOW_CTX_DAG_RUN_ID='scheduled__2025-09-18T00:00:00+00:00'
[2025-09-19T03:06:12.862+0000] {logging_mixin.py:188} INFO - ✅ View View_Production_Hours_Daily ถูกสร้างแล้ว
[2025-09-19T03:06:12.863+0000] {python.py:201} INFO - Done. Returned value was: None
[2025-09-19T03:06:12.869+0000] {taskinstance.py:1138} INFO - Marking task as SUCCESS. dag_id=dag_production_views_daily, task_id=create_view_production_hours_daily, execution_date=20250918T000000, start_date=20250919T030612, end_date=20250919T030612
[2025-09-19T03:06:12.918+0000] {local_task_job_runner.py:234} INFO - Task exited with return code 0
[2025-09-19T03:06:12.933+0000] {taskinstance.py:3280} INFO - 1 downstream tasks scheduled from follow-on schedule check
[2025-09-19T03:17:16.072+0000] {taskinstance.py:1956} INFO - Dependencies all met for dep_context=non-requeueable deps ti=<TaskInstance: dag_production_views_daily.create_view_production_hours_daily scheduled__2025-09-18T00:00:00+00:00 [queued]>
[2025-09-19T03:17:16.077+0000] {taskinstance.py:1956} INFO - Dependencies all met for dep_context=requeueable deps ti=<TaskInstance: dag_production_views_daily.create_view_production_hours_daily scheduled__2025-09-18T00:00:00+00:00 [queued]>
[2025-09-19T03:17:16.078+0000] {taskinstance.py:2170} INFO - Starting attempt 1 of 1
[2025-09-19T03:17:16.085+0000] {taskinstance.py:2191} INFO - Executing <Task(PythonOperator): create_view_production_hours_daily> on 2025-09-18 00:00:00+00:00
[2025-09-19T03:17:16.090+0000] {standard_task_runner.py:60} INFO - Started process 199 to run task
[2025-09-19T03:17:16.092+0000] {standard_task_runner.py:87} INFO - Running: ['***', 'tasks', 'run', 'dag_production_views_daily', 'create_view_production_hours_daily', 'scheduled__2025-09-18T00:00:00+00:00', '--job-id', '4', '--raw', '--subdir', 'DAGS_FOLDER/sql_flow.py', '--cfg-path', '/tmp/tmpsr6a164o']
[2025-09-19T03:17:16.095+0000] {standard_task_runner.py:88} INFO - Job 4: Subtask create_view_production_hours_daily
[2025-09-19T03:17:16.141+0000] {task_command.py:423} INFO - Running <TaskInstance: dag_production_views_daily.create_view_production_hours_daily scheduled__2025-09-18T00:00:00+00:00 [running]> on host db38fcf39f94
[2025-09-19T03:17:16.193+0000] {taskinstance.py:2480} INFO - Exporting env vars: AIRFLOW_CTX_DAG_OWNER='***' AIRFLOW_CTX_DAG_ID='dag_production_views_daily' AIRFLOW_CTX_TASK_ID='create_view_production_hours_daily' AIRFLOW_CTX_EXECUTION_DATE='2025-09-18T00:00:00+00:00' AIRFLOW_CTX_TRY_NUMBER='1' AIRFLOW_CTX_DAG_RUN_ID='scheduled__2025-09-18T00:00:00+00:00'
[2025-09-19T03:17:16.283+0000] {logging_mixin.py:188} INFO - ✅ View View_Production_Hours_Daily ถูกสร้างแล้ว
[2025-09-19T03:17:16.283+0000] {python.py:201} INFO - Done. Returned value was: None
[2025-09-19T03:17:16.291+0000] {taskinstance.py:1138} INFO - Marking task as SUCCESS. dag_id=dag_production_views_daily, task_id=create_view_production_hours_daily, execution_date=20250918T000000, start_date=20250919T031716, end_date=20250919T031716
[2025-09-19T03:17:16.305+0000] {local_task_job_runner.py:234} INFO - Task exited with return code 0
[2025-09-19T03:17:16.321+0000] {taskinstance.py:3280} INFO - 1 downstream tasks scheduled from follow-on schedule check
[2025-09-19T03:19:29.585+0000] {taskinstance.py:1956} INFO - Dependencies all met for dep_context=non-requeueable deps ti=<TaskInstance: dag_production_views_daily.create_view_production_hours_daily scheduled__2025-09-18T00:00:00+00:00 [queued]>
[2025-09-19T03:19:29.590+0000] {taskinstance.py:1956} INFO - Dependencies all met for dep_context=requeueable deps ti=<TaskInstance: dag_production_views_daily.create_view_production_hours_daily scheduled__2025-09-18T00:00:00+00:00 [queued]>
[2025-09-19T03:19:29.590+0000] {taskinstance.py:2170} INFO - Starting attempt 1 of 1
[2025-09-19T03:19:29.598+0000] {taskinstance.py:2191} INFO - Executing <Task(PythonOperator): create_view_production_hours_daily> on 2025-09-18 00:00:00+00:00
[2025-09-19T03:19:29.601+0000] {standard_task_runner.py:60} INFO - Started process 80 to run task
[2025-09-19T03:19:29.605+0000] {standard_task_runner.py:87} INFO - Running: ['***', 'tasks', 'run', 'dag_production_views_daily', 'create_view_production_hours_daily', 'scheduled__2025-09-18T00:00:00+00:00', '--job-id', '4', '--raw', '--subdir', 'DAGS_FOLDER/sql_flow.py', '--cfg-path', '/tmp/tmprry3ptw9']
[2025-09-19T03:19:29.608+0000] {standard_task_runner.py:88} INFO - Job 4: Subtask create_view_production_hours_daily
[2025-09-19T03:19:29.650+0000] {task_command.py:423} INFO - Running <TaskInstance: dag_production_views_daily.create_view_production_hours_daily scheduled__2025-09-18T00:00:00+00:00 [running]> on host 9d2eaef777cb
[2025-09-19T03:19:29.698+0000] {taskinstance.py:2480} INFO - Exporting env vars: AIRFLOW_CTX_DAG_OWNER='***' AIRFLOW_CTX_DAG_ID='dag_production_views_daily' AIRFLOW_CTX_TASK_ID='create_view_production_hours_daily' AIRFLOW_CTX_EXECUTION_DATE='2025-09-18T00:00:00+00:00' AIRFLOW_CTX_TRY_NUMBER='1' AIRFLOW_CTX_DAG_RUN_ID='scheduled__2025-09-18T00:00:00+00:00'
[2025-09-19T03:19:29.773+0000] {logging_mixin.py:188} INFO - ✅ View View_Production_Hours_Daily ถูกสร้างแล้ว
[2025-09-19T03:19:29.774+0000] {python.py:201} INFO - Done. Returned value was: None
[2025-09-19T03:19:29.781+0000] {taskinstance.py:1138} INFO - Marking task as SUCCESS. dag_id=dag_production_views_daily, task_id=create_view_production_hours_daily, execution_date=20250918T000000, start_date=20250919T031929, end_date=20250919T031929
[2025-09-19T03:19:29.817+0000] {local_task_job_runner.py:234} INFO - Task exited with return code 0
[2025-09-19T03:19:29.831+0000] {taskinstance.py:3280} INFO - 1 downstream tasks scheduled from follow-on schedule check
[2025-09-19T03:25:24.213+0000] {taskinstance.py:1956} INFO - Dependencies all met for dep_context=non-requeueable deps ti=<TaskInstance: dag_production_views_daily.create_view_production_hours_daily scheduled__2025-09-18T00:00:00+00:00 [queued]>
[2025-09-19T03:25:24.219+0000] {taskinstance.py:1956} INFO - Dependencies all met for dep_context=requeueable deps ti=<TaskInstance: dag_production_views_daily.create_view_production_hours_daily scheduled__2025-09-18T00:00:00+00:00 [queued]>
[2025-09-19T03:25:24.219+0000] {taskinstance.py:2170} INFO - Starting attempt 1 of 1
[2025-09-19T03:25:24.227+0000] {taskinstance.py:2191} INFO - Executing <Task(PythonOperator): create_view_production_hours_daily> on 2025-09-18 00:00:00+00:00
[2025-09-19T03:25:24.233+0000] {standard_task_runner.py:60} INFO - Started process 80 to run task
[2025-09-19T03:25:24.235+0000] {standard_task_runner.py:87} INFO - Running: ['***', 'tasks', 'run', 'dag_production_views_daily', 'create_view_production_hours_daily', 'scheduled__2025-09-18T00:00:00+00:00', '--job-id', '3', '--raw', '--subdir', 'DAGS_FOLDER/sql_flow.py', '--cfg-path', '/tmp/tmpjs6r8cd1']
[2025-09-19T03:25:24.238+0000] {standard_task_runner.py:88} INFO - Job 3: Subtask create_view_production_hours_daily
[2025-09-19T03:25:24.280+0000] {task_command.py:423} INFO - Running <TaskInstance: dag_production_views_daily.create_view_production_hours_daily scheduled__2025-09-18T00:00:00+00:00 [running]> on host 5649ef978325
[2025-09-19T03:25:24.328+0000] {taskinstance.py:2480} INFO - Exporting env vars: AIRFLOW_CTX_DAG_OWNER='***' AIRFLOW_CTX_DAG_ID='dag_production_views_daily' AIRFLOW_CTX_TASK_ID='create_view_production_hours_daily' AIRFLOW_CTX_EXECUTION_DATE='2025-09-18T00:00:00+00:00' AIRFLOW_CTX_TRY_NUMBER='1' AIRFLOW_CTX_DAG_RUN_ID='scheduled__2025-09-18T00:00:00+00:00'
[2025-09-19T03:25:24.415+0000] {logging_mixin.py:188} INFO - ✅ View View_Production_Hours_Daily ถูกสร้างแล้ว
[2025-09-19T03:25:24.416+0000] {python.py:201} INFO - Done. Returned value was: None
[2025-09-19T03:25:24.421+0000] {taskinstance.py:1138} INFO - Marking task as SUCCESS. dag_id=dag_production_views_daily, task_id=create_view_production_hours_daily, execution_date=20250918T000000, start_date=20250919T032524, end_date=20250919T032524
[2025-09-19T03:25:24.448+0000] {local_task_job_runner.py:234} INFO - Task exited with return code 0
[2025-09-19T03:25:24.465+0000] {taskinstance.py:3280} INFO - 1 downstream tasks scheduled from follow-on schedule check
[2025-09-19T03:29:43.139+0000] {taskinstance.py:1956} INFO - Dependencies all met for dep_context=non-requeueable deps ti=<TaskInstance: dag_production_views_daily.create_view_production_hours_daily scheduled__2025-09-18T00:00:00+00:00 [queued]>
[2025-09-19T03:29:43.144+0000] {taskinstance.py:1956} INFO - Dependencies all met for dep_context=requeueable deps ti=<TaskInstance: dag_production_views_daily.create_view_production_hours_daily scheduled__2025-09-18T00:00:00+00:00 [queued]>
[2025-09-19T03:29:43.144+0000] {taskinstance.py:2170} INFO - Starting attempt 1 of 1
[2025-09-19T03:29:43.153+0000] {taskinstance.py:2191} INFO - Executing <Task(PythonOperator): create_view_production_hours_daily> on 2025-09-18 00:00:00+00:00
[2025-09-19T03:29:43.157+0000] {standard_task_runner.py:60} INFO - Started process 80 to run task
[2025-09-19T03:29:43.160+0000] {standard_task_runner.py:87} INFO - Running: ['***', 'tasks', 'run', 'dag_production_views_daily', 'create_view_production_hours_daily', 'scheduled__2025-09-18T00:00:00+00:00', '--job-id', '4', '--raw', '--subdir', 'DAGS_FOLDER/sql_flow.py', '--cfg-path', '/tmp/tmpmbe946gu']
[2025-09-19T03:29:43.164+0000] {standard_task_runner.py:88} INFO - Job 4: Subtask create_view_production_hours_daily
[2025-09-19T03:29:43.206+0000] {task_command.py:423} INFO - Running <TaskInstance: dag_production_views_daily.create_view_production_hours_daily scheduled__2025-09-18T00:00:00+00:00 [running]> on host bfad0f2ff0e1
[2025-09-19T03:29:43.257+0000] {taskinstance.py:2480} INFO - Exporting env vars: AIRFLOW_CTX_DAG_OWNER='***' AIRFLOW_CTX_DAG_ID='dag_production_views_daily' AIRFLOW_CTX_TASK_ID='create_view_production_hours_daily' AIRFLOW_CTX_EXECUTION_DATE='2025-09-18T00:00:00+00:00' AIRFLOW_CTX_TRY_NUMBER='1' AIRFLOW_CTX_DAG_RUN_ID='scheduled__2025-09-18T00:00:00+00:00'
[2025-09-19T03:29:43.352+0000] {logging_mixin.py:188} INFO - ✅ View View_Production_Hours_Daily ถูกสร้างแล้ว
[2025-09-19T03:29:43.353+0000] {python.py:201} INFO - Done. Returned value was: None
[2025-09-19T03:29:43.358+0000] {taskinstance.py:1138} INFO - Marking task as SUCCESS. dag_id=dag_production_views_daily, task_id=create_view_production_hours_daily, execution_date=20250918T000000, start_date=20250919T032943, end_date=20250919T032943
[2025-09-19T03:29:43.372+0000] {local_task_job_runner.py:234} INFO - Task exited with return code 0
[2025-09-19T03:29:43.387+0000] {taskinstance.py:3280} INFO - 1 downstream tasks scheduled from follow-on schedule check
[2025-09-19T07:46:28.345+0000] {taskinstance.py:1956} INFO - Dependencies all met for dep_context=non-requeueable deps ti=<TaskInstance: dag_production_views_daily.create_view_production_hours_daily scheduled__2025-09-18T00:00:00+00:00 [queued]>
[2025-09-19T07:46:28.351+0000] {taskinstance.py:1956} INFO - Dependencies all met for dep_context=requeueable deps ti=<TaskInstance: dag_production_views_daily.create_view_production_hours_daily scheduled__2025-09-18T00:00:00+00:00 [queued]>
[2025-09-19T07:46:28.351+0000] {taskinstance.py:2170} INFO - Starting attempt 1 of 1
[2025-09-19T07:46:28.360+0000] {taskinstance.py:2191} INFO - Executing <Task(PythonOperator): create_view_production_hours_daily> on 2025-09-18 00:00:00+00:00
[2025-09-19T07:46:28.364+0000] {standard_task_runner.py:60} INFO - Started process 78 to run task
[2025-09-19T07:46:28.367+0000] {standard_task_runner.py:87} INFO - Running: ['***', 'tasks', 'run', 'dag_production_views_daily', 'create_view_production_hours_daily', 'scheduled__2025-09-18T00:00:00+00:00', '--job-id', '4', '--raw', '--subdir', 'DAGS_FOLDER/sql_flow.py', '--cfg-path', '/tmp/tmpt4uhvx02']
[2025-09-19T07:46:28.370+0000] {standard_task_runner.py:88} INFO - Job 4: Subtask create_view_production_hours_daily
[2025-09-19T07:46:28.410+0000] {task_command.py:423} INFO - Running <TaskInstance: dag_production_views_daily.create_view_production_hours_daily scheduled__2025-09-18T00:00:00+00:00 [running]> on host ab351943f79f
[2025-09-19T07:46:28.457+0000] {taskinstance.py:2480} INFO - Exporting env vars: AIRFLOW_CTX_DAG_OWNER='***' AIRFLOW_CTX_DAG_ID='dag_production_views_daily' AIRFLOW_CTX_TASK_ID='create_view_production_hours_daily' AIRFLOW_CTX_EXECUTION_DATE='2025-09-18T00:00:00+00:00' AIRFLOW_CTX_TRY_NUMBER='1' AIRFLOW_CTX_DAG_RUN_ID='scheduled__2025-09-18T00:00:00+00:00'
[2025-09-19T07:46:28.554+0000] {logging_mixin.py:188} INFO - ✅ View View_Production_Hours_Daily ถูกสร้างแล้ว
[2025-09-19T07:46:28.555+0000] {python.py:201} INFO - Done. Returned value was: None
[2025-09-19T07:46:28.560+0000] {taskinstance.py:1138} INFO - Marking task as SUCCESS. dag_id=dag_production_views_daily, task_id=create_view_production_hours_daily, execution_date=20250918T000000, start_date=20250919T074628, end_date=20250919T074628
[2025-09-19T07:46:28.580+0000] {local_task_job_runner.py:234} INFO - Task exited with return code 0
[2025-09-19T07:46:28.594+0000] {taskinstance.py:3280} INFO - 1 downstream tasks scheduled from follow-on schedule check
[2025-09-19T08:12:51.169+0000] {taskinstance.py:1956} INFO - Dependencies all met for dep_context=non-requeueable deps ti=<TaskInstance: dag_production_views_daily.create_view_production_hours_daily scheduled__2025-09-18T00:00:00+00:00 [queued]>
[2025-09-19T08:12:51.174+0000] {taskinstance.py:1956} INFO - Dependencies all met for dep_context=requeueable deps ti=<TaskInstance: dag_production_views_daily.create_view_production_hours_daily scheduled__2025-09-18T00:00:00+00:00 [queued]>
[2025-09-19T08:12:51.174+0000] {taskinstance.py:2170} INFO - Starting attempt 1 of 1
[2025-09-19T08:12:51.181+0000] {taskinstance.py:2191} INFO - Executing <Task(PythonOperator): create_view_production_hours_daily> on 2025-09-18 00:00:00+00:00
[2025-09-19T08:12:51.186+0000] {standard_task_runner.py:60} INFO - Started process 79 to run task
[2025-09-19T08:12:51.189+0000] {standard_task_runner.py:87} INFO - Running: ['***', 'tasks', 'run', 'dag_production_views_daily', 'create_view_production_hours_daily', 'scheduled__2025-09-18T00:00:00+00:00', '--job-id', '4', '--raw', '--subdir', 'DAGS_FOLDER/sql_flow.py', '--cfg-path', '/tmp/tmpuxdl7c3x']
[2025-09-19T08:12:51.192+0000] {standard_task_runner.py:88} INFO - Job 4: Subtask create_view_production_hours_daily
[2025-09-19T08:12:51.230+0000] {task_command.py:423} INFO - Running <TaskInstance: dag_production_views_daily.create_view_production_hours_daily scheduled__2025-09-18T00:00:00+00:00 [running]> on host 561c810bee90
[2025-09-19T08:12:51.277+0000] {taskinstance.py:2480} INFO - Exporting env vars: AIRFLOW_CTX_DAG_OWNER='***' AIRFLOW_CTX_DAG_ID='dag_production_views_daily' AIRFLOW_CTX_TASK_ID='create_view_production_hours_daily' AIRFLOW_CTX_EXECUTION_DATE='2025-09-18T00:00:00+00:00' AIRFLOW_CTX_TRY_NUMBER='1' AIRFLOW_CTX_DAG_RUN_ID='scheduled__2025-09-18T00:00:00+00:00'
[2025-09-19T08:12:51.341+0000] {logging_mixin.py:188} INFO - ✅ View View_Production_Hours_Daily ถูกสร้างแล้ว
[2025-09-19T08:12:51.342+0000] {python.py:201} INFO - Done. Returned value was: None
[2025-09-19T08:12:51.349+0000] {taskinstance.py:1138} INFO - Marking task as SUCCESS. dag_id=dag_production_views_daily, task_id=create_view_production_hours_daily, execution_date=20250918T000000, start_date=20250919T081251, end_date=20250919T081251
[2025-09-19T08:12:51.361+0000] {local_task_job_runner.py:234} INFO - Task exited with return code 0
[2025-09-19T08:12:51.375+0000] {taskinstance.py:3280} INFO - 1 downstream tasks scheduled from follow-on schedule check
[2025-09-19T08:15:20.002+0000] {taskinstance.py:1956} INFO - Dependencies all met for dep_context=non-requeueable deps ti=<TaskInstance: dag_production_views_daily.create_view_production_hours_daily scheduled__2025-09-18T00:00:00+00:00 [queued]>
[2025-09-19T08:15:20.006+0000] {taskinstance.py:1956} INFO - Dependencies all met for dep_context=requeueable deps ti=<TaskInstance: dag_production_views_daily.create_view_production_hours_daily scheduled__2025-09-18T00:00:00+00:00 [queued]>
[2025-09-19T08:15:20.007+0000] {taskinstance.py:2170} INFO - Starting attempt 1 of 1
[2025-09-19T08:15:20.017+0000] {taskinstance.py:2191} INFO - Executing <Task(PythonOperator): create_view_production_hours_daily> on 2025-09-18 00:00:00+00:00
[2025-09-19T08:15:20.021+0000] {standard_task_runner.py:60} INFO - Started process 79 to run task
[2025-09-19T08:15:20.025+0000] {standard_task_runner.py:87} INFO - Running: ['***', 'tasks', 'run', 'dag_production_views_daily', 'create_view_production_hours_daily', 'scheduled__2025-09-18T00:00:00+00:00', '--job-id', '4', '--raw', '--subdir', 'DAGS_FOLDER/sql_flow.py', '--cfg-path', '/tmp/tmpjiscfn2s']
[2025-09-19T08:15:20.028+0000] {standard_task_runner.py:88} INFO - Job 4: Subtask create_view_production_hours_daily
[2025-09-19T08:15:20.069+0000] {task_command.py:423} INFO - Running <TaskInstance: dag_production_views_daily.create_view_production_hours_daily scheduled__2025-09-18T00:00:00+00:00 [running]> on host ac20b3137fa6
[2025-09-19T08:15:20.115+0000] {taskinstance.py:2480} INFO - Exporting env vars: AIRFLOW_CTX_DAG_OWNER='***' AIRFLOW_CTX_DAG_ID='dag_production_views_daily' AIRFLOW_CTX_TASK_ID='create_view_production_hours_daily' AIRFLOW_CTX_EXECUTION_DATE='2025-09-18T00:00:00+00:00' AIRFLOW_CTX_TRY_NUMBER='1' AIRFLOW_CTX_DAG_RUN_ID='scheduled__2025-09-18T00:00:00+00:00'
[2025-09-19T08:15:20.206+0000] {logging_mixin.py:188} INFO - ✅ View View_Production_Hours_Daily ถูกสร้างแล้ว
[2025-09-19T08:15:20.206+0000] {python.py:201} INFO - Done. Returned value was: None
[2025-09-19T08:15:20.213+0000] {taskinstance.py:1138} INFO - Marking task as SUCCESS. dag_id=dag_production_views_daily, task_id=create_view_production_hours_daily, execution_date=20250918T000000, start_date=20250919T081520, end_date=20250919T081520
[2025-09-19T08:15:20.238+0000] {local_task_job_runner.py:234} INFO - Task exited with return code 0
[2025-09-19T08:15:20.252+0000] {taskinstance.py:3280} INFO - 1 downstream tasks scheduled from follow-on schedule check
