[2025-09-24T09:09:47.964+0000] {taskinstance.py:1956} INFO - Dependencies all met for dep_context=non-requeueable deps ti=<TaskInstance: dag_data_cleanse_and_calculate_all.calculate_data_a3 scheduled__2025-09-24T08:00:00+00:00 [queued]>
[2025-09-24T09:09:47.976+0000] {taskinstance.py:1956} INFO - Dependencies all met for dep_context=requeueable deps ti=<TaskInstance: dag_data_cleanse_and_calculate_all.calculate_data_a3 scheduled__2025-09-24T08:00:00+00:00 [queued]>
[2025-09-24T09:09:47.979+0000] {taskinstance.py:2170} INFO - Starting attempt 1 of 1
[2025-09-24T09:09:48.000+0000] {taskinstance.py:2191} INFO - Executing <Task(PythonOperator): calculate_data_a3> on 2025-09-24 08:00:00+00:00
[2025-09-24T09:09:48.010+0000] {standard_task_runner.py:60} INFO - Started process 1894 to run task
[2025-09-24T09:09:48.012+0000] {standard_task_runner.py:87} INFO - Running: ['***', 'tasks', 'run', 'dag_data_cleanse_and_calculate_all', 'calculate_data_a3', 'scheduled__2025-09-24T08:00:00+00:00', '--job-id', '325', '--raw', '--subdir', 'DAGS_FOLDER/cleansing_data_flow.py', '--cfg-path', '/tmp/tmpvor3q6sk']
[2025-09-24T09:09:48.014+0000] {standard_task_runner.py:88} INFO - Job 325: Subtask calculate_data_a3
[2025-09-24T09:09:48.089+0000] {task_command.py:423} INFO - Running <TaskInstance: dag_data_cleanse_and_calculate_all.calculate_data_a3 scheduled__2025-09-24T08:00:00+00:00 [running]> on host feaba2204362
[2025-09-24T09:09:48.176+0000] {taskinstance.py:2480} INFO - Exporting env vars: AIRFLOW_CTX_DAG_OWNER='***' AIRFLOW_CTX_DAG_ID='dag_data_cleanse_and_calculate_all' AIRFLOW_CTX_TASK_ID='calculate_data_a3' AIRFLOW_CTX_EXECUTION_DATE='2025-09-24T08:00:00+00:00' AIRFLOW_CTX_TRY_NUMBER='1' AIRFLOW_CTX_DAG_RUN_ID='scheduled__2025-09-24T08:00:00+00:00'
[2025-09-24T09:09:48.403+0000] {python.py:201} INFO - Done. Returned value was: None
[2025-09-24T09:09:48.411+0000] {taskinstance.py:1138} INFO - Marking task as SUCCESS. dag_id=dag_data_cleanse_and_calculate_all, task_id=calculate_data_a3, execution_date=20250924T080000, start_date=20250924T090947, end_date=20250924T090948
[2025-09-24T09:09:48.430+0000] {local_task_job_runner.py:234} INFO - Task exited with return code 0
[2025-09-24T09:09:48.448+0000] {taskinstance.py:3280} INFO - 0 downstream tasks scheduled from follow-on schedule check
[2025-09-24T09:59:45.598+0000] {taskinstance.py:1956} INFO - Dependencies all met for dep_context=non-requeueable deps ti=<TaskInstance: dag_data_cleanse_and_calculate_all.calculate_data_a3 scheduled__2025-09-24T08:00:00+00:00 [queued]>
[2025-09-24T09:59:45.613+0000] {taskinstance.py:1956} INFO - Dependencies all met for dep_context=requeueable deps ti=<TaskInstance: dag_data_cleanse_and_calculate_all.calculate_data_a3 scheduled__2025-09-24T08:00:00+00:00 [queued]>
[2025-09-24T09:59:45.615+0000] {taskinstance.py:2170} INFO - Starting attempt 1 of 1
[2025-09-24T09:59:45.637+0000] {taskinstance.py:2191} INFO - Executing <Task(PythonOperator): calculate_data_a3> on 2025-09-24 08:00:00+00:00
[2025-09-24T09:59:45.651+0000] {standard_task_runner.py:87} INFO - Running: ['***', 'tasks', 'run', 'dag_data_cleanse_and_calculate_all', 'calculate_data_a3', 'scheduled__2025-09-24T08:00:00+00:00', '--job-id', '382', '--raw', '--subdir', 'DAGS_FOLDER/cleansing_data_flow.py', '--cfg-path', '/tmp/tmpsk80bs9w']
[2025-09-24T09:59:45.653+0000] {standard_task_runner.py:88} INFO - Job 382: Subtask calculate_data_a3
[2025-09-24T09:59:45.654+0000] {standard_task_runner.py:60} INFO - Started process 1263 to run task
[2025-09-24T09:59:45.730+0000] {task_command.py:423} INFO - Running <TaskInstance: dag_data_cleanse_and_calculate_all.calculate_data_a3 scheduled__2025-09-24T08:00:00+00:00 [running]> on host 5d539c157d54
[2025-09-24T09:59:45.810+0000] {taskinstance.py:2480} INFO - Exporting env vars: AIRFLOW_CTX_DAG_OWNER='***' AIRFLOW_CTX_DAG_ID='dag_data_cleanse_and_calculate_all' AIRFLOW_CTX_TASK_ID='calculate_data_a3' AIRFLOW_CTX_EXECUTION_DATE='2025-09-24T08:00:00+00:00' AIRFLOW_CTX_TRY_NUMBER='1' AIRFLOW_CTX_DAG_RUN_ID='scheduled__2025-09-24T08:00:00+00:00'
[2025-09-24T09:59:46.042+0000] {python.py:201} INFO - Done. Returned value was: None
[2025-09-24T09:59:46.055+0000] {taskinstance.py:1138} INFO - Marking task as SUCCESS. dag_id=dag_data_cleanse_and_calculate_all, task_id=calculate_data_a3, execution_date=20250924T080000, start_date=20250924T095945, end_date=20250924T095946
[2025-09-24T09:59:46.114+0000] {local_task_job_runner.py:234} INFO - Task exited with return code 0
[2025-09-24T09:59:46.127+0000] {taskinstance.py:3280} INFO - 0 downstream tasks scheduled from follow-on schedule check
