[2025-09-24T09:09:34.855+0000] {taskinstance.py:1956} INFO - Dependencies all met for dep_context=non-requeueable deps ti=<TaskInstance: dag_data_cleanse_and_calculate_all.cleanse_data_d12 scheduled__2025-09-24T08:00:00+00:00 [queued]>
[2025-09-24T09:09:34.869+0000] {taskinstance.py:1956} INFO - Dependencies all met for dep_context=requeueable deps ti=<TaskInstance: dag_data_cleanse_and_calculate_all.cleanse_data_d12 scheduled__2025-09-24T08:00:00+00:00 [queued]>
[2025-09-24T09:09:34.870+0000] {taskinstance.py:2170} INFO - Starting attempt 1 of 1
[2025-09-24T09:09:34.885+0000] {taskinstance.py:2191} INFO - Executing <Task(PythonOperator): cleanse_data_d12> on 2025-09-24 08:00:00+00:00
[2025-09-24T09:09:34.901+0000] {standard_task_runner.py:60} INFO - Started process 1651 to run task
[2025-09-24T09:09:34.910+0000] {standard_task_runner.py:87} INFO - Running: ['***', 'tasks', 'run', 'dag_data_cleanse_and_calculate_all', 'cleanse_data_d12', 'scheduled__2025-09-24T08:00:00+00:00', '--job-id', '242', '--raw', '--subdir', 'DAGS_FOLDER/cleansing_data_flow.py', '--cfg-path', '/tmp/tmpkf57rmu_']
[2025-09-24T09:09:34.912+0000] {standard_task_runner.py:88} INFO - Job 242: Subtask cleanse_data_d12
[2025-09-24T09:09:34.988+0000] {task_command.py:423} INFO - Running <TaskInstance: dag_data_cleanse_and_calculate_all.cleanse_data_d12 scheduled__2025-09-24T08:00:00+00:00 [running]> on host feaba2204362
[2025-09-24T09:09:35.082+0000] {taskinstance.py:2480} INFO - Exporting env vars: AIRFLOW_CTX_DAG_OWNER='***' AIRFLOW_CTX_DAG_ID='dag_data_cleanse_and_calculate_all' AIRFLOW_CTX_TASK_ID='cleanse_data_d12' AIRFLOW_CTX_EXECUTION_DATE='2025-09-24T08:00:00+00:00' AIRFLOW_CTX_TRY_NUMBER='1' AIRFLOW_CTX_DAG_RUN_ID='scheduled__2025-09-24T08:00:00+00:00'
[2025-09-24T09:09:35.314+0000] {python.py:201} INFO - Done. Returned value was: None
[2025-09-24T09:09:35.355+0000] {taskinstance.py:1138} INFO - Marking task as SUCCESS. dag_id=dag_data_cleanse_and_calculate_all, task_id=cleanse_data_d12, execution_date=20250924T080000, start_date=20250924T090934, end_date=20250924T090935
[2025-09-24T09:09:35.414+0000] {local_task_job_runner.py:234} INFO - Task exited with return code 0
[2025-09-24T09:09:35.477+0000] {taskinstance.py:3280} INFO - 1 downstream tasks scheduled from follow-on schedule check
[2025-09-24T09:59:33.199+0000] {taskinstance.py:1956} INFO - Dependencies all met for dep_context=non-requeueable deps ti=<TaskInstance: dag_data_cleanse_and_calculate_all.cleanse_data_d12 scheduled__2025-09-24T08:00:00+00:00 [queued]>
[2025-09-24T09:59:33.207+0000] {taskinstance.py:1956} INFO - Dependencies all met for dep_context=requeueable deps ti=<TaskInstance: dag_data_cleanse_and_calculate_all.cleanse_data_d12 scheduled__2025-09-24T08:00:00+00:00 [queued]>
[2025-09-24T09:59:33.208+0000] {taskinstance.py:2170} INFO - Starting attempt 1 of 1
[2025-09-24T09:59:33.225+0000] {taskinstance.py:2191} INFO - Executing <Task(PythonOperator): cleanse_data_d12> on 2025-09-24 08:00:00+00:00
[2025-09-24T09:59:33.236+0000] {standard_task_runner.py:60} INFO - Started process 1016 to run task
[2025-09-24T09:59:33.240+0000] {standard_task_runner.py:87} INFO - Running: ['***', 'tasks', 'run', 'dag_data_cleanse_and_calculate_all', 'cleanse_data_d12', 'scheduled__2025-09-24T08:00:00+00:00', '--job-id', '296', '--raw', '--subdir', 'DAGS_FOLDER/cleansing_data_flow.py', '--cfg-path', '/tmp/tmpsuktcusx']
[2025-09-24T09:59:33.242+0000] {standard_task_runner.py:88} INFO - Job 296: Subtask cleanse_data_d12
[2025-09-24T09:59:33.315+0000] {task_command.py:423} INFO - Running <TaskInstance: dag_data_cleanse_and_calculate_all.cleanse_data_d12 scheduled__2025-09-24T08:00:00+00:00 [running]> on host 5d539c157d54
[2025-09-24T09:59:33.407+0000] {taskinstance.py:2480} INFO - Exporting env vars: AIRFLOW_CTX_DAG_OWNER='***' AIRFLOW_CTX_DAG_ID='dag_data_cleanse_and_calculate_all' AIRFLOW_CTX_TASK_ID='cleanse_data_d12' AIRFLOW_CTX_EXECUTION_DATE='2025-09-24T08:00:00+00:00' AIRFLOW_CTX_TRY_NUMBER='1' AIRFLOW_CTX_DAG_RUN_ID='scheduled__2025-09-24T08:00:00+00:00'
[2025-09-24T09:59:33.637+0000] {python.py:201} INFO - Done. Returned value was: None
[2025-09-24T09:59:33.652+0000] {taskinstance.py:1138} INFO - Marking task as SUCCESS. dag_id=dag_data_cleanse_and_calculate_all, task_id=cleanse_data_d12, execution_date=20250924T080000, start_date=20250924T095933, end_date=20250924T095933
[2025-09-24T09:59:33.700+0000] {local_task_job_runner.py:234} INFO - Task exited with return code 0
[2025-09-24T09:59:33.735+0000] {taskinstance.py:3280} INFO - 0 downstream tasks scheduled from follow-on schedule check
