[2025-09-24T09:09:31.866+0000] {taskinstance.py:1956} INFO - Dependencies all met for dep_context=non-requeueable deps ti=<TaskInstance: dag_data_cleanse_and_calculate_all.cleanse_data_b10 scheduled__2025-09-24T08:00:00+00:00 [queued]>
[2025-09-24T09:09:31.892+0000] {taskinstance.py:1956} INFO - Dependencies all met for dep_context=requeueable deps ti=<TaskInstance: dag_data_cleanse_and_calculate_all.cleanse_data_b10 scheduled__2025-09-24T08:00:00+00:00 [queued]>
[2025-09-24T09:09:31.892+0000] {taskinstance.py:2170} INFO - Starting attempt 1 of 1
[2025-09-24T09:09:31.928+0000] {taskinstance.py:2191} INFO - Executing <Task(PythonOperator): cleanse_data_b10> on 2025-09-24 08:00:00+00:00
[2025-09-24T09:09:31.947+0000] {standard_task_runner.py:60} INFO - Started process 1603 to run task
[2025-09-24T09:09:31.954+0000] {standard_task_runner.py:87} INFO - Running: ['***', 'tasks', 'run', 'dag_data_cleanse_and_calculate_all', 'cleanse_data_b10', 'scheduled__2025-09-24T08:00:00+00:00', '--job-id', '224', '--raw', '--subdir', 'DAGS_FOLDER/cleansing_data_flow.py', '--cfg-path', '/tmp/tmpg_jb96tu']
[2025-09-24T09:09:31.956+0000] {standard_task_runner.py:88} INFO - Job 224: Subtask cleanse_data_b10
[2025-09-24T09:09:32.063+0000] {task_command.py:423} INFO - Running <TaskInstance: dag_data_cleanse_and_calculate_all.cleanse_data_b10 scheduled__2025-09-24T08:00:00+00:00 [running]> on host feaba2204362
[2025-09-24T09:09:32.240+0000] {taskinstance.py:2480} INFO - Exporting env vars: AIRFLOW_CTX_DAG_OWNER='***' AIRFLOW_CTX_DAG_ID='dag_data_cleanse_and_calculate_all' AIRFLOW_CTX_TASK_ID='cleanse_data_b10' AIRFLOW_CTX_EXECUTION_DATE='2025-09-24T08:00:00+00:00' AIRFLOW_CTX_TRY_NUMBER='1' AIRFLOW_CTX_DAG_RUN_ID='scheduled__2025-09-24T08:00:00+00:00'
[2025-09-24T09:09:32.477+0000] {python.py:201} INFO - Done. Returned value was: None
[2025-09-24T09:09:32.488+0000] {taskinstance.py:1138} INFO - Marking task as SUCCESS. dag_id=dag_data_cleanse_and_calculate_all, task_id=cleanse_data_b10, execution_date=20250924T080000, start_date=20250924T090931, end_date=20250924T090932
[2025-09-24T09:09:32.545+0000] {local_task_job_runner.py:234} INFO - Task exited with return code 0
[2025-09-24T09:09:32.572+0000] {taskinstance.py:3280} INFO - 1 downstream tasks scheduled from follow-on schedule check
[2025-09-24T09:59:28.308+0000] {taskinstance.py:1956} INFO - Dependencies all met for dep_context=non-requeueable deps ti=<TaskInstance: dag_data_cleanse_and_calculate_all.cleanse_data_b10 scheduled__2025-09-24T08:00:00+00:00 [queued]>
[2025-09-24T09:59:28.325+0000] {taskinstance.py:1956} INFO - Dependencies all met for dep_context=requeueable deps ti=<TaskInstance: dag_data_cleanse_and_calculate_all.cleanse_data_b10 scheduled__2025-09-24T08:00:00+00:00 [queued]>
[2025-09-24T09:59:28.326+0000] {taskinstance.py:2170} INFO - Starting attempt 1 of 1
[2025-09-24T09:59:28.343+0000] {taskinstance.py:2191} INFO - Executing <Task(PythonOperator): cleanse_data_b10> on 2025-09-24 08:00:00+00:00
[2025-09-24T09:59:28.355+0000] {standard_task_runner.py:60} INFO - Started process 922 to run task
[2025-09-24T09:59:28.400+0000] {standard_task_runner.py:87} INFO - Running: ['***', 'tasks', 'run', 'dag_data_cleanse_and_calculate_all', 'cleanse_data_b10', 'scheduled__2025-09-24T08:00:00+00:00', '--job-id', '275', '--raw', '--subdir', 'DAGS_FOLDER/cleansing_data_flow.py', '--cfg-path', '/tmp/tmp0cm_c4d0']
[2025-09-24T09:59:28.404+0000] {standard_task_runner.py:88} INFO - Job 275: Subtask cleanse_data_b10
[2025-09-24T09:59:28.558+0000] {task_command.py:423} INFO - Running <TaskInstance: dag_data_cleanse_and_calculate_all.cleanse_data_b10 scheduled__2025-09-24T08:00:00+00:00 [running]> on host 5d539c157d54
[2025-09-24T09:59:28.650+0000] {taskinstance.py:2480} INFO - Exporting env vars: AIRFLOW_CTX_DAG_OWNER='***' AIRFLOW_CTX_DAG_ID='dag_data_cleanse_and_calculate_all' AIRFLOW_CTX_TASK_ID='cleanse_data_b10' AIRFLOW_CTX_EXECUTION_DATE='2025-09-24T08:00:00+00:00' AIRFLOW_CTX_TRY_NUMBER='1' AIRFLOW_CTX_DAG_RUN_ID='scheduled__2025-09-24T08:00:00+00:00'
[2025-09-24T09:59:28.869+0000] {python.py:201} INFO - Done. Returned value was: None
[2025-09-24T09:59:28.875+0000] {taskinstance.py:1138} INFO - Marking task as SUCCESS. dag_id=dag_data_cleanse_and_calculate_all, task_id=cleanse_data_b10, execution_date=20250924T080000, start_date=20250924T095928, end_date=20250924T095928
[2025-09-24T09:59:28.916+0000] {local_task_job_runner.py:234} INFO - Task exited with return code 0
[2025-09-24T09:59:28.929+0000] {taskinstance.py:3280} INFO - 1 downstream tasks scheduled from follow-on schedule check
