[2025-09-23T03:02:54.040+0000] {taskinstance.py:1956} INFO - Dependencies all met for dep_context=non-requeueable deps ti=<TaskInstance: dag_data_cleanse_raw_data_a1.cleanse_data scheduled__2025-09-23T02:00:00+00:00 [queued]>
[2025-09-23T03:02:54.046+0000] {taskinstance.py:1956} INFO - Dependencies all met for dep_context=requeueable deps ti=<TaskInstance: dag_data_cleanse_raw_data_a1.cleanse_data scheduled__2025-09-23T02:00:00+00:00 [queued]>
[2025-09-23T03:02:54.046+0000] {taskinstance.py:2170} INFO - Starting attempt 1 of 1
[2025-09-23T03:02:54.056+0000] {taskinstance.py:2191} INFO - Executing <Task(PythonOperator): cleanse_data> on 2025-09-23 02:00:00+00:00
[2025-09-23T03:02:54.060+0000] {standard_task_runner.py:60} INFO - Started process 77 to run task
[2025-09-23T03:02:54.064+0000] {standard_task_runner.py:87} INFO - Running: ['***', 'tasks', 'run', 'dag_data_cleanse_raw_data_a1', 'cleanse_data', 'scheduled__2025-09-23T02:00:00+00:00', '--job-id', '12', '--raw', '--subdir', 'DAGS_FOLDER/cleansing_data_flow.py', '--cfg-path', '/tmp/tmp4ankfeof']
[2025-09-23T03:02:54.065+0000] {standard_task_runner.py:88} INFO - Job 12: Subtask cleanse_data
[2025-09-23T03:02:54.111+0000] {task_command.py:423} INFO - Running <TaskInstance: dag_data_cleanse_raw_data_a1.cleanse_data scheduled__2025-09-23T02:00:00+00:00 [running]> on host cfb0b5fa7d2f
[2025-09-23T03:02:54.168+0000] {taskinstance.py:2480} INFO - Exporting env vars: AIRFLOW_CTX_DAG_OWNER='***' AIRFLOW_CTX_DAG_ID='dag_data_cleanse_raw_data_a1' AIRFLOW_CTX_TASK_ID='cleanse_data' AIRFLOW_CTX_EXECUTION_DATE='2025-09-23T02:00:00+00:00' AIRFLOW_CTX_TRY_NUMBER='1' AIRFLOW_CTX_DAG_RUN_ID='scheduled__2025-09-23T02:00:00+00:00'
[2025-09-23T03:02:54.337+0000] {python.py:201} INFO - Done. Returned value was: None
[2025-09-23T03:02:54.343+0000] {taskinstance.py:1138} INFO - Marking task as SUCCESS. dag_id=dag_data_cleanse_raw_data_a1, task_id=cleanse_data, execution_date=20250923T020000, start_date=20250923T030254, end_date=20250923T030254
[2025-09-23T03:02:54.356+0000] {local_task_job_runner.py:234} INFO - Task exited with return code 0
[2025-09-23T03:02:54.366+0000] {taskinstance.py:3280} INFO - 0 downstream tasks scheduled from follow-on schedule check
[2025-09-23T03:39:02.478+0000] {taskinstance.py:1956} INFO - Dependencies all met for dep_context=non-requeueable deps ti=<TaskInstance: dag_data_cleanse_raw_data_a1.cleanse_data scheduled__2025-09-23T02:00:00+00:00 [queued]>
[2025-09-23T03:39:02.483+0000] {taskinstance.py:1956} INFO - Dependencies all met for dep_context=requeueable deps ti=<TaskInstance: dag_data_cleanse_raw_data_a1.cleanse_data scheduled__2025-09-23T02:00:00+00:00 [queued]>
[2025-09-23T03:39:02.483+0000] {taskinstance.py:2170} INFO - Starting attempt 1 of 1
[2025-09-23T03:39:02.491+0000] {taskinstance.py:2191} INFO - Executing <Task(PythonOperator): cleanse_data> on 2025-09-23 02:00:00+00:00
[2025-09-23T03:39:02.496+0000] {standard_task_runner.py:60} INFO - Started process 136 to run task
[2025-09-23T03:39:02.500+0000] {standard_task_runner.py:87} INFO - Running: ['***', 'tasks', 'run', 'dag_data_cleanse_raw_data_a1', 'cleanse_data', 'scheduled__2025-09-23T02:00:00+00:00', '--job-id', '5', '--raw', '--subdir', 'DAGS_FOLDER/cleansing_data_flow.py', '--cfg-path', '/tmp/tmpndso0fci']
[2025-09-23T03:39:02.501+0000] {standard_task_runner.py:88} INFO - Job 5: Subtask cleanse_data
[2025-09-23T03:39:02.549+0000] {task_command.py:423} INFO - Running <TaskInstance: dag_data_cleanse_raw_data_a1.cleanse_data scheduled__2025-09-23T02:00:00+00:00 [running]> on host a9f18d8ac0d6
[2025-09-23T03:39:02.593+0000] {taskinstance.py:2480} INFO - Exporting env vars: AIRFLOW_CTX_DAG_OWNER='***' AIRFLOW_CTX_DAG_ID='dag_data_cleanse_raw_data_a1' AIRFLOW_CTX_TASK_ID='cleanse_data' AIRFLOW_CTX_EXECUTION_DATE='2025-09-23T02:00:00+00:00' AIRFLOW_CTX_TRY_NUMBER='1' AIRFLOW_CTX_DAG_RUN_ID='scheduled__2025-09-23T02:00:00+00:00'
[2025-09-23T03:39:03.540+0000] {python.py:201} INFO - Done. Returned value was: None
[2025-09-23T03:39:03.549+0000] {taskinstance.py:1138} INFO - Marking task as SUCCESS. dag_id=dag_data_cleanse_raw_data_a1, task_id=cleanse_data, execution_date=20250923T020000, start_date=20250923T033902, end_date=20250923T033903
[2025-09-23T03:39:03.595+0000] {local_task_job_runner.py:234} INFO - Task exited with return code 0
[2025-09-23T03:39:03.607+0000] {taskinstance.py:3280} INFO - 0 downstream tasks scheduled from follow-on schedule check
