[2025-09-24T09:09:45.115+0000] {taskinstance.py:1956} INFO - Dependencies all met for dep_context=non-requeueable deps ti=<TaskInstance: dag_data_cleanse_and_calculate_all.calculate_data_c2 scheduled__2025-09-24T08:00:00+00:00 [queued]>
[2025-09-24T09:09:45.139+0000] {taskinstance.py:1956} INFO - Dependencies all met for dep_context=requeueable deps ti=<TaskInstance: dag_data_cleanse_and_calculate_all.calculate_data_c2 scheduled__2025-09-24T08:00:00+00:00 [queued]>
[2025-09-24T09:09:45.140+0000] {taskinstance.py:2170} INFO - Starting attempt 1 of 1
[2025-09-24T09:09:45.169+0000] {taskinstance.py:2191} INFO - Executing <Task(PythonOperator): calculate_data_c2> on 2025-09-24 08:00:00+00:00
[2025-09-24T09:09:45.178+0000] {standard_task_runner.py:60} INFO - Started process 1848 to run task
[2025-09-24T09:09:45.184+0000] {standard_task_runner.py:87} INFO - Running: ['***', 'tasks', 'run', 'dag_data_cleanse_and_calculate_all', 'calculate_data_c2', 'scheduled__2025-09-24T08:00:00+00:00', '--job-id', '310', '--raw', '--subdir', 'DAGS_FOLDER/cleansing_data_flow.py', '--cfg-path', '/tmp/tmpv22j7eqw']
[2025-09-24T09:09:45.185+0000] {standard_task_runner.py:88} INFO - Job 310: Subtask calculate_data_c2
[2025-09-24T09:09:45.266+0000] {task_command.py:423} INFO - Running <TaskInstance: dag_data_cleanse_and_calculate_all.calculate_data_c2 scheduled__2025-09-24T08:00:00+00:00 [running]> on host feaba2204362
[2025-09-24T09:09:45.345+0000] {taskinstance.py:2480} INFO - Exporting env vars: AIRFLOW_CTX_DAG_OWNER='***' AIRFLOW_CTX_DAG_ID='dag_data_cleanse_and_calculate_all' AIRFLOW_CTX_TASK_ID='calculate_data_c2' AIRFLOW_CTX_EXECUTION_DATE='2025-09-24T08:00:00+00:00' AIRFLOW_CTX_TRY_NUMBER='1' AIRFLOW_CTX_DAG_RUN_ID='scheduled__2025-09-24T08:00:00+00:00'
[2025-09-24T09:09:45.557+0000] {python.py:201} INFO - Done. Returned value was: None
[2025-09-24T09:09:45.567+0000] {taskinstance.py:1138} INFO - Marking task as SUCCESS. dag_id=dag_data_cleanse_and_calculate_all, task_id=calculate_data_c2, execution_date=20250924T080000, start_date=20250924T090945, end_date=20250924T090945
[2025-09-24T09:09:45.601+0000] {local_task_job_runner.py:234} INFO - Task exited with return code 0
[2025-09-24T09:09:45.647+0000] {taskinstance.py:3280} INFO - 0 downstream tasks scheduled from follow-on schedule check
[2025-09-24T09:59:45.789+0000] {taskinstance.py:1956} INFO - Dependencies all met for dep_context=non-requeueable deps ti=<TaskInstance: dag_data_cleanse_and_calculate_all.calculate_data_c2 scheduled__2025-09-24T08:00:00+00:00 [queued]>
[2025-09-24T09:59:45.803+0000] {taskinstance.py:1956} INFO - Dependencies all met for dep_context=requeueable deps ti=<TaskInstance: dag_data_cleanse_and_calculate_all.calculate_data_c2 scheduled__2025-09-24T08:00:00+00:00 [queued]>
[2025-09-24T09:59:45.805+0000] {taskinstance.py:2170} INFO - Starting attempt 1 of 1
[2025-09-24T09:59:45.817+0000] {taskinstance.py:2191} INFO - Executing <Task(PythonOperator): calculate_data_c2> on 2025-09-24 08:00:00+00:00
[2025-09-24T09:59:45.823+0000] {standard_task_runner.py:60} INFO - Started process 1266 to run task
[2025-09-24T09:59:45.826+0000] {standard_task_runner.py:87} INFO - Running: ['***', 'tasks', 'run', 'dag_data_cleanse_and_calculate_all', 'calculate_data_c2', 'scheduled__2025-09-24T08:00:00+00:00', '--job-id', '386', '--raw', '--subdir', 'DAGS_FOLDER/cleansing_data_flow.py', '--cfg-path', '/tmp/tmppw5u6zde']
[2025-09-24T09:59:45.827+0000] {standard_task_runner.py:88} INFO - Job 386: Subtask calculate_data_c2
[2025-09-24T09:59:45.871+0000] {task_command.py:423} INFO - Running <TaskInstance: dag_data_cleanse_and_calculate_all.calculate_data_c2 scheduled__2025-09-24T08:00:00+00:00 [running]> on host 5d539c157d54
[2025-09-24T09:59:45.941+0000] {taskinstance.py:2480} INFO - Exporting env vars: AIRFLOW_CTX_DAG_OWNER='***' AIRFLOW_CTX_DAG_ID='dag_data_cleanse_and_calculate_all' AIRFLOW_CTX_TASK_ID='calculate_data_c2' AIRFLOW_CTX_EXECUTION_DATE='2025-09-24T08:00:00+00:00' AIRFLOW_CTX_TRY_NUMBER='1' AIRFLOW_CTX_DAG_RUN_ID='scheduled__2025-09-24T08:00:00+00:00'
[2025-09-24T09:59:46.152+0000] {python.py:201} INFO - Done. Returned value was: None
[2025-09-24T09:59:46.159+0000] {taskinstance.py:1138} INFO - Marking task as SUCCESS. dag_id=dag_data_cleanse_and_calculate_all, task_id=calculate_data_c2, execution_date=20250924T080000, start_date=20250924T095945, end_date=20250924T095946
[2025-09-24T09:59:46.199+0000] {local_task_job_runner.py:234} INFO - Task exited with return code 0
[2025-09-24T09:59:46.210+0000] {taskinstance.py:3280} INFO - 0 downstream tasks scheduled from follow-on schedule check
