[2025-09-23T10:00:03.000+0000] {taskinstance.py:1956} INFO - Dependencies all met for dep_context=non-requeueable deps ti=<TaskInstance: dag_data_cleanse_raw_data_a1.cleanse_data_a2 scheduled__2025-09-23T09:00:00+00:00 [queued]>
[2025-09-23T10:00:03.007+0000] {taskinstance.py:1956} INFO - Dependencies all met for dep_context=requeueable deps ti=<TaskInstance: dag_data_cleanse_raw_data_a1.cleanse_data_a2 scheduled__2025-09-23T09:00:00+00:00 [queued]>
[2025-09-23T10:00:03.009+0000] {taskinstance.py:2170} INFO - Starting attempt 1 of 1
[2025-09-23T10:00:03.020+0000] {taskinstance.py:2191} INFO - Executing <Task(PythonOperator): cleanse_data_a2> on 2025-09-23 09:00:00+00:00
[2025-09-23T10:00:03.027+0000] {standard_task_runner.py:60} INFO - Started process 1449 to run task
[2025-09-23T10:00:03.031+0000] {standard_task_runner.py:87} INFO - Running: ['***', 'tasks', 'run', 'dag_data_cleanse_raw_data_a1', 'cleanse_data_a2', 'scheduled__2025-09-23T09:00:00+00:00', '--job-id', '29', '--raw', '--subdir', 'DAGS_FOLDER/cleansing_data_flow.py', '--cfg-path', '/tmp/tmpsmppuywg']
[2025-09-23T10:00:03.033+0000] {standard_task_runner.py:88} INFO - Job 29: Subtask cleanse_data_a2
[2025-09-23T10:00:03.100+0000] {task_command.py:423} INFO - Running <TaskInstance: dag_data_cleanse_raw_data_a1.cleanse_data_a2 scheduled__2025-09-23T09:00:00+00:00 [running]> on host 7d06a9d93371
[2025-09-23T10:00:03.170+0000] {taskinstance.py:2480} INFO - Exporting env vars: AIRFLOW_CTX_DAG_OWNER='***' AIRFLOW_CTX_DAG_ID='dag_data_cleanse_raw_data_a1' AIRFLOW_CTX_TASK_ID='cleanse_data_a2' AIRFLOW_CTX_EXECUTION_DATE='2025-09-23T09:00:00+00:00' AIRFLOW_CTX_TRY_NUMBER='1' AIRFLOW_CTX_DAG_RUN_ID='scheduled__2025-09-23T09:00:00+00:00'
[2025-09-23T10:00:03.287+0000] {python.py:201} INFO - Done. Returned value was: None
[2025-09-23T10:00:03.293+0000] {taskinstance.py:1138} INFO - Marking task as SUCCESS. dag_id=dag_data_cleanse_raw_data_a1, task_id=cleanse_data_a2, execution_date=20250923T090000, start_date=20250923T100003, end_date=20250923T100003
[2025-09-23T10:00:03.325+0000] {local_task_job_runner.py:234} INFO - Task exited with return code 0
[2025-09-23T10:00:03.340+0000] {taskinstance.py:3280} INFO - 1 downstream tasks scheduled from follow-on schedule check
[2025-09-23T10:21:39.803+0000] {taskinstance.py:1956} INFO - Dependencies all met for dep_context=non-requeueable deps ti=<TaskInstance: dag_data_cleanse_raw_data_a1.cleanse_data_a2 scheduled__2025-09-23T09:00:00+00:00 [queued]>
[2025-09-23T10:21:39.811+0000] {taskinstance.py:1956} INFO - Dependencies all met for dep_context=requeueable deps ti=<TaskInstance: dag_data_cleanse_raw_data_a1.cleanse_data_a2 scheduled__2025-09-23T09:00:00+00:00 [queued]>
[2025-09-23T10:21:39.814+0000] {taskinstance.py:2170} INFO - Starting attempt 1 of 1
[2025-09-23T10:21:39.828+0000] {taskinstance.py:2191} INFO - Executing <Task(PythonOperator): cleanse_data_a2> on 2025-09-23 09:00:00+00:00
[2025-09-23T10:21:39.837+0000] {standard_task_runner.py:60} INFO - Started process 113 to run task
[2025-09-23T10:21:39.842+0000] {standard_task_runner.py:87} INFO - Running: ['***', 'tasks', 'run', 'dag_data_cleanse_raw_data_a1', 'cleanse_data_a2', 'scheduled__2025-09-23T09:00:00+00:00', '--job-id', '12', '--raw', '--subdir', 'DAGS_FOLDER/cleansing_data_flow.py', '--cfg-path', '/tmp/tmp13o_ugbn']
[2025-09-23T10:21:39.843+0000] {standard_task_runner.py:88} INFO - Job 12: Subtask cleanse_data_a2
[2025-09-23T10:21:39.895+0000] {task_command.py:423} INFO - Running <TaskInstance: dag_data_cleanse_raw_data_a1.cleanse_data_a2 scheduled__2025-09-23T09:00:00+00:00 [running]> on host 93974d152bc0
[2025-09-23T10:21:39.957+0000] {taskinstance.py:2480} INFO - Exporting env vars: AIRFLOW_CTX_DAG_OWNER='***' AIRFLOW_CTX_DAG_ID='dag_data_cleanse_raw_data_a1' AIRFLOW_CTX_TASK_ID='cleanse_data_a2' AIRFLOW_CTX_EXECUTION_DATE='2025-09-23T09:00:00+00:00' AIRFLOW_CTX_TRY_NUMBER='1' AIRFLOW_CTX_DAG_RUN_ID='scheduled__2025-09-23T09:00:00+00:00'
[2025-09-23T10:21:40.105+0000] {python.py:201} INFO - Done. Returned value was: None
[2025-09-23T10:21:40.112+0000] {taskinstance.py:1138} INFO - Marking task as SUCCESS. dag_id=dag_data_cleanse_raw_data_a1, task_id=cleanse_data_a2, execution_date=20250923T090000, start_date=20250923T102139, end_date=20250923T102140
[2025-09-23T10:21:40.134+0000] {local_task_job_runner.py:234} INFO - Task exited with return code 0
[2025-09-23T10:21:40.157+0000] {taskinstance.py:3280} INFO - 1 downstream tasks scheduled from follow-on schedule check
