[2025-09-24T09:09:34.861+0000] {taskinstance.py:1956} INFO - Dependencies all met for dep_context=non-requeueable deps ti=<TaskInstance: dag_data_cleanse_and_calculate_all.cleanse_data_d11 scheduled__2025-09-24T08:00:00+00:00 [queued]>
[2025-09-24T09:09:34.872+0000] {taskinstance.py:1956} INFO - Dependencies all met for dep_context=requeueable deps ti=<TaskInstance: dag_data_cleanse_and_calculate_all.cleanse_data_d11 scheduled__2025-09-24T08:00:00+00:00 [queued]>
[2025-09-24T09:09:34.873+0000] {taskinstance.py:2170} INFO - Starting attempt 1 of 1
[2025-09-24T09:09:34.886+0000] {taskinstance.py:2191} INFO - Executing <Task(PythonOperator): cleanse_data_d11> on 2025-09-24 08:00:00+00:00
[2025-09-24T09:09:34.901+0000] {standard_task_runner.py:87} INFO - Running: ['***', 'tasks', 'run', 'dag_data_cleanse_and_calculate_all', 'cleanse_data_d11', 'scheduled__2025-09-24T08:00:00+00:00', '--job-id', '240', '--raw', '--subdir', 'DAGS_FOLDER/cleansing_data_flow.py', '--cfg-path', '/tmp/tmpoptgwg_d']
[2025-09-24T09:09:34.903+0000] {standard_task_runner.py:88} INFO - Job 240: Subtask cleanse_data_d11
[2025-09-24T09:09:34.898+0000] {standard_task_runner.py:60} INFO - Started process 1650 to run task
[2025-09-24T09:09:34.977+0000] {task_command.py:423} INFO - Running <TaskInstance: dag_data_cleanse_and_calculate_all.cleanse_data_d11 scheduled__2025-09-24T08:00:00+00:00 [running]> on host feaba2204362
[2025-09-24T09:09:35.088+0000] {taskinstance.py:2480} INFO - Exporting env vars: AIRFLOW_CTX_DAG_OWNER='***' AIRFLOW_CTX_DAG_ID='dag_data_cleanse_and_calculate_all' AIRFLOW_CTX_TASK_ID='cleanse_data_d11' AIRFLOW_CTX_EXECUTION_DATE='2025-09-24T08:00:00+00:00' AIRFLOW_CTX_TRY_NUMBER='1' AIRFLOW_CTX_DAG_RUN_ID='scheduled__2025-09-24T08:00:00+00:00'
[2025-09-24T09:09:35.304+0000] {python.py:201} INFO - Done. Returned value was: None
[2025-09-24T09:09:35.351+0000] {taskinstance.py:1138} INFO - Marking task as SUCCESS. dag_id=dag_data_cleanse_and_calculate_all, task_id=cleanse_data_d11, execution_date=20250924T080000, start_date=20250924T090934, end_date=20250924T090935
[2025-09-24T09:09:35.414+0000] {local_task_job_runner.py:234} INFO - Task exited with return code 0
[2025-09-24T09:09:35.461+0000] {taskinstance.py:3280} INFO - 1 downstream tasks scheduled from follow-on schedule check
[2025-09-24T09:59:33.235+0000] {taskinstance.py:1956} INFO - Dependencies all met for dep_context=non-requeueable deps ti=<TaskInstance: dag_data_cleanse_and_calculate_all.cleanse_data_d11 scheduled__2025-09-24T08:00:00+00:00 [queued]>
[2025-09-24T09:59:33.260+0000] {taskinstance.py:1956} INFO - Dependencies all met for dep_context=requeueable deps ti=<TaskInstance: dag_data_cleanse_and_calculate_all.cleanse_data_d11 scheduled__2025-09-24T08:00:00+00:00 [queued]>
[2025-09-24T09:59:33.261+0000] {taskinstance.py:2170} INFO - Starting attempt 1 of 1
[2025-09-24T09:59:33.293+0000] {taskinstance.py:2191} INFO - Executing <Task(PythonOperator): cleanse_data_d11> on 2025-09-24 08:00:00+00:00
[2025-09-24T09:59:33.306+0000] {standard_task_runner.py:60} INFO - Started process 1020 to run task
[2025-09-24T09:59:33.310+0000] {standard_task_runner.py:87} INFO - Running: ['***', 'tasks', 'run', 'dag_data_cleanse_and_calculate_all', 'cleanse_data_d11', 'scheduled__2025-09-24T08:00:00+00:00', '--job-id', '297', '--raw', '--subdir', 'DAGS_FOLDER/cleansing_data_flow.py', '--cfg-path', '/tmp/tmprauw6shi']
[2025-09-24T09:59:33.314+0000] {standard_task_runner.py:88} INFO - Job 297: Subtask cleanse_data_d11
[2025-09-24T09:59:33.380+0000] {task_command.py:423} INFO - Running <TaskInstance: dag_data_cleanse_and_calculate_all.cleanse_data_d11 scheduled__2025-09-24T08:00:00+00:00 [running]> on host 5d539c157d54
[2025-09-24T09:59:33.497+0000] {taskinstance.py:2480} INFO - Exporting env vars: AIRFLOW_CTX_DAG_OWNER='***' AIRFLOW_CTX_DAG_ID='dag_data_cleanse_and_calculate_all' AIRFLOW_CTX_TASK_ID='cleanse_data_d11' AIRFLOW_CTX_EXECUTION_DATE='2025-09-24T08:00:00+00:00' AIRFLOW_CTX_TRY_NUMBER='1' AIRFLOW_CTX_DAG_RUN_ID='scheduled__2025-09-24T08:00:00+00:00'
[2025-09-24T09:59:33.712+0000] {python.py:201} INFO - Done. Returned value was: None
[2025-09-24T09:59:33.722+0000] {taskinstance.py:1138} INFO - Marking task as SUCCESS. dag_id=dag_data_cleanse_and_calculate_all, task_id=cleanse_data_d11, execution_date=20250924T080000, start_date=20250924T095933, end_date=20250924T095933
[2025-09-24T09:59:33.779+0000] {local_task_job_runner.py:234} INFO - Task exited with return code 0
[2025-09-24T09:59:33.836+0000] {taskinstance.py:3280} INFO - 1 downstream tasks scheduled from follow-on schedule check
