[2025-09-24T09:09:37.055+0000] {taskinstance.py:1956} INFO - Dependencies all met for dep_context=non-requeueable deps ti=<TaskInstance: dag_data_cleanse_and_calculate_all.cleanse_data_d6 scheduled__2025-09-24T08:00:00+00:00 [queued]>
[2025-09-24T09:09:37.064+0000] {taskinstance.py:1956} INFO - Dependencies all met for dep_context=requeueable deps ti=<TaskInstance: dag_data_cleanse_and_calculate_all.cleanse_data_d6 scheduled__2025-09-24T08:00:00+00:00 [queued]>
[2025-09-24T09:09:37.064+0000] {taskinstance.py:2170} INFO - Starting attempt 1 of 1
[2025-09-24T09:09:37.078+0000] {taskinstance.py:2191} INFO - Executing <Task(PythonOperator): cleanse_data_d6> on 2025-09-24 08:00:00+00:00
[2025-09-24T09:09:37.102+0000] {standard_task_runner.py:60} INFO - Started process 1697 to run task
[2025-09-24T09:09:37.103+0000] {standard_task_runner.py:87} INFO - Running: ['***', 'tasks', 'run', 'dag_data_cleanse_and_calculate_all', 'cleanse_data_d6', 'scheduled__2025-09-24T08:00:00+00:00', '--job-id', '256', '--raw', '--subdir', 'DAGS_FOLDER/cleansing_data_flow.py', '--cfg-path', '/tmp/tmpnb8xn2vb']
[2025-09-24T09:09:37.109+0000] {standard_task_runner.py:88} INFO - Job 256: Subtask cleanse_data_d6
[2025-09-24T09:09:37.243+0000] {task_command.py:423} INFO - Running <TaskInstance: dag_data_cleanse_and_calculate_all.cleanse_data_d6 scheduled__2025-09-24T08:00:00+00:00 [running]> on host feaba2204362
[2025-09-24T09:09:37.370+0000] {taskinstance.py:2480} INFO - Exporting env vars: AIRFLOW_CTX_DAG_OWNER='***' AIRFLOW_CTX_DAG_ID='dag_data_cleanse_and_calculate_all' AIRFLOW_CTX_TASK_ID='cleanse_data_d6' AIRFLOW_CTX_EXECUTION_DATE='2025-09-24T08:00:00+00:00' AIRFLOW_CTX_TRY_NUMBER='1' AIRFLOW_CTX_DAG_RUN_ID='scheduled__2025-09-24T08:00:00+00:00'
[2025-09-24T09:09:37.547+0000] {python.py:201} INFO - Done. Returned value was: None
[2025-09-24T09:09:37.560+0000] {taskinstance.py:1138} INFO - Marking task as SUCCESS. dag_id=dag_data_cleanse_and_calculate_all, task_id=cleanse_data_d6, execution_date=20250924T080000, start_date=20250924T090937, end_date=20250924T090937
[2025-09-24T09:09:37.603+0000] {local_task_job_runner.py:234} INFO - Task exited with return code 0
[2025-09-24T09:09:37.624+0000] {taskinstance.py:3280} INFO - 1 downstream tasks scheduled from follow-on schedule check
[2025-09-24T09:59:33.243+0000] {taskinstance.py:1956} INFO - Dependencies all met for dep_context=non-requeueable deps ti=<TaskInstance: dag_data_cleanse_and_calculate_all.cleanse_data_d6 scheduled__2025-09-24T08:00:00+00:00 [queued]>
[2025-09-24T09:59:33.258+0000] {taskinstance.py:1956} INFO - Dependencies all met for dep_context=requeueable deps ti=<TaskInstance: dag_data_cleanse_and_calculate_all.cleanse_data_d6 scheduled__2025-09-24T08:00:00+00:00 [queued]>
[2025-09-24T09:59:33.261+0000] {taskinstance.py:2170} INFO - Starting attempt 1 of 1
[2025-09-24T09:59:33.277+0000] {taskinstance.py:2191} INFO - Executing <Task(PythonOperator): cleanse_data_d6> on 2025-09-24 08:00:00+00:00
[2025-09-24T09:59:33.287+0000] {standard_task_runner.py:60} INFO - Started process 1019 to run task
[2025-09-24T09:59:33.295+0000] {standard_task_runner.py:87} INFO - Running: ['***', 'tasks', 'run', 'dag_data_cleanse_and_calculate_all', 'cleanse_data_d6', 'scheduled__2025-09-24T08:00:00+00:00', '--job-id', '299', '--raw', '--subdir', 'DAGS_FOLDER/cleansing_data_flow.py', '--cfg-path', '/tmp/tmpwdk8w3wp']
[2025-09-24T09:59:33.303+0000] {standard_task_runner.py:88} INFO - Job 299: Subtask cleanse_data_d6
[2025-09-24T09:59:33.382+0000] {task_command.py:423} INFO - Running <TaskInstance: dag_data_cleanse_and_calculate_all.cleanse_data_d6 scheduled__2025-09-24T08:00:00+00:00 [running]> on host 5d539c157d54
[2025-09-24T09:59:33.509+0000] {taskinstance.py:2480} INFO - Exporting env vars: AIRFLOW_CTX_DAG_OWNER='***' AIRFLOW_CTX_DAG_ID='dag_data_cleanse_and_calculate_all' AIRFLOW_CTX_TASK_ID='cleanse_data_d6' AIRFLOW_CTX_EXECUTION_DATE='2025-09-24T08:00:00+00:00' AIRFLOW_CTX_TRY_NUMBER='1' AIRFLOW_CTX_DAG_RUN_ID='scheduled__2025-09-24T08:00:00+00:00'
[2025-09-24T09:59:33.707+0000] {python.py:201} INFO - Done. Returned value was: None
[2025-09-24T09:59:33.716+0000] {taskinstance.py:1138} INFO - Marking task as SUCCESS. dag_id=dag_data_cleanse_and_calculate_all, task_id=cleanse_data_d6, execution_date=20250924T080000, start_date=20250924T095933, end_date=20250924T095933
[2025-09-24T09:59:33.752+0000] {local_task_job_runner.py:234} INFO - Task exited with return code 0
[2025-09-24T09:59:33.813+0000] {taskinstance.py:3280} INFO - 1 downstream tasks scheduled from follow-on schedule check
