[2025-09-24T09:09:48.082+0000] {taskinstance.py:1956} INFO - Dependencies all met for dep_context=non-requeueable deps ti=<TaskInstance: dag_data_cleanse_and_calculate_all.calculate_data_c4 scheduled__2025-09-24T08:00:00+00:00 [queued]>
[2025-09-24T09:09:48.097+0000] {taskinstance.py:1956} INFO - Dependencies all met for dep_context=requeueable deps ti=<TaskInstance: dag_data_cleanse_and_calculate_all.calculate_data_c4 scheduled__2025-09-24T08:00:00+00:00 [queued]>
[2025-09-24T09:09:48.098+0000] {taskinstance.py:2170} INFO - Starting attempt 1 of 1
[2025-09-24T09:09:48.123+0000] {taskinstance.py:2191} INFO - Executing <Task(PythonOperator): calculate_data_c4> on 2025-09-24 08:00:00+00:00
[2025-09-24T09:09:48.133+0000] {standard_task_runner.py:60} INFO - Started process 1900 to run task
[2025-09-24T09:09:48.136+0000] {standard_task_runner.py:87} INFO - Running: ['***', 'tasks', 'run', 'dag_data_cleanse_and_calculate_all', 'calculate_data_c4', 'scheduled__2025-09-24T08:00:00+00:00', '--job-id', '331', '--raw', '--subdir', 'DAGS_FOLDER/cleansing_data_flow.py', '--cfg-path', '/tmp/tmpu8it8r0d']
[2025-09-24T09:09:48.137+0000] {standard_task_runner.py:88} INFO - Job 331: Subtask calculate_data_c4
[2025-09-24T09:09:48.230+0000] {task_command.py:423} INFO - Running <TaskInstance: dag_data_cleanse_and_calculate_all.calculate_data_c4 scheduled__2025-09-24T08:00:00+00:00 [running]> on host feaba2204362
[2025-09-24T09:09:48.317+0000] {taskinstance.py:2480} INFO - Exporting env vars: AIRFLOW_CTX_DAG_OWNER='***' AIRFLOW_CTX_DAG_ID='dag_data_cleanse_and_calculate_all' AIRFLOW_CTX_TASK_ID='calculate_data_c4' AIRFLOW_CTX_EXECUTION_DATE='2025-09-24T08:00:00+00:00' AIRFLOW_CTX_TRY_NUMBER='1' AIRFLOW_CTX_DAG_RUN_ID='scheduled__2025-09-24T08:00:00+00:00'
[2025-09-24T09:09:48.496+0000] {python.py:201} INFO - Done. Returned value was: None
[2025-09-24T09:09:48.502+0000] {taskinstance.py:1138} INFO - Marking task as SUCCESS. dag_id=dag_data_cleanse_and_calculate_all, task_id=calculate_data_c4, execution_date=20250924T080000, start_date=20250924T090948, end_date=20250924T090948
[2025-09-24T09:09:48.554+0000] {local_task_job_runner.py:234} INFO - Task exited with return code 0
[2025-09-24T09:09:48.567+0000] {taskinstance.py:3280} INFO - 0 downstream tasks scheduled from follow-on schedule check
[2025-09-24T09:59:45.948+0000] {taskinstance.py:1956} INFO - Dependencies all met for dep_context=non-requeueable deps ti=<TaskInstance: dag_data_cleanse_and_calculate_all.calculate_data_c4 scheduled__2025-09-24T08:00:00+00:00 [queued]>
[2025-09-24T09:59:45.961+0000] {taskinstance.py:1956} INFO - Dependencies all met for dep_context=requeueable deps ti=<TaskInstance: dag_data_cleanse_and_calculate_all.calculate_data_c4 scheduled__2025-09-24T08:00:00+00:00 [queued]>
[2025-09-24T09:59:45.962+0000] {taskinstance.py:2170} INFO - Starting attempt 1 of 1
[2025-09-24T09:59:45.973+0000] {taskinstance.py:2191} INFO - Executing <Task(PythonOperator): calculate_data_c4> on 2025-09-24 08:00:00+00:00
[2025-09-24T09:59:45.980+0000] {standard_task_runner.py:60} INFO - Started process 1267 to run task
[2025-09-24T09:59:45.984+0000] {standard_task_runner.py:87} INFO - Running: ['***', 'tasks', 'run', 'dag_data_cleanse_and_calculate_all', 'calculate_data_c4', 'scheduled__2025-09-24T08:00:00+00:00', '--job-id', '387', '--raw', '--subdir', 'DAGS_FOLDER/cleansing_data_flow.py', '--cfg-path', '/tmp/tmphm2piypc']
[2025-09-24T09:59:45.985+0000] {standard_task_runner.py:88} INFO - Job 387: Subtask calculate_data_c4
[2025-09-24T09:59:46.051+0000] {task_command.py:423} INFO - Running <TaskInstance: dag_data_cleanse_and_calculate_all.calculate_data_c4 scheduled__2025-09-24T08:00:00+00:00 [running]> on host 5d539c157d54
[2025-09-24T09:59:46.120+0000] {taskinstance.py:2480} INFO - Exporting env vars: AIRFLOW_CTX_DAG_OWNER='***' AIRFLOW_CTX_DAG_ID='dag_data_cleanse_and_calculate_all' AIRFLOW_CTX_TASK_ID='calculate_data_c4' AIRFLOW_CTX_EXECUTION_DATE='2025-09-24T08:00:00+00:00' AIRFLOW_CTX_TRY_NUMBER='1' AIRFLOW_CTX_DAG_RUN_ID='scheduled__2025-09-24T08:00:00+00:00'
[2025-09-24T09:59:46.312+0000] {python.py:201} INFO - Done. Returned value was: None
[2025-09-24T09:59:46.318+0000] {taskinstance.py:1138} INFO - Marking task as SUCCESS. dag_id=dag_data_cleanse_and_calculate_all, task_id=calculate_data_c4, execution_date=20250924T080000, start_date=20250924T095945, end_date=20250924T095946
[2025-09-24T09:59:46.365+0000] {local_task_job_runner.py:234} INFO - Task exited with return code 0
[2025-09-24T09:59:46.374+0000] {taskinstance.py:3280} INFO - 0 downstream tasks scheduled from follow-on schedule check
