[2025-09-24T09:09:47.880+0000] {taskinstance.py:1956} INFO - Dependencies all met for dep_context=non-requeueable deps ti=<TaskInstance: dag_data_cleanse_and_calculate_all.calculate_data_b12 scheduled__2025-09-24T08:00:00+00:00 [queued]>
[2025-09-24T09:09:47.905+0000] {taskinstance.py:1956} INFO - Dependencies all met for dep_context=requeueable deps ti=<TaskInstance: dag_data_cleanse_and_calculate_all.calculate_data_b12 scheduled__2025-09-24T08:00:00+00:00 [queued]>
[2025-09-24T09:09:47.906+0000] {taskinstance.py:2170} INFO - Starting attempt 1 of 1
[2025-09-24T09:09:47.919+0000] {taskinstance.py:2191} INFO - Executing <Task(PythonOperator): calculate_data_b12> on 2025-09-24 08:00:00+00:00
[2025-09-24T09:09:47.931+0000] {standard_task_runner.py:60} INFO - Started process 1888 to run task
[2025-09-24T09:09:47.934+0000] {standard_task_runner.py:87} INFO - Running: ['***', 'tasks', 'run', 'dag_data_cleanse_and_calculate_all', 'calculate_data_b12', 'scheduled__2025-09-24T08:00:00+00:00', '--job-id', '319', '--raw', '--subdir', 'DAGS_FOLDER/cleansing_data_flow.py', '--cfg-path', '/tmp/tmpomna3guj']
[2025-09-24T09:09:47.936+0000] {standard_task_runner.py:88} INFO - Job 319: Subtask calculate_data_b12
[2025-09-24T09:09:48.017+0000] {task_command.py:423} INFO - Running <TaskInstance: dag_data_cleanse_and_calculate_all.calculate_data_b12 scheduled__2025-09-24T08:00:00+00:00 [running]> on host feaba2204362
[2025-09-24T09:09:48.131+0000] {taskinstance.py:2480} INFO - Exporting env vars: AIRFLOW_CTX_DAG_OWNER='***' AIRFLOW_CTX_DAG_ID='dag_data_cleanse_and_calculate_all' AIRFLOW_CTX_TASK_ID='calculate_data_b12' AIRFLOW_CTX_EXECUTION_DATE='2025-09-24T08:00:00+00:00' AIRFLOW_CTX_TRY_NUMBER='1' AIRFLOW_CTX_DAG_RUN_ID='scheduled__2025-09-24T08:00:00+00:00'
[2025-09-24T09:09:48.318+0000] {python.py:201} INFO - Done. Returned value was: None
[2025-09-24T09:09:48.324+0000] {taskinstance.py:1138} INFO - Marking task as SUCCESS. dag_id=dag_data_cleanse_and_calculate_all, task_id=calculate_data_b12, execution_date=20250924T080000, start_date=20250924T090947, end_date=20250924T090948
[2025-09-24T09:09:48.354+0000] {local_task_job_runner.py:234} INFO - Task exited with return code 0
[2025-09-24T09:09:48.366+0000] {taskinstance.py:3280} INFO - 0 downstream tasks scheduled from follow-on schedule check
[2025-09-24T09:59:43.944+0000] {taskinstance.py:1956} INFO - Dependencies all met for dep_context=non-requeueable deps ti=<TaskInstance: dag_data_cleanse_and_calculate_all.calculate_data_b12 scheduled__2025-09-24T08:00:00+00:00 [queued]>
[2025-09-24T09:59:43.953+0000] {taskinstance.py:1956} INFO - Dependencies all met for dep_context=requeueable deps ti=<TaskInstance: dag_data_cleanse_and_calculate_all.calculate_data_b12 scheduled__2025-09-24T08:00:00+00:00 [queued]>
[2025-09-24T09:59:43.953+0000] {taskinstance.py:2170} INFO - Starting attempt 1 of 1
[2025-09-24T09:59:43.962+0000] {taskinstance.py:2191} INFO - Executing <Task(PythonOperator): calculate_data_b12> on 2025-09-24 08:00:00+00:00
[2025-09-24T09:59:43.967+0000] {standard_task_runner.py:60} INFO - Started process 1221 to run task
[2025-09-24T09:59:43.969+0000] {standard_task_runner.py:87} INFO - Running: ['***', 'tasks', 'run', 'dag_data_cleanse_and_calculate_all', 'calculate_data_b12', 'scheduled__2025-09-24T08:00:00+00:00', '--job-id', '373', '--raw', '--subdir', 'DAGS_FOLDER/cleansing_data_flow.py', '--cfg-path', '/tmp/tmp8fo79lt7']
[2025-09-24T09:59:43.971+0000] {standard_task_runner.py:88} INFO - Job 373: Subtask calculate_data_b12
[2025-09-24T09:59:44.014+0000] {task_command.py:423} INFO - Running <TaskInstance: dag_data_cleanse_and_calculate_all.calculate_data_b12 scheduled__2025-09-24T08:00:00+00:00 [running]> on host 5d539c157d54
[2025-09-24T09:59:44.085+0000] {taskinstance.py:2480} INFO - Exporting env vars: AIRFLOW_CTX_DAG_OWNER='***' AIRFLOW_CTX_DAG_ID='dag_data_cleanse_and_calculate_all' AIRFLOW_CTX_TASK_ID='calculate_data_b12' AIRFLOW_CTX_EXECUTION_DATE='2025-09-24T08:00:00+00:00' AIRFLOW_CTX_TRY_NUMBER='1' AIRFLOW_CTX_DAG_RUN_ID='scheduled__2025-09-24T08:00:00+00:00'
[2025-09-24T09:59:44.341+0000] {python.py:201} INFO - Done. Returned value was: None
[2025-09-24T09:59:44.359+0000] {taskinstance.py:1138} INFO - Marking task as SUCCESS. dag_id=dag_data_cleanse_and_calculate_all, task_id=calculate_data_b12, execution_date=20250924T080000, start_date=20250924T095943, end_date=20250924T095944
[2025-09-24T09:59:44.385+0000] {local_task_job_runner.py:234} INFO - Task exited with return code 0
[2025-09-24T09:59:44.425+0000] {taskinstance.py:3280} INFO - 0 downstream tasks scheduled from follow-on schedule check
