[2025-09-24T09:09:37.566+0000] {taskinstance.py:1956} INFO - Dependencies all met for dep_context=non-requeueable deps ti=<TaskInstance: dag_data_cleanse_and_calculate_all.cleanse_data_c8 scheduled__2025-09-24T08:00:00+00:00 [queued]>
[2025-09-24T09:09:37.578+0000] {taskinstance.py:1956} INFO - Dependencies all met for dep_context=requeueable deps ti=<TaskInstance: dag_data_cleanse_and_calculate_all.cleanse_data_c8 scheduled__2025-09-24T08:00:00+00:00 [queued]>
[2025-09-24T09:09:37.580+0000] {taskinstance.py:2170} INFO - Starting attempt 1 of 1
[2025-09-24T09:09:37.595+0000] {taskinstance.py:2191} INFO - Executing <Task(PythonOperator): cleanse_data_c8> on 2025-09-24 08:00:00+00:00
[2025-09-24T09:09:37.602+0000] {standard_task_runner.py:60} INFO - Started process 1707 to run task
[2025-09-24T09:09:37.607+0000] {standard_task_runner.py:87} INFO - Running: ['***', 'tasks', 'run', 'dag_data_cleanse_and_calculate_all', 'cleanse_data_c8', 'scheduled__2025-09-24T08:00:00+00:00', '--job-id', '266', '--raw', '--subdir', 'DAGS_FOLDER/cleansing_data_flow.py', '--cfg-path', '/tmp/tmp0z288il2']
[2025-09-24T09:09:37.608+0000] {standard_task_runner.py:88} INFO - Job 266: Subtask cleanse_data_c8
[2025-09-24T09:09:37.670+0000] {task_command.py:423} INFO - Running <TaskInstance: dag_data_cleanse_and_calculate_all.cleanse_data_c8 scheduled__2025-09-24T08:00:00+00:00 [running]> on host feaba2204362
[2025-09-24T09:09:37.744+0000] {taskinstance.py:2480} INFO - Exporting env vars: AIRFLOW_CTX_DAG_OWNER='***' AIRFLOW_CTX_DAG_ID='dag_data_cleanse_and_calculate_all' AIRFLOW_CTX_TASK_ID='cleanse_data_c8' AIRFLOW_CTX_EXECUTION_DATE='2025-09-24T08:00:00+00:00' AIRFLOW_CTX_TRY_NUMBER='1' AIRFLOW_CTX_DAG_RUN_ID='scheduled__2025-09-24T08:00:00+00:00'
[2025-09-24T09:09:37.923+0000] {python.py:201} INFO - Done. Returned value was: None
[2025-09-24T09:09:37.931+0000] {taskinstance.py:1138} INFO - Marking task as SUCCESS. dag_id=dag_data_cleanse_and_calculate_all, task_id=cleanse_data_c8, execution_date=20250924T080000, start_date=20250924T090937, end_date=20250924T090937
[2025-09-24T09:09:37.982+0000] {local_task_job_runner.py:234} INFO - Task exited with return code 0
[2025-09-24T09:09:37.996+0000] {taskinstance.py:3280} INFO - 1 downstream tasks scheduled from follow-on schedule check
[2025-09-24T09:59:33.947+0000] {taskinstance.py:1956} INFO - Dependencies all met for dep_context=non-requeueable deps ti=<TaskInstance: dag_data_cleanse_and_calculate_all.cleanse_data_c8 scheduled__2025-09-24T08:00:00+00:00 [queued]>
[2025-09-24T09:59:33.959+0000] {taskinstance.py:1956} INFO - Dependencies all met for dep_context=requeueable deps ti=<TaskInstance: dag_data_cleanse_and_calculate_all.cleanse_data_c8 scheduled__2025-09-24T08:00:00+00:00 [queued]>
[2025-09-24T09:59:33.960+0000] {taskinstance.py:2170} INFO - Starting attempt 1 of 1
[2025-09-24T09:59:33.977+0000] {taskinstance.py:2191} INFO - Executing <Task(PythonOperator): cleanse_data_c8> on 2025-09-24 08:00:00+00:00
[2025-09-24T09:59:33.989+0000] {standard_task_runner.py:60} INFO - Started process 1034 to run task
[2025-09-24T09:59:33.992+0000] {standard_task_runner.py:87} INFO - Running: ['***', 'tasks', 'run', 'dag_data_cleanse_and_calculate_all', 'cleanse_data_c8', 'scheduled__2025-09-24T08:00:00+00:00', '--job-id', '310', '--raw', '--subdir', 'DAGS_FOLDER/cleansing_data_flow.py', '--cfg-path', '/tmp/tmp1_7gzaac']
[2025-09-24T09:59:33.995+0000] {standard_task_runner.py:88} INFO - Job 310: Subtask cleanse_data_c8
[2025-09-24T09:59:34.063+0000] {task_command.py:423} INFO - Running <TaskInstance: dag_data_cleanse_and_calculate_all.cleanse_data_c8 scheduled__2025-09-24T08:00:00+00:00 [running]> on host 5d539c157d54
[2025-09-24T09:59:34.145+0000] {taskinstance.py:2480} INFO - Exporting env vars: AIRFLOW_CTX_DAG_OWNER='***' AIRFLOW_CTX_DAG_ID='dag_data_cleanse_and_calculate_all' AIRFLOW_CTX_TASK_ID='cleanse_data_c8' AIRFLOW_CTX_EXECUTION_DATE='2025-09-24T08:00:00+00:00' AIRFLOW_CTX_TRY_NUMBER='1' AIRFLOW_CTX_DAG_RUN_ID='scheduled__2025-09-24T08:00:00+00:00'
[2025-09-24T09:59:34.452+0000] {python.py:201} INFO - Done. Returned value was: None
[2025-09-24T09:59:34.473+0000] {taskinstance.py:1138} INFO - Marking task as SUCCESS. dag_id=dag_data_cleanse_and_calculate_all, task_id=cleanse_data_c8, execution_date=20250924T080000, start_date=20250924T095933, end_date=20250924T095934
[2025-09-24T09:59:34.540+0000] {local_task_job_runner.py:234} INFO - Task exited with return code 0
[2025-09-24T09:59:34.564+0000] {taskinstance.py:3280} INFO - 1 downstream tasks scheduled from follow-on schedule check
