[2025-09-19T03:06:15.408+0000] {taskinstance.py:1956} INFO - Dependencies all met for dep_context=non-requeueable deps ti=<TaskInstance: dag_production_views_daily.create_summary_machine_A scheduled__2025-09-18T00:00:00+00:00 [queued]>
[2025-09-19T03:06:15.413+0000] {taskinstance.py:1956} INFO - Dependencies all met for dep_context=requeueable deps ti=<TaskInstance: dag_production_views_daily.create_summary_machine_A scheduled__2025-09-18T00:00:00+00:00 [queued]>
[2025-09-19T03:06:15.413+0000] {taskinstance.py:2170} INFO - Starting attempt 1 of 1
[2025-09-19T03:06:15.423+0000] {taskinstance.py:2191} INFO - Executing <Task(PythonOperator): create_summary_machine_A> on 2025-09-18 00:00:00+00:00
[2025-09-19T03:06:15.426+0000] {standard_task_runner.py:60} INFO - Started process 92 to run task
[2025-09-19T03:06:15.429+0000] {standard_task_runner.py:87} INFO - Running: ['***', 'tasks', 'run', 'dag_production_views_daily', 'create_summary_machine_A', 'scheduled__2025-09-18T00:00:00+00:00', '--job-id', '7', '--raw', '--subdir', 'DAGS_FOLDER/sql_flow.py', '--cfg-path', '/tmp/tmp4eczsjue']
[2025-09-19T03:06:15.431+0000] {standard_task_runner.py:88} INFO - Job 7: Subtask create_summary_machine_A
[2025-09-19T03:06:15.473+0000] {task_command.py:423} INFO - Running <TaskInstance: dag_production_views_daily.create_summary_machine_A scheduled__2025-09-18T00:00:00+00:00 [running]> on host 4bf3985e0f1c
[2025-09-19T03:06:15.516+0000] {taskinstance.py:2480} INFO - Exporting env vars: AIRFLOW_CTX_DAG_OWNER='***' AIRFLOW_CTX_DAG_ID='dag_production_views_daily' AIRFLOW_CTX_TASK_ID='create_summary_machine_A' AIRFLOW_CTX_EXECUTION_DATE='2025-09-18T00:00:00+00:00' AIRFLOW_CTX_TRY_NUMBER='1' AIRFLOW_CTX_DAG_RUN_ID='scheduled__2025-09-18T00:00:00+00:00'
[2025-09-19T03:06:15.575+0000] {logging_mixin.py:188} INFO - ✅ View summary_machine_A ถูกสร้างแล้ว
[2025-09-19T03:06:15.576+0000] {python.py:201} INFO - Done. Returned value was: None
[2025-09-19T03:06:15.581+0000] {taskinstance.py:1138} INFO - Marking task as SUCCESS. dag_id=dag_production_views_daily, task_id=create_summary_machine_A, execution_date=20250918T000000, start_date=20250919T030615, end_date=20250919T030615
[2025-09-19T03:06:15.601+0000] {local_task_job_runner.py:234} INFO - Task exited with return code 0
[2025-09-19T03:06:15.612+0000] {taskinstance.py:3280} INFO - 0 downstream tasks scheduled from follow-on schedule check
[2025-09-19T03:17:19.365+0000] {taskinstance.py:1956} INFO - Dependencies all met for dep_context=non-requeueable deps ti=<TaskInstance: dag_production_views_daily.create_summary_machine_A scheduled__2025-09-18T00:00:00+00:00 [queued]>
[2025-09-19T03:17:19.371+0000] {taskinstance.py:1956} INFO - Dependencies all met for dep_context=requeueable deps ti=<TaskInstance: dag_production_views_daily.create_summary_machine_A scheduled__2025-09-18T00:00:00+00:00 [queued]>
[2025-09-19T03:17:19.371+0000] {taskinstance.py:2170} INFO - Starting attempt 1 of 1
[2025-09-19T03:17:19.380+0000] {taskinstance.py:2191} INFO - Executing <Task(PythonOperator): create_summary_machine_A> on 2025-09-18 00:00:00+00:00
[2025-09-19T03:17:19.384+0000] {standard_task_runner.py:60} INFO - Started process 212 to run task
[2025-09-19T03:17:19.387+0000] {standard_task_runner.py:87} INFO - Running: ['***', 'tasks', 'run', 'dag_production_views_daily', 'create_summary_machine_A', 'scheduled__2025-09-18T00:00:00+00:00', '--job-id', '7', '--raw', '--subdir', 'DAGS_FOLDER/sql_flow.py', '--cfg-path', '/tmp/tmpxzokb0im']
[2025-09-19T03:17:19.390+0000] {standard_task_runner.py:88} INFO - Job 7: Subtask create_summary_machine_A
[2025-09-19T03:17:19.434+0000] {task_command.py:423} INFO - Running <TaskInstance: dag_production_views_daily.create_summary_machine_A scheduled__2025-09-18T00:00:00+00:00 [running]> on host db38fcf39f94
[2025-09-19T03:17:19.481+0000] {taskinstance.py:2480} INFO - Exporting env vars: AIRFLOW_CTX_DAG_OWNER='***' AIRFLOW_CTX_DAG_ID='dag_production_views_daily' AIRFLOW_CTX_TASK_ID='create_summary_machine_A' AIRFLOW_CTX_EXECUTION_DATE='2025-09-18T00:00:00+00:00' AIRFLOW_CTX_TRY_NUMBER='1' AIRFLOW_CTX_DAG_RUN_ID='scheduled__2025-09-18T00:00:00+00:00'
[2025-09-19T03:17:19.549+0000] {logging_mixin.py:188} INFO - ✅ View summary_machine_A ถูกสร้างแล้ว
[2025-09-19T03:17:19.550+0000] {python.py:201} INFO - Done. Returned value was: None
[2025-09-19T03:17:19.558+0000] {taskinstance.py:1138} INFO - Marking task as SUCCESS. dag_id=dag_production_views_daily, task_id=create_summary_machine_A, execution_date=20250918T000000, start_date=20250919T031719, end_date=20250919T031719
[2025-09-19T03:17:19.600+0000] {local_task_job_runner.py:234} INFO - Task exited with return code 0
[2025-09-19T03:17:19.613+0000] {taskinstance.py:3280} INFO - 0 downstream tasks scheduled from follow-on schedule check
