[2025-09-24T09:09:47.926+0000] {taskinstance.py:1956} INFO - Dependencies all met for dep_context=non-requeueable deps ti=<TaskInstance: dag_data_cleanse_and_calculate_all.calculate_data_b7 scheduled__2025-09-24T08:00:00+00:00 [queued]>
[2025-09-24T09:09:47.937+0000] {taskinstance.py:1956} INFO - Dependencies all met for dep_context=requeueable deps ti=<TaskInstance: dag_data_cleanse_and_calculate_all.calculate_data_b7 scheduled__2025-09-24T08:00:00+00:00 [queued]>
[2025-09-24T09:09:47.938+0000] {taskinstance.py:2170} INFO - Starting attempt 1 of 1
[2025-09-24T09:09:47.956+0000] {taskinstance.py:2191} INFO - Executing <Task(PythonOperator): calculate_data_b7> on 2025-09-24 08:00:00+00:00
[2025-09-24T09:09:47.968+0000] {standard_task_runner.py:60} INFO - Started process 1892 to run task
[2025-09-24T09:09:47.971+0000] {standard_task_runner.py:87} INFO - Running: ['***', 'tasks', 'run', 'dag_data_cleanse_and_calculate_all', 'calculate_data_b7', 'scheduled__2025-09-24T08:00:00+00:00', '--job-id', '324', '--raw', '--subdir', 'DAGS_FOLDER/cleansing_data_flow.py', '--cfg-path', '/tmp/tmpfel3tt05']
[2025-09-24T09:09:47.972+0000] {standard_task_runner.py:88} INFO - Job 324: Subtask calculate_data_b7
[2025-09-24T09:09:48.058+0000] {task_command.py:423} INFO - Running <TaskInstance: dag_data_cleanse_and_calculate_all.calculate_data_b7 scheduled__2025-09-24T08:00:00+00:00 [running]> on host feaba2204362
[2025-09-24T09:09:48.151+0000] {taskinstance.py:2480} INFO - Exporting env vars: AIRFLOW_CTX_DAG_OWNER='***' AIRFLOW_CTX_DAG_ID='dag_data_cleanse_and_calculate_all' AIRFLOW_CTX_TASK_ID='calculate_data_b7' AIRFLOW_CTX_EXECUTION_DATE='2025-09-24T08:00:00+00:00' AIRFLOW_CTX_TRY_NUMBER='1' AIRFLOW_CTX_DAG_RUN_ID='scheduled__2025-09-24T08:00:00+00:00'
[2025-09-24T09:09:48.363+0000] {python.py:201} INFO - Done. Returned value was: None
[2025-09-24T09:09:48.371+0000] {taskinstance.py:1138} INFO - Marking task as SUCCESS. dag_id=dag_data_cleanse_and_calculate_all, task_id=calculate_data_b7, execution_date=20250924T080000, start_date=20250924T090947, end_date=20250924T090948
[2025-09-24T09:09:48.393+0000] {local_task_job_runner.py:234} INFO - Task exited with return code 0
[2025-09-24T09:09:48.405+0000] {taskinstance.py:3280} INFO - 0 downstream tasks scheduled from follow-on schedule check
[2025-09-24T09:59:45.589+0000] {taskinstance.py:1956} INFO - Dependencies all met for dep_context=non-requeueable deps ti=<TaskInstance: dag_data_cleanse_and_calculate_all.calculate_data_b7 scheduled__2025-09-24T08:00:00+00:00 [queued]>
[2025-09-24T09:59:45.601+0000] {taskinstance.py:1956} INFO - Dependencies all met for dep_context=requeueable deps ti=<TaskInstance: dag_data_cleanse_and_calculate_all.calculate_data_b7 scheduled__2025-09-24T08:00:00+00:00 [queued]>
[2025-09-24T09:59:45.601+0000] {taskinstance.py:2170} INFO - Starting attempt 1 of 1
[2025-09-24T09:59:45.615+0000] {taskinstance.py:2191} INFO - Executing <Task(PythonOperator): calculate_data_b7> on 2025-09-24 08:00:00+00:00
[2025-09-24T09:59:45.625+0000] {standard_task_runner.py:60} INFO - Started process 1262 to run task
[2025-09-24T09:59:45.637+0000] {standard_task_runner.py:87} INFO - Running: ['***', 'tasks', 'run', 'dag_data_cleanse_and_calculate_all', 'calculate_data_b7', 'scheduled__2025-09-24T08:00:00+00:00', '--job-id', '383', '--raw', '--subdir', 'DAGS_FOLDER/cleansing_data_flow.py', '--cfg-path', '/tmp/tmpc29nkwde']
[2025-09-24T09:59:45.638+0000] {standard_task_runner.py:88} INFO - Job 383: Subtask calculate_data_b7
[2025-09-24T09:59:45.699+0000] {task_command.py:423} INFO - Running <TaskInstance: dag_data_cleanse_and_calculate_all.calculate_data_b7 scheduled__2025-09-24T08:00:00+00:00 [running]> on host 5d539c157d54
[2025-09-24T09:59:45.790+0000] {taskinstance.py:2480} INFO - Exporting env vars: AIRFLOW_CTX_DAG_OWNER='***' AIRFLOW_CTX_DAG_ID='dag_data_cleanse_and_calculate_all' AIRFLOW_CTX_TASK_ID='calculate_data_b7' AIRFLOW_CTX_EXECUTION_DATE='2025-09-24T08:00:00+00:00' AIRFLOW_CTX_TRY_NUMBER='1' AIRFLOW_CTX_DAG_RUN_ID='scheduled__2025-09-24T08:00:00+00:00'
[2025-09-24T09:59:46.010+0000] {python.py:201} INFO - Done. Returned value was: None
[2025-09-24T09:59:46.019+0000] {taskinstance.py:1138} INFO - Marking task as SUCCESS. dag_id=dag_data_cleanse_and_calculate_all, task_id=calculate_data_b7, execution_date=20250924T080000, start_date=20250924T095945, end_date=20250924T095946
[2025-09-24T09:59:46.056+0000] {local_task_job_runner.py:234} INFO - Task exited with return code 0
[2025-09-24T09:59:46.071+0000] {taskinstance.py:3280} INFO - 0 downstream tasks scheduled from follow-on schedule check
