[2025-09-24T09:09:47.905+0000] {taskinstance.py:1956} INFO - Dependencies all met for dep_context=non-requeueable deps ti=<TaskInstance: dag_data_cleanse_and_calculate_all.calculate_data_c7 scheduled__2025-09-24T08:00:00+00:00 [queued]>
[2025-09-24T09:09:47.920+0000] {taskinstance.py:1956} INFO - Dependencies all met for dep_context=requeueable deps ti=<TaskInstance: dag_data_cleanse_and_calculate_all.calculate_data_c7 scheduled__2025-09-24T08:00:00+00:00 [queued]>
[2025-09-24T09:09:47.920+0000] {taskinstance.py:2170} INFO - Starting attempt 1 of 1
[2025-09-24T09:09:47.936+0000] {taskinstance.py:2191} INFO - Executing <Task(PythonOperator): calculate_data_c7> on 2025-09-24 08:00:00+00:00
[2025-09-24T09:09:47.944+0000] {standard_task_runner.py:60} INFO - Started process 1890 to run task
[2025-09-24T09:09:47.954+0000] {standard_task_runner.py:87} INFO - Running: ['***', 'tasks', 'run', 'dag_data_cleanse_and_calculate_all', 'calculate_data_c7', 'scheduled__2025-09-24T08:00:00+00:00', '--job-id', '321', '--raw', '--subdir', 'DAGS_FOLDER/cleansing_data_flow.py', '--cfg-path', '/tmp/tmp0wz83r0m']
[2025-09-24T09:09:47.956+0000] {standard_task_runner.py:88} INFO - Job 321: Subtask calculate_data_c7
[2025-09-24T09:09:48.032+0000] {task_command.py:423} INFO - Running <TaskInstance: dag_data_cleanse_and_calculate_all.calculate_data_c7 scheduled__2025-09-24T08:00:00+00:00 [running]> on host feaba2204362
[2025-09-24T09:09:48.130+0000] {taskinstance.py:2480} INFO - Exporting env vars: AIRFLOW_CTX_DAG_OWNER='***' AIRFLOW_CTX_DAG_ID='dag_data_cleanse_and_calculate_all' AIRFLOW_CTX_TASK_ID='calculate_data_c7' AIRFLOW_CTX_EXECUTION_DATE='2025-09-24T08:00:00+00:00' AIRFLOW_CTX_TRY_NUMBER='1' AIRFLOW_CTX_DAG_RUN_ID='scheduled__2025-09-24T08:00:00+00:00'
[2025-09-24T09:09:48.358+0000] {python.py:201} INFO - Done. Returned value was: None
[2025-09-24T09:09:48.365+0000] {taskinstance.py:1138} INFO - Marking task as SUCCESS. dag_id=dag_data_cleanse_and_calculate_all, task_id=calculate_data_c7, execution_date=20250924T080000, start_date=20250924T090947, end_date=20250924T090948
[2025-09-24T09:09:48.416+0000] {local_task_job_runner.py:234} INFO - Task exited with return code 0
[2025-09-24T09:09:48.436+0000] {taskinstance.py:3280} INFO - 0 downstream tasks scheduled from follow-on schedule check
[2025-09-24T09:59:43.272+0000] {taskinstance.py:1956} INFO - Dependencies all met for dep_context=non-requeueable deps ti=<TaskInstance: dag_data_cleanse_and_calculate_all.calculate_data_c7 scheduled__2025-09-24T08:00:00+00:00 [queued]>
[2025-09-24T09:59:43.287+0000] {taskinstance.py:1956} INFO - Dependencies all met for dep_context=requeueable deps ti=<TaskInstance: dag_data_cleanse_and_calculate_all.calculate_data_c7 scheduled__2025-09-24T08:00:00+00:00 [queued]>
[2025-09-24T09:59:43.288+0000] {taskinstance.py:2170} INFO - Starting attempt 1 of 1
[2025-09-24T09:59:43.304+0000] {taskinstance.py:2191} INFO - Executing <Task(PythonOperator): calculate_data_c7> on 2025-09-24 08:00:00+00:00
[2025-09-24T09:59:43.311+0000] {standard_task_runner.py:60} INFO - Started process 1209 to run task
[2025-09-24T09:59:43.315+0000] {standard_task_runner.py:87} INFO - Running: ['***', 'tasks', 'run', 'dag_data_cleanse_and_calculate_all', 'calculate_data_c7', 'scheduled__2025-09-24T08:00:00+00:00', '--job-id', '360', '--raw', '--subdir', 'DAGS_FOLDER/cleansing_data_flow.py', '--cfg-path', '/tmp/tmp4dlotdx1']
[2025-09-24T09:59:43.317+0000] {standard_task_runner.py:88} INFO - Job 360: Subtask calculate_data_c7
[2025-09-24T09:59:43.403+0000] {task_command.py:423} INFO - Running <TaskInstance: dag_data_cleanse_and_calculate_all.calculate_data_c7 scheduled__2025-09-24T08:00:00+00:00 [running]> on host 5d539c157d54
[2025-09-24T09:59:43.478+0000] {taskinstance.py:2480} INFO - Exporting env vars: AIRFLOW_CTX_DAG_OWNER='***' AIRFLOW_CTX_DAG_ID='dag_data_cleanse_and_calculate_all' AIRFLOW_CTX_TASK_ID='calculate_data_c7' AIRFLOW_CTX_EXECUTION_DATE='2025-09-24T08:00:00+00:00' AIRFLOW_CTX_TRY_NUMBER='1' AIRFLOW_CTX_DAG_RUN_ID='scheduled__2025-09-24T08:00:00+00:00'
[2025-09-24T09:59:43.720+0000] {python.py:201} INFO - Done. Returned value was: None
[2025-09-24T09:59:43.729+0000] {taskinstance.py:1138} INFO - Marking task as SUCCESS. dag_id=dag_data_cleanse_and_calculate_all, task_id=calculate_data_c7, execution_date=20250924T080000, start_date=20250924T095943, end_date=20250924T095943
[2025-09-24T09:59:43.776+0000] {local_task_job_runner.py:234} INFO - Task exited with return code 0
[2025-09-24T09:59:43.791+0000] {taskinstance.py:3280} INFO - 0 downstream tasks scheduled from follow-on schedule check
