[2025-09-24T09:09:50.230+0000] {taskinstance.py:1956} INFO - Dependencies all met for dep_context=non-requeueable deps ti=<TaskInstance: dag_data_cleanse_and_calculate_all.calculate_data_d10 scheduled__2025-09-24T08:00:00+00:00 [queued]>
[2025-09-24T09:09:50.240+0000] {taskinstance.py:1956} INFO - Dependencies all met for dep_context=requeueable deps ti=<TaskInstance: dag_data_cleanse_and_calculate_all.calculate_data_d10 scheduled__2025-09-24T08:00:00+00:00 [queued]>
[2025-09-24T09:09:50.241+0000] {taskinstance.py:2170} INFO - Starting attempt 1 of 1
[2025-09-24T09:09:50.263+0000] {taskinstance.py:2191} INFO - Executing <Task(PythonOperator): calculate_data_d10> on 2025-09-24 08:00:00+00:00
[2025-09-24T09:09:50.271+0000] {standard_task_runner.py:60} INFO - Started process 1946 to run task
[2025-09-24T09:09:50.284+0000] {standard_task_runner.py:87} INFO - Running: ['***', 'tasks', 'run', 'dag_data_cleanse_and_calculate_all', 'calculate_data_d10', 'scheduled__2025-09-24T08:00:00+00:00', '--job-id', '340', '--raw', '--subdir', 'DAGS_FOLDER/cleansing_data_flow.py', '--cfg-path', '/tmp/tmpgx6k_plx']
[2025-09-24T09:09:50.290+0000] {standard_task_runner.py:88} INFO - Job 340: Subtask calculate_data_d10
[2025-09-24T09:09:50.375+0000] {task_command.py:423} INFO - Running <TaskInstance: dag_data_cleanse_and_calculate_all.calculate_data_d10 scheduled__2025-09-24T08:00:00+00:00 [running]> on host feaba2204362
[2025-09-24T09:09:50.458+0000] {taskinstance.py:2480} INFO - Exporting env vars: AIRFLOW_CTX_DAG_OWNER='***' AIRFLOW_CTX_DAG_ID='dag_data_cleanse_and_calculate_all' AIRFLOW_CTX_TASK_ID='calculate_data_d10' AIRFLOW_CTX_EXECUTION_DATE='2025-09-24T08:00:00+00:00' AIRFLOW_CTX_TRY_NUMBER='1' AIRFLOW_CTX_DAG_RUN_ID='scheduled__2025-09-24T08:00:00+00:00'
[2025-09-24T09:09:50.619+0000] {python.py:201} INFO - Done. Returned value was: None
[2025-09-24T09:09:50.631+0000] {taskinstance.py:1138} INFO - Marking task as SUCCESS. dag_id=dag_data_cleanse_and_calculate_all, task_id=calculate_data_d10, execution_date=20250924T080000, start_date=20250924T090950, end_date=20250924T090950
[2025-09-24T09:09:50.663+0000] {local_task_job_runner.py:234} INFO - Task exited with return code 0
[2025-09-24T09:09:50.695+0000] {taskinstance.py:3280} INFO - 0 downstream tasks scheduled from follow-on schedule check
[2025-09-24T09:59:48.430+0000] {taskinstance.py:1956} INFO - Dependencies all met for dep_context=non-requeueable deps ti=<TaskInstance: dag_data_cleanse_and_calculate_all.calculate_data_d10 scheduled__2025-09-24T08:00:00+00:00 [queued]>
[2025-09-24T09:59:48.458+0000] {taskinstance.py:1956} INFO - Dependencies all met for dep_context=requeueable deps ti=<TaskInstance: dag_data_cleanse_and_calculate_all.calculate_data_d10 scheduled__2025-09-24T08:00:00+00:00 [queued]>
[2025-09-24T09:59:48.459+0000] {taskinstance.py:2170} INFO - Starting attempt 1 of 1
[2025-09-24T09:59:48.481+0000] {taskinstance.py:2191} INFO - Executing <Task(PythonOperator): calculate_data_d10> on 2025-09-24 08:00:00+00:00
[2025-09-24T09:59:48.495+0000] {standard_task_runner.py:60} INFO - Started process 1303 to run task
[2025-09-24T09:59:48.499+0000] {standard_task_runner.py:87} INFO - Running: ['***', 'tasks', 'run', 'dag_data_cleanse_and_calculate_all', 'calculate_data_d10', 'scheduled__2025-09-24T08:00:00+00:00', '--job-id', '391', '--raw', '--subdir', 'DAGS_FOLDER/cleansing_data_flow.py', '--cfg-path', '/tmp/tmpotufd350']
[2025-09-24T09:59:48.504+0000] {standard_task_runner.py:88} INFO - Job 391: Subtask calculate_data_d10
[2025-09-24T09:59:48.592+0000] {task_command.py:423} INFO - Running <TaskInstance: dag_data_cleanse_and_calculate_all.calculate_data_d10 scheduled__2025-09-24T08:00:00+00:00 [running]> on host 5d539c157d54
[2025-09-24T09:59:48.684+0000] {taskinstance.py:2480} INFO - Exporting env vars: AIRFLOW_CTX_DAG_OWNER='***' AIRFLOW_CTX_DAG_ID='dag_data_cleanse_and_calculate_all' AIRFLOW_CTX_TASK_ID='calculate_data_d10' AIRFLOW_CTX_EXECUTION_DATE='2025-09-24T08:00:00+00:00' AIRFLOW_CTX_TRY_NUMBER='1' AIRFLOW_CTX_DAG_RUN_ID='scheduled__2025-09-24T08:00:00+00:00'
[2025-09-24T09:59:48.864+0000] {python.py:201} INFO - Done. Returned value was: None
[2025-09-24T09:59:48.872+0000] {taskinstance.py:1138} INFO - Marking task as SUCCESS. dag_id=dag_data_cleanse_and_calculate_all, task_id=calculate_data_d10, execution_date=20250924T080000, start_date=20250924T095948, end_date=20250924T095948
[2025-09-24T09:59:48.918+0000] {local_task_job_runner.py:234} INFO - Task exited with return code 0
[2025-09-24T09:59:48.931+0000] {taskinstance.py:3280} INFO - 0 downstream tasks scheduled from follow-on schedule check
