[2025-09-24T09:09:45.119+0000] {taskinstance.py:1956} INFO - Dependencies all met for dep_context=non-requeueable deps ti=<TaskInstance: dag_data_cleanse_and_calculate_all.calculate_data_c1 scheduled__2025-09-24T08:00:00+00:00 [queued]>
[2025-09-24T09:09:45.136+0000] {taskinstance.py:1956} INFO - Dependencies all met for dep_context=requeueable deps ti=<TaskInstance: dag_data_cleanse_and_calculate_all.calculate_data_c1 scheduled__2025-09-24T08:00:00+00:00 [queued]>
[2025-09-24T09:09:45.137+0000] {taskinstance.py:2170} INFO - Starting attempt 1 of 1
[2025-09-24T09:09:45.151+0000] {taskinstance.py:2191} INFO - Executing <Task(PythonOperator): calculate_data_c1> on 2025-09-24 08:00:00+00:00
[2025-09-24T09:09:45.171+0000] {standard_task_runner.py:60} INFO - Started process 1847 to run task
[2025-09-24T09:09:45.176+0000] {standard_task_runner.py:87} INFO - Running: ['***', 'tasks', 'run', 'dag_data_cleanse_and_calculate_all', 'calculate_data_c1', 'scheduled__2025-09-24T08:00:00+00:00', '--job-id', '311', '--raw', '--subdir', 'DAGS_FOLDER/cleansing_data_flow.py', '--cfg-path', '/tmp/tmpwgl2ekpb']
[2025-09-24T09:09:45.178+0000] {standard_task_runner.py:88} INFO - Job 311: Subtask calculate_data_c1
[2025-09-24T09:09:45.267+0000] {task_command.py:423} INFO - Running <TaskInstance: dag_data_cleanse_and_calculate_all.calculate_data_c1 scheduled__2025-09-24T08:00:00+00:00 [running]> on host feaba2204362
[2025-09-24T09:09:45.346+0000] {taskinstance.py:2480} INFO - Exporting env vars: AIRFLOW_CTX_DAG_OWNER='***' AIRFLOW_CTX_DAG_ID='dag_data_cleanse_and_calculate_all' AIRFLOW_CTX_TASK_ID='calculate_data_c1' AIRFLOW_CTX_EXECUTION_DATE='2025-09-24T08:00:00+00:00' AIRFLOW_CTX_TRY_NUMBER='1' AIRFLOW_CTX_DAG_RUN_ID='scheduled__2025-09-24T08:00:00+00:00'
[2025-09-24T09:09:45.596+0000] {python.py:201} INFO - Done. Returned value was: None
[2025-09-24T09:09:45.605+0000] {taskinstance.py:1138} INFO - Marking task as SUCCESS. dag_id=dag_data_cleanse_and_calculate_all, task_id=calculate_data_c1, execution_date=20250924T080000, start_date=20250924T090945, end_date=20250924T090945
[2025-09-24T09:09:45.676+0000] {local_task_job_runner.py:234} INFO - Task exited with return code 0
[2025-09-24T09:09:45.693+0000] {taskinstance.py:3280} INFO - 0 downstream tasks scheduled from follow-on schedule check
[2025-09-24T09:59:45.424+0000] {taskinstance.py:1956} INFO - Dependencies all met for dep_context=non-requeueable deps ti=<TaskInstance: dag_data_cleanse_and_calculate_all.calculate_data_c1 scheduled__2025-09-24T08:00:00+00:00 [queued]>
[2025-09-24T09:59:45.441+0000] {taskinstance.py:1956} INFO - Dependencies all met for dep_context=requeueable deps ti=<TaskInstance: dag_data_cleanse_and_calculate_all.calculate_data_c1 scheduled__2025-09-24T08:00:00+00:00 [queued]>
[2025-09-24T09:59:45.442+0000] {taskinstance.py:2170} INFO - Starting attempt 1 of 1
[2025-09-24T09:59:45.458+0000] {taskinstance.py:2191} INFO - Executing <Task(PythonOperator): calculate_data_c1> on 2025-09-24 08:00:00+00:00
[2025-09-24T09:59:45.466+0000] {standard_task_runner.py:60} INFO - Started process 1255 to run task
[2025-09-24T09:59:45.472+0000] {standard_task_runner.py:87} INFO - Running: ['***', 'tasks', 'run', 'dag_data_cleanse_and_calculate_all', 'calculate_data_c1', 'scheduled__2025-09-24T08:00:00+00:00', '--job-id', '375', '--raw', '--subdir', 'DAGS_FOLDER/cleansing_data_flow.py', '--cfg-path', '/tmp/tmp03lpaqk5']
[2025-09-24T09:59:45.478+0000] {standard_task_runner.py:88} INFO - Job 375: Subtask calculate_data_c1
[2025-09-24T09:59:45.575+0000] {task_command.py:423} INFO - Running <TaskInstance: dag_data_cleanse_and_calculate_all.calculate_data_c1 scheduled__2025-09-24T08:00:00+00:00 [running]> on host 5d539c157d54
[2025-09-24T09:59:45.677+0000] {taskinstance.py:2480} INFO - Exporting env vars: AIRFLOW_CTX_DAG_OWNER='***' AIRFLOW_CTX_DAG_ID='dag_data_cleanse_and_calculate_all' AIRFLOW_CTX_TASK_ID='calculate_data_c1' AIRFLOW_CTX_EXECUTION_DATE='2025-09-24T08:00:00+00:00' AIRFLOW_CTX_TRY_NUMBER='1' AIRFLOW_CTX_DAG_RUN_ID='scheduled__2025-09-24T08:00:00+00:00'
[2025-09-24T09:59:45.932+0000] {python.py:201} INFO - Done. Returned value was: None
[2025-09-24T09:59:45.941+0000] {taskinstance.py:1138} INFO - Marking task as SUCCESS. dag_id=dag_data_cleanse_and_calculate_all, task_id=calculate_data_c1, execution_date=20250924T080000, start_date=20250924T095945, end_date=20250924T095945
[2025-09-24T09:59:45.969+0000] {local_task_job_runner.py:234} INFO - Task exited with return code 0
[2025-09-24T09:59:45.988+0000] {taskinstance.py:3280} INFO - 0 downstream tasks scheduled from follow-on schedule check
