[2025-09-24T09:09:32.250+0000] {taskinstance.py:1956} INFO - Dependencies all met for dep_context=non-requeueable deps ti=<TaskInstance: dag_data_cleanse_and_calculate_all.cleanse_data_c1 scheduled__2025-09-24T08:00:00+00:00 [queued]>
[2025-09-24T09:09:32.261+0000] {taskinstance.py:1956} INFO - Dependencies all met for dep_context=requeueable deps ti=<TaskInstance: dag_data_cleanse_and_calculate_all.cleanse_data_c1 scheduled__2025-09-24T08:00:00+00:00 [queued]>
[2025-09-24T09:09:32.263+0000] {taskinstance.py:2170} INFO - Starting attempt 1 of 1
[2025-09-24T09:09:32.287+0000] {taskinstance.py:2191} INFO - Executing <Task(PythonOperator): cleanse_data_c1> on 2025-09-24 08:00:00+00:00
[2025-09-24T09:09:32.304+0000] {standard_task_runner.py:60} INFO - Started process 1609 to run task
[2025-09-24T09:09:32.310+0000] {standard_task_runner.py:87} INFO - Running: ['***', 'tasks', 'run', 'dag_data_cleanse_and_calculate_all', 'cleanse_data_c1', 'scheduled__2025-09-24T08:00:00+00:00', '--job-id', '231', '--raw', '--subdir', 'DAGS_FOLDER/cleansing_data_flow.py', '--cfg-path', '/tmp/tmp1objae36']
[2025-09-24T09:09:32.314+0000] {standard_task_runner.py:88} INFO - Job 231: Subtask cleanse_data_c1
[2025-09-24T09:09:32.408+0000] {task_command.py:423} INFO - Running <TaskInstance: dag_data_cleanse_and_calculate_all.cleanse_data_c1 scheduled__2025-09-24T08:00:00+00:00 [running]> on host feaba2204362
[2025-09-24T09:09:32.498+0000] {taskinstance.py:2480} INFO - Exporting env vars: AIRFLOW_CTX_DAG_OWNER='***' AIRFLOW_CTX_DAG_ID='dag_data_cleanse_and_calculate_all' AIRFLOW_CTX_TASK_ID='cleanse_data_c1' AIRFLOW_CTX_EXECUTION_DATE='2025-09-24T08:00:00+00:00' AIRFLOW_CTX_TRY_NUMBER='1' AIRFLOW_CTX_DAG_RUN_ID='scheduled__2025-09-24T08:00:00+00:00'
[2025-09-24T09:09:32.749+0000] {python.py:201} INFO - Done. Returned value was: None
[2025-09-24T09:09:32.761+0000] {taskinstance.py:1138} INFO - Marking task as SUCCESS. dag_id=dag_data_cleanse_and_calculate_all, task_id=cleanse_data_c1, execution_date=20250924T080000, start_date=20250924T090932, end_date=20250924T090932
[2025-09-24T09:09:32.822+0000] {local_task_job_runner.py:234} INFO - Task exited with return code 0
[2025-09-24T09:09:32.837+0000] {taskinstance.py:3280} INFO - 1 downstream tasks scheduled from follow-on schedule check
[2025-09-24T09:59:28.465+0000] {taskinstance.py:1956} INFO - Dependencies all met for dep_context=non-requeueable deps ti=<TaskInstance: dag_data_cleanse_and_calculate_all.cleanse_data_c1 scheduled__2025-09-24T08:00:00+00:00 [queued]>
[2025-09-24T09:59:28.477+0000] {taskinstance.py:1956} INFO - Dependencies all met for dep_context=requeueable deps ti=<TaskInstance: dag_data_cleanse_and_calculate_all.cleanse_data_c1 scheduled__2025-09-24T08:00:00+00:00 [queued]>
[2025-09-24T09:59:28.478+0000] {taskinstance.py:2170} INFO - Starting attempt 1 of 1
[2025-09-24T09:59:28.510+0000] {taskinstance.py:2191} INFO - Executing <Task(PythonOperator): cleanse_data_c1> on 2025-09-24 08:00:00+00:00
[2025-09-24T09:59:28.539+0000] {standard_task_runner.py:60} INFO - Started process 924 to run task
[2025-09-24T09:59:28.546+0000] {standard_task_runner.py:87} INFO - Running: ['***', 'tasks', 'run', 'dag_data_cleanse_and_calculate_all', 'cleanse_data_c1', 'scheduled__2025-09-24T08:00:00+00:00', '--job-id', '276', '--raw', '--subdir', 'DAGS_FOLDER/cleansing_data_flow.py', '--cfg-path', '/tmp/tmpufdcxszj']
[2025-09-24T09:59:28.553+0000] {standard_task_runner.py:88} INFO - Job 276: Subtask cleanse_data_c1
[2025-09-24T09:59:28.641+0000] {task_command.py:423} INFO - Running <TaskInstance: dag_data_cleanse_and_calculate_all.cleanse_data_c1 scheduled__2025-09-24T08:00:00+00:00 [running]> on host 5d539c157d54
[2025-09-24T09:59:28.724+0000] {taskinstance.py:2480} INFO - Exporting env vars: AIRFLOW_CTX_DAG_OWNER='***' AIRFLOW_CTX_DAG_ID='dag_data_cleanse_and_calculate_all' AIRFLOW_CTX_TASK_ID='cleanse_data_c1' AIRFLOW_CTX_EXECUTION_DATE='2025-09-24T08:00:00+00:00' AIRFLOW_CTX_TRY_NUMBER='1' AIRFLOW_CTX_DAG_RUN_ID='scheduled__2025-09-24T08:00:00+00:00'
[2025-09-24T09:59:28.948+0000] {python.py:201} INFO - Done. Returned value was: None
[2025-09-24T09:59:28.955+0000] {taskinstance.py:1138} INFO - Marking task as SUCCESS. dag_id=dag_data_cleanse_and_calculate_all, task_id=cleanse_data_c1, execution_date=20250924T080000, start_date=20250924T095928, end_date=20250924T095928
[2025-09-24T09:59:29.000+0000] {local_task_job_runner.py:234} INFO - Task exited with return code 0
[2025-09-24T09:59:29.027+0000] {taskinstance.py:3280} INFO - 1 downstream tasks scheduled from follow-on schedule check
