[2025-09-23T10:00:04.506+0000] {taskinstance.py:1956} INFO - Dependencies all met for dep_context=non-requeueable deps ti=<TaskInstance: dag_data_cleanse_raw_data_a1.calculate_data scheduled__2025-09-23T09:00:00+00:00 [queued]>
[2025-09-23T10:00:04.517+0000] {taskinstance.py:1956} INFO - Dependencies all met for dep_context=requeueable deps ti=<TaskInstance: dag_data_cleanse_raw_data_a1.calculate_data scheduled__2025-09-23T09:00:00+00:00 [queued]>
[2025-09-23T10:00:04.518+0000] {taskinstance.py:2170} INFO - Starting attempt 1 of 1
[2025-09-23T10:00:04.529+0000] {taskinstance.py:2191} INFO - Executing <Task(PythonOperator): calculate_data> on 2025-09-23 09:00:00+00:00
[2025-09-23T10:00:04.534+0000] {standard_task_runner.py:60} INFO - Started process 1464 to run task
[2025-09-23T10:00:04.537+0000] {standard_task_runner.py:87} INFO - Running: ['***', 'tasks', 'run', 'dag_data_cleanse_raw_data_a1', 'calculate_data', 'scheduled__2025-09-23T09:00:00+00:00', '--job-id', '38', '--raw', '--subdir', 'DAGS_FOLDER/cleansing_data_flow.py', '--cfg-path', '/tmp/tmputviw6oc']
[2025-09-23T10:00:04.538+0000] {standard_task_runner.py:88} INFO - Job 38: Subtask calculate_data
[2025-09-23T10:00:04.583+0000] {task_command.py:423} INFO - Running <TaskInstance: dag_data_cleanse_raw_data_a1.calculate_data scheduled__2025-09-23T09:00:00+00:00 [running]> on host 7d06a9d93371
[2025-09-23T10:00:04.647+0000] {taskinstance.py:2480} INFO - Exporting env vars: AIRFLOW_CTX_DAG_OWNER='***' AIRFLOW_CTX_DAG_ID='dag_data_cleanse_raw_data_a1' AIRFLOW_CTX_TASK_ID='calculate_data' AIRFLOW_CTX_EXECUTION_DATE='2025-09-23T09:00:00+00:00' AIRFLOW_CTX_TRY_NUMBER='1' AIRFLOW_CTX_DAG_RUN_ID='scheduled__2025-09-23T09:00:00+00:00'
[2025-09-23T10:00:04.914+0000] {python.py:201} INFO - Done. Returned value was: None
[2025-09-23T10:00:04.920+0000] {taskinstance.py:1138} INFO - Marking task as SUCCESS. dag_id=dag_data_cleanse_raw_data_a1, task_id=calculate_data, execution_date=20250923T090000, start_date=20250923T100004, end_date=20250923T100004
[2025-09-23T10:00:04.950+0000] {local_task_job_runner.py:234} INFO - Task exited with return code 0
[2025-09-23T10:00:04.962+0000] {taskinstance.py:3280} INFO - 0 downstream tasks scheduled from follow-on schedule check
[2025-09-23T10:21:41.081+0000] {taskinstance.py:1956} INFO - Dependencies all met for dep_context=non-requeueable deps ti=<TaskInstance: dag_data_cleanse_raw_data_a1.calculate_data scheduled__2025-09-23T09:00:00+00:00 [queued]>
[2025-09-23T10:21:41.090+0000] {taskinstance.py:1956} INFO - Dependencies all met for dep_context=requeueable deps ti=<TaskInstance: dag_data_cleanse_raw_data_a1.calculate_data scheduled__2025-09-23T09:00:00+00:00 [queued]>
[2025-09-23T10:21:41.090+0000] {taskinstance.py:2170} INFO - Starting attempt 1 of 1
[2025-09-23T10:21:41.101+0000] {taskinstance.py:2191} INFO - Executing <Task(PythonOperator): calculate_data> on 2025-09-23 09:00:00+00:00
[2025-09-23T10:21:41.110+0000] {standard_task_runner.py:60} INFO - Started process 137 to run task
[2025-09-23T10:21:41.113+0000] {standard_task_runner.py:87} INFO - Running: ['***', 'tasks', 'run', 'dag_data_cleanse_raw_data_a1', 'calculate_data', 'scheduled__2025-09-23T09:00:00+00:00', '--job-id', '23', '--raw', '--subdir', 'DAGS_FOLDER/cleansing_data_flow.py', '--cfg-path', '/tmp/tmpcymf6ow8']
[2025-09-23T10:21:41.115+0000] {standard_task_runner.py:88} INFO - Job 23: Subtask calculate_data
[2025-09-23T10:21:41.159+0000] {task_command.py:423} INFO - Running <TaskInstance: dag_data_cleanse_raw_data_a1.calculate_data scheduled__2025-09-23T09:00:00+00:00 [running]> on host 93974d152bc0
[2025-09-23T10:21:41.209+0000] {taskinstance.py:2480} INFO - Exporting env vars: AIRFLOW_CTX_DAG_OWNER='***' AIRFLOW_CTX_DAG_ID='dag_data_cleanse_raw_data_a1' AIRFLOW_CTX_TASK_ID='calculate_data' AIRFLOW_CTX_EXECUTION_DATE='2025-09-23T09:00:00+00:00' AIRFLOW_CTX_TRY_NUMBER='1' AIRFLOW_CTX_DAG_RUN_ID='scheduled__2025-09-23T09:00:00+00:00'
[2025-09-23T10:21:41.409+0000] {python.py:201} INFO - Done. Returned value was: None
[2025-09-23T10:21:41.419+0000] {taskinstance.py:1138} INFO - Marking task as SUCCESS. dag_id=dag_data_cleanse_raw_data_a1, task_id=calculate_data, execution_date=20250923T090000, start_date=20250923T102141, end_date=20250923T102141
[2025-09-23T10:21:41.446+0000] {local_task_job_runner.py:234} INFO - Task exited with return code 0
[2025-09-23T10:21:41.457+0000] {taskinstance.py:3280} INFO - 0 downstream tasks scheduled from follow-on schedule check
