[2025-09-22T04:05:54.388+0000] {taskinstance.py:1956} INFO - Dependencies all met for dep_context=non-requeueable deps ti=<TaskInstance: dag_production_views_daily.create_summary_availability scheduled__2025-09-21T00:00:00+00:00 [queued]>
[2025-09-22T04:05:54.393+0000] {taskinstance.py:1956} INFO - Dependencies all met for dep_context=requeueable deps ti=<TaskInstance: dag_production_views_daily.create_summary_availability scheduled__2025-09-21T00:00:00+00:00 [queued]>
[2025-09-22T04:05:54.394+0000] {taskinstance.py:2170} INFO - Starting attempt 1 of 1
[2025-09-22T04:05:54.401+0000] {taskinstance.py:2191} INFO - Executing <Task(PythonOperator): create_summary_availability> on 2025-09-21 00:00:00+00:00
[2025-09-22T04:05:54.406+0000] {standard_task_runner.py:60} INFO - Started process 90 to run task
[2025-09-22T04:05:54.409+0000] {standard_task_runner.py:87} INFO - Running: ['***', 'tasks', 'run', 'dag_production_views_daily', 'create_summary_availability', 'scheduled__2025-09-21T00:00:00+00:00', '--job-id', '22', '--raw', '--subdir', 'DAGS_FOLDER/sql_flow.py', '--cfg-path', '/tmp/tmplz_cw0w1']
[2025-09-22T04:05:54.411+0000] {standard_task_runner.py:88} INFO - Job 22: Subtask create_summary_availability
[2025-09-22T04:05:54.456+0000] {task_command.py:423} INFO - Running <TaskInstance: dag_production_views_daily.create_summary_availability scheduled__2025-09-21T00:00:00+00:00 [running]> on host ac20b3137fa6
[2025-09-22T04:05:54.506+0000] {taskinstance.py:2480} INFO - Exporting env vars: AIRFLOW_CTX_DAG_OWNER='***' AIRFLOW_CTX_DAG_ID='dag_production_views_daily' AIRFLOW_CTX_TASK_ID='create_summary_availability' AIRFLOW_CTX_EXECUTION_DATE='2025-09-21T00:00:00+00:00' AIRFLOW_CTX_TRY_NUMBER='1' AIRFLOW_CTX_DAG_RUN_ID='scheduled__2025-09-21T00:00:00+00:00'
[2025-09-22T04:05:54.580+0000] {logging_mixin.py:188} INFO - Error (create_summary_availability): duplicate key value violates unique constraint "pg_type_typname_nsp_index"
DETAIL:  Key (typname, typnamespace)=(summary_availability_2, 2200) already exists.
[2025-09-22T04:05:54.581+0000] {taskinstance.py:2698} ERROR - Task failed with exception
Traceback (most recent call last):
  File "/home/airflow/.local/lib/python3.8/site-packages/airflow/models/taskinstance.py", line 433, in _execute_task
    result = execute_callable(context=context, **execute_callable_kwargs)
  File "/home/airflow/.local/lib/python3.8/site-packages/airflow/operators/python.py", line 199, in execute
    return_value = self.execute_callable()
  File "/home/airflow/.local/lib/python3.8/site-packages/airflow/operators/python.py", line 216, in execute_callable
    return self.python_callable(*self.op_args, **self.op_kwargs)
  File "/opt/airflow/dags/sql_flow.py", line 291, in create_summary_availability
    cursor.execute(create_view_query)
psycopg2.errors.UniqueViolation: duplicate key value violates unique constraint "pg_type_typname_nsp_index"
DETAIL:  Key (typname, typnamespace)=(summary_availability_2, 2200) already exists.

[2025-09-22T04:05:54.607+0000] {taskinstance.py:1138} INFO - Marking task as FAILED. dag_id=dag_production_views_daily, task_id=create_summary_availability, execution_date=20250921T000000, start_date=20250922T040554, end_date=20250922T040554
[2025-09-22T04:05:54.616+0000] {standard_task_runner.py:107} ERROR - Failed to execute job 22 for task create_summary_availability (duplicate key value violates unique constraint "pg_type_typname_nsp_index"
DETAIL:  Key (typname, typnamespace)=(summary_availability_2, 2200) already exists.
; 90)
[2025-09-22T04:05:54.621+0000] {local_task_job_runner.py:234} INFO - Task exited with return code 1
[2025-09-22T04:05:54.631+0000] {taskinstance.py:3280} INFO - 0 downstream tasks scheduled from follow-on schedule check
[2025-09-22T08:33:30.616+0000] {taskinstance.py:1956} INFO - Dependencies all met for dep_context=non-requeueable deps ti=<TaskInstance: dag_production_views_daily.create_summary_availability scheduled__2025-09-21T00:00:00+00:00 [queued]>
[2025-09-22T08:33:30.622+0000] {taskinstance.py:1956} INFO - Dependencies all met for dep_context=requeueable deps ti=<TaskInstance: dag_production_views_daily.create_summary_availability scheduled__2025-09-21T00:00:00+00:00 [queued]>
[2025-09-22T08:33:30.622+0000] {taskinstance.py:2170} INFO - Starting attempt 1 of 1
[2025-09-22T08:33:30.632+0000] {taskinstance.py:2191} INFO - Executing <Task(PythonOperator): create_summary_availability> on 2025-09-21 00:00:00+00:00
[2025-09-22T08:33:30.636+0000] {standard_task_runner.py:60} INFO - Started process 147 to run task
[2025-09-22T08:33:30.639+0000] {standard_task_runner.py:87} INFO - Running: ['***', 'tasks', 'run', 'dag_production_views_daily', 'create_summary_availability', 'scheduled__2025-09-21T00:00:00+00:00', '--job-id', '8', '--raw', '--subdir', 'DAGS_FOLDER/sql_flow.py', '--cfg-path', '/tmp/tmpojbzrbl6']
[2025-09-22T08:33:30.641+0000] {standard_task_runner.py:88} INFO - Job 8: Subtask create_summary_availability
[2025-09-22T08:33:30.684+0000] {task_command.py:423} INFO - Running <TaskInstance: dag_production_views_daily.create_summary_availability scheduled__2025-09-21T00:00:00+00:00 [running]> on host 3f0a9d8e9fbe
[2025-09-22T08:33:30.735+0000] {taskinstance.py:2480} INFO - Exporting env vars: AIRFLOW_CTX_DAG_OWNER='***' AIRFLOW_CTX_DAG_ID='dag_production_views_daily' AIRFLOW_CTX_TASK_ID='create_summary_availability' AIRFLOW_CTX_EXECUTION_DATE='2025-09-21T00:00:00+00:00' AIRFLOW_CTX_TRY_NUMBER='1' AIRFLOW_CTX_DAG_RUN_ID='scheduled__2025-09-21T00:00:00+00:00'
[2025-09-22T08:33:30.807+0000] {logging_mixin.py:188} INFO - View summary_availability ถูกสร้างแล้ว
[2025-09-22T08:33:30.808+0000] {python.py:201} INFO - Done. Returned value was: None
[2025-09-22T08:33:30.815+0000] {taskinstance.py:1138} INFO - Marking task as SUCCESS. dag_id=dag_production_views_daily, task_id=create_summary_availability, execution_date=20250921T000000, start_date=20250922T083330, end_date=20250922T083330
[2025-09-22T08:33:30.852+0000] {local_task_job_runner.py:234} INFO - Task exited with return code 0
[2025-09-22T08:33:30.866+0000] {taskinstance.py:3280} INFO - 0 downstream tasks scheduled from follow-on schedule check
