[2025-09-24T09:09:34.710+0000] {taskinstance.py:1956} INFO - Dependencies all met for dep_context=non-requeueable deps ti=<TaskInstance: dag_data_cleanse_and_calculate_all.cleanse_data_h7 scheduled__2025-09-24T08:00:00+00:00 [queued]>
[2025-09-24T09:09:34.721+0000] {taskinstance.py:1956} INFO - Dependencies all met for dep_context=requeueable deps ti=<TaskInstance: dag_data_cleanse_and_calculate_all.cleanse_data_h7 scheduled__2025-09-24T08:00:00+00:00 [queued]>
[2025-09-24T09:09:34.723+0000] {taskinstance.py:2170} INFO - Starting attempt 1 of 1
[2025-09-24T09:09:34.736+0000] {taskinstance.py:2191} INFO - Executing <Task(PythonOperator): cleanse_data_h7> on 2025-09-24 08:00:00+00:00
[2025-09-24T09:09:34.745+0000] {standard_task_runner.py:60} INFO - Started process 1648 to run task
[2025-09-24T09:09:34.753+0000] {standard_task_runner.py:87} INFO - Running: ['***', 'tasks', 'run', 'dag_data_cleanse_and_calculate_all', 'cleanse_data_h7', 'scheduled__2025-09-24T08:00:00+00:00', '--job-id', '239', '--raw', '--subdir', 'DAGS_FOLDER/cleansing_data_flow.py', '--cfg-path', '/tmp/tmpia6f_5pm']
[2025-09-24T09:09:34.755+0000] {standard_task_runner.py:88} INFO - Job 239: Subtask cleanse_data_h7
[2025-09-24T09:09:34.828+0000] {task_command.py:423} INFO - Running <TaskInstance: dag_data_cleanse_and_calculate_all.cleanse_data_h7 scheduled__2025-09-24T08:00:00+00:00 [running]> on host feaba2204362
[2025-09-24T09:09:34.926+0000] {taskinstance.py:2480} INFO - Exporting env vars: AIRFLOW_CTX_DAG_OWNER='***' AIRFLOW_CTX_DAG_ID='dag_data_cleanse_and_calculate_all' AIRFLOW_CTX_TASK_ID='cleanse_data_h7' AIRFLOW_CTX_EXECUTION_DATE='2025-09-24T08:00:00+00:00' AIRFLOW_CTX_TRY_NUMBER='1' AIRFLOW_CTX_DAG_RUN_ID='scheduled__2025-09-24T08:00:00+00:00'
[2025-09-24T09:09:35.059+0000] {python.py:201} INFO - Done. Returned value was: None
[2025-09-24T09:09:35.077+0000] {taskinstance.py:1138} INFO - Marking task as SUCCESS. dag_id=dag_data_cleanse_and_calculate_all, task_id=cleanse_data_h7, execution_date=20250924T080000, start_date=20250924T090934, end_date=20250924T090935
[2025-09-24T09:09:35.135+0000] {local_task_job_runner.py:234} INFO - Task exited with return code 0
[2025-09-24T09:09:35.211+0000] {taskinstance.py:3280} INFO - 0 downstream tasks scheduled from follow-on schedule check
[2025-09-24T09:59:31.013+0000] {taskinstance.py:1956} INFO - Dependencies all met for dep_context=non-requeueable deps ti=<TaskInstance: dag_data_cleanse_and_calculate_all.cleanse_data_h7 scheduled__2025-09-24T08:00:00+00:00 [queued]>
[2025-09-24T09:59:31.030+0000] {taskinstance.py:1956} INFO - Dependencies all met for dep_context=requeueable deps ti=<TaskInstance: dag_data_cleanse_and_calculate_all.cleanse_data_h7 scheduled__2025-09-24T08:00:00+00:00 [queued]>
[2025-09-24T09:59:31.036+0000] {taskinstance.py:2170} INFO - Starting attempt 1 of 1
[2025-09-24T09:59:31.070+0000] {taskinstance.py:2191} INFO - Executing <Task(PythonOperator): cleanse_data_h7> on 2025-09-24 08:00:00+00:00
[2025-09-24T09:59:31.077+0000] {standard_task_runner.py:60} INFO - Started process 965 to run task
[2025-09-24T09:59:31.080+0000] {standard_task_runner.py:87} INFO - Running: ['***', 'tasks', 'run', 'dag_data_cleanse_and_calculate_all', 'cleanse_data_h7', 'scheduled__2025-09-24T08:00:00+00:00', '--job-id', '285', '--raw', '--subdir', 'DAGS_FOLDER/cleansing_data_flow.py', '--cfg-path', '/tmp/tmp02qsensl']
[2025-09-24T09:59:31.083+0000] {standard_task_runner.py:88} INFO - Job 285: Subtask cleanse_data_h7
[2025-09-24T09:59:31.162+0000] {task_command.py:423} INFO - Running <TaskInstance: dag_data_cleanse_and_calculate_all.cleanse_data_h7 scheduled__2025-09-24T08:00:00+00:00 [running]> on host 5d539c157d54
[2025-09-24T09:59:31.247+0000] {taskinstance.py:2480} INFO - Exporting env vars: AIRFLOW_CTX_DAG_OWNER='***' AIRFLOW_CTX_DAG_ID='dag_data_cleanse_and_calculate_all' AIRFLOW_CTX_TASK_ID='cleanse_data_h7' AIRFLOW_CTX_EXECUTION_DATE='2025-09-24T08:00:00+00:00' AIRFLOW_CTX_TRY_NUMBER='1' AIRFLOW_CTX_DAG_RUN_ID='scheduled__2025-09-24T08:00:00+00:00'
[2025-09-24T09:59:31.411+0000] {python.py:201} INFO - Done. Returned value was: None
[2025-09-24T09:59:31.426+0000] {taskinstance.py:1138} INFO - Marking task as SUCCESS. dag_id=dag_data_cleanse_and_calculate_all, task_id=cleanse_data_h7, execution_date=20250924T080000, start_date=20250924T095931, end_date=20250924T095931
[2025-09-24T09:59:31.465+0000] {local_task_job_runner.py:234} INFO - Task exited with return code 0
[2025-09-24T09:59:31.494+0000] {taskinstance.py:3280} INFO - 1 downstream tasks scheduled from follow-on schedule check
