[2025-09-19T03:06:15.408+0000] {taskinstance.py:1956} INFO - Dependencies all met for dep_context=non-requeueable deps ti=<TaskInstance: dag_production_views_daily.create_summary_machine_A manual__2025-09-19T03:06:10.973339+00:00 [queued]>
[2025-09-19T03:06:15.413+0000] {taskinstance.py:1956} INFO - Dependencies all met for dep_context=requeueable deps ti=<TaskInstance: dag_production_views_daily.create_summary_machine_A manual__2025-09-19T03:06:10.973339+00:00 [queued]>
[2025-09-19T03:06:15.414+0000] {taskinstance.py:2170} INFO - Starting attempt 1 of 1
[2025-09-19T03:06:15.422+0000] {taskinstance.py:2191} INFO - Executing <Task(PythonOperator): create_summary_machine_A> on 2025-09-19 03:06:10.973339+00:00
[2025-09-19T03:06:15.426+0000] {standard_task_runner.py:60} INFO - Started process 91 to run task
[2025-09-19T03:06:15.429+0000] {standard_task_runner.py:87} INFO - Running: ['***', 'tasks', 'run', 'dag_production_views_daily', 'create_summary_machine_A', 'manual__2025-09-19T03:06:10.973339+00:00', '--job-id', '8', '--raw', '--subdir', 'DAGS_FOLDER/sql_flow.py', '--cfg-path', '/tmp/tmpqipuf8qr']
[2025-09-19T03:06:15.431+0000] {standard_task_runner.py:88} INFO - Job 8: Subtask create_summary_machine_A
[2025-09-19T03:06:15.473+0000] {task_command.py:423} INFO - Running <TaskInstance: dag_production_views_daily.create_summary_machine_A manual__2025-09-19T03:06:10.973339+00:00 [running]> on host 4bf3985e0f1c
[2025-09-19T03:06:15.516+0000] {taskinstance.py:2480} INFO - Exporting env vars: AIRFLOW_CTX_DAG_OWNER='***' AIRFLOW_CTX_DAG_ID='dag_production_views_daily' AIRFLOW_CTX_TASK_ID='create_summary_machine_A' AIRFLOW_CTX_EXECUTION_DATE='2025-09-19T03:06:10.973339+00:00' AIRFLOW_CTX_TRY_NUMBER='1' AIRFLOW_CTX_DAG_RUN_ID='manual__2025-09-19T03:06:10.973339+00:00'
[2025-09-19T03:06:15.575+0000] {logging_mixin.py:188} INFO - ❌ Error (create_summary_machine_A): duplicate key value violates unique constraint "pg_type_typname_nsp_index"
DETAIL:  Key (typname, typnamespace)=(summary_machine_A, 2200) already exists.
[2025-09-19T03:06:15.576+0000] {taskinstance.py:2698} ERROR - Task failed with exception
Traceback (most recent call last):
  File "/home/airflow/.local/lib/python3.8/site-packages/airflow/models/taskinstance.py", line 433, in _execute_task
    result = execute_callable(context=context, **execute_callable_kwargs)
  File "/home/airflow/.local/lib/python3.8/site-packages/airflow/operators/python.py", line 199, in execute
    return_value = self.execute_callable()
  File "/home/airflow/.local/lib/python3.8/site-packages/airflow/operators/python.py", line 216, in execute_callable
    return self.python_callable(*self.op_args, **self.op_kwargs)
  File "/opt/airflow/dags/sql_flow.py", line 283, in create_summary_machine_A
    cursor.execute(create_view_query)
psycopg2.errors.UniqueViolation: duplicate key value violates unique constraint "pg_type_typname_nsp_index"
DETAIL:  Key (typname, typnamespace)=(summary_machine_A, 2200) already exists.

[2025-09-19T03:06:15.584+0000] {taskinstance.py:1138} INFO - Marking task as FAILED. dag_id=dag_production_views_daily, task_id=create_summary_machine_A, execution_date=20250919T030610, start_date=20250919T030615, end_date=20250919T030615
[2025-09-19T03:06:15.592+0000] {standard_task_runner.py:107} ERROR - Failed to execute job 8 for task create_summary_machine_A (duplicate key value violates unique constraint "pg_type_typname_nsp_index"
DETAIL:  Key (typname, typnamespace)=(summary_machine_A, 2200) already exists.
; 91)
[2025-09-19T03:06:15.601+0000] {local_task_job_runner.py:234} INFO - Task exited with return code 1
[2025-09-19T03:06:15.612+0000] {taskinstance.py:3280} INFO - 0 downstream tasks scheduled from follow-on schedule check
