[2025-09-24T09:09:32.329+0000] {taskinstance.py:1956} INFO - Dependencies all met for dep_context=non-requeueable deps ti=<TaskInstance: dag_data_cleanse_and_calculate_all.cleanse_data_a1 scheduled__2025-09-24T08:00:00+00:00 [queued]>
[2025-09-24T09:09:32.339+0000] {taskinstance.py:1956} INFO - Dependencies all met for dep_context=requeueable deps ti=<TaskInstance: dag_data_cleanse_and_calculate_all.cleanse_data_a1 scheduled__2025-09-24T08:00:00+00:00 [queued]>
[2025-09-24T09:09:32.339+0000] {taskinstance.py:2170} INFO - Starting attempt 1 of 1
[2025-09-24T09:09:32.357+0000] {taskinstance.py:2191} INFO - Executing <Task(PythonOperator): cleanse_data_a1> on 2025-09-24 08:00:00+00:00
[2025-09-24T09:09:32.372+0000] {standard_task_runner.py:60} INFO - Started process 1611 to run task
[2025-09-24T09:09:32.375+0000] {standard_task_runner.py:87} INFO - Running: ['***', 'tasks', 'run', 'dag_data_cleanse_and_calculate_all', 'cleanse_data_a1', 'scheduled__2025-09-24T08:00:00+00:00', '--job-id', '234', '--raw', '--subdir', 'DAGS_FOLDER/cleansing_data_flow.py', '--cfg-path', '/tmp/tmpbqsof7za']
[2025-09-24T09:09:32.377+0000] {standard_task_runner.py:88} INFO - Job 234: Subtask cleanse_data_a1
[2025-09-24T09:09:32.453+0000] {task_command.py:423} INFO - Running <TaskInstance: dag_data_cleanse_and_calculate_all.cleanse_data_a1 scheduled__2025-09-24T08:00:00+00:00 [running]> on host feaba2204362
[2025-09-24T09:09:32.549+0000] {taskinstance.py:2480} INFO - Exporting env vars: AIRFLOW_CTX_DAG_OWNER='***' AIRFLOW_CTX_DAG_ID='dag_data_cleanse_and_calculate_all' AIRFLOW_CTX_TASK_ID='cleanse_data_a1' AIRFLOW_CTX_EXECUTION_DATE='2025-09-24T08:00:00+00:00' AIRFLOW_CTX_TRY_NUMBER='1' AIRFLOW_CTX_DAG_RUN_ID='scheduled__2025-09-24T08:00:00+00:00'
[2025-09-24T09:09:32.921+0000] {python.py:201} INFO - Done. Returned value was: None
[2025-09-24T09:09:32.929+0000] {taskinstance.py:1138} INFO - Marking task as SUCCESS. dag_id=dag_data_cleanse_and_calculate_all, task_id=cleanse_data_a1, execution_date=20250924T080000, start_date=20250924T090932, end_date=20250924T090932
[2025-09-24T09:09:32.959+0000] {local_task_job_runner.py:234} INFO - Task exited with return code 0
[2025-09-24T09:09:32.974+0000] {taskinstance.py:3280} INFO - 1 downstream tasks scheduled from follow-on schedule check
[2025-09-24T09:59:27.990+0000] {taskinstance.py:1956} INFO - Dependencies all met for dep_context=non-requeueable deps ti=<TaskInstance: dag_data_cleanse_and_calculate_all.cleanse_data_a1 scheduled__2025-09-24T08:00:00+00:00 [queued]>
[2025-09-24T09:59:27.996+0000] {taskinstance.py:1956} INFO - Dependencies all met for dep_context=requeueable deps ti=<TaskInstance: dag_data_cleanse_and_calculate_all.cleanse_data_a1 scheduled__2025-09-24T08:00:00+00:00 [queued]>
[2025-09-24T09:59:28.001+0000] {taskinstance.py:2170} INFO - Starting attempt 1 of 1
[2025-09-24T09:59:28.034+0000] {taskinstance.py:2191} INFO - Executing <Task(PythonOperator): cleanse_data_a1> on 2025-09-24 08:00:00+00:00
[2025-09-24T09:59:28.044+0000] {standard_task_runner.py:60} INFO - Started process 915 to run task
[2025-09-24T09:59:28.049+0000] {standard_task_runner.py:87} INFO - Running: ['***', 'tasks', 'run', 'dag_data_cleanse_and_calculate_all', 'cleanse_data_a1', 'scheduled__2025-09-24T08:00:00+00:00', '--job-id', '267', '--raw', '--subdir', 'DAGS_FOLDER/cleansing_data_flow.py', '--cfg-path', '/tmp/tmpth7v5ibl']
[2025-09-24T09:59:28.056+0000] {standard_task_runner.py:88} INFO - Job 267: Subtask cleanse_data_a1
[2025-09-24T09:59:28.163+0000] {task_command.py:423} INFO - Running <TaskInstance: dag_data_cleanse_and_calculate_all.cleanse_data_a1 scheduled__2025-09-24T08:00:00+00:00 [running]> on host 5d539c157d54
[2025-09-24T09:59:28.268+0000] {taskinstance.py:2480} INFO - Exporting env vars: AIRFLOW_CTX_DAG_OWNER='***' AIRFLOW_CTX_DAG_ID='dag_data_cleanse_and_calculate_all' AIRFLOW_CTX_TASK_ID='cleanse_data_a1' AIRFLOW_CTX_EXECUTION_DATE='2025-09-24T08:00:00+00:00' AIRFLOW_CTX_TRY_NUMBER='1' AIRFLOW_CTX_DAG_RUN_ID='scheduled__2025-09-24T08:00:00+00:00'
[2025-09-24T09:59:28.691+0000] {python.py:201} INFO - Done. Returned value was: None
[2025-09-24T09:59:28.702+0000] {taskinstance.py:1138} INFO - Marking task as SUCCESS. dag_id=dag_data_cleanse_and_calculate_all, task_id=cleanse_data_a1, execution_date=20250924T080000, start_date=20250924T095927, end_date=20250924T095928
[2025-09-24T09:59:28.730+0000] {local_task_job_runner.py:234} INFO - Task exited with return code 0
[2025-09-24T09:59:28.751+0000] {taskinstance.py:3280} INFO - 1 downstream tasks scheduled from follow-on schedule check
