[2025-09-24T09:09:32.086+0000] {taskinstance.py:1956} INFO - Dependencies all met for dep_context=non-requeueable deps ti=<TaskInstance: dag_data_cleanse_and_calculate_all.cleanse_data_c2 scheduled__2025-09-24T08:00:00+00:00 [queued]>
[2025-09-24T09:09:32.094+0000] {taskinstance.py:1956} INFO - Dependencies all met for dep_context=requeueable deps ti=<TaskInstance: dag_data_cleanse_and_calculate_all.cleanse_data_c2 scheduled__2025-09-24T08:00:00+00:00 [queued]>
[2025-09-24T09:09:32.095+0000] {taskinstance.py:2170} INFO - Starting attempt 1 of 1
[2025-09-24T09:09:32.117+0000] {taskinstance.py:2191} INFO - Executing <Task(PythonOperator): cleanse_data_c2> on 2025-09-24 08:00:00+00:00
[2025-09-24T09:09:32.126+0000] {standard_task_runner.py:60} INFO - Started process 1606 to run task
[2025-09-24T09:09:32.137+0000] {standard_task_runner.py:87} INFO - Running: ['***', 'tasks', 'run', 'dag_data_cleanse_and_calculate_all', 'cleanse_data_c2', 'scheduled__2025-09-24T08:00:00+00:00', '--job-id', '228', '--raw', '--subdir', 'DAGS_FOLDER/cleansing_data_flow.py', '--cfg-path', '/tmp/tmprme7m0e_']
[2025-09-24T09:09:32.138+0000] {standard_task_runner.py:88} INFO - Job 228: Subtask cleanse_data_c2
[2025-09-24T09:09:32.285+0000] {task_command.py:423} INFO - Running <TaskInstance: dag_data_cleanse_and_calculate_all.cleanse_data_c2 scheduled__2025-09-24T08:00:00+00:00 [running]> on host feaba2204362
[2025-09-24T09:09:32.387+0000] {taskinstance.py:2480} INFO - Exporting env vars: AIRFLOW_CTX_DAG_OWNER='***' AIRFLOW_CTX_DAG_ID='dag_data_cleanse_and_calculate_all' AIRFLOW_CTX_TASK_ID='cleanse_data_c2' AIRFLOW_CTX_EXECUTION_DATE='2025-09-24T08:00:00+00:00' AIRFLOW_CTX_TRY_NUMBER='1' AIRFLOW_CTX_DAG_RUN_ID='scheduled__2025-09-24T08:00:00+00:00'
[2025-09-24T09:09:32.632+0000] {python.py:201} INFO - Done. Returned value was: None
[2025-09-24T09:09:32.639+0000] {taskinstance.py:1138} INFO - Marking task as SUCCESS. dag_id=dag_data_cleanse_and_calculate_all, task_id=cleanse_data_c2, execution_date=20250924T080000, start_date=20250924T090932, end_date=20250924T090932
[2025-09-24T09:09:32.680+0000] {local_task_job_runner.py:234} INFO - Task exited with return code 0
[2025-09-24T09:09:32.700+0000] {taskinstance.py:3280} INFO - 1 downstream tasks scheduled from follow-on schedule check
[2025-09-24T09:59:28.306+0000] {taskinstance.py:1956} INFO - Dependencies all met for dep_context=non-requeueable deps ti=<TaskInstance: dag_data_cleanse_and_calculate_all.cleanse_data_c2 scheduled__2025-09-24T08:00:00+00:00 [queued]>
[2025-09-24T09:59:28.319+0000] {taskinstance.py:1956} INFO - Dependencies all met for dep_context=requeueable deps ti=<TaskInstance: dag_data_cleanse_and_calculate_all.cleanse_data_c2 scheduled__2025-09-24T08:00:00+00:00 [queued]>
[2025-09-24T09:59:28.320+0000] {taskinstance.py:2170} INFO - Starting attempt 1 of 1
[2025-09-24T09:59:28.340+0000] {taskinstance.py:2191} INFO - Executing <Task(PythonOperator): cleanse_data_c2> on 2025-09-24 08:00:00+00:00
[2025-09-24T09:59:28.353+0000] {standard_task_runner.py:60} INFO - Started process 921 to run task
[2025-09-24T09:59:28.360+0000] {standard_task_runner.py:87} INFO - Running: ['***', 'tasks', 'run', 'dag_data_cleanse_and_calculate_all', 'cleanse_data_c2', 'scheduled__2025-09-24T08:00:00+00:00', '--job-id', '273', '--raw', '--subdir', 'DAGS_FOLDER/cleansing_data_flow.py', '--cfg-path', '/tmp/tmppjh4ikba']
[2025-09-24T09:59:28.369+0000] {standard_task_runner.py:88} INFO - Job 273: Subtask cleanse_data_c2
[2025-09-24T09:59:28.555+0000] {task_command.py:423} INFO - Running <TaskInstance: dag_data_cleanse_and_calculate_all.cleanse_data_c2 scheduled__2025-09-24T08:00:00+00:00 [running]> on host 5d539c157d54
[2025-09-24T09:59:28.668+0000] {taskinstance.py:2480} INFO - Exporting env vars: AIRFLOW_CTX_DAG_OWNER='***' AIRFLOW_CTX_DAG_ID='dag_data_cleanse_and_calculate_all' AIRFLOW_CTX_TASK_ID='cleanse_data_c2' AIRFLOW_CTX_EXECUTION_DATE='2025-09-24T08:00:00+00:00' AIRFLOW_CTX_TRY_NUMBER='1' AIRFLOW_CTX_DAG_RUN_ID='scheduled__2025-09-24T08:00:00+00:00'
[2025-09-24T09:59:28.897+0000] {python.py:201} INFO - Done. Returned value was: None
[2025-09-24T09:59:28.905+0000] {taskinstance.py:1138} INFO - Marking task as SUCCESS. dag_id=dag_data_cleanse_and_calculate_all, task_id=cleanse_data_c2, execution_date=20250924T080000, start_date=20250924T095928, end_date=20250924T095928
[2025-09-24T09:59:28.939+0000] {local_task_job_runner.py:234} INFO - Task exited with return code 0
[2025-09-24T09:59:28.955+0000] {taskinstance.py:3280} INFO - 1 downstream tasks scheduled from follow-on schedule check
