[2025-09-24T09:09:37.548+0000] {taskinstance.py:1956} INFO - Dependencies all met for dep_context=non-requeueable deps ti=<TaskInstance: dag_data_cleanse_and_calculate_all.cleanse_data_c7 scheduled__2025-09-24T08:00:00+00:00 [queued]>
[2025-09-24T09:09:37.560+0000] {taskinstance.py:1956} INFO - Dependencies all met for dep_context=requeueable deps ti=<TaskInstance: dag_data_cleanse_and_calculate_all.cleanse_data_c7 scheduled__2025-09-24T08:00:00+00:00 [queued]>
[2025-09-24T09:09:37.564+0000] {taskinstance.py:2170} INFO - Starting attempt 1 of 1
[2025-09-24T09:09:37.578+0000] {taskinstance.py:2191} INFO - Executing <Task(PythonOperator): cleanse_data_c7> on 2025-09-24 08:00:00+00:00
[2025-09-24T09:09:37.586+0000] {standard_task_runner.py:60} INFO - Started process 1706 to run task
[2025-09-24T09:09:37.588+0000] {standard_task_runner.py:87} INFO - Running: ['***', 'tasks', 'run', 'dag_data_cleanse_and_calculate_all', 'cleanse_data_c7', 'scheduled__2025-09-24T08:00:00+00:00', '--job-id', '265', '--raw', '--subdir', 'DAGS_FOLDER/cleansing_data_flow.py', '--cfg-path', '/tmp/tmpodk7thaj']
[2025-09-24T09:09:37.590+0000] {standard_task_runner.py:88} INFO - Job 265: Subtask cleanse_data_c7
[2025-09-24T09:09:37.650+0000] {task_command.py:423} INFO - Running <TaskInstance: dag_data_cleanse_and_calculate_all.cleanse_data_c7 scheduled__2025-09-24T08:00:00+00:00 [running]> on host feaba2204362
[2025-09-24T09:09:37.720+0000] {taskinstance.py:2480} INFO - Exporting env vars: AIRFLOW_CTX_DAG_OWNER='***' AIRFLOW_CTX_DAG_ID='dag_data_cleanse_and_calculate_all' AIRFLOW_CTX_TASK_ID='cleanse_data_c7' AIRFLOW_CTX_EXECUTION_DATE='2025-09-24T08:00:00+00:00' AIRFLOW_CTX_TRY_NUMBER='1' AIRFLOW_CTX_DAG_RUN_ID='scheduled__2025-09-24T08:00:00+00:00'
[2025-09-24T09:09:37.910+0000] {python.py:201} INFO - Done. Returned value was: None
[2025-09-24T09:09:37.918+0000] {taskinstance.py:1138} INFO - Marking task as SUCCESS. dag_id=dag_data_cleanse_and_calculate_all, task_id=cleanse_data_c7, execution_date=20250924T080000, start_date=20250924T090937, end_date=20250924T090937
[2025-09-24T09:09:37.965+0000] {local_task_job_runner.py:234} INFO - Task exited with return code 0
[2025-09-24T09:09:37.981+0000] {taskinstance.py:3280} INFO - 1 downstream tasks scheduled from follow-on schedule check
[2025-09-24T09:59:35.509+0000] {taskinstance.py:1956} INFO - Dependencies all met for dep_context=non-requeueable deps ti=<TaskInstance: dag_data_cleanse_and_calculate_all.cleanse_data_c7 scheduled__2025-09-24T08:00:00+00:00 [queued]>
[2025-09-24T09:59:35.523+0000] {taskinstance.py:1956} INFO - Dependencies all met for dep_context=requeueable deps ti=<TaskInstance: dag_data_cleanse_and_calculate_all.cleanse_data_c7 scheduled__2025-09-24T08:00:00+00:00 [queued]>
[2025-09-24T09:59:35.525+0000] {taskinstance.py:2170} INFO - Starting attempt 1 of 1
[2025-09-24T09:59:35.545+0000] {taskinstance.py:2191} INFO - Executing <Task(PythonOperator): cleanse_data_c7> on 2025-09-24 08:00:00+00:00
[2025-09-24T09:59:35.558+0000] {standard_task_runner.py:60} INFO - Started process 1066 to run task
[2025-09-24T09:59:35.581+0000] {standard_task_runner.py:87} INFO - Running: ['***', 'tasks', 'run', 'dag_data_cleanse_and_calculate_all', 'cleanse_data_c7', 'scheduled__2025-09-24T08:00:00+00:00', '--job-id', '314', '--raw', '--subdir', 'DAGS_FOLDER/cleansing_data_flow.py', '--cfg-path', '/tmp/tmpphqbpv9a']
[2025-09-24T09:59:35.583+0000] {standard_task_runner.py:88} INFO - Job 314: Subtask cleanse_data_c7
[2025-09-24T09:59:35.667+0000] {task_command.py:423} INFO - Running <TaskInstance: dag_data_cleanse_and_calculate_all.cleanse_data_c7 scheduled__2025-09-24T08:00:00+00:00 [running]> on host 5d539c157d54
[2025-09-24T09:59:35.754+0000] {taskinstance.py:2480} INFO - Exporting env vars: AIRFLOW_CTX_DAG_OWNER='***' AIRFLOW_CTX_DAG_ID='dag_data_cleanse_and_calculate_all' AIRFLOW_CTX_TASK_ID='cleanse_data_c7' AIRFLOW_CTX_EXECUTION_DATE='2025-09-24T08:00:00+00:00' AIRFLOW_CTX_TRY_NUMBER='1' AIRFLOW_CTX_DAG_RUN_ID='scheduled__2025-09-24T08:00:00+00:00'
[2025-09-24T09:59:36.018+0000] {python.py:201} INFO - Done. Returned value was: None
[2025-09-24T09:59:36.025+0000] {taskinstance.py:1138} INFO - Marking task as SUCCESS. dag_id=dag_data_cleanse_and_calculate_all, task_id=cleanse_data_c7, execution_date=20250924T080000, start_date=20250924T095935, end_date=20250924T095936
[2025-09-24T09:59:36.076+0000] {local_task_job_runner.py:234} INFO - Task exited with return code 0
[2025-09-24T09:59:36.091+0000] {taskinstance.py:3280} INFO - 1 downstream tasks scheduled from follow-on schedule check
