[2025-09-24T09:09:34.848+0000] {taskinstance.py:1956} INFO - Dependencies all met for dep_context=non-requeueable deps ti=<TaskInstance: dag_data_cleanse_and_calculate_all.cleanse_data_h6 scheduled__2025-09-24T08:00:00+00:00 [queued]>
[2025-09-24T09:09:34.861+0000] {taskinstance.py:1956} INFO - Dependencies all met for dep_context=requeueable deps ti=<TaskInstance: dag_data_cleanse_and_calculate_all.cleanse_data_h6 scheduled__2025-09-24T08:00:00+00:00 [queued]>
[2025-09-24T09:09:34.863+0000] {taskinstance.py:2170} INFO - Starting attempt 1 of 1
[2025-09-24T09:09:34.877+0000] {taskinstance.py:2191} INFO - Executing <Task(PythonOperator): cleanse_data_h6> on 2025-09-24 08:00:00+00:00
[2025-09-24T09:09:34.889+0000] {standard_task_runner.py:60} INFO - Started process 1649 to run task
[2025-09-24T09:09:34.891+0000] {standard_task_runner.py:87} INFO - Running: ['***', 'tasks', 'run', 'dag_data_cleanse_and_calculate_all', 'cleanse_data_h6', 'scheduled__2025-09-24T08:00:00+00:00', '--job-id', '241', '--raw', '--subdir', 'DAGS_FOLDER/cleansing_data_flow.py', '--cfg-path', '/tmp/tmp_zimhafa']
[2025-09-24T09:09:34.899+0000] {standard_task_runner.py:88} INFO - Job 241: Subtask cleanse_data_h6
[2025-09-24T09:09:34.968+0000] {task_command.py:423} INFO - Running <TaskInstance: dag_data_cleanse_and_calculate_all.cleanse_data_h6 scheduled__2025-09-24T08:00:00+00:00 [running]> on host feaba2204362
[2025-09-24T09:09:35.058+0000] {taskinstance.py:2480} INFO - Exporting env vars: AIRFLOW_CTX_DAG_OWNER='***' AIRFLOW_CTX_DAG_ID='dag_data_cleanse_and_calculate_all' AIRFLOW_CTX_TASK_ID='cleanse_data_h6' AIRFLOW_CTX_EXECUTION_DATE='2025-09-24T08:00:00+00:00' AIRFLOW_CTX_TRY_NUMBER='1' AIRFLOW_CTX_DAG_RUN_ID='scheduled__2025-09-24T08:00:00+00:00'
[2025-09-24T09:09:35.199+0000] {python.py:201} INFO - Done. Returned value was: None
[2025-09-24T09:09:35.316+0000] {taskinstance.py:1138} INFO - Marking task as SUCCESS. dag_id=dag_data_cleanse_and_calculate_all, task_id=cleanse_data_h6, execution_date=20250924T080000, start_date=20250924T090934, end_date=20250924T090935
[2025-09-24T09:09:35.401+0000] {local_task_job_runner.py:234} INFO - Task exited with return code 0
[2025-09-24T09:09:35.432+0000] {taskinstance.py:3280} INFO - 1 downstream tasks scheduled from follow-on schedule check
[2025-09-24T09:59:30.937+0000] {taskinstance.py:1956} INFO - Dependencies all met for dep_context=non-requeueable deps ti=<TaskInstance: dag_data_cleanse_and_calculate_all.cleanse_data_h6 scheduled__2025-09-24T08:00:00+00:00 [queued]>
[2025-09-24T09:59:30.949+0000] {taskinstance.py:1956} INFO - Dependencies all met for dep_context=requeueable deps ti=<TaskInstance: dag_data_cleanse_and_calculate_all.cleanse_data_h6 scheduled__2025-09-24T08:00:00+00:00 [queued]>
[2025-09-24T09:59:30.950+0000] {taskinstance.py:2170} INFO - Starting attempt 1 of 1
[2025-09-24T09:59:30.963+0000] {taskinstance.py:2191} INFO - Executing <Task(PythonOperator): cleanse_data_h6> on 2025-09-24 08:00:00+00:00
[2025-09-24T09:59:30.974+0000] {standard_task_runner.py:60} INFO - Started process 960 to run task
[2025-09-24T09:59:30.978+0000] {standard_task_runner.py:87} INFO - Running: ['***', 'tasks', 'run', 'dag_data_cleanse_and_calculate_all', 'cleanse_data_h6', 'scheduled__2025-09-24T08:00:00+00:00', '--job-id', '281', '--raw', '--subdir', 'DAGS_FOLDER/cleansing_data_flow.py', '--cfg-path', '/tmp/tmpo679uzgo']
[2025-09-24T09:59:30.979+0000] {standard_task_runner.py:88} INFO - Job 281: Subtask cleanse_data_h6
[2025-09-24T09:59:31.066+0000] {task_command.py:423} INFO - Running <TaskInstance: dag_data_cleanse_and_calculate_all.cleanse_data_h6 scheduled__2025-09-24T08:00:00+00:00 [running]> on host 5d539c157d54
[2025-09-24T09:59:31.169+0000] {taskinstance.py:2480} INFO - Exporting env vars: AIRFLOW_CTX_DAG_OWNER='***' AIRFLOW_CTX_DAG_ID='dag_data_cleanse_and_calculate_all' AIRFLOW_CTX_TASK_ID='cleanse_data_h6' AIRFLOW_CTX_EXECUTION_DATE='2025-09-24T08:00:00+00:00' AIRFLOW_CTX_TRY_NUMBER='1' AIRFLOW_CTX_DAG_RUN_ID='scheduled__2025-09-24T08:00:00+00:00'
[2025-09-24T09:59:31.357+0000] {python.py:201} INFO - Done. Returned value was: None
[2025-09-24T09:59:31.370+0000] {taskinstance.py:1138} INFO - Marking task as SUCCESS. dag_id=dag_data_cleanse_and_calculate_all, task_id=cleanse_data_h6, execution_date=20250924T080000, start_date=20250924T095930, end_date=20250924T095931
[2025-09-24T09:59:31.409+0000] {local_task_job_runner.py:234} INFO - Task exited with return code 0
[2025-09-24T09:59:31.426+0000] {taskinstance.py:3280} INFO - 1 downstream tasks scheduled from follow-on schedule check
