[2025-09-24T09:09:52.141+0000] {taskinstance.py:1956} INFO - Dependencies all met for dep_context=non-requeueable deps ti=<TaskInstance: dag_data_cleanse_and_calculate_all.calculate_data_h7 scheduled__2025-09-24T08:00:00+00:00 [queued]>
[2025-09-24T09:09:52.153+0000] {taskinstance.py:1956} INFO - Dependencies all met for dep_context=requeueable deps ti=<TaskInstance: dag_data_cleanse_and_calculate_all.calculate_data_h7 scheduled__2025-09-24T08:00:00+00:00 [queued]>
[2025-09-24T09:09:52.154+0000] {taskinstance.py:2170} INFO - Starting attempt 1 of 1
[2025-09-24T09:09:52.169+0000] {taskinstance.py:2191} INFO - Executing <Task(PythonOperator): calculate_data_h7> on 2025-09-24 08:00:00+00:00
[2025-09-24T09:09:52.181+0000] {standard_task_runner.py:60} INFO - Started process 1991 to run task
[2025-09-24T09:09:52.186+0000] {standard_task_runner.py:87} INFO - Running: ['***', 'tasks', 'run', 'dag_data_cleanse_and_calculate_all', 'calculate_data_h7', 'scheduled__2025-09-24T08:00:00+00:00', '--job-id', '351', '--raw', '--subdir', 'DAGS_FOLDER/cleansing_data_flow.py', '--cfg-path', '/tmp/tmpreeuv2lb']
[2025-09-24T09:09:52.189+0000] {standard_task_runner.py:88} INFO - Job 351: Subtask calculate_data_h7
[2025-09-24T09:09:52.264+0000] {task_command.py:423} INFO - Running <TaskInstance: dag_data_cleanse_and_calculate_all.calculate_data_h7 scheduled__2025-09-24T08:00:00+00:00 [running]> on host feaba2204362
[2025-09-24T09:09:52.347+0000] {taskinstance.py:2480} INFO - Exporting env vars: AIRFLOW_CTX_DAG_OWNER='***' AIRFLOW_CTX_DAG_ID='dag_data_cleanse_and_calculate_all' AIRFLOW_CTX_TASK_ID='calculate_data_h7' AIRFLOW_CTX_EXECUTION_DATE='2025-09-24T08:00:00+00:00' AIRFLOW_CTX_TRY_NUMBER='1' AIRFLOW_CTX_DAG_RUN_ID='scheduled__2025-09-24T08:00:00+00:00'
[2025-09-24T09:09:52.486+0000] {python.py:201} INFO - Done. Returned value was: None
[2025-09-24T09:09:52.501+0000] {taskinstance.py:1138} INFO - Marking task as SUCCESS. dag_id=dag_data_cleanse_and_calculate_all, task_id=calculate_data_h7, execution_date=20250924T080000, start_date=20250924T090952, end_date=20250924T090952
[2025-09-24T09:09:52.579+0000] {local_task_job_runner.py:234} INFO - Task exited with return code 0
[2025-09-24T09:09:52.603+0000] {taskinstance.py:3280} INFO - 0 downstream tasks scheduled from follow-on schedule check
[2025-09-24T09:59:50.430+0000] {taskinstance.py:1956} INFO - Dependencies all met for dep_context=non-requeueable deps ti=<TaskInstance: dag_data_cleanse_and_calculate_all.calculate_data_h7 scheduled__2025-09-24T08:00:00+00:00 [queued]>
[2025-09-24T09:59:50.463+0000] {taskinstance.py:1956} INFO - Dependencies all met for dep_context=requeueable deps ti=<TaskInstance: dag_data_cleanse_and_calculate_all.calculate_data_h7 scheduled__2025-09-24T08:00:00+00:00 [queued]>
[2025-09-24T09:59:50.467+0000] {taskinstance.py:2170} INFO - Starting attempt 1 of 1
[2025-09-24T09:59:50.498+0000] {taskinstance.py:2191} INFO - Executing <Task(PythonOperator): calculate_data_h7> on 2025-09-24 08:00:00+00:00
[2025-09-24T09:59:50.513+0000] {standard_task_runner.py:60} INFO - Started process 1354 to run task
[2025-09-24T09:59:50.522+0000] {standard_task_runner.py:87} INFO - Running: ['***', 'tasks', 'run', 'dag_data_cleanse_and_calculate_all', 'calculate_data_h7', 'scheduled__2025-09-24T08:00:00+00:00', '--job-id', '409', '--raw', '--subdir', 'DAGS_FOLDER/cleansing_data_flow.py', '--cfg-path', '/tmp/tmpn7l84xn0']
[2025-09-24T09:59:50.526+0000] {standard_task_runner.py:88} INFO - Job 409: Subtask calculate_data_h7
[2025-09-24T09:59:50.623+0000] {task_command.py:423} INFO - Running <TaskInstance: dag_data_cleanse_and_calculate_all.calculate_data_h7 scheduled__2025-09-24T08:00:00+00:00 [running]> on host 5d539c157d54
[2025-09-24T09:59:50.756+0000] {taskinstance.py:2480} INFO - Exporting env vars: AIRFLOW_CTX_DAG_OWNER='***' AIRFLOW_CTX_DAG_ID='dag_data_cleanse_and_calculate_all' AIRFLOW_CTX_TASK_ID='calculate_data_h7' AIRFLOW_CTX_EXECUTION_DATE='2025-09-24T08:00:00+00:00' AIRFLOW_CTX_TRY_NUMBER='1' AIRFLOW_CTX_DAG_RUN_ID='scheduled__2025-09-24T08:00:00+00:00'
[2025-09-24T09:59:50.941+0000] {python.py:201} INFO - Done. Returned value was: None
[2025-09-24T09:59:50.950+0000] {taskinstance.py:1138} INFO - Marking task as SUCCESS. dag_id=dag_data_cleanse_and_calculate_all, task_id=calculate_data_h7, execution_date=20250924T080000, start_date=20250924T095950, end_date=20250924T095950
[2025-09-24T09:59:51.030+0000] {local_task_job_runner.py:234} INFO - Task exited with return code 0
[2025-09-24T09:59:51.072+0000] {taskinstance.py:3280} INFO - 0 downstream tasks scheduled from follow-on schedule check
