[2025-09-24T09:09:37.297+0000] {taskinstance.py:1956} INFO - Dependencies all met for dep_context=non-requeueable deps ti=<TaskInstance: dag_data_cleanse_and_calculate_all.cleanse_data_c5 scheduled__2025-09-24T08:00:00+00:00 [queued]>
[2025-09-24T09:09:37.307+0000] {taskinstance.py:1956} INFO - Dependencies all met for dep_context=requeueable deps ti=<TaskInstance: dag_data_cleanse_and_calculate_all.cleanse_data_c5 scheduled__2025-09-24T08:00:00+00:00 [queued]>
[2025-09-24T09:09:37.308+0000] {taskinstance.py:2170} INFO - Starting attempt 1 of 1
[2025-09-24T09:09:37.331+0000] {taskinstance.py:2191} INFO - Executing <Task(PythonOperator): cleanse_data_c5> on 2025-09-24 08:00:00+00:00
[2025-09-24T09:09:37.338+0000] {standard_task_runner.py:60} INFO - Started process 1702 to run task
[2025-09-24T09:09:37.343+0000] {standard_task_runner.py:87} INFO - Running: ['***', 'tasks', 'run', 'dag_data_cleanse_and_calculate_all', 'cleanse_data_c5', 'scheduled__2025-09-24T08:00:00+00:00', '--job-id', '261', '--raw', '--subdir', 'DAGS_FOLDER/cleansing_data_flow.py', '--cfg-path', '/tmp/tmphwp7kiub']
[2025-09-24T09:09:37.344+0000] {standard_task_runner.py:88} INFO - Job 261: Subtask cleanse_data_c5
[2025-09-24T09:09:37.429+0000] {task_command.py:423} INFO - Running <TaskInstance: dag_data_cleanse_and_calculate_all.cleanse_data_c5 scheduled__2025-09-24T08:00:00+00:00 [running]> on host feaba2204362
[2025-09-24T09:09:37.527+0000] {taskinstance.py:2480} INFO - Exporting env vars: AIRFLOW_CTX_DAG_OWNER='***' AIRFLOW_CTX_DAG_ID='dag_data_cleanse_and_calculate_all' AIRFLOW_CTX_TASK_ID='cleanse_data_c5' AIRFLOW_CTX_EXECUTION_DATE='2025-09-24T08:00:00+00:00' AIRFLOW_CTX_TRY_NUMBER='1' AIRFLOW_CTX_DAG_RUN_ID='scheduled__2025-09-24T08:00:00+00:00'
[2025-09-24T09:09:37.726+0000] {python.py:201} INFO - Done. Returned value was: None
[2025-09-24T09:09:37.736+0000] {taskinstance.py:1138} INFO - Marking task as SUCCESS. dag_id=dag_data_cleanse_and_calculate_all, task_id=cleanse_data_c5, execution_date=20250924T080000, start_date=20250924T090937, end_date=20250924T090937
[2025-09-24T09:09:37.774+0000] {local_task_job_runner.py:234} INFO - Task exited with return code 0
[2025-09-24T09:09:37.789+0000] {taskinstance.py:3280} INFO - 1 downstream tasks scheduled from follow-on schedule check
[2025-09-24T09:59:35.332+0000] {taskinstance.py:1956} INFO - Dependencies all met for dep_context=non-requeueable deps ti=<TaskInstance: dag_data_cleanse_and_calculate_all.cleanse_data_c5 scheduled__2025-09-24T08:00:00+00:00 [queued]>
[2025-09-24T09:59:35.352+0000] {taskinstance.py:1956} INFO - Dependencies all met for dep_context=requeueable deps ti=<TaskInstance: dag_data_cleanse_and_calculate_all.cleanse_data_c5 scheduled__2025-09-24T08:00:00+00:00 [queued]>
[2025-09-24T09:59:35.352+0000] {taskinstance.py:2170} INFO - Starting attempt 1 of 1
[2025-09-24T09:59:35.378+0000] {taskinstance.py:2191} INFO - Executing <Task(PythonOperator): cleanse_data_c5> on 2025-09-24 08:00:00+00:00
[2025-09-24T09:59:35.392+0000] {standard_task_runner.py:60} INFO - Started process 1065 to run task
[2025-09-24T09:59:35.395+0000] {standard_task_runner.py:87} INFO - Running: ['***', 'tasks', 'run', 'dag_data_cleanse_and_calculate_all', 'cleanse_data_c5', 'scheduled__2025-09-24T08:00:00+00:00', '--job-id', '312', '--raw', '--subdir', 'DAGS_FOLDER/cleansing_data_flow.py', '--cfg-path', '/tmp/tmp79llss6m']
[2025-09-24T09:59:35.397+0000] {standard_task_runner.py:88} INFO - Job 312: Subtask cleanse_data_c5
[2025-09-24T09:59:35.480+0000] {task_command.py:423} INFO - Running <TaskInstance: dag_data_cleanse_and_calculate_all.cleanse_data_c5 scheduled__2025-09-24T08:00:00+00:00 [running]> on host 5d539c157d54
[2025-09-24T09:59:35.572+0000] {taskinstance.py:2480} INFO - Exporting env vars: AIRFLOW_CTX_DAG_OWNER='***' AIRFLOW_CTX_DAG_ID='dag_data_cleanse_and_calculate_all' AIRFLOW_CTX_TASK_ID='cleanse_data_c5' AIRFLOW_CTX_EXECUTION_DATE='2025-09-24T08:00:00+00:00' AIRFLOW_CTX_TRY_NUMBER='1' AIRFLOW_CTX_DAG_RUN_ID='scheduled__2025-09-24T08:00:00+00:00'
[2025-09-24T09:59:35.877+0000] {python.py:201} INFO - Done. Returned value was: None
[2025-09-24T09:59:35.889+0000] {taskinstance.py:1138} INFO - Marking task as SUCCESS. dag_id=dag_data_cleanse_and_calculate_all, task_id=cleanse_data_c5, execution_date=20250924T080000, start_date=20250924T095935, end_date=20250924T095935
[2025-09-24T09:59:35.942+0000] {local_task_job_runner.py:234} INFO - Task exited with return code 0
[2025-09-24T09:59:35.968+0000] {taskinstance.py:3280} INFO - 1 downstream tasks scheduled from follow-on schedule check
