[2025-09-24T09:09:32.226+0000] {taskinstance.py:1956} INFO - Dependencies all met for dep_context=non-requeueable deps ti=<TaskInstance: dag_data_cleanse_and_calculate_all.cleanse_data_b17 scheduled__2025-09-24T08:00:00+00:00 [queued]>
[2025-09-24T09:09:32.248+0000] {taskinstance.py:1956} INFO - Dependencies all met for dep_context=requeueable deps ti=<TaskInstance: dag_data_cleanse_and_calculate_all.cleanse_data_b17 scheduled__2025-09-24T08:00:00+00:00 [queued]>
[2025-09-24T09:09:32.249+0000] {taskinstance.py:2170} INFO - Starting attempt 1 of 1
[2025-09-24T09:09:32.272+0000] {taskinstance.py:2191} INFO - Executing <Task(PythonOperator): cleanse_data_b17> on 2025-09-24 08:00:00+00:00
[2025-09-24T09:09:32.282+0000] {standard_task_runner.py:60} INFO - Started process 1608 to run task
[2025-09-24T09:09:32.288+0000] {standard_task_runner.py:87} INFO - Running: ['***', 'tasks', 'run', 'dag_data_cleanse_and_calculate_all', 'cleanse_data_b17', 'scheduled__2025-09-24T08:00:00+00:00', '--job-id', '232', '--raw', '--subdir', 'DAGS_FOLDER/cleansing_data_flow.py', '--cfg-path', '/tmp/tmpt6ltaejj']
[2025-09-24T09:09:32.290+0000] {standard_task_runner.py:88} INFO - Job 232: Subtask cleanse_data_b17
[2025-09-24T09:09:32.388+0000] {task_command.py:423} INFO - Running <TaskInstance: dag_data_cleanse_and_calculate_all.cleanse_data_b17 scheduled__2025-09-24T08:00:00+00:00 [running]> on host feaba2204362
[2025-09-24T09:09:32.489+0000] {taskinstance.py:2480} INFO - Exporting env vars: AIRFLOW_CTX_DAG_OWNER='***' AIRFLOW_CTX_DAG_ID='dag_data_cleanse_and_calculate_all' AIRFLOW_CTX_TASK_ID='cleanse_data_b17' AIRFLOW_CTX_EXECUTION_DATE='2025-09-24T08:00:00+00:00' AIRFLOW_CTX_TRY_NUMBER='1' AIRFLOW_CTX_DAG_RUN_ID='scheduled__2025-09-24T08:00:00+00:00'
[2025-09-24T09:09:32.693+0000] {python.py:201} INFO - Done. Returned value was: None
[2025-09-24T09:09:32.705+0000] {taskinstance.py:1138} INFO - Marking task as SUCCESS. dag_id=dag_data_cleanse_and_calculate_all, task_id=cleanse_data_b17, execution_date=20250924T080000, start_date=20250924T090932, end_date=20250924T090932
[2025-09-24T09:09:32.724+0000] {local_task_job_runner.py:234} INFO - Task exited with return code 0
[2025-09-24T09:09:32.743+0000] {taskinstance.py:3280} INFO - 1 downstream tasks scheduled from follow-on schedule check
[2025-09-24T09:59:28.313+0000] {taskinstance.py:1956} INFO - Dependencies all met for dep_context=non-requeueable deps ti=<TaskInstance: dag_data_cleanse_and_calculate_all.cleanse_data_b17 scheduled__2025-09-24T08:00:00+00:00 [queued]>
[2025-09-24T09:59:28.324+0000] {taskinstance.py:1956} INFO - Dependencies all met for dep_context=requeueable deps ti=<TaskInstance: dag_data_cleanse_and_calculate_all.cleanse_data_b17 scheduled__2025-09-24T08:00:00+00:00 [queued]>
[2025-09-24T09:59:28.325+0000] {taskinstance.py:2170} INFO - Starting attempt 1 of 1
[2025-09-24T09:59:28.351+0000] {taskinstance.py:2191} INFO - Executing <Task(PythonOperator): cleanse_data_b17> on 2025-09-24 08:00:00+00:00
[2025-09-24T09:59:28.359+0000] {standard_task_runner.py:60} INFO - Started process 923 to run task
[2025-09-24T09:59:28.391+0000] {standard_task_runner.py:87} INFO - Running: ['***', 'tasks', 'run', 'dag_data_cleanse_and_calculate_all', 'cleanse_data_b17', 'scheduled__2025-09-24T08:00:00+00:00', '--job-id', '274', '--raw', '--subdir', 'DAGS_FOLDER/cleansing_data_flow.py', '--cfg-path', '/tmp/tmpn2bxftsw']
[2025-09-24T09:59:28.396+0000] {standard_task_runner.py:88} INFO - Job 274: Subtask cleanse_data_b17
[2025-09-24T09:59:28.589+0000] {task_command.py:423} INFO - Running <TaskInstance: dag_data_cleanse_and_calculate_all.cleanse_data_b17 scheduled__2025-09-24T08:00:00+00:00 [running]> on host 5d539c157d54
[2025-09-24T09:59:28.700+0000] {taskinstance.py:2480} INFO - Exporting env vars: AIRFLOW_CTX_DAG_OWNER='***' AIRFLOW_CTX_DAG_ID='dag_data_cleanse_and_calculate_all' AIRFLOW_CTX_TASK_ID='cleanse_data_b17' AIRFLOW_CTX_EXECUTION_DATE='2025-09-24T08:00:00+00:00' AIRFLOW_CTX_TRY_NUMBER='1' AIRFLOW_CTX_DAG_RUN_ID='scheduled__2025-09-24T08:00:00+00:00'
[2025-09-24T09:59:28.893+0000] {python.py:201} INFO - Done. Returned value was: None
[2025-09-24T09:59:28.901+0000] {taskinstance.py:1138} INFO - Marking task as SUCCESS. dag_id=dag_data_cleanse_and_calculate_all, task_id=cleanse_data_b17, execution_date=20250924T080000, start_date=20250924T095928, end_date=20250924T095928
[2025-09-24T09:59:28.938+0000] {local_task_job_runner.py:234} INFO - Task exited with return code 0
[2025-09-24T09:59:28.967+0000] {taskinstance.py:3280} INFO - 1 downstream tasks scheduled from follow-on schedule check
