[2025-09-24T09:09:47.997+0000] {taskinstance.py:1956} INFO - Dependencies all met for dep_context=non-requeueable deps ti=<TaskInstance: dag_data_cleanse_and_calculate_all.calculate_data_b10 scheduled__2025-09-24T08:00:00+00:00 [queued]>
[2025-09-24T09:09:48.016+0000] {taskinstance.py:1956} INFO - Dependencies all met for dep_context=requeueable deps ti=<TaskInstance: dag_data_cleanse_and_calculate_all.calculate_data_b10 scheduled__2025-09-24T08:00:00+00:00 [queued]>
[2025-09-24T09:09:48.017+0000] {taskinstance.py:2170} INFO - Starting attempt 1 of 1
[2025-09-24T09:09:48.041+0000] {taskinstance.py:2191} INFO - Executing <Task(PythonOperator): calculate_data_b10> on 2025-09-24 08:00:00+00:00
[2025-09-24T09:09:48.052+0000] {standard_task_runner.py:60} INFO - Started process 1896 to run task
[2025-09-24T09:09:48.057+0000] {standard_task_runner.py:87} INFO - Running: ['***', 'tasks', 'run', 'dag_data_cleanse_and_calculate_all', 'calculate_data_b10', 'scheduled__2025-09-24T08:00:00+00:00', '--job-id', '327', '--raw', '--subdir', 'DAGS_FOLDER/cleansing_data_flow.py', '--cfg-path', '/tmp/tmpbqiqqcu7']
[2025-09-24T09:09:48.060+0000] {standard_task_runner.py:88} INFO - Job 327: Subtask calculate_data_b10
[2025-09-24T09:09:48.139+0000] {task_command.py:423} INFO - Running <TaskInstance: dag_data_cleanse_and_calculate_all.calculate_data_b10 scheduled__2025-09-24T08:00:00+00:00 [running]> on host feaba2204362
[2025-09-24T09:09:48.236+0000] {taskinstance.py:2480} INFO - Exporting env vars: AIRFLOW_CTX_DAG_OWNER='***' AIRFLOW_CTX_DAG_ID='dag_data_cleanse_and_calculate_all' AIRFLOW_CTX_TASK_ID='calculate_data_b10' AIRFLOW_CTX_EXECUTION_DATE='2025-09-24T08:00:00+00:00' AIRFLOW_CTX_TRY_NUMBER='1' AIRFLOW_CTX_DAG_RUN_ID='scheduled__2025-09-24T08:00:00+00:00'
[2025-09-24T09:09:48.415+0000] {python.py:201} INFO - Done. Returned value was: None
[2025-09-24T09:09:48.422+0000] {taskinstance.py:1138} INFO - Marking task as SUCCESS. dag_id=dag_data_cleanse_and_calculate_all, task_id=calculate_data_b10, execution_date=20250924T080000, start_date=20250924T090947, end_date=20250924T090948
[2025-09-24T09:09:48.450+0000] {local_task_job_runner.py:234} INFO - Task exited with return code 0
[2025-09-24T09:09:48.462+0000] {taskinstance.py:3280} INFO - 0 downstream tasks scheduled from follow-on schedule check
[2025-09-24T09:59:45.558+0000] {taskinstance.py:1956} INFO - Dependencies all met for dep_context=non-requeueable deps ti=<TaskInstance: dag_data_cleanse_and_calculate_all.calculate_data_b10 scheduled__2025-09-24T08:00:00+00:00 [queued]>
[2025-09-24T09:59:45.568+0000] {taskinstance.py:1956} INFO - Dependencies all met for dep_context=requeueable deps ti=<TaskInstance: dag_data_cleanse_and_calculate_all.calculate_data_b10 scheduled__2025-09-24T08:00:00+00:00 [queued]>
[2025-09-24T09:59:45.570+0000] {taskinstance.py:2170} INFO - Starting attempt 1 of 1
[2025-09-24T09:59:45.590+0000] {taskinstance.py:2191} INFO - Executing <Task(PythonOperator): calculate_data_b10> on 2025-09-24 08:00:00+00:00
[2025-09-24T09:59:45.600+0000] {standard_task_runner.py:60} INFO - Started process 1259 to run task
[2025-09-24T09:59:45.603+0000] {standard_task_runner.py:87} INFO - Running: ['***', 'tasks', 'run', 'dag_data_cleanse_and_calculate_all', 'calculate_data_b10', 'scheduled__2025-09-24T08:00:00+00:00', '--job-id', '379', '--raw', '--subdir', 'DAGS_FOLDER/cleansing_data_flow.py', '--cfg-path', '/tmp/tmps7rgauuw']
[2025-09-24T09:59:45.604+0000] {standard_task_runner.py:88} INFO - Job 379: Subtask calculate_data_b10
[2025-09-24T09:59:45.692+0000] {task_command.py:423} INFO - Running <TaskInstance: dag_data_cleanse_and_calculate_all.calculate_data_b10 scheduled__2025-09-24T08:00:00+00:00 [running]> on host 5d539c157d54
[2025-09-24T09:59:45.778+0000] {taskinstance.py:2480} INFO - Exporting env vars: AIRFLOW_CTX_DAG_OWNER='***' AIRFLOW_CTX_DAG_ID='dag_data_cleanse_and_calculate_all' AIRFLOW_CTX_TASK_ID='calculate_data_b10' AIRFLOW_CTX_EXECUTION_DATE='2025-09-24T08:00:00+00:00' AIRFLOW_CTX_TRY_NUMBER='1' AIRFLOW_CTX_DAG_RUN_ID='scheduled__2025-09-24T08:00:00+00:00'
[2025-09-24T09:59:45.977+0000] {python.py:201} INFO - Done. Returned value was: None
[2025-09-24T09:59:45.988+0000] {taskinstance.py:1138} INFO - Marking task as SUCCESS. dag_id=dag_data_cleanse_and_calculate_all, task_id=calculate_data_b10, execution_date=20250924T080000, start_date=20250924T095945, end_date=20250924T095945
[2025-09-24T09:59:46.026+0000] {local_task_job_runner.py:234} INFO - Task exited with return code 0
[2025-09-24T09:59:46.060+0000] {taskinstance.py:3280} INFO - 0 downstream tasks scheduled from follow-on schedule check
