[2025-09-24T09:09:34.926+0000] {taskinstance.py:1956} INFO - Dependencies all met for dep_context=non-requeueable deps ti=<TaskInstance: dag_data_cleanse_and_calculate_all.cleanse_data_d10 scheduled__2025-09-24T08:00:00+00:00 [queued]>
[2025-09-24T09:09:34.949+0000] {taskinstance.py:1956} INFO - Dependencies all met for dep_context=requeueable deps ti=<TaskInstance: dag_data_cleanse_and_calculate_all.cleanse_data_d10 scheduled__2025-09-24T08:00:00+00:00 [queued]>
[2025-09-24T09:09:34.952+0000] {taskinstance.py:2170} INFO - Starting attempt 1 of 1
[2025-09-24T09:09:34.972+0000] {taskinstance.py:2191} INFO - Executing <Task(PythonOperator): cleanse_data_d10> on 2025-09-24 08:00:00+00:00
[2025-09-24T09:09:34.981+0000] {standard_task_runner.py:60} INFO - Started process 1658 to run task
[2025-09-24T09:09:34.985+0000] {standard_task_runner.py:87} INFO - Running: ['***', 'tasks', 'run', 'dag_data_cleanse_and_calculate_all', 'cleanse_data_d10', 'scheduled__2025-09-24T08:00:00+00:00', '--job-id', '249', '--raw', '--subdir', 'DAGS_FOLDER/cleansing_data_flow.py', '--cfg-path', '/tmp/tmpyk6t4g9b']
[2025-09-24T09:09:34.987+0000] {standard_task_runner.py:88} INFO - Job 249: Subtask cleanse_data_d10
[2025-09-24T09:09:35.066+0000] {task_command.py:423} INFO - Running <TaskInstance: dag_data_cleanse_and_calculate_all.cleanse_data_d10 scheduled__2025-09-24T08:00:00+00:00 [running]> on host feaba2204362
[2025-09-24T09:09:35.194+0000] {taskinstance.py:2480} INFO - Exporting env vars: AIRFLOW_CTX_DAG_OWNER='***' AIRFLOW_CTX_DAG_ID='dag_data_cleanse_and_calculate_all' AIRFLOW_CTX_TASK_ID='cleanse_data_d10' AIRFLOW_CTX_EXECUTION_DATE='2025-09-24T08:00:00+00:00' AIRFLOW_CTX_TRY_NUMBER='1' AIRFLOW_CTX_DAG_RUN_ID='scheduled__2025-09-24T08:00:00+00:00'
[2025-09-24T09:09:35.443+0000] {python.py:201} INFO - Done. Returned value was: None
[2025-09-24T09:09:35.456+0000] {taskinstance.py:1138} INFO - Marking task as SUCCESS. dag_id=dag_data_cleanse_and_calculate_all, task_id=cleanse_data_d10, execution_date=20250924T080000, start_date=20250924T090934, end_date=20250924T090935
[2025-09-24T09:09:35.611+0000] {local_task_job_runner.py:234} INFO - Task exited with return code 0
[2025-09-24T09:09:35.641+0000] {taskinstance.py:3280} INFO - 1 downstream tasks scheduled from follow-on schedule check
[2025-09-24T09:59:33.362+0000] {taskinstance.py:1956} INFO - Dependencies all met for dep_context=non-requeueable deps ti=<TaskInstance: dag_data_cleanse_and_calculate_all.cleanse_data_d10 scheduled__2025-09-24T08:00:00+00:00 [queued]>
[2025-09-24T09:59:33.386+0000] {taskinstance.py:1956} INFO - Dependencies all met for dep_context=requeueable deps ti=<TaskInstance: dag_data_cleanse_and_calculate_all.cleanse_data_d10 scheduled__2025-09-24T08:00:00+00:00 [queued]>
[2025-09-24T09:59:33.388+0000] {taskinstance.py:2170} INFO - Starting attempt 1 of 1
[2025-09-24T09:59:33.407+0000] {taskinstance.py:2191} INFO - Executing <Task(PythonOperator): cleanse_data_d10> on 2025-09-24 08:00:00+00:00
[2025-09-24T09:59:33.417+0000] {standard_task_runner.py:60} INFO - Started process 1026 to run task
[2025-09-24T09:59:33.421+0000] {standard_task_runner.py:87} INFO - Running: ['***', 'tasks', 'run', 'dag_data_cleanse_and_calculate_all', 'cleanse_data_d10', 'scheduled__2025-09-24T08:00:00+00:00', '--job-id', '306', '--raw', '--subdir', 'DAGS_FOLDER/cleansing_data_flow.py', '--cfg-path', '/tmp/tmp8m62czr9']
[2025-09-24T09:59:33.423+0000] {standard_task_runner.py:88} INFO - Job 306: Subtask cleanse_data_d10
[2025-09-24T09:59:33.504+0000] {task_command.py:423} INFO - Running <TaskInstance: dag_data_cleanse_and_calculate_all.cleanse_data_d10 scheduled__2025-09-24T08:00:00+00:00 [running]> on host 5d539c157d54
[2025-09-24T09:59:33.594+0000] {taskinstance.py:2480} INFO - Exporting env vars: AIRFLOW_CTX_DAG_OWNER='***' AIRFLOW_CTX_DAG_ID='dag_data_cleanse_and_calculate_all' AIRFLOW_CTX_TASK_ID='cleanse_data_d10' AIRFLOW_CTX_EXECUTION_DATE='2025-09-24T08:00:00+00:00' AIRFLOW_CTX_TRY_NUMBER='1' AIRFLOW_CTX_DAG_RUN_ID='scheduled__2025-09-24T08:00:00+00:00'
[2025-09-24T09:59:33.811+0000] {python.py:201} INFO - Done. Returned value was: None
[2025-09-24T09:59:33.825+0000] {taskinstance.py:1138} INFO - Marking task as SUCCESS. dag_id=dag_data_cleanse_and_calculate_all, task_id=cleanse_data_d10, execution_date=20250924T080000, start_date=20250924T095933, end_date=20250924T095933
[2025-09-24T09:59:33.845+0000] {local_task_job_runner.py:234} INFO - Task exited with return code 0
[2025-09-24T09:59:33.952+0000] {taskinstance.py:3280} INFO - 1 downstream tasks scheduled from follow-on schedule check
