[2025-09-24T09:09:31.968+0000] {taskinstance.py:1956} INFO - Dependencies all met for dep_context=non-requeueable deps ti=<TaskInstance: dag_data_cleanse_and_calculate_all.cleanse_data_a3 scheduled__2025-09-24T08:00:00+00:00 [queued]>
[2025-09-24T09:09:31.979+0000] {taskinstance.py:1956} INFO - Dependencies all met for dep_context=requeueable deps ti=<TaskInstance: dag_data_cleanse_and_calculate_all.cleanse_data_a3 scheduled__2025-09-24T08:00:00+00:00 [queued]>
[2025-09-24T09:09:31.980+0000] {taskinstance.py:2170} INFO - Starting attempt 1 of 1
[2025-09-24T09:09:31.993+0000] {taskinstance.py:2191} INFO - Executing <Task(PythonOperator): cleanse_data_a3> on 2025-09-24 08:00:00+00:00
[2025-09-24T09:09:32.005+0000] {standard_task_runner.py:60} INFO - Started process 1604 to run task
[2025-09-24T09:09:32.007+0000] {standard_task_runner.py:87} INFO - Running: ['***', 'tasks', 'run', 'dag_data_cleanse_and_calculate_all', 'cleanse_data_a3', 'scheduled__2025-09-24T08:00:00+00:00', '--job-id', '227', '--raw', '--subdir', 'DAGS_FOLDER/cleansing_data_flow.py', '--cfg-path', '/tmp/tmprdx6_iwo']
[2025-09-24T09:09:32.009+0000] {standard_task_runner.py:88} INFO - Job 227: Subtask cleanse_data_a3
[2025-09-24T09:09:32.159+0000] {task_command.py:423} INFO - Running <TaskInstance: dag_data_cleanse_and_calculate_all.cleanse_data_a3 scheduled__2025-09-24T08:00:00+00:00 [running]> on host feaba2204362
[2025-09-24T09:09:32.285+0000] {taskinstance.py:2480} INFO - Exporting env vars: AIRFLOW_CTX_DAG_OWNER='***' AIRFLOW_CTX_DAG_ID='dag_data_cleanse_and_calculate_all' AIRFLOW_CTX_TASK_ID='cleanse_data_a3' AIRFLOW_CTX_EXECUTION_DATE='2025-09-24T08:00:00+00:00' AIRFLOW_CTX_TRY_NUMBER='1' AIRFLOW_CTX_DAG_RUN_ID='scheduled__2025-09-24T08:00:00+00:00'
[2025-09-24T09:09:32.546+0000] {python.py:201} INFO - Done. Returned value was: None
[2025-09-24T09:09:32.557+0000] {taskinstance.py:1138} INFO - Marking task as SUCCESS. dag_id=dag_data_cleanse_and_calculate_all, task_id=cleanse_data_a3, execution_date=20250924T080000, start_date=20250924T090931, end_date=20250924T090932
[2025-09-24T09:09:32.606+0000] {local_task_job_runner.py:234} INFO - Task exited with return code 0
[2025-09-24T09:09:32.623+0000] {taskinstance.py:3280} INFO - 1 downstream tasks scheduled from follow-on schedule check
[2025-09-24T09:59:27.903+0000] {taskinstance.py:1956} INFO - Dependencies all met for dep_context=non-requeueable deps ti=<TaskInstance: dag_data_cleanse_and_calculate_all.cleanse_data_a3 scheduled__2025-09-24T08:00:00+00:00 [queued]>
[2025-09-24T09:59:27.925+0000] {taskinstance.py:1956} INFO - Dependencies all met for dep_context=requeueable deps ti=<TaskInstance: dag_data_cleanse_and_calculate_all.cleanse_data_a3 scheduled__2025-09-24T08:00:00+00:00 [queued]>
[2025-09-24T09:59:27.926+0000] {taskinstance.py:2170} INFO - Starting attempt 1 of 1
[2025-09-24T09:59:27.942+0000] {taskinstance.py:2191} INFO - Executing <Task(PythonOperator): cleanse_data_a3> on 2025-09-24 08:00:00+00:00
[2025-09-24T09:59:27.957+0000] {standard_task_runner.py:60} INFO - Started process 912 to run task
[2025-09-24T09:59:27.966+0000] {standard_task_runner.py:87} INFO - Running: ['***', 'tasks', 'run', 'dag_data_cleanse_and_calculate_all', 'cleanse_data_a3', 'scheduled__2025-09-24T08:00:00+00:00', '--job-id', '264', '--raw', '--subdir', 'DAGS_FOLDER/cleansing_data_flow.py', '--cfg-path', '/tmp/tmpf02rix72']
[2025-09-24T09:59:27.973+0000] {standard_task_runner.py:88} INFO - Job 264: Subtask cleanse_data_a3
[2025-09-24T09:59:28.107+0000] {task_command.py:423} INFO - Running <TaskInstance: dag_data_cleanse_and_calculate_all.cleanse_data_a3 scheduled__2025-09-24T08:00:00+00:00 [running]> on host 5d539c157d54
[2025-09-24T09:59:28.273+0000] {taskinstance.py:2480} INFO - Exporting env vars: AIRFLOW_CTX_DAG_OWNER='***' AIRFLOW_CTX_DAG_ID='dag_data_cleanse_and_calculate_all' AIRFLOW_CTX_TASK_ID='cleanse_data_a3' AIRFLOW_CTX_EXECUTION_DATE='2025-09-24T08:00:00+00:00' AIRFLOW_CTX_TRY_NUMBER='1' AIRFLOW_CTX_DAG_RUN_ID='scheduled__2025-09-24T08:00:00+00:00'
[2025-09-24T09:59:28.607+0000] {python.py:201} INFO - Done. Returned value was: None
[2025-09-24T09:59:28.620+0000] {taskinstance.py:1138} INFO - Marking task as SUCCESS. dag_id=dag_data_cleanse_and_calculate_all, task_id=cleanse_data_a3, execution_date=20250924T080000, start_date=20250924T095927, end_date=20250924T095928
[2025-09-24T09:59:28.688+0000] {local_task_job_runner.py:234} INFO - Task exited with return code 0
[2025-09-24T09:59:28.709+0000] {taskinstance.py:3280} INFO - 1 downstream tasks scheduled from follow-on schedule check
