[2025-09-24T09:09:45.349+0000] {taskinstance.py:1956} INFO - Dependencies all met for dep_context=non-requeueable deps ti=<TaskInstance: dag_data_cleanse_and_calculate_all.calculate_data_b18 scheduled__2025-09-24T08:00:00+00:00 [queued]>
[2025-09-24T09:09:45.362+0000] {taskinstance.py:1956} INFO - Dependencies all met for dep_context=requeueable deps ti=<TaskInstance: dag_data_cleanse_and_calculate_all.calculate_data_b18 scheduled__2025-09-24T08:00:00+00:00 [queued]>
[2025-09-24T09:09:45.363+0000] {taskinstance.py:2170} INFO - Starting attempt 1 of 1
[2025-09-24T09:09:45.374+0000] {taskinstance.py:2191} INFO - Executing <Task(PythonOperator): calculate_data_b18> on 2025-09-24 08:00:00+00:00
[2025-09-24T09:09:45.381+0000] {standard_task_runner.py:60} INFO - Started process 1854 to run task
[2025-09-24T09:09:45.385+0000] {standard_task_runner.py:87} INFO - Running: ['***', 'tasks', 'run', 'dag_data_cleanse_and_calculate_all', 'calculate_data_b18', 'scheduled__2025-09-24T08:00:00+00:00', '--job-id', '317', '--raw', '--subdir', 'DAGS_FOLDER/cleansing_data_flow.py', '--cfg-path', '/tmp/tmpt0qrap4o']
[2025-09-24T09:09:45.386+0000] {standard_task_runner.py:88} INFO - Job 317: Subtask calculate_data_b18
[2025-09-24T09:09:45.477+0000] {task_command.py:423} INFO - Running <TaskInstance: dag_data_cleanse_and_calculate_all.calculate_data_b18 scheduled__2025-09-24T08:00:00+00:00 [running]> on host feaba2204362
[2025-09-24T09:09:45.581+0000] {taskinstance.py:2480} INFO - Exporting env vars: AIRFLOW_CTX_DAG_OWNER='***' AIRFLOW_CTX_DAG_ID='dag_data_cleanse_and_calculate_all' AIRFLOW_CTX_TASK_ID='calculate_data_b18' AIRFLOW_CTX_EXECUTION_DATE='2025-09-24T08:00:00+00:00' AIRFLOW_CTX_TRY_NUMBER='1' AIRFLOW_CTX_DAG_RUN_ID='scheduled__2025-09-24T08:00:00+00:00'
[2025-09-24T09:09:45.780+0000] {python.py:201} INFO - Done. Returned value was: None
[2025-09-24T09:09:45.787+0000] {taskinstance.py:1138} INFO - Marking task as SUCCESS. dag_id=dag_data_cleanse_and_calculate_all, task_id=calculate_data_b18, execution_date=20250924T080000, start_date=20250924T090945, end_date=20250924T090945
[2025-09-24T09:09:45.800+0000] {local_task_job_runner.py:234} INFO - Task exited with return code 0
[2025-09-24T09:09:45.812+0000] {taskinstance.py:3280} INFO - 0 downstream tasks scheduled from follow-on schedule check
[2025-09-24T09:59:43.803+0000] {taskinstance.py:1956} INFO - Dependencies all met for dep_context=non-requeueable deps ti=<TaskInstance: dag_data_cleanse_and_calculate_all.calculate_data_b18 scheduled__2025-09-24T08:00:00+00:00 [queued]>
[2025-09-24T09:59:43.816+0000] {taskinstance.py:1956} INFO - Dependencies all met for dep_context=requeueable deps ti=<TaskInstance: dag_data_cleanse_and_calculate_all.calculate_data_b18 scheduled__2025-09-24T08:00:00+00:00 [queued]>
[2025-09-24T09:59:43.816+0000] {taskinstance.py:2170} INFO - Starting attempt 1 of 1
[2025-09-24T09:59:43.829+0000] {taskinstance.py:2191} INFO - Executing <Task(PythonOperator): calculate_data_b18> on 2025-09-24 08:00:00+00:00
[2025-09-24T09:59:43.835+0000] {standard_task_runner.py:60} INFO - Started process 1219 to run task
[2025-09-24T09:59:43.838+0000] {standard_task_runner.py:87} INFO - Running: ['***', 'tasks', 'run', 'dag_data_cleanse_and_calculate_all', 'calculate_data_b18', 'scheduled__2025-09-24T08:00:00+00:00', '--job-id', '371', '--raw', '--subdir', 'DAGS_FOLDER/cleansing_data_flow.py', '--cfg-path', '/tmp/tmpf1i7znvh']
[2025-09-24T09:59:43.840+0000] {standard_task_runner.py:88} INFO - Job 371: Subtask calculate_data_b18
[2025-09-24T09:59:43.886+0000] {task_command.py:423} INFO - Running <TaskInstance: dag_data_cleanse_and_calculate_all.calculate_data_b18 scheduled__2025-09-24T08:00:00+00:00 [running]> on host 5d539c157d54
[2025-09-24T09:59:43.940+0000] {taskinstance.py:2480} INFO - Exporting env vars: AIRFLOW_CTX_DAG_OWNER='***' AIRFLOW_CTX_DAG_ID='dag_data_cleanse_and_calculate_all' AIRFLOW_CTX_TASK_ID='calculate_data_b18' AIRFLOW_CTX_EXECUTION_DATE='2025-09-24T08:00:00+00:00' AIRFLOW_CTX_TRY_NUMBER='1' AIRFLOW_CTX_DAG_RUN_ID='scheduled__2025-09-24T08:00:00+00:00'
[2025-09-24T09:59:44.155+0000] {python.py:201} INFO - Done. Returned value was: None
[2025-09-24T09:59:44.165+0000] {taskinstance.py:1138} INFO - Marking task as SUCCESS. dag_id=dag_data_cleanse_and_calculate_all, task_id=calculate_data_b18, execution_date=20250924T080000, start_date=20250924T095943, end_date=20250924T095944
[2025-09-24T09:59:44.217+0000] {local_task_job_runner.py:234} INFO - Task exited with return code 0
[2025-09-24T09:59:44.237+0000] {taskinstance.py:3280} INFO - 0 downstream tasks scheduled from follow-on schedule check
