[2025-09-24T09:09:34.936+0000] {taskinstance.py:1956} INFO - Dependencies all met for dep_context=non-requeueable deps ti=<TaskInstance: dag_data_cleanse_and_calculate_all.cleanse_data_h5 scheduled__2025-09-24T08:00:00+00:00 [queued]>
[2025-09-24T09:09:34.956+0000] {taskinstance.py:1956} INFO - Dependencies all met for dep_context=requeueable deps ti=<TaskInstance: dag_data_cleanse_and_calculate_all.cleanse_data_h5 scheduled__2025-09-24T08:00:00+00:00 [queued]>
[2025-09-24T09:09:34.961+0000] {taskinstance.py:2170} INFO - Starting attempt 1 of 1
[2025-09-24T09:09:34.986+0000] {taskinstance.py:2191} INFO - Executing <Task(PythonOperator): cleanse_data_h5> on 2025-09-24 08:00:00+00:00
[2025-09-24T09:09:34.999+0000] {standard_task_runner.py:60} INFO - Started process 1660 to run task
[2025-09-24T09:09:35.002+0000] {standard_task_runner.py:87} INFO - Running: ['***', 'tasks', 'run', 'dag_data_cleanse_and_calculate_all', 'cleanse_data_h5', 'scheduled__2025-09-24T08:00:00+00:00', '--job-id', '250', '--raw', '--subdir', 'DAGS_FOLDER/cleansing_data_flow.py', '--cfg-path', '/tmp/tmpby19ah79']
[2025-09-24T09:09:35.004+0000] {standard_task_runner.py:88} INFO - Job 250: Subtask cleanse_data_h5
[2025-09-24T09:09:35.088+0000] {task_command.py:423} INFO - Running <TaskInstance: dag_data_cleanse_and_calculate_all.cleanse_data_h5 scheduled__2025-09-24T08:00:00+00:00 [running]> on host feaba2204362
[2025-09-24T09:09:35.419+0000] {taskinstance.py:2480} INFO - Exporting env vars: AIRFLOW_CTX_DAG_OWNER='***' AIRFLOW_CTX_DAG_ID='dag_data_cleanse_and_calculate_all' AIRFLOW_CTX_TASK_ID='cleanse_data_h5' AIRFLOW_CTX_EXECUTION_DATE='2025-09-24T08:00:00+00:00' AIRFLOW_CTX_TRY_NUMBER='1' AIRFLOW_CTX_DAG_RUN_ID='scheduled__2025-09-24T08:00:00+00:00'
[2025-09-24T09:09:35.548+0000] {python.py:201} INFO - Done. Returned value was: None
[2025-09-24T09:09:35.562+0000] {taskinstance.py:1138} INFO - Marking task as SUCCESS. dag_id=dag_data_cleanse_and_calculate_all, task_id=cleanse_data_h5, execution_date=20250924T080000, start_date=20250924T090934, end_date=20250924T090935
[2025-09-24T09:09:35.706+0000] {local_task_job_runner.py:234} INFO - Task exited with return code 0
[2025-09-24T09:09:35.855+0000] {taskinstance.py:3280} INFO - 1 downstream tasks scheduled from follow-on schedule check
[2025-09-24T09:59:31.237+0000] {taskinstance.py:1956} INFO - Dependencies all met for dep_context=non-requeueable deps ti=<TaskInstance: dag_data_cleanse_and_calculate_all.cleanse_data_h5 scheduled__2025-09-24T08:00:00+00:00 [queued]>
[2025-09-24T09:59:31.252+0000] {taskinstance.py:1956} INFO - Dependencies all met for dep_context=requeueable deps ti=<TaskInstance: dag_data_cleanse_and_calculate_all.cleanse_data_h5 scheduled__2025-09-24T08:00:00+00:00 [queued]>
[2025-09-24T09:59:31.253+0000] {taskinstance.py:2170} INFO - Starting attempt 1 of 1
[2025-09-24T09:59:31.269+0000] {taskinstance.py:2191} INFO - Executing <Task(PythonOperator): cleanse_data_h5> on 2025-09-24 08:00:00+00:00
[2025-09-24T09:59:31.277+0000] {standard_task_runner.py:60} INFO - Started process 974 to run task
[2025-09-24T09:59:31.281+0000] {standard_task_runner.py:87} INFO - Running: ['***', 'tasks', 'run', 'dag_data_cleanse_and_calculate_all', 'cleanse_data_h5', 'scheduled__2025-09-24T08:00:00+00:00', '--job-id', '294', '--raw', '--subdir', 'DAGS_FOLDER/cleansing_data_flow.py', '--cfg-path', '/tmp/tmptu718knj']
[2025-09-24T09:59:31.284+0000] {standard_task_runner.py:88} INFO - Job 294: Subtask cleanse_data_h5
[2025-09-24T09:59:31.358+0000] {task_command.py:423} INFO - Running <TaskInstance: dag_data_cleanse_and_calculate_all.cleanse_data_h5 scheduled__2025-09-24T08:00:00+00:00 [running]> on host 5d539c157d54
[2025-09-24T09:59:31.440+0000] {taskinstance.py:2480} INFO - Exporting env vars: AIRFLOW_CTX_DAG_OWNER='***' AIRFLOW_CTX_DAG_ID='dag_data_cleanse_and_calculate_all' AIRFLOW_CTX_TASK_ID='cleanse_data_h5' AIRFLOW_CTX_EXECUTION_DATE='2025-09-24T08:00:00+00:00' AIRFLOW_CTX_TRY_NUMBER='1' AIRFLOW_CTX_DAG_RUN_ID='scheduled__2025-09-24T08:00:00+00:00'
[2025-09-24T09:59:31.585+0000] {python.py:201} INFO - Done. Returned value was: None
[2025-09-24T09:59:31.593+0000] {taskinstance.py:1138} INFO - Marking task as SUCCESS. dag_id=dag_data_cleanse_and_calculate_all, task_id=cleanse_data_h5, execution_date=20250924T080000, start_date=20250924T095931, end_date=20250924T095931
[2025-09-24T09:59:31.660+0000] {local_task_job_runner.py:234} INFO - Task exited with return code 0
[2025-09-24T09:59:31.678+0000] {taskinstance.py:3280} INFO - 1 downstream tasks scheduled from follow-on schedule check
