[2025-09-24T09:09:47.883+0000] {taskinstance.py:1956} INFO - Dependencies all met for dep_context=non-requeueable deps ti=<TaskInstance: dag_data_cleanse_and_calculate_all.calculate_data_d11 scheduled__2025-09-24T08:00:00+00:00 [queued]>
[2025-09-24T09:09:47.896+0000] {taskinstance.py:1956} INFO - Dependencies all met for dep_context=requeueable deps ti=<TaskInstance: dag_data_cleanse_and_calculate_all.calculate_data_d11 scheduled__2025-09-24T08:00:00+00:00 [queued]>
[2025-09-24T09:09:47.896+0000] {taskinstance.py:2170} INFO - Starting attempt 1 of 1
[2025-09-24T09:09:47.917+0000] {taskinstance.py:2191} INFO - Executing <Task(PythonOperator): calculate_data_d11> on 2025-09-24 08:00:00+00:00
[2025-09-24T09:09:47.930+0000] {standard_task_runner.py:60} INFO - Started process 1889 to run task
[2025-09-24T09:09:47.937+0000] {standard_task_runner.py:87} INFO - Running: ['***', 'tasks', 'run', 'dag_data_cleanse_and_calculate_all', 'calculate_data_d11', 'scheduled__2025-09-24T08:00:00+00:00', '--job-id', '320', '--raw', '--subdir', 'DAGS_FOLDER/cleansing_data_flow.py', '--cfg-path', '/tmp/tmpqzic4s1p']
[2025-09-24T09:09:47.940+0000] {standard_task_runner.py:88} INFO - Job 320: Subtask calculate_data_d11
[2025-09-24T09:09:48.020+0000] {task_command.py:423} INFO - Running <TaskInstance: dag_data_cleanse_and_calculate_all.calculate_data_d11 scheduled__2025-09-24T08:00:00+00:00 [running]> on host feaba2204362
[2025-09-24T09:09:48.122+0000] {taskinstance.py:2480} INFO - Exporting env vars: AIRFLOW_CTX_DAG_OWNER='***' AIRFLOW_CTX_DAG_ID='dag_data_cleanse_and_calculate_all' AIRFLOW_CTX_TASK_ID='calculate_data_d11' AIRFLOW_CTX_EXECUTION_DATE='2025-09-24T08:00:00+00:00' AIRFLOW_CTX_TRY_NUMBER='1' AIRFLOW_CTX_DAG_RUN_ID='scheduled__2025-09-24T08:00:00+00:00'
[2025-09-24T09:09:48.279+0000] {python.py:201} INFO - Done. Returned value was: None
[2025-09-24T09:09:48.292+0000] {taskinstance.py:1138} INFO - Marking task as SUCCESS. dag_id=dag_data_cleanse_and_calculate_all, task_id=calculate_data_d11, execution_date=20250924T080000, start_date=20250924T090947, end_date=20250924T090948
[2025-09-24T09:09:48.330+0000] {local_task_job_runner.py:234} INFO - Task exited with return code 0
[2025-09-24T09:09:48.341+0000] {taskinstance.py:3280} INFO - 0 downstream tasks scheduled from follow-on schedule check
[2025-09-24T09:59:48.655+0000] {taskinstance.py:1956} INFO - Dependencies all met for dep_context=non-requeueable deps ti=<TaskInstance: dag_data_cleanse_and_calculate_all.calculate_data_d11 scheduled__2025-09-24T08:00:00+00:00 [queued]>
[2025-09-24T09:59:48.669+0000] {taskinstance.py:1956} INFO - Dependencies all met for dep_context=requeueable deps ti=<TaskInstance: dag_data_cleanse_and_calculate_all.calculate_data_d11 scheduled__2025-09-24T08:00:00+00:00 [queued]>
[2025-09-24T09:59:48.670+0000] {taskinstance.py:2170} INFO - Starting attempt 1 of 1
[2025-09-24T09:59:48.682+0000] {taskinstance.py:2191} INFO - Executing <Task(PythonOperator): calculate_data_d11> on 2025-09-24 08:00:00+00:00
[2025-09-24T09:59:48.692+0000] {standard_task_runner.py:60} INFO - Started process 1317 to run task
[2025-09-24T09:59:48.696+0000] {standard_task_runner.py:87} INFO - Running: ['***', 'tasks', 'run', 'dag_data_cleanse_and_calculate_all', 'calculate_data_d11', 'scheduled__2025-09-24T08:00:00+00:00', '--job-id', '405', '--raw', '--subdir', 'DAGS_FOLDER/cleansing_data_flow.py', '--cfg-path', '/tmp/tmprtgnjqqt']
[2025-09-24T09:59:48.698+0000] {standard_task_runner.py:88} INFO - Job 405: Subtask calculate_data_d11
[2025-09-24T09:59:48.766+0000] {task_command.py:423} INFO - Running <TaskInstance: dag_data_cleanse_and_calculate_all.calculate_data_d11 scheduled__2025-09-24T08:00:00+00:00 [running]> on host 5d539c157d54
[2025-09-24T09:59:48.841+0000] {taskinstance.py:2480} INFO - Exporting env vars: AIRFLOW_CTX_DAG_OWNER='***' AIRFLOW_CTX_DAG_ID='dag_data_cleanse_and_calculate_all' AIRFLOW_CTX_TASK_ID='calculate_data_d11' AIRFLOW_CTX_EXECUTION_DATE='2025-09-24T08:00:00+00:00' AIRFLOW_CTX_TRY_NUMBER='1' AIRFLOW_CTX_DAG_RUN_ID='scheduled__2025-09-24T08:00:00+00:00'
[2025-09-24T09:59:49.004+0000] {python.py:201} INFO - Done. Returned value was: None
[2025-09-24T09:59:49.016+0000] {taskinstance.py:1138} INFO - Marking task as SUCCESS. dag_id=dag_data_cleanse_and_calculate_all, task_id=calculate_data_d11, execution_date=20250924T080000, start_date=20250924T095948, end_date=20250924T095949
[2025-09-24T09:59:49.036+0000] {local_task_job_runner.py:234} INFO - Task exited with return code 0
[2025-09-24T09:59:49.101+0000] {taskinstance.py:3280} INFO - 0 downstream tasks scheduled from follow-on schedule check
