[2025-09-24T09:09:47.913+0000] {taskinstance.py:1956} INFO - Dependencies all met for dep_context=non-requeueable deps ti=<TaskInstance: dag_data_cleanse_and_calculate_all.calculate_data_c6 scheduled__2025-09-24T08:00:00+00:00 [queued]>
[2025-09-24T09:09:47.923+0000] {taskinstance.py:1956} INFO - Dependencies all met for dep_context=requeueable deps ti=<TaskInstance: dag_data_cleanse_and_calculate_all.calculate_data_c6 scheduled__2025-09-24T08:00:00+00:00 [queued]>
[2025-09-24T09:09:47.923+0000] {taskinstance.py:2170} INFO - Starting attempt 1 of 1
[2025-09-24T09:09:47.935+0000] {taskinstance.py:2191} INFO - Executing <Task(PythonOperator): calculate_data_c6> on 2025-09-24 08:00:00+00:00
[2025-09-24T09:09:47.944+0000] {standard_task_runner.py:60} INFO - Started process 1891 to run task
[2025-09-24T09:09:47.952+0000] {standard_task_runner.py:87} INFO - Running: ['***', 'tasks', 'run', 'dag_data_cleanse_and_calculate_all', 'calculate_data_c6', 'scheduled__2025-09-24T08:00:00+00:00', '--job-id', '322', '--raw', '--subdir', 'DAGS_FOLDER/cleansing_data_flow.py', '--cfg-path', '/tmp/tmp_d03a61u']
[2025-09-24T09:09:47.954+0000] {standard_task_runner.py:88} INFO - Job 322: Subtask calculate_data_c6
[2025-09-24T09:09:48.021+0000] {task_command.py:423} INFO - Running <TaskInstance: dag_data_cleanse_and_calculate_all.calculate_data_c6 scheduled__2025-09-24T08:00:00+00:00 [running]> on host feaba2204362
[2025-09-24T09:09:48.122+0000] {taskinstance.py:2480} INFO - Exporting env vars: AIRFLOW_CTX_DAG_OWNER='***' AIRFLOW_CTX_DAG_ID='dag_data_cleanse_and_calculate_all' AIRFLOW_CTX_TASK_ID='calculate_data_c6' AIRFLOW_CTX_EXECUTION_DATE='2025-09-24T08:00:00+00:00' AIRFLOW_CTX_TRY_NUMBER='1' AIRFLOW_CTX_DAG_RUN_ID='scheduled__2025-09-24T08:00:00+00:00'
[2025-09-24T09:09:48.344+0000] {python.py:201} INFO - Done. Returned value was: None
[2025-09-24T09:09:48.350+0000] {taskinstance.py:1138} INFO - Marking task as SUCCESS. dag_id=dag_data_cleanse_and_calculate_all, task_id=calculate_data_c6, execution_date=20250924T080000, start_date=20250924T090947, end_date=20250924T090948
[2025-09-24T09:09:48.375+0000] {local_task_job_runner.py:234} INFO - Task exited with return code 0
[2025-09-24T09:09:48.390+0000] {taskinstance.py:3280} INFO - 0 downstream tasks scheduled from follow-on schedule check
[2025-09-24T09:59:43.401+0000] {taskinstance.py:1956} INFO - Dependencies all met for dep_context=non-requeueable deps ti=<TaskInstance: dag_data_cleanse_and_calculate_all.calculate_data_c6 scheduled__2025-09-24T08:00:00+00:00 [queued]>
[2025-09-24T09:59:43.414+0000] {taskinstance.py:1956} INFO - Dependencies all met for dep_context=requeueable deps ti=<TaskInstance: dag_data_cleanse_and_calculate_all.calculate_data_c6 scheduled__2025-09-24T08:00:00+00:00 [queued]>
[2025-09-24T09:59:43.415+0000] {taskinstance.py:2170} INFO - Starting attempt 1 of 1
[2025-09-24T09:59:43.438+0000] {taskinstance.py:2191} INFO - Executing <Task(PythonOperator): calculate_data_c6> on 2025-09-24 08:00:00+00:00
[2025-09-24T09:59:43.448+0000] {standard_task_runner.py:60} INFO - Started process 1216 to run task
[2025-09-24T09:59:43.451+0000] {standard_task_runner.py:87} INFO - Running: ['***', 'tasks', 'run', 'dag_data_cleanse_and_calculate_all', 'calculate_data_c6', 'scheduled__2025-09-24T08:00:00+00:00', '--job-id', '368', '--raw', '--subdir', 'DAGS_FOLDER/cleansing_data_flow.py', '--cfg-path', '/tmp/tmpoy75z8m3']
[2025-09-24T09:59:43.452+0000] {standard_task_runner.py:88} INFO - Job 368: Subtask calculate_data_c6
[2025-09-24T09:59:43.513+0000] {task_command.py:423} INFO - Running <TaskInstance: dag_data_cleanse_and_calculate_all.calculate_data_c6 scheduled__2025-09-24T08:00:00+00:00 [running]> on host 5d539c157d54
[2025-09-24T09:59:43.582+0000] {taskinstance.py:2480} INFO - Exporting env vars: AIRFLOW_CTX_DAG_OWNER='***' AIRFLOW_CTX_DAG_ID='dag_data_cleanse_and_calculate_all' AIRFLOW_CTX_TASK_ID='calculate_data_c6' AIRFLOW_CTX_EXECUTION_DATE='2025-09-24T08:00:00+00:00' AIRFLOW_CTX_TRY_NUMBER='1' AIRFLOW_CTX_DAG_RUN_ID='scheduled__2025-09-24T08:00:00+00:00'
[2025-09-24T09:59:43.785+0000] {python.py:201} INFO - Done. Returned value was: None
[2025-09-24T09:59:43.799+0000] {taskinstance.py:1138} INFO - Marking task as SUCCESS. dag_id=dag_data_cleanse_and_calculate_all, task_id=calculate_data_c6, execution_date=20250924T080000, start_date=20250924T095943, end_date=20250924T095943
[2025-09-24T09:59:43.828+0000] {local_task_job_runner.py:234} INFO - Task exited with return code 0
[2025-09-24T09:59:43.842+0000] {taskinstance.py:3280} INFO - 0 downstream tasks scheduled from follow-on schedule check
