[2025-09-24T09:09:50.173+0000] {taskinstance.py:1956} INFO - Dependencies all met for dep_context=non-requeueable deps ti=<TaskInstance: dag_data_cleanse_and_calculate_all.calculate_data_d12 scheduled__2025-09-24T08:00:00+00:00 [queued]>
[2025-09-24T09:09:50.184+0000] {taskinstance.py:1956} INFO - Dependencies all met for dep_context=requeueable deps ti=<TaskInstance: dag_data_cleanse_and_calculate_all.calculate_data_d12 scheduled__2025-09-24T08:00:00+00:00 [queued]>
[2025-09-24T09:09:50.184+0000] {taskinstance.py:2170} INFO - Starting attempt 1 of 1
[2025-09-24T09:09:50.197+0000] {taskinstance.py:2191} INFO - Executing <Task(PythonOperator): calculate_data_d12> on 2025-09-24 08:00:00+00:00
[2025-09-24T09:09:50.204+0000] {standard_task_runner.py:60} INFO - Started process 1943 to run task
[2025-09-24T09:09:50.211+0000] {standard_task_runner.py:87} INFO - Running: ['***', 'tasks', 'run', 'dag_data_cleanse_and_calculate_all', 'calculate_data_d12', 'scheduled__2025-09-24T08:00:00+00:00', '--job-id', '337', '--raw', '--subdir', 'DAGS_FOLDER/cleansing_data_flow.py', '--cfg-path', '/tmp/tmpiezmjyfd']
[2025-09-24T09:09:50.215+0000] {standard_task_runner.py:88} INFO - Job 337: Subtask calculate_data_d12
[2025-09-24T09:09:50.295+0000] {task_command.py:423} INFO - Running <TaskInstance: dag_data_cleanse_and_calculate_all.calculate_data_d12 scheduled__2025-09-24T08:00:00+00:00 [running]> on host feaba2204362
[2025-09-24T09:09:50.407+0000] {taskinstance.py:2480} INFO - Exporting env vars: AIRFLOW_CTX_DAG_OWNER='***' AIRFLOW_CTX_DAG_ID='dag_data_cleanse_and_calculate_all' AIRFLOW_CTX_TASK_ID='calculate_data_d12' AIRFLOW_CTX_EXECUTION_DATE='2025-09-24T08:00:00+00:00' AIRFLOW_CTX_TRY_NUMBER='1' AIRFLOW_CTX_DAG_RUN_ID='scheduled__2025-09-24T08:00:00+00:00'
[2025-09-24T09:09:50.554+0000] {python.py:201} INFO - Done. Returned value was: None
[2025-09-24T09:09:50.568+0000] {taskinstance.py:1138} INFO - Marking task as SUCCESS. dag_id=dag_data_cleanse_and_calculate_all, task_id=calculate_data_d12, execution_date=20250924T080000, start_date=20250924T090950, end_date=20250924T090950
[2025-09-24T09:09:50.626+0000] {local_task_job_runner.py:234} INFO - Task exited with return code 0
[2025-09-24T09:09:50.651+0000] {taskinstance.py:3280} INFO - 0 downstream tasks scheduled from follow-on schedule check
[2025-09-24T09:59:48.515+0000] {taskinstance.py:1956} INFO - Dependencies all met for dep_context=non-requeueable deps ti=<TaskInstance: dag_data_cleanse_and_calculate_all.calculate_data_d12 scheduled__2025-09-24T08:00:00+00:00 [queued]>
[2025-09-24T09:59:48.530+0000] {taskinstance.py:1956} INFO - Dependencies all met for dep_context=requeueable deps ti=<TaskInstance: dag_data_cleanse_and_calculate_all.calculate_data_d12 scheduled__2025-09-24T08:00:00+00:00 [queued]>
[2025-09-24T09:59:48.533+0000] {taskinstance.py:2170} INFO - Starting attempt 1 of 1
[2025-09-24T09:59:48.546+0000] {taskinstance.py:2191} INFO - Executing <Task(PythonOperator): calculate_data_d12> on 2025-09-24 08:00:00+00:00
[2025-09-24T09:59:48.559+0000] {standard_task_runner.py:60} INFO - Started process 1310 to run task
[2025-09-24T09:59:48.562+0000] {standard_task_runner.py:87} INFO - Running: ['***', 'tasks', 'run', 'dag_data_cleanse_and_calculate_all', 'calculate_data_d12', 'scheduled__2025-09-24T08:00:00+00:00', '--job-id', '397', '--raw', '--subdir', 'DAGS_FOLDER/cleansing_data_flow.py', '--cfg-path', '/tmp/tmpj1kx_068']
[2025-09-24T09:59:48.563+0000] {standard_task_runner.py:88} INFO - Job 397: Subtask calculate_data_d12
[2025-09-24T09:59:48.635+0000] {task_command.py:423} INFO - Running <TaskInstance: dag_data_cleanse_and_calculate_all.calculate_data_d12 scheduled__2025-09-24T08:00:00+00:00 [running]> on host 5d539c157d54
[2025-09-24T09:59:48.729+0000] {taskinstance.py:2480} INFO - Exporting env vars: AIRFLOW_CTX_DAG_OWNER='***' AIRFLOW_CTX_DAG_ID='dag_data_cleanse_and_calculate_all' AIRFLOW_CTX_TASK_ID='calculate_data_d12' AIRFLOW_CTX_EXECUTION_DATE='2025-09-24T08:00:00+00:00' AIRFLOW_CTX_TRY_NUMBER='1' AIRFLOW_CTX_DAG_RUN_ID='scheduled__2025-09-24T08:00:00+00:00'
[2025-09-24T09:59:48.900+0000] {python.py:201} INFO - Done. Returned value was: None
[2025-09-24T09:59:48.908+0000] {taskinstance.py:1138} INFO - Marking task as SUCCESS. dag_id=dag_data_cleanse_and_calculate_all, task_id=calculate_data_d12, execution_date=20250924T080000, start_date=20250924T095948, end_date=20250924T095948
[2025-09-24T09:59:48.943+0000] {local_task_job_runner.py:234} INFO - Task exited with return code 0
[2025-09-24T09:59:48.955+0000] {taskinstance.py:3280} INFO - 0 downstream tasks scheduled from follow-on schedule check
