[2025-09-23T04:07:24.299+0000] {taskinstance.py:1956} INFO - Dependencies all met for dep_context=non-requeueable deps ti=<TaskInstance: dag_data_cleanse_raw_data_a1.calculate_data scheduled__2025-09-23T03:00:00+00:00 [queued]>
[2025-09-23T04:07:24.303+0000] {taskinstance.py:1956} INFO - Dependencies all met for dep_context=requeueable deps ti=<TaskInstance: dag_data_cleanse_raw_data_a1.calculate_data scheduled__2025-09-23T03:00:00+00:00 [queued]>
[2025-09-23T04:07:24.304+0000] {taskinstance.py:2170} INFO - Starting attempt 1 of 1
[2025-09-23T04:07:24.313+0000] {taskinstance.py:2191} INFO - Executing <Task(PythonOperator): calculate_data> on 2025-09-23 03:00:00+00:00
[2025-09-23T04:07:24.318+0000] {standard_task_runner.py:60} INFO - Started process 92 to run task
[2025-09-23T04:07:24.320+0000] {standard_task_runner.py:87} INFO - Running: ['***', 'tasks', 'run', 'dag_data_cleanse_raw_data_a1', 'calculate_data', 'scheduled__2025-09-23T03:00:00+00:00', '--job-id', '5', '--raw', '--subdir', 'DAGS_FOLDER/cleansing_data_flow.py', '--cfg-path', '/tmp/tmpl48nhr5g']
[2025-09-23T04:07:24.322+0000] {standard_task_runner.py:88} INFO - Job 5: Subtask calculate_data
[2025-09-23T04:07:24.362+0000] {task_command.py:423} INFO - Running <TaskInstance: dag_data_cleanse_raw_data_a1.calculate_data scheduled__2025-09-23T03:00:00+00:00 [running]> on host 52a1b896a405
[2025-09-23T04:07:24.408+0000] {taskinstance.py:2480} INFO - Exporting env vars: AIRFLOW_CTX_DAG_OWNER='***' AIRFLOW_CTX_DAG_ID='dag_data_cleanse_raw_data_a1' AIRFLOW_CTX_TASK_ID='calculate_data' AIRFLOW_CTX_EXECUTION_DATE='2025-09-23T03:00:00+00:00' AIRFLOW_CTX_TRY_NUMBER='1' AIRFLOW_CTX_DAG_RUN_ID='scheduled__2025-09-23T03:00:00+00:00'
[2025-09-23T04:07:24.927+0000] {taskinstance.py:2698} ERROR - Task failed with exception
Traceback (most recent call last):
  File "/home/airflow/.local/lib/python3.8/site-packages/airflow/models/taskinstance.py", line 433, in _execute_task
    result = execute_callable(context=context, **execute_callable_kwargs)
  File "/home/airflow/.local/lib/python3.8/site-packages/airflow/operators/python.py", line 199, in execute
    return_value = self.execute_callable()
  File "/home/airflow/.local/lib/python3.8/site-packages/airflow/operators/python.py", line 216, in execute_callable
    return self.python_callable(*self.op_args, **self.op_kwargs)
  File "/opt/airflow/dags/cleansing_data_flow.py", line 202, in calculate_data
    cursor.execute(insert_query, (
psycopg2.errors.NotNullViolation: null value in column "TimeStamp" of relation "calculate_data_a1" violates not-null constraint
DETAIL:  Failing row contains (1, 72.50000000000001, 67.77777777777779, 66.86746987951807, 32.85793172690764, STOP                , null).

[2025-09-23T04:07:24.939+0000] {taskinstance.py:1138} INFO - Marking task as FAILED. dag_id=dag_data_cleanse_raw_data_a1, task_id=calculate_data, execution_date=20250923T030000, start_date=20250923T040724, end_date=20250923T040724
[2025-09-23T04:07:24.948+0000] {standard_task_runner.py:107} ERROR - Failed to execute job 5 for task calculate_data (null value in column "TimeStamp" of relation "calculate_data_a1" violates not-null constraint
DETAIL:  Failing row contains (1, 72.50000000000001, 67.77777777777779, 66.86746987951807, 32.85793172690764, STOP                , null).
; 92)
[2025-09-23T04:07:24.975+0000] {local_task_job_runner.py:234} INFO - Task exited with return code 1
[2025-09-23T04:07:24.987+0000] {taskinstance.py:3280} INFO - 0 downstream tasks scheduled from follow-on schedule check
[2025-09-23T04:14:15.021+0000] {taskinstance.py:1956} INFO - Dependencies all met for dep_context=non-requeueable deps ti=<TaskInstance: dag_data_cleanse_raw_data_a1.calculate_data scheduled__2025-09-23T03:00:00+00:00 [queued]>
[2025-09-23T04:14:15.025+0000] {taskinstance.py:1956} INFO - Dependencies all met for dep_context=requeueable deps ti=<TaskInstance: dag_data_cleanse_raw_data_a1.calculate_data scheduled__2025-09-23T03:00:00+00:00 [queued]>
[2025-09-23T04:14:15.026+0000] {taskinstance.py:2170} INFO - Starting attempt 1 of 1
[2025-09-23T04:14:15.033+0000] {taskinstance.py:2191} INFO - Executing <Task(PythonOperator): calculate_data> on 2025-09-23 03:00:00+00:00
[2025-09-23T04:14:15.037+0000] {standard_task_runner.py:60} INFO - Started process 98 to run task
[2025-09-23T04:14:15.040+0000] {standard_task_runner.py:87} INFO - Running: ['***', 'tasks', 'run', 'dag_data_cleanse_raw_data_a1', 'calculate_data', 'scheduled__2025-09-23T03:00:00+00:00', '--job-id', '7', '--raw', '--subdir', 'DAGS_FOLDER/cleansing_data_flow.py', '--cfg-path', '/tmp/tmp1kmmoy_t']
[2025-09-23T04:14:15.041+0000] {standard_task_runner.py:88} INFO - Job 7: Subtask calculate_data
[2025-09-23T04:14:15.082+0000] {task_command.py:423} INFO - Running <TaskInstance: dag_data_cleanse_raw_data_a1.calculate_data scheduled__2025-09-23T03:00:00+00:00 [running]> on host 6e530bcdf33f
[2025-09-23T04:14:15.126+0000] {taskinstance.py:2480} INFO - Exporting env vars: AIRFLOW_CTX_DAG_OWNER='***' AIRFLOW_CTX_DAG_ID='dag_data_cleanse_raw_data_a1' AIRFLOW_CTX_TASK_ID='calculate_data' AIRFLOW_CTX_EXECUTION_DATE='2025-09-23T03:00:00+00:00' AIRFLOW_CTX_TRY_NUMBER='1' AIRFLOW_CTX_DAG_RUN_ID='scheduled__2025-09-23T03:00:00+00:00'
[2025-09-23T04:14:15.354+0000] {taskinstance.py:2698} ERROR - Task failed with exception
Traceback (most recent call last):
  File "/home/airflow/.local/lib/python3.8/site-packages/airflow/models/taskinstance.py", line 433, in _execute_task
    result = execute_callable(context=context, **execute_callable_kwargs)
  File "/home/airflow/.local/lib/python3.8/site-packages/airflow/operators/python.py", line 199, in execute
    return_value = self.execute_callable()
  File "/home/airflow/.local/lib/python3.8/site-packages/airflow/operators/python.py", line 216, in execute_callable
    return self.python_callable(*self.op_args, **self.op_kwargs)
  File "/opt/airflow/dags/cleansing_data_flow.py", line 208, in calculate_data
    cursor.execute(insert_query, (
psycopg2.errors.SyntaxError: INSERT has more expressions than target columns
LINE 4: ...87951807,32.85793172690764,'STOP                ','2025-09-2...
                                                             ^

[2025-09-23T04:14:15.366+0000] {taskinstance.py:1138} INFO - Marking task as FAILED. dag_id=dag_data_cleanse_raw_data_a1, task_id=calculate_data, execution_date=20250923T030000, start_date=20250923T041415, end_date=20250923T041415
[2025-09-23T04:14:15.378+0000] {standard_task_runner.py:107} ERROR - Failed to execute job 7 for task calculate_data (INSERT has more expressions than target columns
LINE 4: ...87951807,32.85793172690764,'STOP                ','2025-09-2...
                                                             ^
; 98)
[2025-09-23T04:14:15.414+0000] {local_task_job_runner.py:234} INFO - Task exited with return code 1
[2025-09-23T04:14:15.424+0000] {taskinstance.py:3280} INFO - 0 downstream tasks scheduled from follow-on schedule check
[2025-09-23T04:16:22.448+0000] {taskinstance.py:1956} INFO - Dependencies all met for dep_context=non-requeueable deps ti=<TaskInstance: dag_data_cleanse_raw_data_a1.calculate_data scheduled__2025-09-23T03:00:00+00:00 [queued]>
[2025-09-23T04:16:22.453+0000] {taskinstance.py:1956} INFO - Dependencies all met for dep_context=requeueable deps ti=<TaskInstance: dag_data_cleanse_raw_data_a1.calculate_data scheduled__2025-09-23T03:00:00+00:00 [queued]>
[2025-09-23T04:16:22.454+0000] {taskinstance.py:2170} INFO - Starting attempt 1 of 1
[2025-09-23T04:16:22.462+0000] {taskinstance.py:2191} INFO - Executing <Task(PythonOperator): calculate_data> on 2025-09-23 03:00:00+00:00
[2025-09-23T04:16:22.467+0000] {standard_task_runner.py:60} INFO - Started process 83 to run task
[2025-09-23T04:16:22.470+0000] {standard_task_runner.py:87} INFO - Running: ['***', 'tasks', 'run', 'dag_data_cleanse_raw_data_a1', 'calculate_data', 'scheduled__2025-09-23T03:00:00+00:00', '--job-id', '5', '--raw', '--subdir', 'DAGS_FOLDER/cleansing_data_flow.py', '--cfg-path', '/tmp/tmpekmej6ug']
[2025-09-23T04:16:22.471+0000] {standard_task_runner.py:88} INFO - Job 5: Subtask calculate_data
[2025-09-23T04:16:22.509+0000] {task_command.py:423} INFO - Running <TaskInstance: dag_data_cleanse_raw_data_a1.calculate_data scheduled__2025-09-23T03:00:00+00:00 [running]> on host fd3399cc9a42
[2025-09-23T04:16:22.554+0000] {taskinstance.py:2480} INFO - Exporting env vars: AIRFLOW_CTX_DAG_OWNER='***' AIRFLOW_CTX_DAG_ID='dag_data_cleanse_raw_data_a1' AIRFLOW_CTX_TASK_ID='calculate_data' AIRFLOW_CTX_EXECUTION_DATE='2025-09-23T03:00:00+00:00' AIRFLOW_CTX_TRY_NUMBER='1' AIRFLOW_CTX_DAG_RUN_ID='scheduled__2025-09-23T03:00:00+00:00'
[2025-09-23T04:16:23.218+0000] {python.py:201} INFO - Done. Returned value was: None
[2025-09-23T04:16:23.224+0000] {taskinstance.py:1138} INFO - Marking task as SUCCESS. dag_id=dag_data_cleanse_raw_data_a1, task_id=calculate_data, execution_date=20250923T030000, start_date=20250923T041622, end_date=20250923T041623
[2025-09-23T04:16:23.245+0000] {local_task_job_runner.py:234} INFO - Task exited with return code 0
[2025-09-23T04:16:23.256+0000] {taskinstance.py:3280} INFO - 0 downstream tasks scheduled from follow-on schedule check
[2025-09-23T04:20:00.529+0000] {taskinstance.py:1956} INFO - Dependencies all met for dep_context=non-requeueable deps ti=<TaskInstance: dag_data_cleanse_raw_data_a1.calculate_data scheduled__2025-09-23T03:00:00+00:00 [queued]>
[2025-09-23T04:20:00.534+0000] {taskinstance.py:1956} INFO - Dependencies all met for dep_context=requeueable deps ti=<TaskInstance: dag_data_cleanse_raw_data_a1.calculate_data scheduled__2025-09-23T03:00:00+00:00 [queued]>
[2025-09-23T04:20:00.535+0000] {taskinstance.py:2170} INFO - Starting attempt 1 of 1
[2025-09-23T04:20:00.544+0000] {taskinstance.py:2191} INFO - Executing <Task(PythonOperator): calculate_data> on 2025-09-23 03:00:00+00:00
[2025-09-23T04:20:00.549+0000] {standard_task_runner.py:60} INFO - Started process 89 to run task
[2025-09-23T04:20:00.551+0000] {standard_task_runner.py:87} INFO - Running: ['***', 'tasks', 'run', 'dag_data_cleanse_raw_data_a1', 'calculate_data', 'scheduled__2025-09-23T03:00:00+00:00', '--job-id', '7', '--raw', '--subdir', 'DAGS_FOLDER/cleansing_data_flow.py', '--cfg-path', '/tmp/tmpqymh80_z']
[2025-09-23T04:20:00.552+0000] {standard_task_runner.py:88} INFO - Job 7: Subtask calculate_data
[2025-09-23T04:20:00.586+0000] {task_command.py:423} INFO - Running <TaskInstance: dag_data_cleanse_raw_data_a1.calculate_data scheduled__2025-09-23T03:00:00+00:00 [running]> on host 48ee65203a37
[2025-09-23T04:20:00.631+0000] {taskinstance.py:2480} INFO - Exporting env vars: AIRFLOW_CTX_DAG_OWNER='***' AIRFLOW_CTX_DAG_ID='dag_data_cleanse_raw_data_a1' AIRFLOW_CTX_TASK_ID='calculate_data' AIRFLOW_CTX_EXECUTION_DATE='2025-09-23T03:00:00+00:00' AIRFLOW_CTX_TRY_NUMBER='1' AIRFLOW_CTX_DAG_RUN_ID='scheduled__2025-09-23T03:00:00+00:00'
[2025-09-23T04:20:02.128+0000] {python.py:201} INFO - Done. Returned value was: None
[2025-09-23T04:20:02.133+0000] {taskinstance.py:1138} INFO - Marking task as SUCCESS. dag_id=dag_data_cleanse_raw_data_a1, task_id=calculate_data, execution_date=20250923T030000, start_date=20250923T042000, end_date=20250923T042002
[2025-09-23T04:20:02.169+0000] {local_task_job_runner.py:234} INFO - Task exited with return code 0
[2025-09-23T04:20:02.179+0000] {taskinstance.py:3280} INFO - 0 downstream tasks scheduled from follow-on schedule check
[2025-09-23T04:33:50.443+0000] {taskinstance.py:1956} INFO - Dependencies all met for dep_context=non-requeueable deps ti=<TaskInstance: dag_data_cleanse_raw_data_a1.calculate_data scheduled__2025-09-23T03:00:00+00:00 [queued]>
[2025-09-23T04:33:50.448+0000] {taskinstance.py:1956} INFO - Dependencies all met for dep_context=requeueable deps ti=<TaskInstance: dag_data_cleanse_raw_data_a1.calculate_data scheduled__2025-09-23T03:00:00+00:00 [queued]>
[2025-09-23T04:33:50.449+0000] {taskinstance.py:2170} INFO - Starting attempt 1 of 1
[2025-09-23T04:33:50.458+0000] {taskinstance.py:2191} INFO - Executing <Task(PythonOperator): calculate_data> on 2025-09-23 03:00:00+00:00
[2025-09-23T04:33:50.462+0000] {standard_task_runner.py:60} INFO - Started process 83 to run task
[2025-09-23T04:33:50.464+0000] {standard_task_runner.py:87} INFO - Running: ['***', 'tasks', 'run', 'dag_data_cleanse_raw_data_a1', 'calculate_data', 'scheduled__2025-09-23T03:00:00+00:00', '--job-id', '5', '--raw', '--subdir', 'DAGS_FOLDER/cleansing_data_flow.py', '--cfg-path', '/tmp/tmpad42p1df']
[2025-09-23T04:33:50.466+0000] {standard_task_runner.py:88} INFO - Job 5: Subtask calculate_data
[2025-09-23T04:33:50.505+0000] {task_command.py:423} INFO - Running <TaskInstance: dag_data_cleanse_raw_data_a1.calculate_data scheduled__2025-09-23T03:00:00+00:00 [running]> on host a7d54bfed30b
[2025-09-23T04:33:50.550+0000] {taskinstance.py:2480} INFO - Exporting env vars: AIRFLOW_CTX_DAG_OWNER='***' AIRFLOW_CTX_DAG_ID='dag_data_cleanse_raw_data_a1' AIRFLOW_CTX_TASK_ID='calculate_data' AIRFLOW_CTX_EXECUTION_DATE='2025-09-23T03:00:00+00:00' AIRFLOW_CTX_TRY_NUMBER='1' AIRFLOW_CTX_DAG_RUN_ID='scheduled__2025-09-23T03:00:00+00:00'
[2025-09-23T04:33:51.313+0000] {python.py:201} INFO - Done. Returned value was: None
[2025-09-23T04:33:51.320+0000] {taskinstance.py:1138} INFO - Marking task as SUCCESS. dag_id=dag_data_cleanse_raw_data_a1, task_id=calculate_data, execution_date=20250923T030000, start_date=20250923T043350, end_date=20250923T043351
[2025-09-23T04:33:51.360+0000] {local_task_job_runner.py:234} INFO - Task exited with return code 0
[2025-09-23T04:33:51.371+0000] {taskinstance.py:3280} INFO - 0 downstream tasks scheduled from follow-on schedule check
[2025-09-23T04:39:54.984+0000] {taskinstance.py:1956} INFO - Dependencies all met for dep_context=non-requeueable deps ti=<TaskInstance: dag_data_cleanse_raw_data_a1.calculate_data scheduled__2025-09-23T03:00:00+00:00 [queued]>
[2025-09-23T04:39:54.989+0000] {taskinstance.py:1956} INFO - Dependencies all met for dep_context=requeueable deps ti=<TaskInstance: dag_data_cleanse_raw_data_a1.calculate_data scheduled__2025-09-23T03:00:00+00:00 [queued]>
[2025-09-23T04:39:54.990+0000] {taskinstance.py:2170} INFO - Starting attempt 1 of 1
[2025-09-23T04:39:54.999+0000] {taskinstance.py:2191} INFO - Executing <Task(PythonOperator): calculate_data> on 2025-09-23 03:00:00+00:00
[2025-09-23T04:39:55.003+0000] {standard_task_runner.py:60} INFO - Started process 83 to run task
[2025-09-23T04:39:55.006+0000] {standard_task_runner.py:87} INFO - Running: ['***', 'tasks', 'run', 'dag_data_cleanse_raw_data_a1', 'calculate_data', 'scheduled__2025-09-23T03:00:00+00:00', '--job-id', '5', '--raw', '--subdir', 'DAGS_FOLDER/cleansing_data_flow.py', '--cfg-path', '/tmp/tmp0m8o33r6']
[2025-09-23T04:39:55.008+0000] {standard_task_runner.py:88} INFO - Job 5: Subtask calculate_data
[2025-09-23T04:39:55.044+0000] {task_command.py:423} INFO - Running <TaskInstance: dag_data_cleanse_raw_data_a1.calculate_data scheduled__2025-09-23T03:00:00+00:00 [running]> on host 2c17c03e1613
[2025-09-23T04:39:55.089+0000] {taskinstance.py:2480} INFO - Exporting env vars: AIRFLOW_CTX_DAG_OWNER='***' AIRFLOW_CTX_DAG_ID='dag_data_cleanse_raw_data_a1' AIRFLOW_CTX_TASK_ID='calculate_data' AIRFLOW_CTX_EXECUTION_DATE='2025-09-23T03:00:00+00:00' AIRFLOW_CTX_TRY_NUMBER='1' AIRFLOW_CTX_DAG_RUN_ID='scheduled__2025-09-23T03:00:00+00:00'
[2025-09-23T04:39:56.331+0000] {python.py:201} INFO - Done. Returned value was: None
[2025-09-23T04:39:56.337+0000] {taskinstance.py:1138} INFO - Marking task as SUCCESS. dag_id=dag_data_cleanse_raw_data_a1, task_id=calculate_data, execution_date=20250923T030000, start_date=20250923T043954, end_date=20250923T043956
[2025-09-23T04:39:56.384+0000] {local_task_job_runner.py:234} INFO - Task exited with return code 0
[2025-09-23T04:39:56.394+0000] {taskinstance.py:3280} INFO - 0 downstream tasks scheduled from follow-on schedule check
