[2025-09-24T09:09:32.541+0000] {taskinstance.py:1956} INFO - Dependencies all met for dep_context=non-requeueable deps ti=<TaskInstance: dag_data_cleanse_and_calculate_all.cleanse_data_b9 scheduled__2025-09-24T08:00:00+00:00 [queued]>
[2025-09-24T09:09:32.550+0000] {taskinstance.py:1956} INFO - Dependencies all met for dep_context=requeueable deps ti=<TaskInstance: dag_data_cleanse_and_calculate_all.cleanse_data_b9 scheduled__2025-09-24T08:00:00+00:00 [queued]>
[2025-09-24T09:09:32.551+0000] {taskinstance.py:2170} INFO - Starting attempt 1 of 1
[2025-09-24T09:09:32.562+0000] {taskinstance.py:2191} INFO - Executing <Task(PythonOperator): cleanse_data_b9> on 2025-09-24 08:00:00+00:00
[2025-09-24T09:09:32.568+0000] {standard_task_runner.py:60} INFO - Started process 1615 to run task
[2025-09-24T09:09:32.571+0000] {standard_task_runner.py:87} INFO - Running: ['***', 'tasks', 'run', 'dag_data_cleanse_and_calculate_all', 'cleanse_data_b9', 'scheduled__2025-09-24T08:00:00+00:00', '--job-id', '238', '--raw', '--subdir', 'DAGS_FOLDER/cleansing_data_flow.py', '--cfg-path', '/tmp/tmp98cib67e']
[2025-09-24T09:09:32.575+0000] {standard_task_runner.py:88} INFO - Job 238: Subtask cleanse_data_b9
[2025-09-24T09:09:32.631+0000] {task_command.py:423} INFO - Running <TaskInstance: dag_data_cleanse_and_calculate_all.cleanse_data_b9 scheduled__2025-09-24T08:00:00+00:00 [running]> on host feaba2204362
[2025-09-24T09:09:32.692+0000] {taskinstance.py:2480} INFO - Exporting env vars: AIRFLOW_CTX_DAG_OWNER='***' AIRFLOW_CTX_DAG_ID='dag_data_cleanse_and_calculate_all' AIRFLOW_CTX_TASK_ID='cleanse_data_b9' AIRFLOW_CTX_EXECUTION_DATE='2025-09-24T08:00:00+00:00' AIRFLOW_CTX_TRY_NUMBER='1' AIRFLOW_CTX_DAG_RUN_ID='scheduled__2025-09-24T08:00:00+00:00'
[2025-09-24T09:09:32.944+0000] {python.py:201} INFO - Done. Returned value was: None
[2025-09-24T09:09:32.951+0000] {taskinstance.py:1138} INFO - Marking task as SUCCESS. dag_id=dag_data_cleanse_and_calculate_all, task_id=cleanse_data_b9, execution_date=20250924T080000, start_date=20250924T090932, end_date=20250924T090932
[2025-09-24T09:09:32.985+0000] {local_task_job_runner.py:234} INFO - Task exited with return code 0
[2025-09-24T09:09:33.009+0000] {taskinstance.py:3280} INFO - 1 downstream tasks scheduled from follow-on schedule check
[2025-09-24T09:59:28.169+0000] {taskinstance.py:1956} INFO - Dependencies all met for dep_context=non-requeueable deps ti=<TaskInstance: dag_data_cleanse_and_calculate_all.cleanse_data_b9 scheduled__2025-09-24T08:00:00+00:00 [queued]>
[2025-09-24T09:59:28.180+0000] {taskinstance.py:1956} INFO - Dependencies all met for dep_context=requeueable deps ti=<TaskInstance: dag_data_cleanse_and_calculate_all.cleanse_data_b9 scheduled__2025-09-24T08:00:00+00:00 [queued]>
[2025-09-24T09:59:28.187+0000] {taskinstance.py:2170} INFO - Starting attempt 1 of 1
[2025-09-24T09:59:28.220+0000] {taskinstance.py:2191} INFO - Executing <Task(PythonOperator): cleanse_data_b9> on 2025-09-24 08:00:00+00:00
[2025-09-24T09:59:28.231+0000] {standard_task_runner.py:60} INFO - Started process 918 to run task
[2025-09-24T09:59:28.238+0000] {standard_task_runner.py:87} INFO - Running: ['***', 'tasks', 'run', 'dag_data_cleanse_and_calculate_all', 'cleanse_data_b9', 'scheduled__2025-09-24T08:00:00+00:00', '--job-id', '270', '--raw', '--subdir', 'DAGS_FOLDER/cleansing_data_flow.py', '--cfg-path', '/tmp/tmpc3n4gkjn']
[2025-09-24T09:59:28.240+0000] {standard_task_runner.py:88} INFO - Job 270: Subtask cleanse_data_b9
[2025-09-24T09:59:28.340+0000] {task_command.py:423} INFO - Running <TaskInstance: dag_data_cleanse_and_calculate_all.cleanse_data_b9 scheduled__2025-09-24T08:00:00+00:00 [running]> on host 5d539c157d54
[2025-09-24T09:59:28.532+0000] {taskinstance.py:2480} INFO - Exporting env vars: AIRFLOW_CTX_DAG_OWNER='***' AIRFLOW_CTX_DAG_ID='dag_data_cleanse_and_calculate_all' AIRFLOW_CTX_TASK_ID='cleanse_data_b9' AIRFLOW_CTX_EXECUTION_DATE='2025-09-24T08:00:00+00:00' AIRFLOW_CTX_TRY_NUMBER='1' AIRFLOW_CTX_DAG_RUN_ID='scheduled__2025-09-24T08:00:00+00:00'
[2025-09-24T09:59:28.782+0000] {python.py:201} INFO - Done. Returned value was: None
[2025-09-24T09:59:28.790+0000] {taskinstance.py:1138} INFO - Marking task as SUCCESS. dag_id=dag_data_cleanse_and_calculate_all, task_id=cleanse_data_b9, execution_date=20250924T080000, start_date=20250924T095928, end_date=20250924T095928
[2025-09-24T09:59:28.818+0000] {local_task_job_runner.py:234} INFO - Task exited with return code 0
[2025-09-24T09:59:28.834+0000] {taskinstance.py:3280} INFO - 1 downstream tasks scheduled from follow-on schedule check
