[2025-09-24T09:09:50.405+0000] {taskinstance.py:1956} INFO - Dependencies all met for dep_context=non-requeueable deps ti=<TaskInstance: dag_data_cleanse_and_calculate_all.calculate_data_d8 scheduled__2025-09-24T08:00:00+00:00 [queued]>
[2025-09-24T09:09:50.417+0000] {taskinstance.py:1956} INFO - Dependencies all met for dep_context=requeueable deps ti=<TaskInstance: dag_data_cleanse_and_calculate_all.calculate_data_d8 scheduled__2025-09-24T08:00:00+00:00 [queued]>
[2025-09-24T09:09:50.420+0000] {taskinstance.py:2170} INFO - Starting attempt 1 of 1
[2025-09-24T09:09:50.439+0000] {taskinstance.py:2191} INFO - Executing <Task(PythonOperator): calculate_data_d8> on 2025-09-24 08:00:00+00:00
[2025-09-24T09:09:50.451+0000] {standard_task_runner.py:87} INFO - Running: ['***', 'tasks', 'run', 'dag_data_cleanse_and_calculate_all', 'calculate_data_d8', 'scheduled__2025-09-24T08:00:00+00:00', '--job-id', '343', '--raw', '--subdir', 'DAGS_FOLDER/cleansing_data_flow.py', '--cfg-path', '/tmp/tmpvz6fvnl8']
[2025-09-24T09:09:50.449+0000] {standard_task_runner.py:60} INFO - Started process 1955 to run task
[2025-09-24T09:09:50.454+0000] {standard_task_runner.py:88} INFO - Job 343: Subtask calculate_data_d8
[2025-09-24T09:09:50.517+0000] {task_command.py:423} INFO - Running <TaskInstance: dag_data_cleanse_and_calculate_all.calculate_data_d8 scheduled__2025-09-24T08:00:00+00:00 [running]> on host feaba2204362
[2025-09-24T09:09:50.599+0000] {taskinstance.py:2480} INFO - Exporting env vars: AIRFLOW_CTX_DAG_OWNER='***' AIRFLOW_CTX_DAG_ID='dag_data_cleanse_and_calculate_all' AIRFLOW_CTX_TASK_ID='calculate_data_d8' AIRFLOW_CTX_EXECUTION_DATE='2025-09-24T08:00:00+00:00' AIRFLOW_CTX_TRY_NUMBER='1' AIRFLOW_CTX_DAG_RUN_ID='scheduled__2025-09-24T08:00:00+00:00'
[2025-09-24T09:09:50.757+0000] {python.py:201} INFO - Done. Returned value was: None
[2025-09-24T09:09:50.775+0000] {taskinstance.py:1138} INFO - Marking task as SUCCESS. dag_id=dag_data_cleanse_and_calculate_all, task_id=calculate_data_d8, execution_date=20250924T080000, start_date=20250924T090950, end_date=20250924T090950
[2025-09-24T09:09:50.836+0000] {local_task_job_runner.py:234} INFO - Task exited with return code 0
[2025-09-24T09:09:50.881+0000] {taskinstance.py:3280} INFO - 0 downstream tasks scheduled from follow-on schedule check
[2025-09-24T09:59:48.535+0000] {taskinstance.py:1956} INFO - Dependencies all met for dep_context=non-requeueable deps ti=<TaskInstance: dag_data_cleanse_and_calculate_all.calculate_data_d8 scheduled__2025-09-24T08:00:00+00:00 [queued]>
[2025-09-24T09:59:48.555+0000] {taskinstance.py:1956} INFO - Dependencies all met for dep_context=requeueable deps ti=<TaskInstance: dag_data_cleanse_and_calculate_all.calculate_data_d8 scheduled__2025-09-24T08:00:00+00:00 [queued]>
[2025-09-24T09:59:48.555+0000] {taskinstance.py:2170} INFO - Starting attempt 1 of 1
[2025-09-24T09:59:48.573+0000] {taskinstance.py:2191} INFO - Executing <Task(PythonOperator): calculate_data_d8> on 2025-09-24 08:00:00+00:00
[2025-09-24T09:59:48.583+0000] {standard_task_runner.py:60} INFO - Started process 1313 to run task
[2025-09-24T09:59:48.587+0000] {standard_task_runner.py:87} INFO - Running: ['***', 'tasks', 'run', 'dag_data_cleanse_and_calculate_all', 'calculate_data_d8', 'scheduled__2025-09-24T08:00:00+00:00', '--job-id', '401', '--raw', '--subdir', 'DAGS_FOLDER/cleansing_data_flow.py', '--cfg-path', '/tmp/tmpw_k53myx']
[2025-09-24T09:59:48.588+0000] {standard_task_runner.py:88} INFO - Job 401: Subtask calculate_data_d8
[2025-09-24T09:59:48.654+0000] {task_command.py:423} INFO - Running <TaskInstance: dag_data_cleanse_and_calculate_all.calculate_data_d8 scheduled__2025-09-24T08:00:00+00:00 [running]> on host 5d539c157d54
[2025-09-24T09:59:48.756+0000] {taskinstance.py:2480} INFO - Exporting env vars: AIRFLOW_CTX_DAG_OWNER='***' AIRFLOW_CTX_DAG_ID='dag_data_cleanse_and_calculate_all' AIRFLOW_CTX_TASK_ID='calculate_data_d8' AIRFLOW_CTX_EXECUTION_DATE='2025-09-24T08:00:00+00:00' AIRFLOW_CTX_TRY_NUMBER='1' AIRFLOW_CTX_DAG_RUN_ID='scheduled__2025-09-24T08:00:00+00:00'
[2025-09-24T09:59:48.925+0000] {python.py:201} INFO - Done. Returned value was: None
[2025-09-24T09:59:48.933+0000] {taskinstance.py:1138} INFO - Marking task as SUCCESS. dag_id=dag_data_cleanse_and_calculate_all, task_id=calculate_data_d8, execution_date=20250924T080000, start_date=20250924T095948, end_date=20250924T095948
[2025-09-24T09:59:48.962+0000] {local_task_job_runner.py:234} INFO - Task exited with return code 0
[2025-09-24T09:59:48.982+0000] {taskinstance.py:3280} INFO - 0 downstream tasks scheduled from follow-on schedule check
