[2025-09-24T09:09:34.861+0000] {taskinstance.py:1956} INFO - Dependencies all met for dep_context=non-requeueable deps ti=<TaskInstance: dag_data_cleanse_and_calculate_all.cleanse_data_h9 scheduled__2025-09-24T08:00:00+00:00 [queued]>
[2025-09-24T09:09:34.872+0000] {taskinstance.py:1956} INFO - Dependencies all met for dep_context=requeueable deps ti=<TaskInstance: dag_data_cleanse_and_calculate_all.cleanse_data_h9 scheduled__2025-09-24T08:00:00+00:00 [queued]>
[2025-09-24T09:09:34.873+0000] {taskinstance.py:2170} INFO - Starting attempt 1 of 1
[2025-09-24T09:09:34.891+0000] {taskinstance.py:2191} INFO - Executing <Task(PythonOperator): cleanse_data_h9> on 2025-09-24 08:00:00+00:00
[2025-09-24T09:09:34.907+0000] {standard_task_runner.py:60} INFO - Started process 1652 to run task
[2025-09-24T09:09:34.906+0000] {standard_task_runner.py:87} INFO - Running: ['***', 'tasks', 'run', 'dag_data_cleanse_and_calculate_all', 'cleanse_data_h9', 'scheduled__2025-09-24T08:00:00+00:00', '--job-id', '243', '--raw', '--subdir', 'DAGS_FOLDER/cleansing_data_flow.py', '--cfg-path', '/tmp/tmpnhhad83z']
[2025-09-24T09:09:34.908+0000] {standard_task_runner.py:88} INFO - Job 243: Subtask cleanse_data_h9
[2025-09-24T09:09:35.013+0000] {task_command.py:423} INFO - Running <TaskInstance: dag_data_cleanse_and_calculate_all.cleanse_data_h9 scheduled__2025-09-24T08:00:00+00:00 [running]> on host feaba2204362
[2025-09-24T09:09:35.105+0000] {taskinstance.py:2480} INFO - Exporting env vars: AIRFLOW_CTX_DAG_OWNER='***' AIRFLOW_CTX_DAG_ID='dag_data_cleanse_and_calculate_all' AIRFLOW_CTX_TASK_ID='cleanse_data_h9' AIRFLOW_CTX_EXECUTION_DATE='2025-09-24T08:00:00+00:00' AIRFLOW_CTX_TRY_NUMBER='1' AIRFLOW_CTX_DAG_RUN_ID='scheduled__2025-09-24T08:00:00+00:00'
[2025-09-24T09:09:35.341+0000] {python.py:201} INFO - Done. Returned value was: None
[2025-09-24T09:09:35.358+0000] {taskinstance.py:1138} INFO - Marking task as SUCCESS. dag_id=dag_data_cleanse_and_calculate_all, task_id=cleanse_data_h9, execution_date=20250924T080000, start_date=20250924T090934, end_date=20250924T090935
[2025-09-24T09:09:35.418+0000] {local_task_job_runner.py:234} INFO - Task exited with return code 0
[2025-09-24T09:09:35.499+0000] {taskinstance.py:3280} INFO - 1 downstream tasks scheduled from follow-on schedule check
[2025-09-24T09:59:30.912+0000] {taskinstance.py:1956} INFO - Dependencies all met for dep_context=non-requeueable deps ti=<TaskInstance: dag_data_cleanse_and_calculate_all.cleanse_data_h9 scheduled__2025-09-24T08:00:00+00:00 [queued]>
[2025-09-24T09:59:30.923+0000] {taskinstance.py:1956} INFO - Dependencies all met for dep_context=requeueable deps ti=<TaskInstance: dag_data_cleanse_and_calculate_all.cleanse_data_h9 scheduled__2025-09-24T08:00:00+00:00 [queued]>
[2025-09-24T09:59:30.924+0000] {taskinstance.py:2170} INFO - Starting attempt 1 of 1
[2025-09-24T09:59:30.943+0000] {taskinstance.py:2191} INFO - Executing <Task(PythonOperator): cleanse_data_h9> on 2025-09-24 08:00:00+00:00
[2025-09-24T09:59:30.954+0000] {standard_task_runner.py:60} INFO - Started process 959 to run task
[2025-09-24T09:59:30.958+0000] {standard_task_runner.py:87} INFO - Running: ['***', 'tasks', 'run', 'dag_data_cleanse_and_calculate_all', 'cleanse_data_h9', 'scheduled__2025-09-24T08:00:00+00:00', '--job-id', '279', '--raw', '--subdir', 'DAGS_FOLDER/cleansing_data_flow.py', '--cfg-path', '/tmp/tmp5s18z1ef']
[2025-09-24T09:59:30.959+0000] {standard_task_runner.py:88} INFO - Job 279: Subtask cleanse_data_h9
[2025-09-24T09:59:31.037+0000] {task_command.py:423} INFO - Running <TaskInstance: dag_data_cleanse_and_calculate_all.cleanse_data_h9 scheduled__2025-09-24T08:00:00+00:00 [running]> on host 5d539c157d54
[2025-09-24T09:59:31.155+0000] {taskinstance.py:2480} INFO - Exporting env vars: AIRFLOW_CTX_DAG_OWNER='***' AIRFLOW_CTX_DAG_ID='dag_data_cleanse_and_calculate_all' AIRFLOW_CTX_TASK_ID='cleanse_data_h9' AIRFLOW_CTX_EXECUTION_DATE='2025-09-24T08:00:00+00:00' AIRFLOW_CTX_TRY_NUMBER='1' AIRFLOW_CTX_DAG_RUN_ID='scheduled__2025-09-24T08:00:00+00:00'
[2025-09-24T09:59:31.355+0000] {python.py:201} INFO - Done. Returned value was: None
[2025-09-24T09:59:31.367+0000] {taskinstance.py:1138} INFO - Marking task as SUCCESS. dag_id=dag_data_cleanse_and_calculate_all, task_id=cleanse_data_h9, execution_date=20250924T080000, start_date=20250924T095930, end_date=20250924T095931
[2025-09-24T09:59:31.419+0000] {local_task_job_runner.py:234} INFO - Task exited with return code 0
[2025-09-24T09:59:31.441+0000] {taskinstance.py:3280} INFO - 1 downstream tasks scheduled from follow-on schedule check
