[2025-09-24T09:09:45.225+0000] {taskinstance.py:1956} INFO - Dependencies all met for dep_context=non-requeueable deps ti=<TaskInstance: dag_data_cleanse_and_calculate_all.calculate_data_h9 scheduled__2025-09-24T08:00:00+00:00 [queued]>
[2025-09-24T09:09:45.238+0000] {taskinstance.py:1956} INFO - Dependencies all met for dep_context=requeueable deps ti=<TaskInstance: dag_data_cleanse_and_calculate_all.calculate_data_h9 scheduled__2025-09-24T08:00:00+00:00 [queued]>
[2025-09-24T09:09:45.238+0000] {taskinstance.py:2170} INFO - Starting attempt 1 of 1
[2025-09-24T09:09:45.253+0000] {taskinstance.py:2191} INFO - Executing <Task(PythonOperator): calculate_data_h9> on 2025-09-24 08:00:00+00:00
[2025-09-24T09:09:45.262+0000] {standard_task_runner.py:60} INFO - Started process 1852 to run task
[2025-09-24T09:09:45.266+0000] {standard_task_runner.py:87} INFO - Running: ['***', 'tasks', 'run', 'dag_data_cleanse_and_calculate_all', 'calculate_data_h9', 'scheduled__2025-09-24T08:00:00+00:00', '--job-id', '315', '--raw', '--subdir', 'DAGS_FOLDER/cleansing_data_flow.py', '--cfg-path', '/tmp/tmp7bb307e3']
[2025-09-24T09:09:45.267+0000] {standard_task_runner.py:88} INFO - Job 315: Subtask calculate_data_h9
[2025-09-24T09:09:45.334+0000] {task_command.py:423} INFO - Running <TaskInstance: dag_data_cleanse_and_calculate_all.calculate_data_h9 scheduled__2025-09-24T08:00:00+00:00 [running]> on host feaba2204362
[2025-09-24T09:09:45.404+0000] {taskinstance.py:2480} INFO - Exporting env vars: AIRFLOW_CTX_DAG_OWNER='***' AIRFLOW_CTX_DAG_ID='dag_data_cleanse_and_calculate_all' AIRFLOW_CTX_TASK_ID='calculate_data_h9' AIRFLOW_CTX_EXECUTION_DATE='2025-09-24T08:00:00+00:00' AIRFLOW_CTX_TRY_NUMBER='1' AIRFLOW_CTX_DAG_RUN_ID='scheduled__2025-09-24T08:00:00+00:00'
[2025-09-24T09:09:45.536+0000] {python.py:201} INFO - Done. Returned value was: None
[2025-09-24T09:09:45.548+0000] {taskinstance.py:1138} INFO - Marking task as SUCCESS. dag_id=dag_data_cleanse_and_calculate_all, task_id=calculate_data_h9, execution_date=20250924T080000, start_date=20250924T090945, end_date=20250924T090945
[2025-09-24T09:09:45.606+0000] {local_task_job_runner.py:234} INFO - Task exited with return code 0
[2025-09-24T09:09:45.666+0000] {taskinstance.py:3280} INFO - 0 downstream tasks scheduled from follow-on schedule check
[2025-09-24T09:59:50.579+0000] {taskinstance.py:1956} INFO - Dependencies all met for dep_context=non-requeueable deps ti=<TaskInstance: dag_data_cleanse_and_calculate_all.calculate_data_h9 scheduled__2025-09-24T08:00:00+00:00 [queued]>
[2025-09-24T09:59:50.594+0000] {taskinstance.py:1956} INFO - Dependencies all met for dep_context=requeueable deps ti=<TaskInstance: dag_data_cleanse_and_calculate_all.calculate_data_h9 scheduled__2025-09-24T08:00:00+00:00 [queued]>
[2025-09-24T09:59:50.602+0000] {taskinstance.py:2170} INFO - Starting attempt 1 of 1
[2025-09-24T09:59:50.641+0000] {taskinstance.py:2191} INFO - Executing <Task(PythonOperator): calculate_data_h9> on 2025-09-24 08:00:00+00:00
[2025-09-24T09:59:50.662+0000] {standard_task_runner.py:87} INFO - Running: ['***', 'tasks', 'run', 'dag_data_cleanse_and_calculate_all', 'calculate_data_h9', 'scheduled__2025-09-24T08:00:00+00:00', '--job-id', '416', '--raw', '--subdir', 'DAGS_FOLDER/cleansing_data_flow.py', '--cfg-path', '/tmp/tmpm7xomgjr']
[2025-09-24T09:59:50.666+0000] {standard_task_runner.py:88} INFO - Job 416: Subtask calculate_data_h9
[2025-09-24T09:59:50.658+0000] {standard_task_runner.py:60} INFO - Started process 1360 to run task
[2025-09-24T09:59:50.763+0000] {task_command.py:423} INFO - Running <TaskInstance: dag_data_cleanse_and_calculate_all.calculate_data_h9 scheduled__2025-09-24T08:00:00+00:00 [running]> on host 5d539c157d54
[2025-09-24T09:59:50.868+0000] {taskinstance.py:2480} INFO - Exporting env vars: AIRFLOW_CTX_DAG_OWNER='***' AIRFLOW_CTX_DAG_ID='dag_data_cleanse_and_calculate_all' AIRFLOW_CTX_TASK_ID='calculate_data_h9' AIRFLOW_CTX_EXECUTION_DATE='2025-09-24T08:00:00+00:00' AIRFLOW_CTX_TRY_NUMBER='1' AIRFLOW_CTX_DAG_RUN_ID='scheduled__2025-09-24T08:00:00+00:00'
[2025-09-24T09:59:51.026+0000] {python.py:201} INFO - Done. Returned value was: None
[2025-09-24T09:59:51.044+0000] {taskinstance.py:1138} INFO - Marking task as SUCCESS. dag_id=dag_data_cleanse_and_calculate_all, task_id=calculate_data_h9, execution_date=20250924T080000, start_date=20250924T095950, end_date=20250924T095951
[2025-09-24T09:59:51.094+0000] {local_task_job_runner.py:234} INFO - Task exited with return code 0
[2025-09-24T09:59:51.124+0000] {taskinstance.py:3280} INFO - 0 downstream tasks scheduled from follow-on schedule check
