[2025-09-24T09:09:32.429+0000] {taskinstance.py:1956} INFO - Dependencies all met for dep_context=non-requeueable deps ti=<TaskInstance: dag_data_cleanse_and_calculate_all.cleanse_data_b8 scheduled__2025-09-24T08:00:00+00:00 [queued]>
[2025-09-24T09:09:32.438+0000] {taskinstance.py:1956} INFO - Dependencies all met for dep_context=requeueable deps ti=<TaskInstance: dag_data_cleanse_and_calculate_all.cleanse_data_b8 scheduled__2025-09-24T08:00:00+00:00 [queued]>
[2025-09-24T09:09:32.439+0000] {taskinstance.py:2170} INFO - Starting attempt 1 of 1
[2025-09-24T09:09:32.459+0000] {taskinstance.py:2191} INFO - Executing <Task(PythonOperator): cleanse_data_b8> on 2025-09-24 08:00:00+00:00
[2025-09-24T09:09:32.468+0000] {standard_task_runner.py:60} INFO - Started process 1613 to run task
[2025-09-24T09:09:32.472+0000] {standard_task_runner.py:87} INFO - Running: ['***', 'tasks', 'run', 'dag_data_cleanse_and_calculate_all', 'cleanse_data_b8', 'scheduled__2025-09-24T08:00:00+00:00', '--job-id', '236', '--raw', '--subdir', 'DAGS_FOLDER/cleansing_data_flow.py', '--cfg-path', '/tmp/tmpf59bqdsm']
[2025-09-24T09:09:32.474+0000] {standard_task_runner.py:88} INFO - Job 236: Subtask cleanse_data_b8
[2025-09-24T09:09:32.542+0000] {task_command.py:423} INFO - Running <TaskInstance: dag_data_cleanse_and_calculate_all.cleanse_data_b8 scheduled__2025-09-24T08:00:00+00:00 [running]> on host feaba2204362
[2025-09-24T09:09:32.619+0000] {taskinstance.py:2480} INFO - Exporting env vars: AIRFLOW_CTX_DAG_OWNER='***' AIRFLOW_CTX_DAG_ID='dag_data_cleanse_and_calculate_all' AIRFLOW_CTX_TASK_ID='cleanse_data_b8' AIRFLOW_CTX_EXECUTION_DATE='2025-09-24T08:00:00+00:00' AIRFLOW_CTX_TRY_NUMBER='1' AIRFLOW_CTX_DAG_RUN_ID='scheduled__2025-09-24T08:00:00+00:00'
[2025-09-24T09:09:32.882+0000] {python.py:201} INFO - Done. Returned value was: None
[2025-09-24T09:09:32.897+0000] {taskinstance.py:1138} INFO - Marking task as SUCCESS. dag_id=dag_data_cleanse_and_calculate_all, task_id=cleanse_data_b8, execution_date=20250924T080000, start_date=20250924T090932, end_date=20250924T090932
[2025-09-24T09:09:32.935+0000] {local_task_job_runner.py:234} INFO - Task exited with return code 0
[2025-09-24T09:09:32.952+0000] {taskinstance.py:3280} INFO - 1 downstream tasks scheduled from follow-on schedule check
[2025-09-24T09:59:28.284+0000] {taskinstance.py:1956} INFO - Dependencies all met for dep_context=non-requeueable deps ti=<TaskInstance: dag_data_cleanse_and_calculate_all.cleanse_data_b8 scheduled__2025-09-24T08:00:00+00:00 [queued]>
[2025-09-24T09:59:28.296+0000] {taskinstance.py:1956} INFO - Dependencies all met for dep_context=requeueable deps ti=<TaskInstance: dag_data_cleanse_and_calculate_all.cleanse_data_b8 scheduled__2025-09-24T08:00:00+00:00 [queued]>
[2025-09-24T09:59:28.298+0000] {taskinstance.py:2170} INFO - Starting attempt 1 of 1
[2025-09-24T09:59:28.320+0000] {taskinstance.py:2191} INFO - Executing <Task(PythonOperator): cleanse_data_b8> on 2025-09-24 08:00:00+00:00
[2025-09-24T09:59:28.339+0000] {standard_task_runner.py:60} INFO - Started process 920 to run task
[2025-09-24T09:59:28.346+0000] {standard_task_runner.py:87} INFO - Running: ['***', 'tasks', 'run', 'dag_data_cleanse_and_calculate_all', 'cleanse_data_b8', 'scheduled__2025-09-24T08:00:00+00:00', '--job-id', '272', '--raw', '--subdir', 'DAGS_FOLDER/cleansing_data_flow.py', '--cfg-path', '/tmp/tmpb3eldsjv']
[2025-09-24T09:59:28.350+0000] {standard_task_runner.py:88} INFO - Job 272: Subtask cleanse_data_b8
[2025-09-24T09:59:28.560+0000] {task_command.py:423} INFO - Running <TaskInstance: dag_data_cleanse_and_calculate_all.cleanse_data_b8 scheduled__2025-09-24T08:00:00+00:00 [running]> on host 5d539c157d54
[2025-09-24T09:59:28.688+0000] {taskinstance.py:2480} INFO - Exporting env vars: AIRFLOW_CTX_DAG_OWNER='***' AIRFLOW_CTX_DAG_ID='dag_data_cleanse_and_calculate_all' AIRFLOW_CTX_TASK_ID='cleanse_data_b8' AIRFLOW_CTX_EXECUTION_DATE='2025-09-24T08:00:00+00:00' AIRFLOW_CTX_TRY_NUMBER='1' AIRFLOW_CTX_DAG_RUN_ID='scheduled__2025-09-24T08:00:00+00:00'
[2025-09-24T09:59:28.903+0000] {python.py:201} INFO - Done. Returned value was: None
[2025-09-24T09:59:28.910+0000] {taskinstance.py:1138} INFO - Marking task as SUCCESS. dag_id=dag_data_cleanse_and_calculate_all, task_id=cleanse_data_b8, execution_date=20250924T080000, start_date=20250924T095928, end_date=20250924T095928
[2025-09-24T09:59:28.929+0000] {local_task_job_runner.py:234} INFO - Task exited with return code 0
[2025-09-24T09:59:28.944+0000] {taskinstance.py:3280} INFO - 1 downstream tasks scheduled from follow-on schedule check
