[2025-09-22T04:05:52.954+0000] {taskinstance.py:1956} INFO - Dependencies all met for dep_context=non-requeueable deps ti=<TaskInstance: dag_production_views_daily.create_view_production_downtime_daily scheduled__2025-09-21T00:00:00+00:00 [queued]>
[2025-09-22T04:05:52.959+0000] {taskinstance.py:1956} INFO - Dependencies all met for dep_context=requeueable deps ti=<TaskInstance: dag_production_views_daily.create_view_production_downtime_daily scheduled__2025-09-21T00:00:00+00:00 [queued]>
[2025-09-22T04:05:52.960+0000] {taskinstance.py:2170} INFO - Starting attempt 1 of 1
[2025-09-22T04:05:52.967+0000] {taskinstance.py:2191} INFO - Executing <Task(PythonOperator): create_view_production_downtime_daily> on 2025-09-21 00:00:00+00:00
[2025-09-22T04:05:52.972+0000] {standard_task_runner.py:60} INFO - Started process 76 to run task
[2025-09-22T04:05:52.975+0000] {standard_task_runner.py:87} INFO - Running: ['***', 'tasks', 'run', 'dag_production_views_daily', 'create_view_production_downtime_daily', 'scheduled__2025-09-21T00:00:00+00:00', '--job-id', '19', '--raw', '--subdir', 'DAGS_FOLDER/sql_flow.py', '--cfg-path', '/tmp/tmpah_8v1ra']
[2025-09-22T04:05:52.978+0000] {standard_task_runner.py:88} INFO - Job 19: Subtask create_view_production_downtime_daily
[2025-09-22T04:05:53.018+0000] {task_command.py:423} INFO - Running <TaskInstance: dag_production_views_daily.create_view_production_downtime_daily scheduled__2025-09-21T00:00:00+00:00 [running]> on host ac20b3137fa6
[2025-09-22T04:05:53.065+0000] {taskinstance.py:2480} INFO - Exporting env vars: AIRFLOW_CTX_DAG_OWNER='***' AIRFLOW_CTX_DAG_ID='dag_production_views_daily' AIRFLOW_CTX_TASK_ID='create_view_production_downtime_daily' AIRFLOW_CTX_EXECUTION_DATE='2025-09-21T00:00:00+00:00' AIRFLOW_CTX_TRY_NUMBER='1' AIRFLOW_CTX_DAG_RUN_ID='scheduled__2025-09-21T00:00:00+00:00'
[2025-09-22T04:05:53.149+0000] {logging_mixin.py:188} INFO - ✅ View View_Production_DownTime_Daily ถูกสร้างแล้ว
[2025-09-22T04:05:53.150+0000] {python.py:201} INFO - Done. Returned value was: None
[2025-09-22T04:05:53.156+0000] {taskinstance.py:1138} INFO - Marking task as SUCCESS. dag_id=dag_production_views_daily, task_id=create_view_production_downtime_daily, execution_date=20250921T000000, start_date=20250922T040552, end_date=20250922T040553
[2025-09-22T04:05:53.188+0000] {local_task_job_runner.py:234} INFO - Task exited with return code 0
[2025-09-22T04:05:53.203+0000] {taskinstance.py:3280} INFO - 1 downstream tasks scheduled from follow-on schedule check
[2025-09-22T08:33:28.774+0000] {taskinstance.py:1956} INFO - Dependencies all met for dep_context=non-requeueable deps ti=<TaskInstance: dag_production_views_daily.create_view_production_downtime_daily scheduled__2025-09-21T00:00:00+00:00 [queued]>
[2025-09-22T08:33:28.781+0000] {taskinstance.py:1956} INFO - Dependencies all met for dep_context=requeueable deps ti=<TaskInstance: dag_production_views_daily.create_view_production_downtime_daily scheduled__2025-09-21T00:00:00+00:00 [queued]>
[2025-09-22T08:33:28.782+0000] {taskinstance.py:2170} INFO - Starting attempt 1 of 1
[2025-09-22T08:33:28.793+0000] {taskinstance.py:2191} INFO - Executing <Task(PythonOperator): create_view_production_downtime_daily> on 2025-09-21 00:00:00+00:00
[2025-09-22T08:33:28.798+0000] {standard_task_runner.py:60} INFO - Started process 136 to run task
[2025-09-22T08:33:28.801+0000] {standard_task_runner.py:87} INFO - Running: ['***', 'tasks', 'run', 'dag_production_views_daily', 'create_view_production_downtime_daily', 'scheduled__2025-09-21T00:00:00+00:00', '--job-id', '7', '--raw', '--subdir', 'DAGS_FOLDER/sql_flow.py', '--cfg-path', '/tmp/tmpzgtn8rms']
[2025-09-22T08:33:28.804+0000] {standard_task_runner.py:88} INFO - Job 7: Subtask create_view_production_downtime_daily
[2025-09-22T08:33:28.849+0000] {task_command.py:423} INFO - Running <TaskInstance: dag_production_views_daily.create_view_production_downtime_daily scheduled__2025-09-21T00:00:00+00:00 [running]> on host 3f0a9d8e9fbe
[2025-09-22T08:33:28.894+0000] {taskinstance.py:2480} INFO - Exporting env vars: AIRFLOW_CTX_DAG_OWNER='***' AIRFLOW_CTX_DAG_ID='dag_production_views_daily' AIRFLOW_CTX_TASK_ID='create_view_production_downtime_daily' AIRFLOW_CTX_EXECUTION_DATE='2025-09-21T00:00:00+00:00' AIRFLOW_CTX_TRY_NUMBER='1' AIRFLOW_CTX_DAG_RUN_ID='scheduled__2025-09-21T00:00:00+00:00'
[2025-09-22T08:33:28.965+0000] {logging_mixin.py:188} INFO - ✅ View View_Production_DownTime_Daily ถูกสร้างแล้ว
[2025-09-22T08:33:28.965+0000] {python.py:201} INFO - Done. Returned value was: None
[2025-09-22T08:33:28.972+0000] {taskinstance.py:1138} INFO - Marking task as SUCCESS. dag_id=dag_production_views_daily, task_id=create_view_production_downtime_daily, execution_date=20250921T000000, start_date=20250922T083328, end_date=20250922T083328
[2025-09-22T08:33:29.014+0000] {local_task_job_runner.py:234} INFO - Task exited with return code 0
[2025-09-22T08:33:29.029+0000] {taskinstance.py:3280} INFO - 1 downstream tasks scheduled from follow-on schedule check
