[2025-09-24T09:09:47.986+0000] {taskinstance.py:1956} INFO - Dependencies all met for dep_context=non-requeueable deps ti=<TaskInstance: dag_data_cleanse_and_calculate_all.calculate_data_h6 scheduled__2025-09-24T08:00:00+00:00 [queued]>
[2025-09-24T09:09:48.001+0000] {taskinstance.py:1956} INFO - Dependencies all met for dep_context=requeueable deps ti=<TaskInstance: dag_data_cleanse_and_calculate_all.calculate_data_h6 scheduled__2025-09-24T08:00:00+00:00 [queued]>
[2025-09-24T09:09:48.002+0000] {taskinstance.py:2170} INFO - Starting attempt 1 of 1
[2025-09-24T09:09:48.020+0000] {taskinstance.py:2191} INFO - Executing <Task(PythonOperator): calculate_data_h6> on 2025-09-24 08:00:00+00:00
[2025-09-24T09:09:48.030+0000] {standard_task_runner.py:60} INFO - Started process 1895 to run task
[2025-09-24T09:09:48.033+0000] {standard_task_runner.py:87} INFO - Running: ['***', 'tasks', 'run', 'dag_data_cleanse_and_calculate_all', 'calculate_data_h6', 'scheduled__2025-09-24T08:00:00+00:00', '--job-id', '326', '--raw', '--subdir', 'DAGS_FOLDER/cleansing_data_flow.py', '--cfg-path', '/tmp/tmpzh9te3mk']
[2025-09-24T09:09:48.034+0000] {standard_task_runner.py:88} INFO - Job 326: Subtask calculate_data_h6
[2025-09-24T09:09:48.158+0000] {task_command.py:423} INFO - Running <TaskInstance: dag_data_cleanse_and_calculate_all.calculate_data_h6 scheduled__2025-09-24T08:00:00+00:00 [running]> on host feaba2204362
[2025-09-24T09:09:48.254+0000] {taskinstance.py:2480} INFO - Exporting env vars: AIRFLOW_CTX_DAG_OWNER='***' AIRFLOW_CTX_DAG_ID='dag_data_cleanse_and_calculate_all' AIRFLOW_CTX_TASK_ID='calculate_data_h6' AIRFLOW_CTX_EXECUTION_DATE='2025-09-24T08:00:00+00:00' AIRFLOW_CTX_TRY_NUMBER='1' AIRFLOW_CTX_DAG_RUN_ID='scheduled__2025-09-24T08:00:00+00:00'
[2025-09-24T09:09:48.371+0000] {python.py:201} INFO - Done. Returned value was: None
[2025-09-24T09:09:48.381+0000] {taskinstance.py:1138} INFO - Marking task as SUCCESS. dag_id=dag_data_cleanse_and_calculate_all, task_id=calculate_data_h6, execution_date=20250924T080000, start_date=20250924T090947, end_date=20250924T090948
[2025-09-24T09:09:48.410+0000] {local_task_job_runner.py:234} INFO - Task exited with return code 0
[2025-09-24T09:09:48.424+0000] {taskinstance.py:3280} INFO - 0 downstream tasks scheduled from follow-on schedule check
[2025-09-24T09:59:50.490+0000] {taskinstance.py:1956} INFO - Dependencies all met for dep_context=non-requeueable deps ti=<TaskInstance: dag_data_cleanse_and_calculate_all.calculate_data_h6 scheduled__2025-09-24T08:00:00+00:00 [queued]>
[2025-09-24T09:59:50.510+0000] {taskinstance.py:1956} INFO - Dependencies all met for dep_context=requeueable deps ti=<TaskInstance: dag_data_cleanse_and_calculate_all.calculate_data_h6 scheduled__2025-09-24T08:00:00+00:00 [queued]>
[2025-09-24T09:59:50.513+0000] {taskinstance.py:2170} INFO - Starting attempt 1 of 1
[2025-09-24T09:59:50.534+0000] {taskinstance.py:2191} INFO - Executing <Task(PythonOperator): calculate_data_h6> on 2025-09-24 08:00:00+00:00
[2025-09-24T09:59:50.560+0000] {standard_task_runner.py:60} INFO - Started process 1357 to run task
[2025-09-24T09:59:50.563+0000] {standard_task_runner.py:87} INFO - Running: ['***', 'tasks', 'run', 'dag_data_cleanse_and_calculate_all', 'calculate_data_h6', 'scheduled__2025-09-24T08:00:00+00:00', '--job-id', '413', '--raw', '--subdir', 'DAGS_FOLDER/cleansing_data_flow.py', '--cfg-path', '/tmp/tmpebbh_8vp']
[2025-09-24T09:59:50.566+0000] {standard_task_runner.py:88} INFO - Job 413: Subtask calculate_data_h6
[2025-09-24T09:59:50.644+0000] {task_command.py:423} INFO - Running <TaskInstance: dag_data_cleanse_and_calculate_all.calculate_data_h6 scheduled__2025-09-24T08:00:00+00:00 [running]> on host 5d539c157d54
[2025-09-24T09:59:50.812+0000] {taskinstance.py:2480} INFO - Exporting env vars: AIRFLOW_CTX_DAG_OWNER='***' AIRFLOW_CTX_DAG_ID='dag_data_cleanse_and_calculate_all' AIRFLOW_CTX_TASK_ID='calculate_data_h6' AIRFLOW_CTX_EXECUTION_DATE='2025-09-24T08:00:00+00:00' AIRFLOW_CTX_TRY_NUMBER='1' AIRFLOW_CTX_DAG_RUN_ID='scheduled__2025-09-24T08:00:00+00:00'
[2025-09-24T09:59:50.966+0000] {python.py:201} INFO - Done. Returned value was: None
[2025-09-24T09:59:50.978+0000] {taskinstance.py:1138} INFO - Marking task as SUCCESS. dag_id=dag_data_cleanse_and_calculate_all, task_id=calculate_data_h6, execution_date=20250924T080000, start_date=20250924T095950, end_date=20250924T095950
[2025-09-24T09:59:51.032+0000] {local_task_job_runner.py:234} INFO - Task exited with return code 0
[2025-09-24T09:59:51.087+0000] {taskinstance.py:3280} INFO - 0 downstream tasks scheduled from follow-on schedule check
