[2025-09-24T09:09:37.202+0000] {taskinstance.py:1956} INFO - Dependencies all met for dep_context=non-requeueable deps ti=<TaskInstance: dag_data_cleanse_and_calculate_all.cleanse_data_d3 scheduled__2025-09-24T08:00:00+00:00 [queued]>
[2025-09-24T09:09:37.223+0000] {taskinstance.py:1956} INFO - Dependencies all met for dep_context=requeueable deps ti=<TaskInstance: dag_data_cleanse_and_calculate_all.cleanse_data_d3 scheduled__2025-09-24T08:00:00+00:00 [queued]>
[2025-09-24T09:09:37.224+0000] {taskinstance.py:2170} INFO - Starting attempt 1 of 1
[2025-09-24T09:09:37.240+0000] {taskinstance.py:2191} INFO - Executing <Task(PythonOperator): cleanse_data_d3> on 2025-09-24 08:00:00+00:00
[2025-09-24T09:09:37.257+0000] {standard_task_runner.py:60} INFO - Started process 1701 to run task
[2025-09-24T09:09:37.267+0000] {standard_task_runner.py:87} INFO - Running: ['***', 'tasks', 'run', 'dag_data_cleanse_and_calculate_all', 'cleanse_data_d3', 'scheduled__2025-09-24T08:00:00+00:00', '--job-id', '258', '--raw', '--subdir', 'DAGS_FOLDER/cleansing_data_flow.py', '--cfg-path', '/tmp/tmpjo1wmg5g']
[2025-09-24T09:09:37.268+0000] {standard_task_runner.py:88} INFO - Job 258: Subtask cleanse_data_d3
[2025-09-24T09:09:37.375+0000] {task_command.py:423} INFO - Running <TaskInstance: dag_data_cleanse_and_calculate_all.cleanse_data_d3 scheduled__2025-09-24T08:00:00+00:00 [running]> on host feaba2204362
[2025-09-24T09:09:37.488+0000] {taskinstance.py:2480} INFO - Exporting env vars: AIRFLOW_CTX_DAG_OWNER='***' AIRFLOW_CTX_DAG_ID='dag_data_cleanse_and_calculate_all' AIRFLOW_CTX_TASK_ID='cleanse_data_d3' AIRFLOW_CTX_EXECUTION_DATE='2025-09-24T08:00:00+00:00' AIRFLOW_CTX_TRY_NUMBER='1' AIRFLOW_CTX_DAG_RUN_ID='scheduled__2025-09-24T08:00:00+00:00'
[2025-09-24T09:09:37.637+0000] {python.py:201} INFO - Done. Returned value was: None
[2025-09-24T09:09:37.647+0000] {taskinstance.py:1138} INFO - Marking task as SUCCESS. dag_id=dag_data_cleanse_and_calculate_all, task_id=cleanse_data_d3, execution_date=20250924T080000, start_date=20250924T090937, end_date=20250924T090937
[2025-09-24T09:09:37.684+0000] {local_task_job_runner.py:234} INFO - Task exited with return code 0
[2025-09-24T09:09:37.729+0000] {taskinstance.py:3280} INFO - 1 downstream tasks scheduled from follow-on schedule check
[2025-09-24T09:59:33.330+0000] {taskinstance.py:1956} INFO - Dependencies all met for dep_context=non-requeueable deps ti=<TaskInstance: dag_data_cleanse_and_calculate_all.cleanse_data_d3 scheduled__2025-09-24T08:00:00+00:00 [queued]>
[2025-09-24T09:59:33.351+0000] {taskinstance.py:1956} INFO - Dependencies all met for dep_context=requeueable deps ti=<TaskInstance: dag_data_cleanse_and_calculate_all.cleanse_data_d3 scheduled__2025-09-24T08:00:00+00:00 [queued]>
[2025-09-24T09:59:33.352+0000] {taskinstance.py:2170} INFO - Starting attempt 1 of 1
[2025-09-24T09:59:33.389+0000] {taskinstance.py:2191} INFO - Executing <Task(PythonOperator): cleanse_data_d3> on 2025-09-24 08:00:00+00:00
[2025-09-24T09:59:33.395+0000] {standard_task_runner.py:60} INFO - Started process 1025 to run task
[2025-09-24T09:59:33.401+0000] {standard_task_runner.py:87} INFO - Running: ['***', 'tasks', 'run', 'dag_data_cleanse_and_calculate_all', 'cleanse_data_d3', 'scheduled__2025-09-24T08:00:00+00:00', '--job-id', '304', '--raw', '--subdir', 'DAGS_FOLDER/cleansing_data_flow.py', '--cfg-path', '/tmp/tmpndynrdcf']
[2025-09-24T09:59:33.407+0000] {standard_task_runner.py:88} INFO - Job 304: Subtask cleanse_data_d3
[2025-09-24T09:59:33.494+0000] {task_command.py:423} INFO - Running <TaskInstance: dag_data_cleanse_and_calculate_all.cleanse_data_d3 scheduled__2025-09-24T08:00:00+00:00 [running]> on host 5d539c157d54
[2025-09-24T09:59:33.576+0000] {taskinstance.py:2480} INFO - Exporting env vars: AIRFLOW_CTX_DAG_OWNER='***' AIRFLOW_CTX_DAG_ID='dag_data_cleanse_and_calculate_all' AIRFLOW_CTX_TASK_ID='cleanse_data_d3' AIRFLOW_CTX_EXECUTION_DATE='2025-09-24T08:00:00+00:00' AIRFLOW_CTX_TRY_NUMBER='1' AIRFLOW_CTX_DAG_RUN_ID='scheduled__2025-09-24T08:00:00+00:00'
[2025-09-24T09:59:33.788+0000] {python.py:201} INFO - Done. Returned value was: None
[2025-09-24T09:59:33.807+0000] {taskinstance.py:1138} INFO - Marking task as SUCCESS. dag_id=dag_data_cleanse_and_calculate_all, task_id=cleanse_data_d3, execution_date=20250924T080000, start_date=20250924T095933, end_date=20250924T095933
[2025-09-24T09:59:33.876+0000] {local_task_job_runner.py:234} INFO - Task exited with return code 0
[2025-09-24T09:59:33.972+0000] {taskinstance.py:3280} INFO - 1 downstream tasks scheduled from follow-on schedule check
