[2025-09-23T10:00:04.507+0000] {taskinstance.py:1956} INFO - Dependencies all met for dep_context=non-requeueable deps ti=<TaskInstance: dag_data_cleanse_raw_data_a1.calculate_data_a2 scheduled__2025-09-23T09:00:00+00:00 [queued]>
[2025-09-23T10:00:04.517+0000] {taskinstance.py:1956} INFO - Dependencies all met for dep_context=requeueable deps ti=<TaskInstance: dag_data_cleanse_raw_data_a1.calculate_data_a2 scheduled__2025-09-23T09:00:00+00:00 [queued]>
[2025-09-23T10:00:04.518+0000] {taskinstance.py:2170} INFO - Starting attempt 1 of 1
[2025-09-23T10:00:04.528+0000] {taskinstance.py:2191} INFO - Executing <Task(PythonOperator): calculate_data_a2> on 2025-09-23 09:00:00+00:00
[2025-09-23T10:00:04.534+0000] {standard_task_runner.py:60} INFO - Started process 1463 to run task
[2025-09-23T10:00:04.537+0000] {standard_task_runner.py:87} INFO - Running: ['***', 'tasks', 'run', 'dag_data_cleanse_raw_data_a1', 'calculate_data_a2', 'scheduled__2025-09-23T09:00:00+00:00', '--job-id', '37', '--raw', '--subdir', 'DAGS_FOLDER/cleansing_data_flow.py', '--cfg-path', '/tmp/tmp4kx357ua']
[2025-09-23T10:00:04.538+0000] {standard_task_runner.py:88} INFO - Job 37: Subtask calculate_data_a2
[2025-09-23T10:00:04.585+0000] {task_command.py:423} INFO - Running <TaskInstance: dag_data_cleanse_raw_data_a1.calculate_data_a2 scheduled__2025-09-23T09:00:00+00:00 [running]> on host 7d06a9d93371
[2025-09-23T10:00:04.648+0000] {taskinstance.py:2480} INFO - Exporting env vars: AIRFLOW_CTX_DAG_OWNER='***' AIRFLOW_CTX_DAG_ID='dag_data_cleanse_raw_data_a1' AIRFLOW_CTX_TASK_ID='calculate_data_a2' AIRFLOW_CTX_EXECUTION_DATE='2025-09-23T09:00:00+00:00' AIRFLOW_CTX_TRY_NUMBER='1' AIRFLOW_CTX_DAG_RUN_ID='scheduled__2025-09-23T09:00:00+00:00'
[2025-09-23T10:00:04.812+0000] {python.py:201} INFO - Done. Returned value was: None
[2025-09-23T10:00:04.819+0000] {taskinstance.py:1138} INFO - Marking task as SUCCESS. dag_id=dag_data_cleanse_raw_data_a1, task_id=calculate_data_a2, execution_date=20250923T090000, start_date=20250923T100004, end_date=20250923T100004
[2025-09-23T10:00:04.870+0000] {local_task_job_runner.py:234} INFO - Task exited with return code 0
[2025-09-23T10:00:04.883+0000] {taskinstance.py:3280} INFO - 0 downstream tasks scheduled from follow-on schedule check
[2025-09-23T10:21:41.055+0000] {taskinstance.py:1956} INFO - Dependencies all met for dep_context=non-requeueable deps ti=<TaskInstance: dag_data_cleanse_raw_data_a1.calculate_data_a2 scheduled__2025-09-23T09:00:00+00:00 [queued]>
[2025-09-23T10:21:41.061+0000] {taskinstance.py:1956} INFO - Dependencies all met for dep_context=requeueable deps ti=<TaskInstance: dag_data_cleanse_raw_data_a1.calculate_data_a2 scheduled__2025-09-23T09:00:00+00:00 [queued]>
[2025-09-23T10:21:41.062+0000] {taskinstance.py:2170} INFO - Starting attempt 1 of 1
[2025-09-23T10:21:41.073+0000] {taskinstance.py:2191} INFO - Executing <Task(PythonOperator): calculate_data_a2> on 2025-09-23 09:00:00+00:00
[2025-09-23T10:21:41.080+0000] {standard_task_runner.py:60} INFO - Started process 135 to run task
[2025-09-23T10:21:41.083+0000] {standard_task_runner.py:87} INFO - Running: ['***', 'tasks', 'run', 'dag_data_cleanse_raw_data_a1', 'calculate_data_a2', 'scheduled__2025-09-23T09:00:00+00:00', '--job-id', '21', '--raw', '--subdir', 'DAGS_FOLDER/cleansing_data_flow.py', '--cfg-path', '/tmp/tmpm3ys1mh5']
[2025-09-23T10:21:41.084+0000] {standard_task_runner.py:88} INFO - Job 21: Subtask calculate_data_a2
[2025-09-23T10:21:41.125+0000] {task_command.py:423} INFO - Running <TaskInstance: dag_data_cleanse_raw_data_a1.calculate_data_a2 scheduled__2025-09-23T09:00:00+00:00 [running]> on host 93974d152bc0
[2025-09-23T10:21:41.182+0000] {taskinstance.py:2480} INFO - Exporting env vars: AIRFLOW_CTX_DAG_OWNER='***' AIRFLOW_CTX_DAG_ID='dag_data_cleanse_raw_data_a1' AIRFLOW_CTX_TASK_ID='calculate_data_a2' AIRFLOW_CTX_EXECUTION_DATE='2025-09-23T09:00:00+00:00' AIRFLOW_CTX_TRY_NUMBER='1' AIRFLOW_CTX_DAG_RUN_ID='scheduled__2025-09-23T09:00:00+00:00'
[2025-09-23T10:21:41.323+0000] {python.py:201} INFO - Done. Returned value was: None
[2025-09-23T10:21:41.328+0000] {taskinstance.py:1138} INFO - Marking task as SUCCESS. dag_id=dag_data_cleanse_raw_data_a1, task_id=calculate_data_a2, execution_date=20250923T090000, start_date=20250923T102141, end_date=20250923T102141
[2025-09-23T10:21:41.378+0000] {local_task_job_runner.py:234} INFO - Task exited with return code 0
[2025-09-23T10:21:41.389+0000] {taskinstance.py:3280} INFO - 0 downstream tasks scheduled from follow-on schedule check
