[2025-09-24T09:09:37.021+0000] {taskinstance.py:1956} INFO - Dependencies all met for dep_context=non-requeueable deps ti=<TaskInstance: dag_data_cleanse_and_calculate_all.cleanse_data_d5 scheduled__2025-09-24T08:00:00+00:00 [queued]>
[2025-09-24T09:09:37.039+0000] {taskinstance.py:1956} INFO - Dependencies all met for dep_context=requeueable deps ti=<TaskInstance: dag_data_cleanse_and_calculate_all.cleanse_data_d5 scheduled__2025-09-24T08:00:00+00:00 [queued]>
[2025-09-24T09:09:37.041+0000] {taskinstance.py:2170} INFO - Starting attempt 1 of 1
[2025-09-24T09:09:37.069+0000] {taskinstance.py:2191} INFO - Executing <Task(PythonOperator): cleanse_data_d5> on 2025-09-24 08:00:00+00:00
[2025-09-24T09:09:37.085+0000] {standard_task_runner.py:60} INFO - Started process 1696 to run task
[2025-09-24T09:09:37.088+0000] {standard_task_runner.py:87} INFO - Running: ['***', 'tasks', 'run', 'dag_data_cleanse_and_calculate_all', 'cleanse_data_d5', 'scheduled__2025-09-24T08:00:00+00:00', '--job-id', '255', '--raw', '--subdir', 'DAGS_FOLDER/cleansing_data_flow.py', '--cfg-path', '/tmp/tmp2cqvcgvi']
[2025-09-24T09:09:37.089+0000] {standard_task_runner.py:88} INFO - Job 255: Subtask cleanse_data_d5
[2025-09-24T09:09:37.182+0000] {task_command.py:423} INFO - Running <TaskInstance: dag_data_cleanse_and_calculate_all.cleanse_data_d5 scheduled__2025-09-24T08:00:00+00:00 [running]> on host feaba2204362
[2025-09-24T09:09:37.291+0000] {taskinstance.py:2480} INFO - Exporting env vars: AIRFLOW_CTX_DAG_OWNER='***' AIRFLOW_CTX_DAG_ID='dag_data_cleanse_and_calculate_all' AIRFLOW_CTX_TASK_ID='cleanse_data_d5' AIRFLOW_CTX_EXECUTION_DATE='2025-09-24T08:00:00+00:00' AIRFLOW_CTX_TRY_NUMBER='1' AIRFLOW_CTX_DAG_RUN_ID='scheduled__2025-09-24T08:00:00+00:00'
[2025-09-24T09:09:37.463+0000] {python.py:201} INFO - Done. Returned value was: None
[2025-09-24T09:09:37.473+0000] {taskinstance.py:1138} INFO - Marking task as SUCCESS. dag_id=dag_data_cleanse_and_calculate_all, task_id=cleanse_data_d5, execution_date=20250924T080000, start_date=20250924T090937, end_date=20250924T090937
[2025-09-24T09:09:37.511+0000] {local_task_job_runner.py:234} INFO - Task exited with return code 0
[2025-09-24T09:09:37.538+0000] {taskinstance.py:3280} INFO - 1 downstream tasks scheduled from follow-on schedule check
[2025-09-24T09:59:33.206+0000] {taskinstance.py:1956} INFO - Dependencies all met for dep_context=non-requeueable deps ti=<TaskInstance: dag_data_cleanse_and_calculate_all.cleanse_data_d5 scheduled__2025-09-24T08:00:00+00:00 [queued]>
[2025-09-24T09:59:33.220+0000] {taskinstance.py:1956} INFO - Dependencies all met for dep_context=requeueable deps ti=<TaskInstance: dag_data_cleanse_and_calculate_all.cleanse_data_d5 scheduled__2025-09-24T08:00:00+00:00 [queued]>
[2025-09-24T09:59:33.220+0000] {taskinstance.py:2170} INFO - Starting attempt 1 of 1
[2025-09-24T09:59:33.232+0000] {taskinstance.py:2191} INFO - Executing <Task(PythonOperator): cleanse_data_d5> on 2025-09-24 08:00:00+00:00
[2025-09-24T09:59:33.241+0000] {standard_task_runner.py:60} INFO - Started process 1017 to run task
[2025-09-24T09:59:33.244+0000] {standard_task_runner.py:87} INFO - Running: ['***', 'tasks', 'run', 'dag_data_cleanse_and_calculate_all', 'cleanse_data_d5', 'scheduled__2025-09-24T08:00:00+00:00', '--job-id', '295', '--raw', '--subdir', 'DAGS_FOLDER/cleansing_data_flow.py', '--cfg-path', '/tmp/tmpe15v3v65']
[2025-09-24T09:59:33.246+0000] {standard_task_runner.py:88} INFO - Job 295: Subtask cleanse_data_d5
[2025-09-24T09:59:33.339+0000] {task_command.py:423} INFO - Running <TaskInstance: dag_data_cleanse_and_calculate_all.cleanse_data_d5 scheduled__2025-09-24T08:00:00+00:00 [running]> on host 5d539c157d54
[2025-09-24T09:59:33.479+0000] {taskinstance.py:2480} INFO - Exporting env vars: AIRFLOW_CTX_DAG_OWNER='***' AIRFLOW_CTX_DAG_ID='dag_data_cleanse_and_calculate_all' AIRFLOW_CTX_TASK_ID='cleanse_data_d5' AIRFLOW_CTX_EXECUTION_DATE='2025-09-24T08:00:00+00:00' AIRFLOW_CTX_TRY_NUMBER='1' AIRFLOW_CTX_DAG_RUN_ID='scheduled__2025-09-24T08:00:00+00:00'
[2025-09-24T09:59:33.666+0000] {python.py:201} INFO - Done. Returned value was: None
[2025-09-24T09:59:33.683+0000] {taskinstance.py:1138} INFO - Marking task as SUCCESS. dag_id=dag_data_cleanse_and_calculate_all, task_id=cleanse_data_d5, execution_date=20250924T080000, start_date=20250924T095933, end_date=20250924T095933
[2025-09-24T09:59:33.712+0000] {local_task_job_runner.py:234} INFO - Task exited with return code 0
[2025-09-24T09:59:33.748+0000] {taskinstance.py:3280} INFO - 0 downstream tasks scheduled from follow-on schedule check
