[2025-09-23T04:00:01.450+0000] {taskinstance.py:1956} INFO - Dependencies all met for dep_context=non-requeueable deps ti=<TaskInstance: dag_data_cleanse_raw_data_a1.cleanse_data scheduled__2025-09-23T03:00:00+00:00 [queued]>
[2025-09-23T04:00:01.454+0000] {taskinstance.py:1956} INFO - Dependencies all met for dep_context=requeueable deps ti=<TaskInstance: dag_data_cleanse_raw_data_a1.cleanse_data scheduled__2025-09-23T03:00:00+00:00 [queued]>
[2025-09-23T04:00:01.455+0000] {taskinstance.py:2170} INFO - Starting attempt 1 of 1
[2025-09-23T04:00:01.464+0000] {taskinstance.py:2191} INFO - Executing <Task(PythonOperator): cleanse_data> on 2025-09-23 03:00:00+00:00
[2025-09-23T04:00:01.468+0000] {standard_task_runner.py:60} INFO - Started process 463 to run task
[2025-09-23T04:00:01.470+0000] {standard_task_runner.py:87} INFO - Running: ['***', 'tasks', 'run', 'dag_data_cleanse_raw_data_a1', 'cleanse_data', 'scheduled__2025-09-23T03:00:00+00:00', '--job-id', '7', '--raw', '--subdir', 'DAGS_FOLDER/cleansing_data_flow.py', '--cfg-path', '/tmp/tmp300tl3ey']
[2025-09-23T04:00:01.472+0000] {standard_task_runner.py:88} INFO - Job 7: Subtask cleanse_data
[2025-09-23T04:00:01.512+0000] {task_command.py:423} INFO - Running <TaskInstance: dag_data_cleanse_raw_data_a1.cleanse_data scheduled__2025-09-23T03:00:00+00:00 [running]> on host a9f18d8ac0d6
[2025-09-23T04:00:01.558+0000] {taskinstance.py:2480} INFO - Exporting env vars: AIRFLOW_CTX_DAG_OWNER='***' AIRFLOW_CTX_DAG_ID='dag_data_cleanse_raw_data_a1' AIRFLOW_CTX_TASK_ID='cleanse_data' AIRFLOW_CTX_EXECUTION_DATE='2025-09-23T03:00:00+00:00' AIRFLOW_CTX_TRY_NUMBER='1' AIRFLOW_CTX_DAG_RUN_ID='scheduled__2025-09-23T03:00:00+00:00'
[2025-09-23T04:00:01.943+0000] {python.py:201} INFO - Done. Returned value was: None
[2025-09-23T04:00:01.953+0000] {taskinstance.py:1138} INFO - Marking task as SUCCESS. dag_id=dag_data_cleanse_raw_data_a1, task_id=cleanse_data, execution_date=20250923T030000, start_date=20250923T040001, end_date=20250923T040001
[2025-09-23T04:00:02.004+0000] {local_task_job_runner.py:234} INFO - Task exited with return code 0
[2025-09-23T04:00:02.019+0000] {taskinstance.py:3280} INFO - 0 downstream tasks scheduled from follow-on schedule check
[2025-09-23T04:07:22.164+0000] {taskinstance.py:1956} INFO - Dependencies all met for dep_context=non-requeueable deps ti=<TaskInstance: dag_data_cleanse_raw_data_a1.cleanse_data scheduled__2025-09-23T03:00:00+00:00 [queued]>
[2025-09-23T04:07:22.168+0000] {taskinstance.py:1956} INFO - Dependencies all met for dep_context=requeueable deps ti=<TaskInstance: dag_data_cleanse_raw_data_a1.cleanse_data scheduled__2025-09-23T03:00:00+00:00 [queued]>
[2025-09-23T04:07:22.169+0000] {taskinstance.py:2170} INFO - Starting attempt 1 of 1
[2025-09-23T04:07:22.178+0000] {taskinstance.py:2191} INFO - Executing <Task(PythonOperator): cleanse_data> on 2025-09-23 03:00:00+00:00
[2025-09-23T04:07:22.181+0000] {standard_task_runner.py:60} INFO - Started process 89 to run task
[2025-09-23T04:07:22.184+0000] {standard_task_runner.py:87} INFO - Running: ['***', 'tasks', 'run', 'dag_data_cleanse_raw_data_a1', 'cleanse_data', 'scheduled__2025-09-23T03:00:00+00:00', '--job-id', '4', '--raw', '--subdir', 'DAGS_FOLDER/cleansing_data_flow.py', '--cfg-path', '/tmp/tmpeo8h8cra']
[2025-09-23T04:07:22.185+0000] {standard_task_runner.py:88} INFO - Job 4: Subtask cleanse_data
[2025-09-23T04:07:22.226+0000] {task_command.py:423} INFO - Running <TaskInstance: dag_data_cleanse_raw_data_a1.cleanse_data scheduled__2025-09-23T03:00:00+00:00 [running]> on host 52a1b896a405
[2025-09-23T04:07:22.270+0000] {taskinstance.py:2480} INFO - Exporting env vars: AIRFLOW_CTX_DAG_OWNER='***' AIRFLOW_CTX_DAG_ID='dag_data_cleanse_raw_data_a1' AIRFLOW_CTX_TASK_ID='cleanse_data' AIRFLOW_CTX_EXECUTION_DATE='2025-09-23T03:00:00+00:00' AIRFLOW_CTX_TRY_NUMBER='1' AIRFLOW_CTX_DAG_RUN_ID='scheduled__2025-09-23T03:00:00+00:00'
[2025-09-23T04:07:23.161+0000] {python.py:201} INFO - Done. Returned value was: None
[2025-09-23T04:07:23.169+0000] {taskinstance.py:1138} INFO - Marking task as SUCCESS. dag_id=dag_data_cleanse_raw_data_a1, task_id=cleanse_data, execution_date=20250923T030000, start_date=20250923T040722, end_date=20250923T040723
[2025-09-23T04:07:23.200+0000] {local_task_job_runner.py:234} INFO - Task exited with return code 0
[2025-09-23T04:07:23.212+0000] {taskinstance.py:3280} INFO - 1 downstream tasks scheduled from follow-on schedule check
[2025-09-23T04:14:12.839+0000] {taskinstance.py:1956} INFO - Dependencies all met for dep_context=non-requeueable deps ti=<TaskInstance: dag_data_cleanse_raw_data_a1.cleanse_data scheduled__2025-09-23T03:00:00+00:00 [queued]>
[2025-09-23T04:14:12.844+0000] {taskinstance.py:1956} INFO - Dependencies all met for dep_context=requeueable deps ti=<TaskInstance: dag_data_cleanse_raw_data_a1.cleanse_data scheduled__2025-09-23T03:00:00+00:00 [queued]>
[2025-09-23T04:14:12.845+0000] {taskinstance.py:2170} INFO - Starting attempt 1 of 1
[2025-09-23T04:14:12.855+0000] {taskinstance.py:2191} INFO - Executing <Task(PythonOperator): cleanse_data> on 2025-09-23 03:00:00+00:00
[2025-09-23T04:14:12.860+0000] {standard_task_runner.py:60} INFO - Started process 84 to run task
[2025-09-23T04:14:12.863+0000] {standard_task_runner.py:87} INFO - Running: ['***', 'tasks', 'run', 'dag_data_cleanse_raw_data_a1', 'cleanse_data', 'scheduled__2025-09-23T03:00:00+00:00', '--job-id', '5', '--raw', '--subdir', 'DAGS_FOLDER/cleansing_data_flow.py', '--cfg-path', '/tmp/tmprupanewf']
[2025-09-23T04:14:12.865+0000] {standard_task_runner.py:88} INFO - Job 5: Subtask cleanse_data
[2025-09-23T04:14:12.912+0000] {task_command.py:423} INFO - Running <TaskInstance: dag_data_cleanse_raw_data_a1.cleanse_data scheduled__2025-09-23T03:00:00+00:00 [running]> on host 6e530bcdf33f
[2025-09-23T04:14:12.957+0000] {taskinstance.py:2480} INFO - Exporting env vars: AIRFLOW_CTX_DAG_OWNER='***' AIRFLOW_CTX_DAG_ID='dag_data_cleanse_raw_data_a1' AIRFLOW_CTX_TASK_ID='cleanse_data' AIRFLOW_CTX_EXECUTION_DATE='2025-09-23T03:00:00+00:00' AIRFLOW_CTX_TRY_NUMBER='1' AIRFLOW_CTX_DAG_RUN_ID='scheduled__2025-09-23T03:00:00+00:00'
[2025-09-23T04:14:13.340+0000] {python.py:201} INFO - Done. Returned value was: None
[2025-09-23T04:14:13.347+0000] {taskinstance.py:1138} INFO - Marking task as SUCCESS. dag_id=dag_data_cleanse_raw_data_a1, task_id=cleanse_data, execution_date=20250923T030000, start_date=20250923T041412, end_date=20250923T041413
[2025-09-23T04:14:13.396+0000] {local_task_job_runner.py:234} INFO - Task exited with return code 0
[2025-09-23T04:14:13.411+0000] {taskinstance.py:3280} INFO - 1 downstream tasks scheduled from follow-on schedule check
[2025-09-23T04:16:20.603+0000] {taskinstance.py:1956} INFO - Dependencies all met for dep_context=non-requeueable deps ti=<TaskInstance: dag_data_cleanse_raw_data_a1.cleanse_data scheduled__2025-09-23T03:00:00+00:00 [queued]>
[2025-09-23T04:16:20.608+0000] {taskinstance.py:1956} INFO - Dependencies all met for dep_context=requeueable deps ti=<TaskInstance: dag_data_cleanse_raw_data_a1.cleanse_data scheduled__2025-09-23T03:00:00+00:00 [queued]>
[2025-09-23T04:16:20.608+0000] {taskinstance.py:2170} INFO - Starting attempt 1 of 1
[2025-09-23T04:16:20.617+0000] {taskinstance.py:2191} INFO - Executing <Task(PythonOperator): cleanse_data> on 2025-09-23 03:00:00+00:00
[2025-09-23T04:16:20.621+0000] {standard_task_runner.py:60} INFO - Started process 80 to run task
[2025-09-23T04:16:20.624+0000] {standard_task_runner.py:87} INFO - Running: ['***', 'tasks', 'run', 'dag_data_cleanse_raw_data_a1', 'cleanse_data', 'scheduled__2025-09-23T03:00:00+00:00', '--job-id', '4', '--raw', '--subdir', 'DAGS_FOLDER/cleansing_data_flow.py', '--cfg-path', '/tmp/tmpt_e8v37p']
[2025-09-23T04:16:20.626+0000] {standard_task_runner.py:88} INFO - Job 4: Subtask cleanse_data
[2025-09-23T04:16:20.663+0000] {task_command.py:423} INFO - Running <TaskInstance: dag_data_cleanse_raw_data_a1.cleanse_data scheduled__2025-09-23T03:00:00+00:00 [running]> on host fd3399cc9a42
[2025-09-23T04:16:20.709+0000] {taskinstance.py:2480} INFO - Exporting env vars: AIRFLOW_CTX_DAG_OWNER='***' AIRFLOW_CTX_DAG_ID='dag_data_cleanse_raw_data_a1' AIRFLOW_CTX_TASK_ID='cleanse_data' AIRFLOW_CTX_EXECUTION_DATE='2025-09-23T03:00:00+00:00' AIRFLOW_CTX_TRY_NUMBER='1' AIRFLOW_CTX_DAG_RUN_ID='scheduled__2025-09-23T03:00:00+00:00'
[2025-09-23T04:16:21.166+0000] {python.py:201} INFO - Done. Returned value was: None
[2025-09-23T04:16:21.172+0000] {taskinstance.py:1138} INFO - Marking task as SUCCESS. dag_id=dag_data_cleanse_raw_data_a1, task_id=cleanse_data, execution_date=20250923T030000, start_date=20250923T041620, end_date=20250923T041621
[2025-09-23T04:16:21.198+0000] {local_task_job_runner.py:234} INFO - Task exited with return code 0
[2025-09-23T04:16:21.210+0000] {taskinstance.py:3280} INFO - 1 downstream tasks scheduled from follow-on schedule check
[2025-09-23T04:19:58.725+0000] {taskinstance.py:1956} INFO - Dependencies all met for dep_context=non-requeueable deps ti=<TaskInstance: dag_data_cleanse_raw_data_a1.cleanse_data scheduled__2025-09-23T03:00:00+00:00 [queued]>
[2025-09-23T04:19:58.730+0000] {taskinstance.py:1956} INFO - Dependencies all met for dep_context=requeueable deps ti=<TaskInstance: dag_data_cleanse_raw_data_a1.cleanse_data scheduled__2025-09-23T03:00:00+00:00 [queued]>
[2025-09-23T04:19:58.730+0000] {taskinstance.py:2170} INFO - Starting attempt 1 of 1
[2025-09-23T04:19:58.739+0000] {taskinstance.py:2191} INFO - Executing <Task(PythonOperator): cleanse_data> on 2025-09-23 03:00:00+00:00
[2025-09-23T04:19:58.743+0000] {standard_task_runner.py:60} INFO - Started process 83 to run task
[2025-09-23T04:19:58.746+0000] {standard_task_runner.py:87} INFO - Running: ['***', 'tasks', 'run', 'dag_data_cleanse_raw_data_a1', 'cleanse_data', 'scheduled__2025-09-23T03:00:00+00:00', '--job-id', '5', '--raw', '--subdir', 'DAGS_FOLDER/cleansing_data_flow.py', '--cfg-path', '/tmp/tmpwjn2a_ki']
[2025-09-23T04:19:58.747+0000] {standard_task_runner.py:88} INFO - Job 5: Subtask cleanse_data
[2025-09-23T04:19:58.786+0000] {task_command.py:423} INFO - Running <TaskInstance: dag_data_cleanse_raw_data_a1.cleanse_data scheduled__2025-09-23T03:00:00+00:00 [running]> on host 48ee65203a37
[2025-09-23T04:19:58.832+0000] {taskinstance.py:2480} INFO - Exporting env vars: AIRFLOW_CTX_DAG_OWNER='***' AIRFLOW_CTX_DAG_ID='dag_data_cleanse_raw_data_a1' AIRFLOW_CTX_TASK_ID='cleanse_data' AIRFLOW_CTX_EXECUTION_DATE='2025-09-23T03:00:00+00:00' AIRFLOW_CTX_TRY_NUMBER='1' AIRFLOW_CTX_DAG_RUN_ID='scheduled__2025-09-23T03:00:00+00:00'
[2025-09-23T04:19:59.530+0000] {python.py:201} INFO - Done. Returned value was: None
[2025-09-23T04:19:59.537+0000] {taskinstance.py:1138} INFO - Marking task as SUCCESS. dag_id=dag_data_cleanse_raw_data_a1, task_id=cleanse_data, execution_date=20250923T030000, start_date=20250923T041958, end_date=20250923T041959
[2025-09-23T04:19:59.562+0000] {local_task_job_runner.py:234} INFO - Task exited with return code 0
[2025-09-23T04:19:59.575+0000] {taskinstance.py:3280} INFO - 1 downstream tasks scheduled from follow-on schedule check
[2025-09-23T04:33:48.214+0000] {taskinstance.py:1956} INFO - Dependencies all met for dep_context=non-requeueable deps ti=<TaskInstance: dag_data_cleanse_raw_data_a1.cleanse_data scheduled__2025-09-23T03:00:00+00:00 [queued]>
[2025-09-23T04:33:48.219+0000] {taskinstance.py:1956} INFO - Dependencies all met for dep_context=requeueable deps ti=<TaskInstance: dag_data_cleanse_raw_data_a1.cleanse_data scheduled__2025-09-23T03:00:00+00:00 [queued]>
[2025-09-23T04:33:48.220+0000] {taskinstance.py:2170} INFO - Starting attempt 1 of 1
[2025-09-23T04:33:48.229+0000] {taskinstance.py:2191} INFO - Executing <Task(PythonOperator): cleanse_data> on 2025-09-23 03:00:00+00:00
[2025-09-23T04:33:48.233+0000] {standard_task_runner.py:60} INFO - Started process 80 to run task
[2025-09-23T04:33:48.236+0000] {standard_task_runner.py:87} INFO - Running: ['***', 'tasks', 'run', 'dag_data_cleanse_raw_data_a1', 'cleanse_data', 'scheduled__2025-09-23T03:00:00+00:00', '--job-id', '4', '--raw', '--subdir', 'DAGS_FOLDER/cleansing_data_flow.py', '--cfg-path', '/tmp/tmp4sf33g1v']
[2025-09-23T04:33:48.237+0000] {standard_task_runner.py:88} INFO - Job 4: Subtask cleanse_data
[2025-09-23T04:33:48.277+0000] {task_command.py:423} INFO - Running <TaskInstance: dag_data_cleanse_raw_data_a1.cleanse_data scheduled__2025-09-23T03:00:00+00:00 [running]> on host a7d54bfed30b
[2025-09-23T04:33:48.340+0000] {taskinstance.py:2480} INFO - Exporting env vars: AIRFLOW_CTX_DAG_OWNER='***' AIRFLOW_CTX_DAG_ID='dag_data_cleanse_raw_data_a1' AIRFLOW_CTX_TASK_ID='cleanse_data' AIRFLOW_CTX_EXECUTION_DATE='2025-09-23T03:00:00+00:00' AIRFLOW_CTX_TRY_NUMBER='1' AIRFLOW_CTX_DAG_RUN_ID='scheduled__2025-09-23T03:00:00+00:00'
[2025-09-23T04:33:49.003+0000] {python.py:201} INFO - Done. Returned value was: None
[2025-09-23T04:33:49.009+0000] {taskinstance.py:1138} INFO - Marking task as SUCCESS. dag_id=dag_data_cleanse_raw_data_a1, task_id=cleanse_data, execution_date=20250923T030000, start_date=20250923T043348, end_date=20250923T043349
[2025-09-23T04:33:49.051+0000] {local_task_job_runner.py:234} INFO - Task exited with return code 0
[2025-09-23T04:33:49.063+0000] {taskinstance.py:3280} INFO - 1 downstream tasks scheduled from follow-on schedule check
[2025-09-23T04:39:53.297+0000] {taskinstance.py:1956} INFO - Dependencies all met for dep_context=non-requeueable deps ti=<TaskInstance: dag_data_cleanse_raw_data_a1.cleanse_data scheduled__2025-09-23T03:00:00+00:00 [queued]>
[2025-09-23T04:39:53.302+0000] {taskinstance.py:1956} INFO - Dependencies all met for dep_context=requeueable deps ti=<TaskInstance: dag_data_cleanse_raw_data_a1.cleanse_data scheduled__2025-09-23T03:00:00+00:00 [queued]>
[2025-09-23T04:39:53.303+0000] {taskinstance.py:2170} INFO - Starting attempt 1 of 1
[2025-09-23T04:39:53.312+0000] {taskinstance.py:2191} INFO - Executing <Task(PythonOperator): cleanse_data> on 2025-09-23 03:00:00+00:00
[2025-09-23T04:39:53.316+0000] {standard_task_runner.py:60} INFO - Started process 80 to run task
[2025-09-23T04:39:53.319+0000] {standard_task_runner.py:87} INFO - Running: ['***', 'tasks', 'run', 'dag_data_cleanse_raw_data_a1', 'cleanse_data', 'scheduled__2025-09-23T03:00:00+00:00', '--job-id', '4', '--raw', '--subdir', 'DAGS_FOLDER/cleansing_data_flow.py', '--cfg-path', '/tmp/tmp_z7g_m1w']
[2025-09-23T04:39:53.320+0000] {standard_task_runner.py:88} INFO - Job 4: Subtask cleanse_data
[2025-09-23T04:39:53.359+0000] {task_command.py:423} INFO - Running <TaskInstance: dag_data_cleanse_raw_data_a1.cleanse_data scheduled__2025-09-23T03:00:00+00:00 [running]> on host 2c17c03e1613
[2025-09-23T04:39:53.406+0000] {taskinstance.py:2480} INFO - Exporting env vars: AIRFLOW_CTX_DAG_OWNER='***' AIRFLOW_CTX_DAG_ID='dag_data_cleanse_raw_data_a1' AIRFLOW_CTX_TASK_ID='cleanse_data' AIRFLOW_CTX_EXECUTION_DATE='2025-09-23T03:00:00+00:00' AIRFLOW_CTX_TRY_NUMBER='1' AIRFLOW_CTX_DAG_RUN_ID='scheduled__2025-09-23T03:00:00+00:00'
[2025-09-23T04:39:54.248+0000] {python.py:201} INFO - Done. Returned value was: None
[2025-09-23T04:39:54.254+0000] {taskinstance.py:1138} INFO - Marking task as SUCCESS. dag_id=dag_data_cleanse_raw_data_a1, task_id=cleanse_data, execution_date=20250923T030000, start_date=20250923T043953, end_date=20250923T043954
[2025-09-23T04:39:54.296+0000] {local_task_job_runner.py:234} INFO - Task exited with return code 0
[2025-09-23T04:39:54.307+0000] {taskinstance.py:3280} INFO - 0 downstream tasks scheduled from follow-on schedule check
