[2025-09-24T09:09:31.831+0000] {taskinstance.py:1956} INFO - Dependencies all met for dep_context=non-requeueable deps ti=<TaskInstance: dag_data_cleanse_and_calculate_all.cleanse_data_b16 scheduled__2025-09-24T08:00:00+00:00 [queued]>
[2025-09-24T09:09:31.848+0000] {taskinstance.py:1956} INFO - Dependencies all met for dep_context=requeueable deps ti=<TaskInstance: dag_data_cleanse_and_calculate_all.cleanse_data_b16 scheduled__2025-09-24T08:00:00+00:00 [queued]>
[2025-09-24T09:09:31.850+0000] {taskinstance.py:2170} INFO - Starting attempt 1 of 1
[2025-09-24T09:09:31.882+0000] {taskinstance.py:2191} INFO - Executing <Task(PythonOperator): cleanse_data_b16> on 2025-09-24 08:00:00+00:00
[2025-09-24T09:09:31.895+0000] {standard_task_runner.py:60} INFO - Started process 1601 to run task
[2025-09-24T09:09:31.907+0000] {standard_task_runner.py:87} INFO - Running: ['***', 'tasks', 'run', 'dag_data_cleanse_and_calculate_all', 'cleanse_data_b16', 'scheduled__2025-09-24T08:00:00+00:00', '--job-id', '225', '--raw', '--subdir', 'DAGS_FOLDER/cleansing_data_flow.py', '--cfg-path', '/tmp/tmppgbzhw2p']
[2025-09-24T09:09:31.909+0000] {standard_task_runner.py:88} INFO - Job 225: Subtask cleanse_data_b16
[2025-09-24T09:09:32.040+0000] {task_command.py:423} INFO - Running <TaskInstance: dag_data_cleanse_and_calculate_all.cleanse_data_b16 scheduled__2025-09-24T08:00:00+00:00 [running]> on host feaba2204362
[2025-09-24T09:09:32.185+0000] {taskinstance.py:2480} INFO - Exporting env vars: AIRFLOW_CTX_DAG_OWNER='***' AIRFLOW_CTX_DAG_ID='dag_data_cleanse_and_calculate_all' AIRFLOW_CTX_TASK_ID='cleanse_data_b16' AIRFLOW_CTX_EXECUTION_DATE='2025-09-24T08:00:00+00:00' AIRFLOW_CTX_TRY_NUMBER='1' AIRFLOW_CTX_DAG_RUN_ID='scheduled__2025-09-24T08:00:00+00:00'
[2025-09-24T09:09:32.440+0000] {python.py:201} INFO - Done. Returned value was: None
[2025-09-24T09:09:32.451+0000] {taskinstance.py:1138} INFO - Marking task as SUCCESS. dag_id=dag_data_cleanse_and_calculate_all, task_id=cleanse_data_b16, execution_date=20250924T080000, start_date=20250924T090931, end_date=20250924T090932
[2025-09-24T09:09:32.485+0000] {local_task_job_runner.py:234} INFO - Task exited with return code 0
[2025-09-24T09:09:32.536+0000] {taskinstance.py:3280} INFO - 1 downstream tasks scheduled from follow-on schedule check
[2025-09-24T09:59:27.976+0000] {taskinstance.py:1956} INFO - Dependencies all met for dep_context=non-requeueable deps ti=<TaskInstance: dag_data_cleanse_and_calculate_all.cleanse_data_b16 scheduled__2025-09-24T08:00:00+00:00 [queued]>
[2025-09-24T09:59:27.985+0000] {taskinstance.py:1956} INFO - Dependencies all met for dep_context=requeueable deps ti=<TaskInstance: dag_data_cleanse_and_calculate_all.cleanse_data_b16 scheduled__2025-09-24T08:00:00+00:00 [queued]>
[2025-09-24T09:59:27.986+0000] {taskinstance.py:2170} INFO - Starting attempt 1 of 1
[2025-09-24T09:59:27.997+0000] {taskinstance.py:2191} INFO - Executing <Task(PythonOperator): cleanse_data_b16> on 2025-09-24 08:00:00+00:00
[2025-09-24T09:59:28.010+0000] {standard_task_runner.py:60} INFO - Started process 913 to run task
[2025-09-24T09:59:28.021+0000] {standard_task_runner.py:87} INFO - Running: ['***', 'tasks', 'run', 'dag_data_cleanse_and_calculate_all', 'cleanse_data_b16', 'scheduled__2025-09-24T08:00:00+00:00', '--job-id', '266', '--raw', '--subdir', 'DAGS_FOLDER/cleansing_data_flow.py', '--cfg-path', '/tmp/tmp6vsg7zsf']
[2025-09-24T09:59:28.023+0000] {standard_task_runner.py:88} INFO - Job 266: Subtask cleanse_data_b16
[2025-09-24T09:59:28.112+0000] {task_command.py:423} INFO - Running <TaskInstance: dag_data_cleanse_and_calculate_all.cleanse_data_b16 scheduled__2025-09-24T08:00:00+00:00 [running]> on host 5d539c157d54
[2025-09-24T09:59:28.239+0000] {taskinstance.py:2480} INFO - Exporting env vars: AIRFLOW_CTX_DAG_OWNER='***' AIRFLOW_CTX_DAG_ID='dag_data_cleanse_and_calculate_all' AIRFLOW_CTX_TASK_ID='cleanse_data_b16' AIRFLOW_CTX_EXECUTION_DATE='2025-09-24T08:00:00+00:00' AIRFLOW_CTX_TRY_NUMBER='1' AIRFLOW_CTX_DAG_RUN_ID='scheduled__2025-09-24T08:00:00+00:00'
[2025-09-24T09:59:28.511+0000] {python.py:201} INFO - Done. Returned value was: None
[2025-09-24T09:59:28.529+0000] {taskinstance.py:1138} INFO - Marking task as SUCCESS. dag_id=dag_data_cleanse_and_calculate_all, task_id=cleanse_data_b16, execution_date=20250924T080000, start_date=20250924T095927, end_date=20250924T095928
[2025-09-24T09:59:28.577+0000] {local_task_job_runner.py:234} INFO - Task exited with return code 0
[2025-09-24T09:59:28.614+0000] {taskinstance.py:3280} INFO - 1 downstream tasks scheduled from follow-on schedule check
