[2025-09-24T09:09:32.071+0000] {taskinstance.py:1956} INFO - Dependencies all met for dep_context=non-requeueable deps ti=<TaskInstance: dag_data_cleanse_and_calculate_all.cleanse_data_b7 scheduled__2025-09-24T08:00:00+00:00 [queued]>
[2025-09-24T09:09:32.082+0000] {taskinstance.py:1956} INFO - Dependencies all met for dep_context=requeueable deps ti=<TaskInstance: dag_data_cleanse_and_calculate_all.cleanse_data_b7 scheduled__2025-09-24T08:00:00+00:00 [queued]>
[2025-09-24T09:09:32.083+0000] {taskinstance.py:2170} INFO - Starting attempt 1 of 1
[2025-09-24T09:09:32.105+0000] {taskinstance.py:2191} INFO - Executing <Task(PythonOperator): cleanse_data_b7> on 2025-09-24 08:00:00+00:00
[2025-09-24T09:09:32.114+0000] {standard_task_runner.py:60} INFO - Started process 1605 to run task
[2025-09-24T09:09:32.124+0000] {standard_task_runner.py:87} INFO - Running: ['***', 'tasks', 'run', 'dag_data_cleanse_and_calculate_all', 'cleanse_data_b7', 'scheduled__2025-09-24T08:00:00+00:00', '--job-id', '229', '--raw', '--subdir', 'DAGS_FOLDER/cleansing_data_flow.py', '--cfg-path', '/tmp/tmp1fgqxakr']
[2025-09-24T09:09:32.131+0000] {standard_task_runner.py:88} INFO - Job 229: Subtask cleanse_data_b7
[2025-09-24T09:09:32.252+0000] {task_command.py:423} INFO - Running <TaskInstance: dag_data_cleanse_and_calculate_all.cleanse_data_b7 scheduled__2025-09-24T08:00:00+00:00 [running]> on host feaba2204362
[2025-09-24T09:09:32.387+0000] {taskinstance.py:2480} INFO - Exporting env vars: AIRFLOW_CTX_DAG_OWNER='***' AIRFLOW_CTX_DAG_ID='dag_data_cleanse_and_calculate_all' AIRFLOW_CTX_TASK_ID='cleanse_data_b7' AIRFLOW_CTX_EXECUTION_DATE='2025-09-24T08:00:00+00:00' AIRFLOW_CTX_TRY_NUMBER='1' AIRFLOW_CTX_DAG_RUN_ID='scheduled__2025-09-24T08:00:00+00:00'
[2025-09-24T09:09:32.611+0000] {python.py:201} INFO - Done. Returned value was: None
[2025-09-24T09:09:32.619+0000] {taskinstance.py:1138} INFO - Marking task as SUCCESS. dag_id=dag_data_cleanse_and_calculate_all, task_id=cleanse_data_b7, execution_date=20250924T080000, start_date=20250924T090932, end_date=20250924T090932
[2025-09-24T09:09:32.666+0000] {local_task_job_runner.py:234} INFO - Task exited with return code 0
[2025-09-24T09:09:32.682+0000] {taskinstance.py:3280} INFO - 1 downstream tasks scheduled from follow-on schedule check
[2025-09-24T09:59:28.545+0000] {taskinstance.py:1956} INFO - Dependencies all met for dep_context=non-requeueable deps ti=<TaskInstance: dag_data_cleanse_and_calculate_all.cleanse_data_b7 scheduled__2025-09-24T08:00:00+00:00 [queued]>
[2025-09-24T09:59:28.562+0000] {taskinstance.py:1956} INFO - Dependencies all met for dep_context=requeueable deps ti=<TaskInstance: dag_data_cleanse_and_calculate_all.cleanse_data_b7 scheduled__2025-09-24T08:00:00+00:00 [queued]>
[2025-09-24T09:59:28.563+0000] {taskinstance.py:2170} INFO - Starting attempt 1 of 1
[2025-09-24T09:59:28.589+0000] {taskinstance.py:2191} INFO - Executing <Task(PythonOperator): cleanse_data_b7> on 2025-09-24 08:00:00+00:00
[2025-09-24T09:59:28.601+0000] {standard_task_runner.py:60} INFO - Started process 926 to run task
[2025-09-24T09:59:28.612+0000] {standard_task_runner.py:87} INFO - Running: ['***', 'tasks', 'run', 'dag_data_cleanse_and_calculate_all', 'cleanse_data_b7', 'scheduled__2025-09-24T08:00:00+00:00', '--job-id', '278', '--raw', '--subdir', 'DAGS_FOLDER/cleansing_data_flow.py', '--cfg-path', '/tmp/tmph3edfngg']
[2025-09-24T09:59:28.618+0000] {standard_task_runner.py:88} INFO - Job 278: Subtask cleanse_data_b7
[2025-09-24T09:59:28.688+0000] {task_command.py:423} INFO - Running <TaskInstance: dag_data_cleanse_and_calculate_all.cleanse_data_b7 scheduled__2025-09-24T08:00:00+00:00 [running]> on host 5d539c157d54
[2025-09-24T09:59:28.771+0000] {taskinstance.py:2480} INFO - Exporting env vars: AIRFLOW_CTX_DAG_OWNER='***' AIRFLOW_CTX_DAG_ID='dag_data_cleanse_and_calculate_all' AIRFLOW_CTX_TASK_ID='cleanse_data_b7' AIRFLOW_CTX_EXECUTION_DATE='2025-09-24T08:00:00+00:00' AIRFLOW_CTX_TRY_NUMBER='1' AIRFLOW_CTX_DAG_RUN_ID='scheduled__2025-09-24T08:00:00+00:00'
[2025-09-24T09:59:28.964+0000] {python.py:201} INFO - Done. Returned value was: None
[2025-09-24T09:59:28.973+0000] {taskinstance.py:1138} INFO - Marking task as SUCCESS. dag_id=dag_data_cleanse_and_calculate_all, task_id=cleanse_data_b7, execution_date=20250924T080000, start_date=20250924T095928, end_date=20250924T095928
[2025-09-24T09:59:29.027+0000] {local_task_job_runner.py:234} INFO - Task exited with return code 0
[2025-09-24T09:59:29.043+0000] {taskinstance.py:3280} INFO - 1 downstream tasks scheduled from follow-on schedule check
