[2025-09-24T09:09:37.165+0000] {taskinstance.py:1956} INFO - Dependencies all met for dep_context=non-requeueable deps ti=<TaskInstance: dag_data_cleanse_and_calculate_all.cleanse_data_c9 scheduled__2025-09-24T08:00:00+00:00 [queued]>
[2025-09-24T09:09:37.178+0000] {taskinstance.py:1956} INFO - Dependencies all met for dep_context=requeueable deps ti=<TaskInstance: dag_data_cleanse_and_calculate_all.cleanse_data_c9 scheduled__2025-09-24T08:00:00+00:00 [queued]>
[2025-09-24T09:09:37.179+0000] {taskinstance.py:2170} INFO - Starting attempt 1 of 1
[2025-09-24T09:09:37.205+0000] {taskinstance.py:2191} INFO - Executing <Task(PythonOperator): cleanse_data_c9> on 2025-09-24 08:00:00+00:00
[2025-09-24T09:09:37.213+0000] {standard_task_runner.py:60} INFO - Started process 1698 to run task
[2025-09-24T09:09:37.218+0000] {standard_task_runner.py:87} INFO - Running: ['***', 'tasks', 'run', 'dag_data_cleanse_and_calculate_all', 'cleanse_data_c9', 'scheduled__2025-09-24T08:00:00+00:00', '--job-id', '257', '--raw', '--subdir', 'DAGS_FOLDER/cleansing_data_flow.py', '--cfg-path', '/tmp/tmpf98jfnz9']
[2025-09-24T09:09:37.219+0000] {standard_task_runner.py:88} INFO - Job 257: Subtask cleanse_data_c9
[2025-09-24T09:09:37.286+0000] {task_command.py:423} INFO - Running <TaskInstance: dag_data_cleanse_and_calculate_all.cleanse_data_c9 scheduled__2025-09-24T08:00:00+00:00 [running]> on host feaba2204362
[2025-09-24T09:09:37.372+0000] {taskinstance.py:2480} INFO - Exporting env vars: AIRFLOW_CTX_DAG_OWNER='***' AIRFLOW_CTX_DAG_ID='dag_data_cleanse_and_calculate_all' AIRFLOW_CTX_TASK_ID='cleanse_data_c9' AIRFLOW_CTX_EXECUTION_DATE='2025-09-24T08:00:00+00:00' AIRFLOW_CTX_TRY_NUMBER='1' AIRFLOW_CTX_DAG_RUN_ID='scheduled__2025-09-24T08:00:00+00:00'
[2025-09-24T09:09:37.616+0000] {python.py:201} INFO - Done. Returned value was: None
[2025-09-24T09:09:37.628+0000] {taskinstance.py:1138} INFO - Marking task as SUCCESS. dag_id=dag_data_cleanse_and_calculate_all, task_id=cleanse_data_c9, execution_date=20250924T080000, start_date=20250924T090937, end_date=20250924T090937
[2025-09-24T09:09:37.677+0000] {local_task_job_runner.py:234} INFO - Task exited with return code 0
[2025-09-24T09:09:37.701+0000] {taskinstance.py:3280} INFO - 1 downstream tasks scheduled from follow-on schedule check
[2025-09-24T09:59:33.310+0000] {taskinstance.py:1956} INFO - Dependencies all met for dep_context=non-requeueable deps ti=<TaskInstance: dag_data_cleanse_and_calculate_all.cleanse_data_c9 scheduled__2025-09-24T08:00:00+00:00 [queued]>
[2025-09-24T09:59:33.327+0000] {taskinstance.py:1956} INFO - Dependencies all met for dep_context=requeueable deps ti=<TaskInstance: dag_data_cleanse_and_calculate_all.cleanse_data_c9 scheduled__2025-09-24T08:00:00+00:00 [queued]>
[2025-09-24T09:59:33.328+0000] {taskinstance.py:2170} INFO - Starting attempt 1 of 1
[2025-09-24T09:59:33.354+0000] {taskinstance.py:2191} INFO - Executing <Task(PythonOperator): cleanse_data_c9> on 2025-09-24 08:00:00+00:00
[2025-09-24T09:59:33.367+0000] {standard_task_runner.py:87} INFO - Running: ['***', 'tasks', 'run', 'dag_data_cleanse_and_calculate_all', 'cleanse_data_c9', 'scheduled__2025-09-24T08:00:00+00:00', '--job-id', '305', '--raw', '--subdir', 'DAGS_FOLDER/cleansing_data_flow.py', '--cfg-path', '/tmp/tmpc1gnsmd0']
[2025-09-24T09:59:33.375+0000] {standard_task_runner.py:88} INFO - Job 305: Subtask cleanse_data_c9
[2025-09-24T09:59:33.367+0000] {standard_task_runner.py:60} INFO - Started process 1024 to run task
[2025-09-24T09:59:33.444+0000] {task_command.py:423} INFO - Running <TaskInstance: dag_data_cleanse_and_calculate_all.cleanse_data_c9 scheduled__2025-09-24T08:00:00+00:00 [running]> on host 5d539c157d54
[2025-09-24T09:59:33.531+0000] {taskinstance.py:2480} INFO - Exporting env vars: AIRFLOW_CTX_DAG_OWNER='***' AIRFLOW_CTX_DAG_ID='dag_data_cleanse_and_calculate_all' AIRFLOW_CTX_TASK_ID='cleanse_data_c9' AIRFLOW_CTX_EXECUTION_DATE='2025-09-24T08:00:00+00:00' AIRFLOW_CTX_TRY_NUMBER='1' AIRFLOW_CTX_DAG_RUN_ID='scheduled__2025-09-24T08:00:00+00:00'
[2025-09-24T09:59:33.819+0000] {python.py:201} INFO - Done. Returned value was: None
[2025-09-24T09:59:33.829+0000] {taskinstance.py:1138} INFO - Marking task as SUCCESS. dag_id=dag_data_cleanse_and_calculate_all, task_id=cleanse_data_c9, execution_date=20250924T080000, start_date=20250924T095933, end_date=20250924T095933
[2025-09-24T09:59:33.881+0000] {local_task_job_runner.py:234} INFO - Task exited with return code 0
[2025-09-24T09:59:33.994+0000] {taskinstance.py:3280} INFO - 1 downstream tasks scheduled from follow-on schedule check
