[2025-09-24T09:09:50.366+0000] {taskinstance.py:1956} INFO - Dependencies all met for dep_context=non-requeueable deps ti=<TaskInstance: dag_data_cleanse_and_calculate_all.calculate_data_d9 scheduled__2025-09-24T08:00:00+00:00 [queued]>
[2025-09-24T09:09:50.379+0000] {taskinstance.py:1956} INFO - Dependencies all met for dep_context=requeueable deps ti=<TaskInstance: dag_data_cleanse_and_calculate_all.calculate_data_d9 scheduled__2025-09-24T08:00:00+00:00 [queued]>
[2025-09-24T09:09:50.380+0000] {taskinstance.py:2170} INFO - Starting attempt 1 of 1
[2025-09-24T09:09:50.392+0000] {taskinstance.py:2191} INFO - Executing <Task(PythonOperator): calculate_data_d9> on 2025-09-24 08:00:00+00:00
[2025-09-24T09:09:50.409+0000] {standard_task_runner.py:60} INFO - Started process 1951 to run task
[2025-09-24T09:09:50.412+0000] {standard_task_runner.py:87} INFO - Running: ['***', 'tasks', 'run', 'dag_data_cleanse_and_calculate_all', 'calculate_data_d9', 'scheduled__2025-09-24T08:00:00+00:00', '--job-id', '342', '--raw', '--subdir', 'DAGS_FOLDER/cleansing_data_flow.py', '--cfg-path', '/tmp/tmpah763uwu']
[2025-09-24T09:09:50.414+0000] {standard_task_runner.py:88} INFO - Job 342: Subtask calculate_data_d9
[2025-09-24T09:09:50.471+0000] {task_command.py:423} INFO - Running <TaskInstance: dag_data_cleanse_and_calculate_all.calculate_data_d9 scheduled__2025-09-24T08:00:00+00:00 [running]> on host feaba2204362
[2025-09-24T09:09:50.563+0000] {taskinstance.py:2480} INFO - Exporting env vars: AIRFLOW_CTX_DAG_OWNER='***' AIRFLOW_CTX_DAG_ID='dag_data_cleanse_and_calculate_all' AIRFLOW_CTX_TASK_ID='calculate_data_d9' AIRFLOW_CTX_EXECUTION_DATE='2025-09-24T08:00:00+00:00' AIRFLOW_CTX_TRY_NUMBER='1' AIRFLOW_CTX_DAG_RUN_ID='scheduled__2025-09-24T08:00:00+00:00'
[2025-09-24T09:09:50.713+0000] {python.py:201} INFO - Done. Returned value was: None
[2025-09-24T09:09:50.723+0000] {taskinstance.py:1138} INFO - Marking task as SUCCESS. dag_id=dag_data_cleanse_and_calculate_all, task_id=calculate_data_d9, execution_date=20250924T080000, start_date=20250924T090950, end_date=20250924T090950
[2025-09-24T09:09:50.755+0000] {local_task_job_runner.py:234} INFO - Task exited with return code 0
[2025-09-24T09:09:50.801+0000] {taskinstance.py:3280} INFO - 0 downstream tasks scheduled from follow-on schedule check
[2025-09-24T09:59:48.601+0000] {taskinstance.py:1956} INFO - Dependencies all met for dep_context=non-requeueable deps ti=<TaskInstance: dag_data_cleanse_and_calculate_all.calculate_data_d9 scheduled__2025-09-24T08:00:00+00:00 [queued]>
[2025-09-24T09:59:48.617+0000] {taskinstance.py:1956} INFO - Dependencies all met for dep_context=requeueable deps ti=<TaskInstance: dag_data_cleanse_and_calculate_all.calculate_data_d9 scheduled__2025-09-24T08:00:00+00:00 [queued]>
[2025-09-24T09:59:48.618+0000] {taskinstance.py:2170} INFO - Starting attempt 1 of 1
[2025-09-24T09:59:48.632+0000] {taskinstance.py:2191} INFO - Executing <Task(PythonOperator): calculate_data_d9> on 2025-09-24 08:00:00+00:00
[2025-09-24T09:59:48.641+0000] {standard_task_runner.py:60} INFO - Started process 1314 to run task
[2025-09-24T09:59:48.648+0000] {standard_task_runner.py:87} INFO - Running: ['***', 'tasks', 'run', 'dag_data_cleanse_and_calculate_all', 'calculate_data_d9', 'scheduled__2025-09-24T08:00:00+00:00', '--job-id', '402', '--raw', '--subdir', 'DAGS_FOLDER/cleansing_data_flow.py', '--cfg-path', '/tmp/tmpcjummb_q']
[2025-09-24T09:59:48.650+0000] {standard_task_runner.py:88} INFO - Job 402: Subtask calculate_data_d9
[2025-09-24T09:59:48.731+0000] {task_command.py:423} INFO - Running <TaskInstance: dag_data_cleanse_and_calculate_all.calculate_data_d9 scheduled__2025-09-24T08:00:00+00:00 [running]> on host 5d539c157d54
[2025-09-24T09:59:48.807+0000] {taskinstance.py:2480} INFO - Exporting env vars: AIRFLOW_CTX_DAG_OWNER='***' AIRFLOW_CTX_DAG_ID='dag_data_cleanse_and_calculate_all' AIRFLOW_CTX_TASK_ID='calculate_data_d9' AIRFLOW_CTX_EXECUTION_DATE='2025-09-24T08:00:00+00:00' AIRFLOW_CTX_TRY_NUMBER='1' AIRFLOW_CTX_DAG_RUN_ID='scheduled__2025-09-24T08:00:00+00:00'
[2025-09-24T09:59:48.981+0000] {python.py:201} INFO - Done. Returned value was: None
[2025-09-24T09:59:48.990+0000] {taskinstance.py:1138} INFO - Marking task as SUCCESS. dag_id=dag_data_cleanse_and_calculate_all, task_id=calculate_data_d9, execution_date=20250924T080000, start_date=20250924T095948, end_date=20250924T095948
[2025-09-24T09:59:49.021+0000] {local_task_job_runner.py:234} INFO - Task exited with return code 0
[2025-09-24T09:59:49.057+0000] {taskinstance.py:3280} INFO - 0 downstream tasks scheduled from follow-on schedule check
