[2025-09-23T08:00:01.076+0000] {taskinstance.py:1956} INFO - Dependencies all met for dep_context=non-requeueable deps ti=<TaskInstance: dag_data_cleanse_raw_data_a1.cleanse_data scheduled__2025-09-23T07:00:00+00:00 [queued]>
[2025-09-23T08:00:01.082+0000] {taskinstance.py:1956} INFO - Dependencies all met for dep_context=requeueable deps ti=<TaskInstance: dag_data_cleanse_raw_data_a1.cleanse_data scheduled__2025-09-23T07:00:00+00:00 [queued]>
[2025-09-23T08:00:01.082+0000] {taskinstance.py:2170} INFO - Starting attempt 1 of 1
[2025-09-23T08:00:01.093+0000] {taskinstance.py:2191} INFO - Executing <Task(PythonOperator): cleanse_data> on 2025-09-23 07:00:00+00:00
[2025-09-23T08:00:01.101+0000] {standard_task_runner.py:60} INFO - Started process 3211 to run task
[2025-09-23T08:00:01.104+0000] {standard_task_runner.py:87} INFO - Running: ['***', 'tasks', 'run', 'dag_data_cleanse_raw_data_a1', 'cleanse_data', 'scheduled__2025-09-23T07:00:00+00:00', '--job-id', '19', '--raw', '--subdir', 'DAGS_FOLDER/cleansing_data_flow.py', '--cfg-path', '/tmp/tmpahxqq6x4']
[2025-09-23T08:00:01.106+0000] {standard_task_runner.py:88} INFO - Job 19: Subtask cleanse_data
[2025-09-23T08:00:01.151+0000] {task_command.py:423} INFO - Running <TaskInstance: dag_data_cleanse_raw_data_a1.cleanse_data scheduled__2025-09-23T07:00:00+00:00 [running]> on host 2c17c03e1613
[2025-09-23T08:00:01.209+0000] {taskinstance.py:2480} INFO - Exporting env vars: AIRFLOW_CTX_DAG_OWNER='***' AIRFLOW_CTX_DAG_ID='dag_data_cleanse_raw_data_a1' AIRFLOW_CTX_TASK_ID='cleanse_data' AIRFLOW_CTX_EXECUTION_DATE='2025-09-23T07:00:00+00:00' AIRFLOW_CTX_TRY_NUMBER='1' AIRFLOW_CTX_DAG_RUN_ID='scheduled__2025-09-23T07:00:00+00:00'
[2025-09-23T08:00:01.361+0000] {python.py:201} INFO - Done. Returned value was: None
[2025-09-23T08:00:01.368+0000] {taskinstance.py:1138} INFO - Marking task as SUCCESS. dag_id=dag_data_cleanse_raw_data_a1, task_id=cleanse_data, execution_date=20250923T070000, start_date=20250923T080001, end_date=20250923T080001
[2025-09-23T08:00:01.397+0000] {local_task_job_runner.py:234} INFO - Task exited with return code 0
[2025-09-23T08:00:01.410+0000] {taskinstance.py:3280} INFO - 1 downstream tasks scheduled from follow-on schedule check
[2025-09-23T08:38:35.459+0000] {taskinstance.py:1956} INFO - Dependencies all met for dep_context=non-requeueable deps ti=<TaskInstance: dag_data_cleanse_raw_data_a1.cleanse_data scheduled__2025-09-23T07:00:00+00:00 [queued]>
[2025-09-23T08:38:35.471+0000] {taskinstance.py:1956} INFO - Dependencies all met for dep_context=requeueable deps ti=<TaskInstance: dag_data_cleanse_raw_data_a1.cleanse_data scheduled__2025-09-23T07:00:00+00:00 [queued]>
[2025-09-23T08:38:35.472+0000] {taskinstance.py:2170} INFO - Starting attempt 1 of 1
[2025-09-23T08:38:35.486+0000] {taskinstance.py:2191} INFO - Executing <Task(PythonOperator): cleanse_data> on 2025-09-23 07:00:00+00:00
[2025-09-23T08:38:35.497+0000] {standard_task_runner.py:60} INFO - Started process 120 to run task
[2025-09-23T08:38:35.502+0000] {standard_task_runner.py:87} INFO - Running: ['***', 'tasks', 'run', 'dag_data_cleanse_raw_data_a1', 'cleanse_data', 'scheduled__2025-09-23T07:00:00+00:00', '--job-id', '8', '--raw', '--subdir', 'DAGS_FOLDER/cleansing_data_flow.py', '--cfg-path', '/tmp/tmpgs95duh7']
[2025-09-23T08:38:35.505+0000] {standard_task_runner.py:88} INFO - Job 8: Subtask cleanse_data
[2025-09-23T08:38:35.568+0000] {task_command.py:423} INFO - Running <TaskInstance: dag_data_cleanse_raw_data_a1.cleanse_data scheduled__2025-09-23T07:00:00+00:00 [running]> on host 7d06a9d93371
[2025-09-23T08:38:35.647+0000] {taskinstance.py:2480} INFO - Exporting env vars: AIRFLOW_CTX_DAG_OWNER='***' AIRFLOW_CTX_DAG_ID='dag_data_cleanse_raw_data_a1' AIRFLOW_CTX_TASK_ID='cleanse_data' AIRFLOW_CTX_EXECUTION_DATE='2025-09-23T07:00:00+00:00' AIRFLOW_CTX_TRY_NUMBER='1' AIRFLOW_CTX_DAG_RUN_ID='scheduled__2025-09-23T07:00:00+00:00'
[2025-09-23T08:38:35.867+0000] {python.py:201} INFO - Done. Returned value was: None
[2025-09-23T08:38:35.876+0000] {taskinstance.py:1138} INFO - Marking task as SUCCESS. dag_id=dag_data_cleanse_raw_data_a1, task_id=cleanse_data, execution_date=20250923T070000, start_date=20250923T083835, end_date=20250923T083835
[2025-09-23T08:38:35.915+0000] {local_task_job_runner.py:234} INFO - Task exited with return code 0
[2025-09-23T08:38:35.928+0000] {taskinstance.py:3280} INFO - 0 downstream tasks scheduled from follow-on schedule check
