[2025-09-24T09:09:50.544+0000] {taskinstance.py:1956} INFO - Dependencies all met for dep_context=non-requeueable deps ti=<TaskInstance: dag_data_cleanse_and_calculate_all.calculate_data_h1 scheduled__2025-09-24T08:00:00+00:00 [queued]>
[2025-09-24T09:09:50.557+0000] {taskinstance.py:1956} INFO - Dependencies all met for dep_context=requeueable deps ti=<TaskInstance: dag_data_cleanse_and_calculate_all.calculate_data_h1 scheduled__2025-09-24T08:00:00+00:00 [queued]>
[2025-09-24T09:09:50.558+0000] {taskinstance.py:2170} INFO - Starting attempt 1 of 1
[2025-09-24T09:09:50.582+0000] {taskinstance.py:2191} INFO - Executing <Task(PythonOperator): calculate_data_h1> on 2025-09-24 08:00:00+00:00
[2025-09-24T09:09:50.589+0000] {standard_task_runner.py:60} INFO - Started process 1957 to run task
[2025-09-24T09:09:50.595+0000] {standard_task_runner.py:87} INFO - Running: ['***', 'tasks', 'run', 'dag_data_cleanse_and_calculate_all', 'calculate_data_h1', 'scheduled__2025-09-24T08:00:00+00:00', '--job-id', '348', '--raw', '--subdir', 'DAGS_FOLDER/cleansing_data_flow.py', '--cfg-path', '/tmp/tmp2nc4r2u3']
[2025-09-24T09:09:50.597+0000] {standard_task_runner.py:88} INFO - Job 348: Subtask calculate_data_h1
[2025-09-24T09:09:50.671+0000] {task_command.py:423} INFO - Running <TaskInstance: dag_data_cleanse_and_calculate_all.calculate_data_h1 scheduled__2025-09-24T08:00:00+00:00 [running]> on host feaba2204362
[2025-09-24T09:09:50.810+0000] {taskinstance.py:2480} INFO - Exporting env vars: AIRFLOW_CTX_DAG_OWNER='***' AIRFLOW_CTX_DAG_ID='dag_data_cleanse_and_calculate_all' AIRFLOW_CTX_TASK_ID='calculate_data_h1' AIRFLOW_CTX_EXECUTION_DATE='2025-09-24T08:00:00+00:00' AIRFLOW_CTX_TRY_NUMBER='1' AIRFLOW_CTX_DAG_RUN_ID='scheduled__2025-09-24T08:00:00+00:00'
[2025-09-24T09:09:50.932+0000] {python.py:201} INFO - Done. Returned value was: None
[2025-09-24T09:09:50.948+0000] {taskinstance.py:1138} INFO - Marking task as SUCCESS. dag_id=dag_data_cleanse_and_calculate_all, task_id=calculate_data_h1, execution_date=20250924T080000, start_date=20250924T090950, end_date=20250924T090950
[2025-09-24T09:09:50.973+0000] {local_task_job_runner.py:234} INFO - Task exited with return code 0
[2025-09-24T09:09:50.995+0000] {taskinstance.py:3280} INFO - 0 downstream tasks scheduled from follow-on schedule check
[2025-09-24T09:59:45.959+0000] {taskinstance.py:1956} INFO - Dependencies all met for dep_context=non-requeueable deps ti=<TaskInstance: dag_data_cleanse_and_calculate_all.calculate_data_h1 scheduled__2025-09-24T08:00:00+00:00 [queued]>
[2025-09-24T09:59:45.969+0000] {taskinstance.py:1956} INFO - Dependencies all met for dep_context=requeueable deps ti=<TaskInstance: dag_data_cleanse_and_calculate_all.calculate_data_h1 scheduled__2025-09-24T08:00:00+00:00 [queued]>
[2025-09-24T09:59:45.970+0000] {taskinstance.py:2170} INFO - Starting attempt 1 of 1
[2025-09-24T09:59:45.986+0000] {taskinstance.py:2191} INFO - Executing <Task(PythonOperator): calculate_data_h1> on 2025-09-24 08:00:00+00:00
[2025-09-24T09:59:45.993+0000] {standard_task_runner.py:60} INFO - Started process 1268 to run task
[2025-09-24T09:59:45.998+0000] {standard_task_runner.py:87} INFO - Running: ['***', 'tasks', 'run', 'dag_data_cleanse_and_calculate_all', 'calculate_data_h1', 'scheduled__2025-09-24T08:00:00+00:00', '--job-id', '388', '--raw', '--subdir', 'DAGS_FOLDER/cleansing_data_flow.py', '--cfg-path', '/tmp/tmpeu7vhepa']
[2025-09-24T09:59:45.999+0000] {standard_task_runner.py:88} INFO - Job 388: Subtask calculate_data_h1
[2025-09-24T09:59:46.062+0000] {task_command.py:423} INFO - Running <TaskInstance: dag_data_cleanse_and_calculate_all.calculate_data_h1 scheduled__2025-09-24T08:00:00+00:00 [running]> on host 5d539c157d54
[2025-09-24T09:59:46.131+0000] {taskinstance.py:2480} INFO - Exporting env vars: AIRFLOW_CTX_DAG_OWNER='***' AIRFLOW_CTX_DAG_ID='dag_data_cleanse_and_calculate_all' AIRFLOW_CTX_TASK_ID='calculate_data_h1' AIRFLOW_CTX_EXECUTION_DATE='2025-09-24T08:00:00+00:00' AIRFLOW_CTX_TRY_NUMBER='1' AIRFLOW_CTX_DAG_RUN_ID='scheduled__2025-09-24T08:00:00+00:00'
[2025-09-24T09:59:46.250+0000] {python.py:201} INFO - Done. Returned value was: None
[2025-09-24T09:59:46.256+0000] {taskinstance.py:1138} INFO - Marking task as SUCCESS. dag_id=dag_data_cleanse_and_calculate_all, task_id=calculate_data_h1, execution_date=20250924T080000, start_date=20250924T095945, end_date=20250924T095946
[2025-09-24T09:59:46.291+0000] {local_task_job_runner.py:234} INFO - Task exited with return code 0
[2025-09-24T09:59:46.302+0000] {taskinstance.py:3280} INFO - 0 downstream tasks scheduled from follow-on schedule check
