[2025-09-24T09:09:48.053+0000] {taskinstance.py:1956} INFO - Dependencies all met for dep_context=non-requeueable deps ti=<TaskInstance: dag_data_cleanse_and_calculate_all.calculate_data_a2 scheduled__2025-09-24T08:00:00+00:00 [queued]>
[2025-09-24T09:09:48.075+0000] {taskinstance.py:1956} INFO - Dependencies all met for dep_context=requeueable deps ti=<TaskInstance: dag_data_cleanse_and_calculate_all.calculate_data_a2 scheduled__2025-09-24T08:00:00+00:00 [queued]>
[2025-09-24T09:09:48.077+0000] {taskinstance.py:2170} INFO - Starting attempt 1 of 1
[2025-09-24T09:09:48.098+0000] {taskinstance.py:2191} INFO - Executing <Task(PythonOperator): calculate_data_a2> on 2025-09-24 08:00:00+00:00
[2025-09-24T09:09:48.106+0000] {standard_task_runner.py:60} INFO - Started process 1898 to run task
[2025-09-24T09:09:48.110+0000] {standard_task_runner.py:87} INFO - Running: ['***', 'tasks', 'run', 'dag_data_cleanse_and_calculate_all', 'calculate_data_a2', 'scheduled__2025-09-24T08:00:00+00:00', '--job-id', '328', '--raw', '--subdir', 'DAGS_FOLDER/cleansing_data_flow.py', '--cfg-path', '/tmp/tmpqco4bq4g']
[2025-09-24T09:09:48.112+0000] {standard_task_runner.py:88} INFO - Job 328: Subtask calculate_data_a2
[2025-09-24T09:09:48.177+0000] {task_command.py:423} INFO - Running <TaskInstance: dag_data_cleanse_and_calculate_all.calculate_data_a2 scheduled__2025-09-24T08:00:00+00:00 [running]> on host feaba2204362
[2025-09-24T09:09:48.267+0000] {taskinstance.py:2480} INFO - Exporting env vars: AIRFLOW_CTX_DAG_OWNER='***' AIRFLOW_CTX_DAG_ID='dag_data_cleanse_and_calculate_all' AIRFLOW_CTX_TASK_ID='calculate_data_a2' AIRFLOW_CTX_EXECUTION_DATE='2025-09-24T08:00:00+00:00' AIRFLOW_CTX_TRY_NUMBER='1' AIRFLOW_CTX_DAG_RUN_ID='scheduled__2025-09-24T08:00:00+00:00'
[2025-09-24T09:09:48.472+0000] {python.py:201} INFO - Done. Returned value was: None
[2025-09-24T09:09:48.481+0000] {taskinstance.py:1138} INFO - Marking task as SUCCESS. dag_id=dag_data_cleanse_and_calculate_all, task_id=calculate_data_a2, execution_date=20250924T080000, start_date=20250924T090948, end_date=20250924T090948
[2025-09-24T09:09:48.529+0000] {local_task_job_runner.py:234} INFO - Task exited with return code 0
[2025-09-24T09:09:48.540+0000] {taskinstance.py:3280} INFO - 0 downstream tasks scheduled from follow-on schedule check
[2025-09-24T09:59:45.583+0000] {taskinstance.py:1956} INFO - Dependencies all met for dep_context=non-requeueable deps ti=<TaskInstance: dag_data_cleanse_and_calculate_all.calculate_data_a2 scheduled__2025-09-24T08:00:00+00:00 [queued]>
[2025-09-24T09:59:45.595+0000] {taskinstance.py:1956} INFO - Dependencies all met for dep_context=requeueable deps ti=<TaskInstance: dag_data_cleanse_and_calculate_all.calculate_data_a2 scheduled__2025-09-24T08:00:00+00:00 [queued]>
[2025-09-24T09:59:45.596+0000] {taskinstance.py:2170} INFO - Starting attempt 1 of 1
[2025-09-24T09:59:45.611+0000] {taskinstance.py:2191} INFO - Executing <Task(PythonOperator): calculate_data_a2> on 2025-09-24 08:00:00+00:00
[2025-09-24T09:59:45.620+0000] {standard_task_runner.py:60} INFO - Started process 1261 to run task
[2025-09-24T09:59:45.632+0000] {standard_task_runner.py:87} INFO - Running: ['***', 'tasks', 'run', 'dag_data_cleanse_and_calculate_all', 'calculate_data_a2', 'scheduled__2025-09-24T08:00:00+00:00', '--job-id', '381', '--raw', '--subdir', 'DAGS_FOLDER/cleansing_data_flow.py', '--cfg-path', '/tmp/tmp8zo4awv1']
[2025-09-24T09:59:45.634+0000] {standard_task_runner.py:88} INFO - Job 381: Subtask calculate_data_a2
[2025-09-24T09:59:45.714+0000] {task_command.py:423} INFO - Running <TaskInstance: dag_data_cleanse_and_calculate_all.calculate_data_a2 scheduled__2025-09-24T08:00:00+00:00 [running]> on host 5d539c157d54
[2025-09-24T09:59:45.801+0000] {taskinstance.py:2480} INFO - Exporting env vars: AIRFLOW_CTX_DAG_OWNER='***' AIRFLOW_CTX_DAG_ID='dag_data_cleanse_and_calculate_all' AIRFLOW_CTX_TASK_ID='calculate_data_a2' AIRFLOW_CTX_EXECUTION_DATE='2025-09-24T08:00:00+00:00' AIRFLOW_CTX_TRY_NUMBER='1' AIRFLOW_CTX_DAG_RUN_ID='scheduled__2025-09-24T08:00:00+00:00'
[2025-09-24T09:59:46.042+0000] {python.py:201} INFO - Done. Returned value was: None
[2025-09-24T09:59:46.057+0000] {taskinstance.py:1138} INFO - Marking task as SUCCESS. dag_id=dag_data_cleanse_and_calculate_all, task_id=calculate_data_a2, execution_date=20250924T080000, start_date=20250924T095945, end_date=20250924T095946
[2025-09-24T09:59:46.095+0000] {local_task_job_runner.py:234} INFO - Task exited with return code 0
[2025-09-24T09:59:46.110+0000] {taskinstance.py:3280} INFO - 0 downstream tasks scheduled from follow-on schedule check
