[2025-09-24T09:09:48.097+0000] {taskinstance.py:1956} INFO - Dependencies all met for dep_context=non-requeueable deps ti=<TaskInstance: dag_data_cleanse_and_calculate_all.calculate_data_b16 scheduled__2025-09-24T08:00:00+00:00 [queued]>
[2025-09-24T09:09:48.107+0000] {taskinstance.py:1956} INFO - Dependencies all met for dep_context=requeueable deps ti=<TaskInstance: dag_data_cleanse_and_calculate_all.calculate_data_b16 scheduled__2025-09-24T08:00:00+00:00 [queued]>
[2025-09-24T09:09:48.108+0000] {taskinstance.py:2170} INFO - Starting attempt 1 of 1
[2025-09-24T09:09:48.123+0000] {taskinstance.py:2191} INFO - Executing <Task(PythonOperator): calculate_data_b16> on 2025-09-24 08:00:00+00:00
[2025-09-24T09:09:48.137+0000] {standard_task_runner.py:60} INFO - Started process 1901 to run task
[2025-09-24T09:09:48.142+0000] {standard_task_runner.py:87} INFO - Running: ['***', 'tasks', 'run', 'dag_data_cleanse_and_calculate_all', 'calculate_data_b16', 'scheduled__2025-09-24T08:00:00+00:00', '--job-id', '332', '--raw', '--subdir', 'DAGS_FOLDER/cleansing_data_flow.py', '--cfg-path', '/tmp/tmpx_5l9pis']
[2025-09-24T09:09:48.151+0000] {standard_task_runner.py:88} INFO - Job 332: Subtask calculate_data_b16
[2025-09-24T09:09:48.229+0000] {task_command.py:423} INFO - Running <TaskInstance: dag_data_cleanse_and_calculate_all.calculate_data_b16 scheduled__2025-09-24T08:00:00+00:00 [running]> on host feaba2204362
[2025-09-24T09:09:48.315+0000] {taskinstance.py:2480} INFO - Exporting env vars: AIRFLOW_CTX_DAG_OWNER='***' AIRFLOW_CTX_DAG_ID='dag_data_cleanse_and_calculate_all' AIRFLOW_CTX_TASK_ID='calculate_data_b16' AIRFLOW_CTX_EXECUTION_DATE='2025-09-24T08:00:00+00:00' AIRFLOW_CTX_TRY_NUMBER='1' AIRFLOW_CTX_DAG_RUN_ID='scheduled__2025-09-24T08:00:00+00:00'
[2025-09-24T09:09:48.454+0000] {python.py:201} INFO - Done. Returned value was: None
[2025-09-24T09:09:48.461+0000] {taskinstance.py:1138} INFO - Marking task as SUCCESS. dag_id=dag_data_cleanse_and_calculate_all, task_id=calculate_data_b16, execution_date=20250924T080000, start_date=20250924T090948, end_date=20250924T090948
[2025-09-24T09:09:48.519+0000] {local_task_job_runner.py:234} INFO - Task exited with return code 0
[2025-09-24T09:09:48.530+0000] {taskinstance.py:3280} INFO - 0 downstream tasks scheduled from follow-on schedule check
[2025-09-24T09:59:45.459+0000] {taskinstance.py:1956} INFO - Dependencies all met for dep_context=non-requeueable deps ti=<TaskInstance: dag_data_cleanse_and_calculate_all.calculate_data_b16 scheduled__2025-09-24T08:00:00+00:00 [queued]>
[2025-09-24T09:59:45.473+0000] {taskinstance.py:1956} INFO - Dependencies all met for dep_context=requeueable deps ti=<TaskInstance: dag_data_cleanse_and_calculate_all.calculate_data_b16 scheduled__2025-09-24T08:00:00+00:00 [queued]>
[2025-09-24T09:59:45.474+0000] {taskinstance.py:2170} INFO - Starting attempt 1 of 1
[2025-09-24T09:59:45.505+0000] {taskinstance.py:2191} INFO - Executing <Task(PythonOperator): calculate_data_b16> on 2025-09-24 08:00:00+00:00
[2025-09-24T09:59:45.517+0000] {standard_task_runner.py:60} INFO - Started process 1257 to run task
[2025-09-24T09:59:45.522+0000] {standard_task_runner.py:87} INFO - Running: ['***', 'tasks', 'run', 'dag_data_cleanse_and_calculate_all', 'calculate_data_b16', 'scheduled__2025-09-24T08:00:00+00:00', '--job-id', '377', '--raw', '--subdir', 'DAGS_FOLDER/cleansing_data_flow.py', '--cfg-path', '/tmp/tmpkc1xiy6n']
[2025-09-24T09:59:45.524+0000] {standard_task_runner.py:88} INFO - Job 377: Subtask calculate_data_b16
[2025-09-24T09:59:45.594+0000] {task_command.py:423} INFO - Running <TaskInstance: dag_data_cleanse_and_calculate_all.calculate_data_b16 scheduled__2025-09-24T08:00:00+00:00 [running]> on host 5d539c157d54
[2025-09-24T09:59:45.703+0000] {taskinstance.py:2480} INFO - Exporting env vars: AIRFLOW_CTX_DAG_OWNER='***' AIRFLOW_CTX_DAG_ID='dag_data_cleanse_and_calculate_all' AIRFLOW_CTX_TASK_ID='calculate_data_b16' AIRFLOW_CTX_EXECUTION_DATE='2025-09-24T08:00:00+00:00' AIRFLOW_CTX_TRY_NUMBER='1' AIRFLOW_CTX_DAG_RUN_ID='scheduled__2025-09-24T08:00:00+00:00'
[2025-09-24T09:59:45.926+0000] {python.py:201} INFO - Done. Returned value was: None
[2025-09-24T09:59:45.937+0000] {taskinstance.py:1138} INFO - Marking task as SUCCESS. dag_id=dag_data_cleanse_and_calculate_all, task_id=calculate_data_b16, execution_date=20250924T080000, start_date=20250924T095945, end_date=20250924T095945
[2025-09-24T09:59:45.980+0000] {local_task_job_runner.py:234} INFO - Task exited with return code 0
[2025-09-24T09:59:46.010+0000] {taskinstance.py:3280} INFO - 0 downstream tasks scheduled from follow-on schedule check
