[2025-09-24T09:11:34.379+0000] {taskinstance.py:1956} INFO - Dependencies all met for dep_context=non-requeueable deps ti=<TaskInstance: dag_data_cleanse_and_calculate_all.calculate_data_h4 scheduled__2025-09-24T08:00:00+00:00 [queued]>
[2025-09-24T09:11:34.391+0000] {taskinstance.py:1956} INFO - Dependencies all met for dep_context=requeueable deps ti=<TaskInstance: dag_data_cleanse_and_calculate_all.calculate_data_h4 scheduled__2025-09-24T08:00:00+00:00 [queued]>
[2025-09-24T09:11:34.392+0000] {taskinstance.py:2170} INFO - Starting attempt 1 of 1
[2025-09-24T09:11:34.419+0000] {taskinstance.py:2191} INFO - Executing <Task(PythonOperator): calculate_data_h4> on 2025-09-24 08:00:00+00:00
[2025-09-24T09:11:34.431+0000] {standard_task_runner.py:60} INFO - Started process 2706 to run task
[2025-09-24T09:11:34.441+0000] {standard_task_runner.py:87} INFO - Running: ['***', 'tasks', 'run', 'dag_data_cleanse_and_calculate_all', 'calculate_data_h4', 'scheduled__2025-09-24T08:00:00+00:00', '--job-id', '587', '--raw', '--subdir', 'DAGS_FOLDER/cleansing_data_flow.py', '--cfg-path', '/tmp/tmpa4w8377y']
[2025-09-24T09:11:34.443+0000] {standard_task_runner.py:88} INFO - Job 587: Subtask calculate_data_h4
[2025-09-24T09:11:34.515+0000] {task_command.py:423} INFO - Running <TaskInstance: dag_data_cleanse_and_calculate_all.calculate_data_h4 scheduled__2025-09-24T08:00:00+00:00 [running]> on host feaba2204362
[2025-09-24T09:11:34.603+0000] {taskinstance.py:2480} INFO - Exporting env vars: AIRFLOW_CTX_DAG_OWNER='***' AIRFLOW_CTX_DAG_ID='dag_data_cleanse_and_calculate_all' AIRFLOW_CTX_TASK_ID='calculate_data_h4' AIRFLOW_CTX_EXECUTION_DATE='2025-09-24T08:00:00+00:00' AIRFLOW_CTX_TRY_NUMBER='1' AIRFLOW_CTX_DAG_RUN_ID='scheduled__2025-09-24T08:00:00+00:00'
[2025-09-24T09:11:34.725+0000] {python.py:201} INFO - Done. Returned value was: None
[2025-09-24T09:11:34.737+0000] {taskinstance.py:1138} INFO - Marking task as SUCCESS. dag_id=dag_data_cleanse_and_calculate_all, task_id=calculate_data_h4, execution_date=20250924T080000, start_date=20250924T091134, end_date=20250924T091134
[2025-09-24T09:11:34.782+0000] {local_task_job_runner.py:234} INFO - Task exited with return code 0
[2025-09-24T09:11:34.843+0000] {taskinstance.py:3280} INFO - 0 downstream tasks scheduled from follow-on schedule check
[2025-09-24T09:59:46.051+0000] {taskinstance.py:1956} INFO - Dependencies all met for dep_context=non-requeueable deps ti=<TaskInstance: dag_data_cleanse_and_calculate_all.calculate_data_h4 scheduled__2025-09-24T08:00:00+00:00 [queued]>
[2025-09-24T09:59:46.063+0000] {taskinstance.py:1956} INFO - Dependencies all met for dep_context=requeueable deps ti=<TaskInstance: dag_data_cleanse_and_calculate_all.calculate_data_h4 scheduled__2025-09-24T08:00:00+00:00 [queued]>
[2025-09-24T09:59:46.064+0000] {taskinstance.py:2170} INFO - Starting attempt 1 of 1
[2025-09-24T09:59:46.077+0000] {taskinstance.py:2191} INFO - Executing <Task(PythonOperator): calculate_data_h4> on 2025-09-24 08:00:00+00:00
[2025-09-24T09:59:46.084+0000] {standard_task_runner.py:60} INFO - Started process 1270 to run task
[2025-09-24T09:59:46.087+0000] {standard_task_runner.py:87} INFO - Running: ['***', 'tasks', 'run', 'dag_data_cleanse_and_calculate_all', 'calculate_data_h4', 'scheduled__2025-09-24T08:00:00+00:00', '--job-id', '390', '--raw', '--subdir', 'DAGS_FOLDER/cleansing_data_flow.py', '--cfg-path', '/tmp/tmp0hm3kj02']
[2025-09-24T09:59:46.090+0000] {standard_task_runner.py:88} INFO - Job 390: Subtask calculate_data_h4
[2025-09-24T09:59:46.140+0000] {task_command.py:423} INFO - Running <TaskInstance: dag_data_cleanse_and_calculate_all.calculate_data_h4 scheduled__2025-09-24T08:00:00+00:00 [running]> on host 5d539c157d54
[2025-09-24T09:59:46.194+0000] {taskinstance.py:2480} INFO - Exporting env vars: AIRFLOW_CTX_DAG_OWNER='***' AIRFLOW_CTX_DAG_ID='dag_data_cleanse_and_calculate_all' AIRFLOW_CTX_TASK_ID='calculate_data_h4' AIRFLOW_CTX_EXECUTION_DATE='2025-09-24T08:00:00+00:00' AIRFLOW_CTX_TRY_NUMBER='1' AIRFLOW_CTX_DAG_RUN_ID='scheduled__2025-09-24T08:00:00+00:00'
[2025-09-24T09:59:46.333+0000] {python.py:201} INFO - Done. Returned value was: None
[2025-09-24T09:59:46.339+0000] {taskinstance.py:1138} INFO - Marking task as SUCCESS. dag_id=dag_data_cleanse_and_calculate_all, task_id=calculate_data_h4, execution_date=20250924T080000, start_date=20250924T095946, end_date=20250924T095946
[2025-09-24T09:59:46.385+0000] {local_task_job_runner.py:234} INFO - Task exited with return code 0
[2025-09-24T09:59:46.395+0000] {taskinstance.py:3280} INFO - 0 downstream tasks scheduled from follow-on schedule check
