[2025-09-22T10:14:21.515+0000] {taskinstance.py:1956} INFO - Dependencies all met for dep_context=non-requeueable deps ti=<TaskInstance: dag_data_cleanse_raw_data_a1.cleanse_data scheduled__2025-09-22T09:00:00+00:00 [queued]>
[2025-09-22T10:14:21.519+0000] {taskinstance.py:1956} INFO - Dependencies all met for dep_context=requeueable deps ti=<TaskInstance: dag_data_cleanse_raw_data_a1.cleanse_data scheduled__2025-09-22T09:00:00+00:00 [queued]>
[2025-09-22T10:14:21.520+0000] {taskinstance.py:2170} INFO - Starting attempt 1 of 1
[2025-09-22T10:14:21.530+0000] {taskinstance.py:2191} INFO - Executing <Task(PythonOperator): cleanse_data> on 2025-09-22 09:00:00+00:00
[2025-09-22T10:14:21.534+0000] {standard_task_runner.py:60} INFO - Started process 95 to run task
[2025-09-22T10:14:21.538+0000] {standard_task_runner.py:87} INFO - Running: ['***', 'tasks', 'run', 'dag_data_cleanse_raw_data_a1', 'cleanse_data', 'scheduled__2025-09-22T09:00:00+00:00', '--job-id', '6', '--raw', '--subdir', 'DAGS_FOLDER/cleansing_data_flow.py', '--cfg-path', '/tmp/tmpc6j8kbzc']
[2025-09-22T10:14:21.539+0000] {standard_task_runner.py:88} INFO - Job 6: Subtask cleanse_data
[2025-09-22T10:14:21.580+0000] {task_command.py:423} INFO - Running <TaskInstance: dag_data_cleanse_raw_data_a1.cleanse_data scheduled__2025-09-22T09:00:00+00:00 [running]> on host ef7ddbf2757e
[2025-09-22T10:14:21.624+0000] {taskinstance.py:2480} INFO - Exporting env vars: AIRFLOW_CTX_DAG_OWNER='***' AIRFLOW_CTX_DAG_ID='dag_data_cleanse_raw_data_a1' AIRFLOW_CTX_TASK_ID='cleanse_data' AIRFLOW_CTX_EXECUTION_DATE='2025-09-22T09:00:00+00:00' AIRFLOW_CTX_TRY_NUMBER='1' AIRFLOW_CTX_DAG_RUN_ID='scheduled__2025-09-22T09:00:00+00:00'
[2025-09-22T10:14:21.870+0000] {python.py:201} INFO - Done. Returned value was: None
[2025-09-22T10:14:21.876+0000] {taskinstance.py:1138} INFO - Marking task as SUCCESS. dag_id=dag_data_cleanse_raw_data_a1, task_id=cleanse_data, execution_date=20250922T090000, start_date=20250922T101421, end_date=20250922T101421
[2025-09-22T10:14:21.910+0000] {local_task_job_runner.py:234} INFO - Task exited with return code 0
[2025-09-22T10:14:21.920+0000] {taskinstance.py:3280} INFO - 0 downstream tasks scheduled from follow-on schedule check
[2025-09-22T10:25:49.497+0000] {taskinstance.py:1956} INFO - Dependencies all met for dep_context=non-requeueable deps ti=<TaskInstance: dag_data_cleanse_raw_data_a1.cleanse_data scheduled__2025-09-22T09:00:00+00:00 [queued]>
[2025-09-22T10:25:49.502+0000] {taskinstance.py:1956} INFO - Dependencies all met for dep_context=requeueable deps ti=<TaskInstance: dag_data_cleanse_raw_data_a1.cleanse_data scheduled__2025-09-22T09:00:00+00:00 [queued]>
[2025-09-22T10:25:49.503+0000] {taskinstance.py:2170} INFO - Starting attempt 1 of 1
[2025-09-22T10:25:49.511+0000] {taskinstance.py:2191} INFO - Executing <Task(PythonOperator): cleanse_data> on 2025-09-22 09:00:00+00:00
[2025-09-22T10:25:49.515+0000] {standard_task_runner.py:60} INFO - Started process 93 to run task
[2025-09-22T10:25:49.518+0000] {standard_task_runner.py:87} INFO - Running: ['***', 'tasks', 'run', 'dag_data_cleanse_raw_data_a1', 'cleanse_data', 'scheduled__2025-09-22T09:00:00+00:00', '--job-id', '6', '--raw', '--subdir', 'DAGS_FOLDER/cleansing_data_flow.py', '--cfg-path', '/tmp/tmpdgk0s28y']
[2025-09-22T10:25:49.520+0000] {standard_task_runner.py:88} INFO - Job 6: Subtask cleanse_data
[2025-09-22T10:25:49.561+0000] {task_command.py:423} INFO - Running <TaskInstance: dag_data_cleanse_raw_data_a1.cleanse_data scheduled__2025-09-22T09:00:00+00:00 [running]> on host cfb0b5fa7d2f
[2025-09-22T10:25:49.605+0000] {taskinstance.py:2480} INFO - Exporting env vars: AIRFLOW_CTX_DAG_OWNER='***' AIRFLOW_CTX_DAG_ID='dag_data_cleanse_raw_data_a1' AIRFLOW_CTX_TASK_ID='cleanse_data' AIRFLOW_CTX_EXECUTION_DATE='2025-09-22T09:00:00+00:00' AIRFLOW_CTX_TRY_NUMBER='1' AIRFLOW_CTX_DAG_RUN_ID='scheduled__2025-09-22T09:00:00+00:00'
[2025-09-22T10:25:49.789+0000] {python.py:201} INFO - Done. Returned value was: None
[2025-09-22T10:25:49.796+0000] {taskinstance.py:1138} INFO - Marking task as SUCCESS. dag_id=dag_data_cleanse_raw_data_a1, task_id=cleanse_data, execution_date=20250922T090000, start_date=20250922T102549, end_date=20250922T102549
[2025-09-22T10:25:49.851+0000] {local_task_job_runner.py:234} INFO - Task exited with return code 0
[2025-09-22T10:25:49.861+0000] {taskinstance.py:3280} INFO - 0 downstream tasks scheduled from follow-on schedule check
